#
# A fatal error has been detected by the Java Runtime Environment:
#
#  EXCEPTION_ACCESS_VIOLATION (0xc0000005) at pc=0x00007ffadd1ec8e8, pid=12776, tid=6504
#
# JRE version: OpenJDK Runtime Environment Temurin-17.0.6+10 (17.0.6+10) (build 17.0.6+10)
# Java VM: OpenJDK 64-Bit Server VM Temurin-17.0.6+10 (17.0.6+10, mixed mode, tiered, compressed oops, compressed class ptrs, parallel gc, windows-amd64)
# Problematic frame:
# V  [jvm.dll+0xc8e8]
#
# No core dump will be written. Minidumps are not enabled by default on client versions of Windows
#
# If you would like to submit a bug report, please visit:
#   https://github.com/adoptium/adoptium-support/issues
#

---------------  S U M M A R Y ------------

Command Line: --add-modules=ALL-SYSTEM --add-opens=java.base/java.util=ALL-UNNAMED --add-opens=java.base/java.lang=ALL-UNNAMED --add-opens=java.base/sun.nio.fs=ALL-UNNAMED -Declipse.application=org.eclipse.jdt.ls.core.id1 -Dosgi.bundles.defaultStartLevel=4 -Declipse.product=org.eclipse.jdt.ls.core.product -Djava.import.generatesMetadataFilesAtProjectRoot=false -Dfile.encoding=utf8 -XX:+UseParallelGC -XX:GCTimeRatio=4 -XX:AdaptiveSizePolicyWeight=90 -Dsun.zip.disableMemoryMapping=true -Xmx1G -Xms100m -Xlog:disable -javaagent:c:\Users\vinyl\.vscode\extensions\redhat.java-1.17.0-win32-x64\lombok\lombok-1.18.24.jar -XX:+HeapDumpOnOutOfMemoryError -XX:HeapDumpPath=c:\Users\vinyl\AppData\Roaming\Code\User\workspaceStorage\cf325b8df748eba499f6fbcf85c42d1c\redhat.java -Daether.dependencyCollector.impl=bf c:\Users\vinyl\.vscode\extensions\redhat.java-1.17.0-win32-x64\server\plugins\org.eclipse.equinox.launcher_1.6.400.v20210924-0641.jar -configuration c:\Users\vinyl\AppData\Roaming\Code\User\globalStorage\redhat.java\1.17.0\config_win -data c:\Users\vinyl\AppData\Roaming\Code\User\workspaceStorage\cf325b8df748eba499f6fbcf85c42d1c\redhat.java\jdt_ws

Host: AMD Ryzen 5 3500U with Radeon Vega Mobile Gfx  , 8 cores, 9G,  Windows 11 , 64 bit Build 22621 (10.0.22621.1344)
Time: Mon Apr 24 01:01:02 2023 Hora oficial do Brasil elapsed time: 868.124910 seconds (0d 0h 14m 28s)

---------------  T H R E A D  ---------------

Current thread (0x0000026f7ede0a60):  GCTaskThread "GC Thread#7" [stack: 0x00000088ef100000,0x00000088ef200000] [id=6504]

Stack: [0x00000088ef100000,0x00000088ef200000],  sp=0x00000088ef1ff9a8,  free space=1022k
Native frames: (J=compiled Java code, j=interpreted, Vv=VM code, C=native code)
V  [jvm.dll+0xc8e8]


siginfo: EXCEPTION_ACCESS_VIOLATION (0xc0000005), reading address 0x0000000009000410


Register to memory mapping:

RIP=0x00007ffadd1ec8e8 jvm.dll
RAX=0x0000000000000001 is an unknown value
RBX=0x00000000c6cd2ff9 is pointing into object: [I 
{0x00000000c6cd2ff8} - klass: {type array int}
 - length: 1
RCX=0x0000000000000003 is an unknown value
RDX=0x00000000c6cd2ff9 is pointing into object: [I 
{0x00000000c6cd2ff8} - klass: {type array int}
 - length: 1
RSP=0x00000088ef1ff9a8 points into unknown readable memory: 0x00007ffadd892508 | 08 25 89 dd fa 7f 00 00
RBP=0x0000026f7b1081f0 points into unknown readable memory: 0x0000026f65160150 | 50 01 16 65 6f 02 00 00
RSI=0x0000000000000003 is an unknown value
RDI=0x00000000c6a58a20 is pointing into object: [Ljava.lang.Object; 
{0x00000000c6a3a440} - klass: 'java/lang/Object'[]
 - length: 44220
R8 =0x0000000009000408 is an unknown value
R9 =0x000000000001f45c is an unknown value
R10=0x00000000c6cd3010 is an oop: [I 
{0x00000000c6cd3010} - klass: {type array int}
 - length: 1
R11=0x00000000000000d9 is an unknown value
R12=0x00000088ed8ff008 points into unknown readable memory: 0x0000000000000008 | 08 00 00 00 00 00 00 00
R13=0x0000000000000010 is an unknown value
R14=0x00000000c6a5a450 is pointing into object: [Ljava.lang.Object; 
{0x00000000c6a3a440} - klass: 'java/lang/Object'[]
 - length: 44220
R15=0x0000000000000006 is an unknown value


Registers:
RAX=0x0000000000000001, RBX=0x00000000c6cd2ff9, RCX=0x0000000000000003, RDX=0x00000000c6cd2ff9
RSP=0x00000088ef1ff9a8, RBP=0x0000026f7b1081f0, RSI=0x0000000000000003, RDI=0x00000000c6a58a20
R8 =0x0000000009000408, R9 =0x000000000001f45c, R10=0x00000000c6cd3010, R11=0x00000000000000d9
R12=0x00000088ed8ff008, R13=0x0000000000000010, R14=0x00000000c6a5a450, R15=0x0000000000000006
RIP=0x00007ffadd1ec8e8, EFLAGS=0x0000000000010202

Top of Stack: (sp=0x00000088ef1ff9a8)
0x00000088ef1ff9a8:   00007ffadd892508 00000000c6cd3010
0x00000088ef1ff9b8:   00000000c6a58a10 0000026f7b1081f0
0x00000088ef1ff9c8:   000005c7000005e5 00000000c6a3a440
0x00000088ef1ff9d8:   00007ffa00007800 0000000000000000
0x00000088ef1ff9e8:   0000000000000000 0000000000000006
0x00000088ef1ff9f8:   00000088ed8ff000 0000000000000006
0x00000088ef1ffa08:   00000088ed8ff000 00000088ed8fefc8
0x00000088ef1ffa18:   00000088ed8feec0 00000088ed8feec0
0x00000088ef1ffa28:   00007ffadd89362a 0000000000000005
0x00000088ef1ffa38:   00000088ef1ffab0 0000000000000000
0x00000088ef1ffa48:   0000026f7ede0a60 00000088ed8febb8
0x00000088ef1ffa58:   00000088ed8fe8d0 0000000600000003
0x00000088ef1ffa68:   0000026f7b1081f0 00007ffaddb8fc58
0x00000088ef1ffa78:   0000026f7b1081f0 00007ffaddb8fe60
0x00000088ef1ffa88:   0000000000000006 0000000000000000
0x00000088ef1ffa98:   0000000000000000 0000000000000000 

Instructions: (pc=0x00007ffadd1ec8e8)
0x00007ffadd1ec7e8:   48 83 c4 20 5e c3 cc cc 48 8b 01 c3 cc cc cc cc
0x00007ffadd1ec7f8:   cc cc cc cc cc cc cc cc 4c 8b 01 4c 8b c9 48 8b
0x00007ffadd1ec808:   0d 03 d4 b4 00 ba 44 60 08 00 e9 59 f2 ff ff cc
0x00007ffadd1ec818:   cc cc cc cc cc cc cc cc 48 89 5c 24 08 57 48 83
0x00007ffadd1ec828:   ec 20 48 8b 39 48 8b d9 48 85 3d e1 b1 b9 00 75
0x00007ffadd1ec838:   0e 48 8b c7 48 8b 5c 24 30 48 83 c4 20 5f c3 48
0x00007ffadd1ec848:   8b cf e8 81 8a 85 00 48 8b d0 48 85 c0 74 20 48
0x00007ffadd1ec858:   8b c7 f0 48 0f b1 13 74 16 48 85 05 b0 b1 b9 00
0x00007ffadd1ec868:   74 0d 48 8b c8 f0 48 0f b1 13 48 3b c1 75 ea 48
0x00007ffadd1ec878:   8b 5c 24 30 48 8b c2 48 83 c4 20 5f c3 cc cc cc
0x00007ffadd1ec888:   cc cc cc cc cc cc cc cc 4c 8b 01 4c 8b c9 48 8b
0x00007ffadd1ec898:   0d 73 d3 b4 00 ba 64 60 08 00 e9 c9 f1 ff ff cc
0x00007ffadd1ec8a8:   cc cc cc cc cc cc cc cc 8b 05 32 1a af 00 c3 cc
0x00007ffadd1ec8b8:   cc cc cc cc cc cc cc cc 0f b6 05 b8 db b5 00 48
0x00007ffadd1ec8c8:   8b d1 84 c0 74 16 44 8b 41 08 8b 0d 10 1a af 00
0x00007ffadd1ec8d8:   49 d3 e0 4c 03 05 fe 19 af 00 eb 04 4c 8b 41 08
0x00007ffadd1ec8e8:   45 8b 50 08 45 85 d2 7e 0e 41 f6 c2 01 75 53 41
0x00007ffadd1ec8f8:   c1 fa 03 41 8b c2 c3 79 49 84 c0 b9 10 00 00 00
0x00007ffadd1ec908:   8b 05 16 29 af 00 41 b8 0c 00 00 00 41 0f 45 c8
0x00007ffadd1ec918:   ff c8 4c 63 c8 48 63 14 11 41 8b ca 83 e1 3f 48
0x00007ffadd1ec928:   d3 e2 41 8b ca 48 c1 f9 10 0f b6 c1 49 8d 0c 11
0x00007ffadd1ec938:   49 f7 d1 48 03 c1 49 c1 e9 03 48 c1 e8 03 41 23
0x00007ffadd1ec948:   c1 c3 49 8b 00 49 8b c8 48 ff a0 00 01 00 00 cc
0x00007ffadd1ec958:   cc cc cc cc cc cc cc cc 8b 44 24 30 45 03 c9 44
0x00007ffadd1ec968:   2b 4c 24 28 83 c0 0b 44 03 ca 45 03 c8 41 03 c1
0x00007ffadd1ec978:   c3 cc cc cc cc cc cc cc 4c 8b ca 48 8b d1 45 8b
0x00007ffadd1ec988:   41 08 45 85 c0 7e 0e 41 f6 c0 01 75 56 41 c1 f8
0x00007ffadd1ec998:   03 41 8b c0 c3 79 4c 80 3d d9 da b5 00 00 b8 0c
0x00007ffadd1ec9a8:   00 00 00 b9 10 00 00 00 0f 45 c8 8b 05 6b 28 af
0x00007ffadd1ec9b8:   00 ff c8 4c 63 c8 48 63 14 11 41 8b c8 83 e1 3f
0x00007ffadd1ec9c8:   48 d3 e2 41 8b c8 48 c1 f9 10 0f b6 c1 49 8d 0c
0x00007ffadd1ec9d8:   11 49 f7 d1 48 03 c1 49 c1 e9 03 48 c1 e8 03 41 


Stack slot to memory mapping:
stack at sp + 0 slots: 0x00007ffadd892508 jvm.dll
stack at sp + 1 slots: 0x00000000c6cd3010 is an oop: [I 
{0x00000000c6cd3010} - klass: {type array int}
 - length: 1
stack at sp + 2 slots: 0x00000000c6a58a10 is pointing into object: [Ljava.lang.Object; 
{0x00000000c6a3a440} - klass: 'java/lang/Object'[]
 - length: 44220
stack at sp + 3 slots: 0x0000026f7b1081f0 points into unknown readable memory: 0x0000026f65160150 | 50 01 16 65 6f 02 00 00
stack at sp + 4 slots: 0x000005c7000005e5 is an unknown value
stack at sp + 5 slots: 0x00000000c6a3a440 is an oop: [Ljava.lang.Object; 
{0x00000000c6a3a440} - klass: 'java/lang/Object'[]
 - length: 44220
stack at sp + 6 slots: 0x00007ffa00007800 is an unknown value
stack at sp + 7 slots: 0x0 is NULL


---------------  P R O C E S S  ---------------

Threads class SMR info:
_java_thread_list=0x0000026f7ef3e6d0, length=41, elements={
0x0000026f672de3d0, 0x0000026f7b144020, 0x0000026f6738a7d0, 0x0000026f7b14aed0,
0x0000026f7b14d7a0, 0x0000026f7b14e800, 0x0000026f7ca45b90, 0x0000026f7ca4ebe0,
0x0000026f7ca4f4e0, 0x0000026f7ca50580, 0x0000026f7cb57ad0, 0x0000026f7cd8de70,
0x0000026f7e1719f0, 0x0000026f7ee6dd20, 0x0000026f7f070790, 0x0000026f7f3d4c10,
0x0000026f7f345d10, 0x0000026f7f5c1f40, 0x0000026f7f5c10d0, 0x0000026f7f5c1a70,
0x0000026f02c744d0, 0x0000026f02c71980, 0x0000026f02c779c0, 0x0000026f02c74e70,
0x0000026f02c75ce0, 0x0000026f02c74000, 0x0000026f02c761b0, 0x0000026f02c73190,
0x0000026f02c727f0, 0x0000026f02c76680, 0x0000026f02c714b0, 0x0000026f0fa6d1f0,
0x0000026f0fa71550, 0x0000026f0fa70210, 0x0000026f02c29f50, 0x0000026f02c28c10,
0x0000026f02c2adc0, 0x0000026f0fa73230, 0x0000026f7de66a50, 0x0000026f7de673f0,
0x0000026f7de678c0
}

Java Threads: ( => current thread )
  0x0000026f672de3d0 JavaThread "main" [_thread_blocked, id=17100, stack(0x00000088ed600000,0x00000088ed700000)]
  0x0000026f7b144020 JavaThread "Reference Handler" daemon [_thread_blocked, id=16620, stack(0x00000088ed900000,0x00000088eda00000)]
  0x0000026f6738a7d0 JavaThread "Finalizer" daemon [_thread_blocked, id=8544, stack(0x00000088eda00000,0x00000088edb00000)]
  0x0000026f7b14aed0 JavaThread "Signal Dispatcher" daemon [_thread_blocked, id=21024, stack(0x00000088edb00000,0x00000088edc00000)]
  0x0000026f7b14d7a0 JavaThread "Attach Listener" daemon [_thread_blocked, id=18420, stack(0x00000088edc00000,0x00000088edd00000)]
  0x0000026f7b14e800 JavaThread "Service Thread" daemon [_thread_blocked, id=22036, stack(0x00000088edd00000,0x00000088ede00000)]
  0x0000026f7ca45b90 JavaThread "Monitor Deflation Thread" daemon [_thread_blocked, id=16020, stack(0x00000088ede00000,0x00000088edf00000)]
  0x0000026f7ca4ebe0 JavaThread "C2 CompilerThread0" daemon [_thread_blocked, id=21608, stack(0x00000088edf00000,0x00000088ee000000)]
  0x0000026f7ca4f4e0 JavaThread "C1 CompilerThread0" daemon [_thread_blocked, id=4964, stack(0x00000088ee000000,0x00000088ee100000)]
  0x0000026f7ca50580 JavaThread "Sweeper thread" daemon [_thread_blocked, id=13672, stack(0x00000088ee100000,0x00000088ee200000)]
  0x0000026f7cb57ad0 JavaThread "Common-Cleaner" daemon [_thread_blocked, id=2140, stack(0x00000088ee200000,0x00000088ee300000)]
  0x0000026f7cd8de70 JavaThread "Notification Thread" daemon [_thread_blocked, id=21136, stack(0x00000088ee400000,0x00000088ee500000)]
  0x0000026f7e1719f0 JavaThread "Active Thread: Equinox Container: 28654f0e-b1cd-4427-99cf-966542f72a81" [_thread_blocked, id=20576, stack(0x00000088eed00000,0x00000088eee00000)]
  0x0000026f7ee6dd20 JavaThread "Framework Event Dispatcher: Equinox Container: 28654f0e-b1cd-4427-99cf-966542f72a81" daemon [_thread_blocked, id=21524, stack(0x00000088eee00000,0x00000088eef00000)]
  0x0000026f7f070790 JavaThread "Start Level: Equinox Container: 28654f0e-b1cd-4427-99cf-966542f72a81" daemon [_thread_blocked, id=20232, stack(0x00000088eef00000,0x00000088ef000000)]
  0x0000026f7f3d4c10 JavaThread "SCR Component Actor" daemon [_thread_blocked, id=3928, stack(0x00000088ef000000,0x00000088ef100000)]
  0x0000026f7f345d10 JavaThread "Worker-JM" [_thread_blocked, id=13924, stack(0x00000088eec00000,0x00000088eed00000)]
  0x0000026f7f5c1f40 JavaThread "Java indexing" daemon [_thread_blocked, id=2124, stack(0x00000088ef500000,0x00000088ef600000)]
  0x0000026f7f5c10d0 JavaThread "Worker-2" [_thread_blocked, id=6720, stack(0x00000088ef700000,0x00000088ef800000)]
  0x0000026f7f5c1a70 JavaThread "JNA Cleaner" daemon [_thread_blocked, id=17480, stack(0x00000088ef800000,0x00000088ef900000)]
  0x0000026f02c744d0 JavaThread "pool-2-thread-1" [_thread_blocked, id=18816, stack(0x00000088ef900000,0x00000088efa00000)]
  0x0000026f02c71980 JavaThread "pool-1-thread-1" [_thread_in_native, id=21936, stack(0x00000088efb00000,0x00000088efc00000)]
  0x0000026f02c779c0 JavaThread "Worker-4" [_thread_blocked, id=22404, stack(0x00000088ef200000,0x00000088ef300000)]
  0x0000026f02c74e70 JavaThread "ForkJoinPool.commonPool-worker-1" daemon [_thread_blocked, id=17136, stack(0x00000088efc00000,0x00000088efd00000)]
  0x0000026f02c75ce0 JavaThread "ForkJoinPool.commonPool-worker-2" daemon [_thread_blocked, id=9572, stack(0x00000088efd00000,0x00000088efe00000)]
  0x0000026f02c74000 JavaThread "ForkJoinPool.commonPool-worker-3" daemon [_thread_blocked, id=21984, stack(0x00000088efe00000,0x00000088eff00000)]
  0x0000026f02c761b0 JavaThread "ForkJoinPool.commonPool-worker-4" daemon [_thread_blocked, id=15044, stack(0x00000088f0000000,0x00000088f0100000)]
  0x0000026f02c73190 JavaThread "ForkJoinPool.commonPool-worker-5" daemon [_thread_blocked, id=18940, stack(0x00000088f0100000,0x00000088f0200000)]
  0x0000026f02c727f0 JavaThread "ForkJoinPool.commonPool-worker-6" daemon [_thread_blocked, id=9400, stack(0x00000088f0200000,0x00000088f0300000)]
  0x0000026f02c76680 JavaThread "ForkJoinPool.commonPool-worker-7" daemon [_thread_blocked, id=16484, stack(0x00000088f0300000,0x00000088f0400000)]
  0x0000026f02c714b0 JavaThread "Bundle File Closer" daemon [_thread_blocked, id=20676, stack(0x00000088f0400000,0x00000088f0500000)]
  0x0000026f0fa6d1f0 JavaThread "Java Debug Server" daemon [_thread_in_native, id=21480, stack(0x00000088f0900000,0x00000088f0a00000)]
  0x0000026f0fa71550 JavaThread "RxSchedulerPurge-1" daemon [_thread_blocked, id=15932, stack(0x00000088f0b00000,0x00000088f0c00000)]
  0x0000026f0fa70210 JavaThread "RxCachedWorkerPoolEvictor-1" daemon [_thread_blocked, id=4156, stack(0x00000088f0c00000,0x00000088f0d00000)]
  0x0000026f02c29f50 JavaThread "Worker-6" [_thread_blocked, id=17572, stack(0x00000088ed400000,0x00000088ed500000)]
  0x0000026f02c28c10 JavaThread "Worker-7" [_thread_blocked, id=6860, stack(0x00000088ed500000,0x00000088ed600000)]
  0x0000026f02c2adc0 JavaThread "Worker-8" [_thread_blocked, id=17756, stack(0x00000088ed300000,0x00000088ed400000)]
  0x0000026f0fa73230 JavaThread "process reaper" daemon [_thread_in_native, id=19964, stack(0x00000088ecfb0000,0x00000088ecfd0000)]
  0x0000026f7de66a50 JavaThread "Worker-9" [_thread_blocked, id=11772, stack(0x00000088ef300000,0x00000088ef400000)]
  0x0000026f7de673f0 JavaThread "pool-3-thread-6" [_thread_in_native, id=21544, stack(0x00000088ee300000,0x00000088ee400000)]
  0x0000026f7de678c0 JavaThread "RxNewThreadScheduler-13" daemon [_thread_blocked, id=20868, stack(0x00000088ef600000,0x00000088ef700000)]

Other Threads:
  0x0000026f67387950 VMThread "VM Thread" [stack: 0x00000088ed800000,0x00000088ed900000] [id=19584]
  0x0000026f7cd90060 WatcherThread [stack: 0x00000088ee500000,0x00000088ee600000] [id=9448]
  0x0000026f672f1e90 GCTaskThread "GC Thread#0" [stack: 0x00000088ed700000,0x00000088ed800000] [id=11844]
  0x0000026f7dce50d0 GCTaskThread "GC Thread#1" [stack: 0x00000088ee600000,0x00000088ee700000] [id=9536]
  0x0000026f7e12e840 GCTaskThread "GC Thread#2" [stack: 0x00000088ee700000,0x00000088ee800000] [id=14844]
  0x0000026f7e12eaf0 GCTaskThread "GC Thread#3" [stack: 0x00000088ee800000,0x00000088ee900000] [id=15784]
  0x0000026f7e12eda0 GCTaskThread "GC Thread#4" [stack: 0x00000088ee900000,0x00000088eea00000] [id=11720]
  0x0000026f7e12f050 GCTaskThread "GC Thread#5" [stack: 0x00000088eea00000,0x00000088eeb00000] [id=15928]
  0x0000026f7de3cf30 GCTaskThread "GC Thread#6" [stack: 0x00000088eeb00000,0x00000088eec00000] [id=22016]
=>0x0000026f7ede0a60 GCTaskThread "GC Thread#7" [stack: 0x00000088ef100000,0x00000088ef200000] [id=6504]

Threads with active compile tasks:

VM state: at safepoint (normal execution)

VM Mutex/Monitor currently owned by a thread:  ([mutex/lock_event])
[0x0000026f672da7f0] Threads_lock - owner thread: 0x0000026f67387950
[0x0000026f672db180] Heap_lock - owner thread: 0x0000026f7f5c1f40

Heap address: 0x00000000c0000000, size: 1024 MB, Compressed Oops mode: 32-bit

CDS archive(s) not mapped
Compressed class space mapped at: 0x0000000100000000-0x0000000140000000, reserved size: 1073741824
Narrow klass base: 0x0000000000000000, Narrow klass shift: 3, Narrow klass range: 0x140000000

GC Precious Log:
 CPUs: 8 total, 8 available
 Memory: 10116M
 Large Page Support: Disabled
 NUMA Support: Disabled
 Compressed Oops: Enabled (32-bit)
 Alignments: Space 512K, Generation 512K, Heap 2M
 Heap Min Capacity: 100M
 Heap Initial Capacity: 100M
 Heap Max Capacity: 1G
 Pre-touch: Disabled
 Parallel Workers: 8

Heap:
 PSYoungGen      total 4608K, used 1680K [0x00000000eab00000, 0x00000000eb180000, 0x0000000100000000)
  eden space 2560K, 0% used [0x00000000eab00000,0x00000000eab00000,0x00000000ead80000)
  from space 2048K, 82% used [0x00000000ead80000,0x00000000eaf24000,0x00000000eaf80000)
  to   space 2048K, 0% used [0x00000000eaf80000,0x00000000eaf80000,0x00000000eb180000)
 ParOldGen       total 112128K, used 111653K [0x00000000c0000000, 0x00000000c6d80000, 0x00000000eab00000)
  object space 112128K, 99% used [0x00000000c0000000,0x00000000c6d09740,0x00000000c6d80000)
 Metaspace       used 90653K, committed 91840K, reserved 1138688K
  class space    used 9300K, committed 9856K, reserved 1048576K

Card table byte_map: [0x0000026f66ca0000,0x0000026f66eb0000] _byte_map_base: 0x0000026f666a0000

Marking Bits: (ParMarkBitMap*) 0x00007ffaddd63e70
 Begin Bits: [0x0000026f78f50000, 0x0000026f79f50000)
 End Bits:   [0x0000026f79f50000, 0x0000026f7af50000)

Polling page: 0x0000026f66a90000

Metaspace:

Usage:
  Non-class:     79.45 MB used.
      Class:      9.08 MB used.
       Both:     88.53 MB used.

Virtual space:
  Non-class space:       88.00 MB reserved,      80.06 MB ( 91%) committed,  11 nodes.
      Class space:        1.00 GB reserved,       9.62 MB ( <1%) committed,  1 nodes.
             Both:        1.09 GB reserved,      89.69 MB (  8%) committed. 

Chunk freelists:
   Non-Class:  3.69 MB
       Class:  2.31 MB
        Both:  6.01 MB

MaxMetaspaceSize: unlimited
CompressedClassSpaceSize: 1.00 GB
Initial GC threshold: 21.00 MB
Current GC threshold: 149.50 MB
CDS: off
MetaspaceReclaimPolicy: balanced
 - commit_granule_bytes: 65536.
 - commit_granule_words: 8192.
 - virtual_space_node_default_size: 1048576.
 - enlarge_chunks_in_place: 1.
 - new_chunks_are_fully_committed: 0.
 - uncommit_free_chunks: 1.
 - use_allocation_guard: 0.
 - handle_deallocations: 1.


Internal statistics:

num_allocs_failed_limit: 13.
num_arena_births: 790.
num_arena_deaths: 18.
num_vsnodes_births: 12.
num_vsnodes_deaths: 0.
num_space_committed: 1435.
num_space_uncommitted: 0.
num_chunks_returned_to_freelist: 33.
num_chunks_taken_from_freelist: 4545.
num_chunk_merges: 17.
num_chunk_splits: 2807.
num_chunks_enlarged: 1592.
num_purges: 6.
num_inconsistent_stats: 0.

CodeHeap 'non-profiled nmethods': size=120000Kb used=17803Kb max_used=17803Kb free=102196Kb
 bounds [0x0000026f71a20000, 0x0000026f72b90000, 0x0000026f78f50000]
CodeHeap 'profiled nmethods': size=120000Kb used=33085Kb max_used=33252Kb free=86914Kb
 bounds [0x0000026f69f50000, 0x0000026f6c020000, 0x0000026f71480000]
CodeHeap 'non-nmethods': size=5760Kb used=1442Kb max_used=1542Kb free=4317Kb
 bounds [0x0000026f71480000, 0x0000026f716f0000, 0x0000026f71a20000]
 total_blobs=16146 nmethods=15348 adapters=704
 compilation: enabled
              stopped_count=0, restarted_count=0
 full_count=0

Compilation events (20 events):
Event: 867.720 Thread 0x0000026f7ca4f4e0 20749       3       org.eclipse.jdt.internal.formatter.Token$WrapPolicy::<init> (78 bytes)
Event: 867.720 Thread 0x0000026f7ca4f4e0 nmethod 20749 0x0000026f6a43ae90 code [0x0000026f6a43b020, 0x0000026f6a43b1d8]
Event: 867.886 Thread 0x0000026f7ca4ebe0 20750       4       org.eclipse.jdt.internal.corext.refactoring.code.flow.InputFlowAnalyzer::endVisit (6 bytes)
Event: 867.887 Thread 0x0000026f7ca4f4e0 20751       1       org.eclipse.jdt.core.dom.rewrite.ImportRewrite::setUseContextToFilterImplicitImports (6 bytes)
Event: 867.888 Thread 0x0000026f7ca4f4e0 nmethod 20751 0x0000026f72b82110 code [0x0000026f72b822a0, 0x0000026f72b82378]
Event: 867.888 Thread 0x0000026f7ca4ebe0 nmethod 20750 0x0000026f72b82410 code [0x0000026f72b825c0, 0x0000026f72b82798]
Event: 867.889 Thread 0x0000026f7ca4f4e0 20752       3       org.eclipse.jdt.internal.core.search.IndexSelector::getFocusedElementsAndTypes (324 bytes)
Event: 867.891 Thread 0x0000026f7ca4f4e0 nmethod 20752 0x0000026f6af8c410 code [0x0000026f6af8c760, 0x0000026f6af8e1f8]
Event: 867.947 Thread 0x0000026f7ca4ebe0 20753       4       org.eclipse.jdt.internal.formatter.SpacePreparator::preVisit2 (25 bytes)
Event: 867.948 Thread 0x0000026f7ca4ebe0 nmethod 20753 0x0000026f72b82a10 code [0x0000026f72b82b80, 0x0000026f72b82c38]
Event: 867.973 Thread 0x0000026f7ca4f4e0 20754       3       org.eclipse.jdt.internal.core.DeltaProcessor::updateCurrentDeltaAndIndex (973 bytes)
Event: 867.980 Thread 0x0000026f7ca4f4e0 nmethod 20754 0x0000026f6b413810 code [0x0000026f6b4143c0, 0x0000026f6b41aec8]
Event: 867.980 Thread 0x0000026f7ca4f4e0 20755       3       org.eclipse.core.internal.filebuffers.ResourceFileBuffer::isDisconnected (11 bytes)
Event: 867.980 Thread 0x0000026f7ca4f4e0 nmethod 20755 0x0000026f6ad18d90 code [0x0000026f6ad18f20, 0x0000026f6ad19098]
Event: 867.983 Thread 0x0000026f7ca4f4e0 20756       3       sun.nio.fs.WindowsException::<init> (15 bytes)
Event: 867.983 Thread 0x0000026f7ca4f4e0 nmethod 20756 0x0000026f6aa9c190 code [0x0000026f6aa9c340, 0x0000026f6aa9c618]
Event: 867.983 Thread 0x0000026f7ca4f4e0 20757       3       sun.nio.fs.WindowsException::fillInStackTrace (2 bytes)
Event: 867.983 Thread 0x0000026f7ca4f4e0 nmethod 20757 0x0000026f6ad33f90 code [0x0000026f6ad34120, 0x0000026f6ad34238]
Event: 867.985 Thread 0x0000026f7ca4f4e0 20758       3       org.eclipse.core.internal.utils.Cache::getEntry (34 bytes)
Event: 867.985 Thread 0x0000026f7ca4f4e0 nmethod 20758 0x0000026f69f8f610 code [0x0000026f69f8f800, 0x0000026f69f8fba8]

GC Heap History (20 events):
Event: 867.991 GC heap after
{Heap after GC invocations=4099 (full 150):
 PSYoungGen      total 2048K, used 490K [0x00000000eab00000, 0x00000000eb300000, 0x0000000100000000)
  eden space 1536K, 0% used [0x00000000eab00000,0x00000000eab00000,0x00000000eac80000)
  from space 512K, 95% used [0x00000000eaf00000,0x00000000eaf7abb8,0x00000000eaf80000)
  to   space 2560K, 0% used [0x00000000eac80000,0x00000000eac80000,0x00000000eaf00000)
 ParOldGen       total 112128K, used 102497K [0x00000000c0000000, 0x00000000c6d80000, 0x00000000eab00000)
  object space 112128K, 91% used [0x00000000c0000000,0x00000000c6418588,0x00000000c6d80000)
 Metaspace       used 90653K, committed 91840K, reserved 1138688K
  class space    used 9300K, committed 9856K, reserved 1048576K
}
Event: 867.994 GC heap before
{Heap before GC invocations=4100 (full 150):
 PSYoungGen      total 2048K, used 2026K [0x00000000eab00000, 0x00000000eb300000, 0x0000000100000000)
  eden space 1536K, 99% used [0x00000000eab00000,0x00000000eac7ffa8,0x00000000eac80000)
  from space 512K, 95% used [0x00000000eaf00000,0x00000000eaf7abb8,0x00000000eaf80000)
  to   space 2560K, 0% used [0x00000000eac80000,0x00000000eac80000,0x00000000eaf00000)
 ParOldGen       total 112128K, used 102497K [0x00000000c0000000, 0x00000000c6d80000, 0x00000000eab00000)
  object space 112128K, 91% used [0x00000000c0000000,0x00000000c6418588,0x00000000c6d80000)
 Metaspace       used 90653K, committed 91840K, reserved 1138688K
  class space    used 9300K, committed 9856K, reserved 1048576K
}
Event: 867.996 GC heap after
{Heap after GC invocations=4100 (full 150):
 PSYoungGen      total 3072K, used 1248K [0x00000000eab00000, 0x00000000eb000000, 0x0000000100000000)
  eden space 1536K, 0% used [0x00000000eab00000,0x00000000eab00000,0x00000000eac80000)
  from space 1536K, 81% used [0x00000000eac80000,0x00000000eadb8000,0x00000000eae00000)
  to   space 1536K, 0% used [0x00000000eae80000,0x00000000eae80000,0x00000000eb000000)
 ParOldGen       total 112128K, used 102996K [0x00000000c0000000, 0x00000000c6d80000, 0x00000000eab00000)
  object space 112128K, 91% used [0x00000000c0000000,0x00000000c6495140,0x00000000c6d80000)
 Metaspace       used 90653K, committed 91840K, reserved 1138688K
  class space    used 9300K, committed 9856K, reserved 1048576K
}
Event: 867.999 GC heap before
{Heap before GC invocations=4101 (full 150):
 PSYoungGen      total 3072K, used 2784K [0x00000000eab00000, 0x00000000eb000000, 0x0000000100000000)
  eden space 1536K, 100% used [0x00000000eab00000,0x00000000eac80000,0x00000000eac80000)
  from space 1536K, 81% used [0x00000000eac80000,0x00000000eadb8000,0x00000000eae00000)
  to   space 1536K, 0% used [0x00000000eae80000,0x00000000eae80000,0x00000000eb000000)
 ParOldGen       total 112128K, used 102996K [0x00000000c0000000, 0x00000000c6d80000, 0x00000000eab00000)
  object space 112128K, 91% used [0x00000000c0000000,0x00000000c6495140,0x00000000c6d80000)
 Metaspace       used 90653K, committed 91840K, reserved 1138688K
  class space    used 9300K, committed 9856K, reserved 1048576K
}
Event: 868.003 GC heap after
{Heap after GC invocations=4101 (full 150):
 PSYoungGen      total 2048K, used 1536K [0x00000000eab00000, 0x00000000eb300000, 0x0000000100000000)
  eden space 512K, 0% used [0x00000000eab00000,0x00000000eab00000,0x00000000eab80000)
  from space 1536K, 100% used [0x00000000eae80000,0x00000000eb000000,0x00000000eb000000)
  to   space 3072K, 0% used [0x00000000eab80000,0x00000000eab80000,0x00000000eae80000)
 ParOldGen       total 112128K, used 104156K [0x00000000c0000000, 0x00000000c6d80000, 0x00000000eab00000)
  object space 112128K, 92% used [0x00000000c0000000,0x00000000c65b7140,0x00000000c6d80000)
 Metaspace       used 90653K, committed 91840K, reserved 1138688K
  class space    used 9300K, committed 9856K, reserved 1048576K
}
Event: 868.004 GC heap before
{Heap before GC invocations=4102 (full 150):
 PSYoungGen      total 2048K, used 2048K [0x00000000eab00000, 0x00000000eb300000, 0x0000000100000000)
  eden space 512K, 100% used [0x00000000eab00000,0x00000000eab80000,0x00000000eab80000)
  from space 1536K, 100% used [0x00000000eae80000,0x00000000eb000000,0x00000000eb000000)
  to   space 3072K, 0% used [0x00000000eab80000,0x00000000eab80000,0x00000000eae80000)
 ParOldGen       total 112128K, used 104156K [0x00000000c0000000, 0x00000000c6d80000, 0x00000000eab00000)
  object space 112128K, 92% used [0x00000000c0000000,0x00000000c65b7140,0x00000000c6d80000)
 Metaspace       used 90653K, committed 91840K, reserved 1138688K
  class space    used 9300K, committed 9856K, reserved 1048576K
}
Event: 868.006 GC heap after
{Heap after GC invocations=4102 (full 150):
 PSYoungGen      total 1536K, used 608K [0x00000000eab00000, 0x00000000eaf00000, 0x0000000100000000)
  eden space 512K, 0% used [0x00000000eab00000,0x00000000eab00000,0x00000000eab80000)
  from space 1024K, 59% used [0x00000000eab80000,0x00000000eac18000,0x00000000eac80000)
  to   space 1536K, 0% used [0x00000000ead80000,0x00000000ead80000,0x00000000eaf00000)
 ParOldGen       total 112128K, used 105668K [0x00000000c0000000, 0x00000000c6d80000, 0x00000000eab00000)
  object space 112128K, 94% used [0x00000000c0000000,0x00000000c6731140,0x00000000c6d80000)
 Metaspace       used 90653K, committed 91840K, reserved 1138688K
  class space    used 9300K, committed 9856K, reserved 1048576K
}
Event: 868.008 GC heap before
{Heap before GC invocations=4103 (full 150):
 PSYoungGen      total 1536K, used 1120K [0x00000000eab00000, 0x00000000eaf00000, 0x0000000100000000)
  eden space 512K, 100% used [0x00000000eab00000,0x00000000eab80000,0x00000000eab80000)
  from space 1024K, 59% used [0x00000000eab80000,0x00000000eac18000,0x00000000eac80000)
  to   space 1536K, 0% used [0x00000000ead80000,0x00000000ead80000,0x00000000eaf00000)
 ParOldGen       total 112128K, used 105668K [0x00000000c0000000, 0x00000000c6d80000, 0x00000000eab00000)
  object space 112128K, 94% used [0x00000000c0000000,0x00000000c6731140,0x00000000c6d80000)
 Metaspace       used 90653K, committed 91840K, reserved 1138688K
  class space    used 9300K, committed 9856K, reserved 1048576K
}
Event: 868.009 GC heap after
{Heap after GC invocations=4103 (full 150):
 PSYoungGen      total 2048K, used 608K [0x00000000eab00000, 0x00000000eae80000, 0x0000000100000000)
  eden space 1024K, 0% used [0x00000000eab00000,0x00000000eab00000,0x00000000eac00000)
  from space 1024K, 59% used [0x00000000ead80000,0x00000000eae18000,0x00000000eae80000)
  to   space 1024K, 0% used [0x00000000eac80000,0x00000000eac80000,0x00000000ead80000)
 ParOldGen       total 112128K, used 106172K [0x00000000c0000000, 0x00000000c6d80000, 0x00000000eab00000)
  object space 112128K, 94% used [0x00000000c0000000,0x00000000c67af140,0x00000000c6d80000)
 Metaspace       used 90653K, committed 91840K, reserved 1138688K
  class space    used 9300K, committed 9856K, reserved 1048576K
}
Event: 868.013 GC heap before
{Heap before GC invocations=4104 (full 150):
 PSYoungGen      total 2048K, used 1624K [0x00000000eab00000, 0x00000000eae80000, 0x0000000100000000)
  eden space 1024K, 99% used [0x00000000eab00000,0x00000000eabfe310,0x00000000eac00000)
  from space 1024K, 59% used [0x00000000ead80000,0x00000000eae18000,0x00000000eae80000)
  to   space 1024K, 0% used [0x00000000eac80000,0x00000000eac80000,0x00000000ead80000)
 ParOldGen       total 112128K, used 106172K [0x00000000c0000000, 0x00000000c6d80000, 0x00000000eab00000)
  object space 112128K, 94% used [0x00000000c0000000,0x00000000c67af140,0x00000000c6d80000)
 Metaspace       used 90653K, committed 91840K, reserved 1138688K
  class space    used 9300K, committed 9856K, reserved 1048576K
}
Event: 868.014 GC heap after
{Heap after GC invocations=4104 (full 150):
 PSYoungGen      total 2560K, used 984K [0x00000000eab00000, 0x00000000eaf80000, 0x0000000100000000)
  eden space 1536K, 0% used [0x00000000eab00000,0x00000000eab00000,0x00000000eac80000)
  from space 1024K, 96% used [0x00000000eac80000,0x00000000ead76000,0x00000000ead80000)
  to   space 1536K, 0% used [0x00000000eae00000,0x00000000eae00000,0x00000000eaf80000)
 ParOldGen       total 112128K, used 106684K [0x00000000c0000000, 0x00000000c6d80000, 0x00000000eab00000)
  object space 112128K, 95% used [0x00000000c0000000,0x00000000c682f140,0x00000000c6d80000)
 Metaspace       used 90653K, committed 91840K, reserved 1138688K
  class space    used 9300K, committed 9856K, reserved 1048576K
}
Event: 868.041 GC heap before
{Heap before GC invocations=4105 (full 150):
 PSYoungGen      total 2560K, used 2401K [0x00000000eab00000, 0x00000000eaf80000, 0x0000000100000000)
  eden space 1536K, 92% used [0x00000000eab00000,0x00000000eac625c8,0x00000000eac80000)
  from space 1024K, 96% used [0x00000000eac80000,0x00000000ead76000,0x00000000ead80000)
  to   space 1536K, 0% used [0x00000000eae00000,0x00000000eae00000,0x00000000eaf80000)
 ParOldGen       total 112128K, used 106684K [0x00000000c0000000, 0x00000000c6d80000, 0x00000000eab00000)
  object space 112128K, 95% used [0x00000000c0000000,0x00000000c682f140,0x00000000c6d80000)
 Metaspace       used 90653K, committed 91840K, reserved 1138688K
  class space    used 9300K, committed 9856K, reserved 1048576K
}
Event: 868.043 GC heap after
{Heap after GC invocations=4105 (full 150):
 PSYoungGen      total 3072K, used 1392K [0x00000000eab00000, 0x00000000eb000000, 0x0000000100000000)
  eden space 1536K, 0% used [0x00000000eab00000,0x00000000eab00000,0x00000000eac80000)
  from space 1536K, 90% used [0x00000000eae00000,0x00000000eaf5c000,0x00000000eaf80000)
  to   space 1536K, 0% used [0x00000000eac80000,0x00000000eac80000,0x00000000eae00000)
 ParOldGen       total 112128K, used 107284K [0x00000000c0000000, 0x00000000c6d80000, 0x00000000eab00000)
  object space 112128K, 95% used [0x00000000c0000000,0x00000000c68c5140,0x00000000c6d80000)
 Metaspace       used 90653K, committed 91840K, reserved 1138688K
  class space    used 9300K, committed 9856K, reserved 1048576K
}
Event: 868.046 GC heap before
{Heap before GC invocations=4106 (full 150):
 PSYoungGen      total 3072K, used 2928K [0x00000000eab00000, 0x00000000eb000000, 0x0000000100000000)
  eden space 1536K, 100% used [0x00000000eab00000,0x00000000eac80000,0x00000000eac80000)
  from space 1536K, 90% used [0x00000000eae00000,0x00000000eaf5c000,0x00000000eaf80000)
  to   space 1536K, 0% used [0x00000000eac80000,0x00000000eac80000,0x00000000eae00000)
 ParOldGen       total 112128K, used 107284K [0x00000000c0000000, 0x00000000c6d80000, 0x00000000eab00000)
  object space 112128K, 95% used [0x00000000c0000000,0x00000000c68c5140,0x00000000c6d80000)
 Metaspace       used 90653K, committed 91840K, reserved 1138688K
  class space    used 9300K, committed 9856K, reserved 1048576K
}
Event: 868.048 GC heap after
{Heap after GC invocations=4106 (full 150):
 PSYoungGen      total 3072K, used 1529K [0x00000000eab00000, 0x00000000eb400000, 0x0000000100000000)
  eden space 1536K, 0% used [0x00000000eab00000,0x00000000eab00000,0x00000000eac80000)
  from space 1536K, 99% used [0x00000000eac80000,0x00000000eadfe600,0x00000000eae00000)
  to   space 3584K, 0% used [0x00000000eb080000,0x00000000eb080000,0x00000000eb400000)
 ParOldGen       total 112128K, used 108604K [0x00000000c0000000, 0x00000000c6d80000, 0x00000000eab00000)
  object space 112128K, 96% used [0x00000000c0000000,0x00000000c6a0f140,0x00000000c6d80000)
 Metaspace       used 90653K, committed 91840K, reserved 1138688K
  class space    used 9300K, committed 9856K, reserved 1048576K
}
Event: 868.051 GC heap before
{Heap before GC invocations=4107 (full 150):
 PSYoungGen      total 3072K, used 3065K [0x00000000eab00000, 0x00000000eb400000, 0x0000000100000000)
  eden space 1536K, 100% used [0x00000000eab00000,0x00000000eac80000,0x00000000eac80000)
  from space 1536K, 99% used [0x00000000eac80000,0x00000000eadfe600,0x00000000eae00000)
  to   space 3584K, 0% used [0x00000000eb080000,0x00000000eb080000,0x00000000eb400000)
 ParOldGen       total 112128K, used 108604K [0x00000000c0000000, 0x00000000c6d80000, 0x00000000eab00000)
  object space 112128K, 96% used [0x00000000c0000000,0x00000000c6a0f140,0x00000000c6d80000)
 Metaspace       used 90653K, committed 91840K, reserved 1138688K
  class space    used 9300K, committed 9856K, reserved 1048576K
}
Event: 868.054 GC heap after
{Heap after GC invocations=4107 (full 150):
 PSYoungGen      total 4096K, used 1600K [0x00000000eab00000, 0x00000000eb280000, 0x0000000100000000)
  eden space 2048K, 0% used [0x00000000eab00000,0x00000000eab00000,0x00000000ead00000)
  from space 2048K, 78% used [0x00000000eb080000,0x00000000eb210000,0x00000000eb280000)
  to   space 2560K, 0% used [0x00000000ead80000,0x00000000ead80000,0x00000000eb000000)
 ParOldGen       total 112128K, used 110109K [0x00000000c0000000, 0x00000000c6d80000, 0x00000000eab00000)
  object space 112128K, 98% used [0x00000000c0000000,0x00000000c6b87740,0x00000000c6d80000)
 Metaspace       used 90653K, committed 91840K, reserved 1138688K
  class space    used 9300K, committed 9856K, reserved 1048576K
}
Event: 868.062 GC heap before
{Heap before GC invocations=4108 (full 150):
 PSYoungGen      total 4096K, used 3466K [0x00000000eab00000, 0x00000000eb280000, 0x0000000100000000)
  eden space 2048K, 91% used [0x00000000eab00000,0x00000000eacd2b88,0x00000000ead00000)
  from space 2048K, 78% used [0x00000000eb080000,0x00000000eb210000,0x00000000eb280000)
  to   space 2560K, 0% used [0x00000000ead80000,0x00000000ead80000,0x00000000eb000000)
 ParOldGen       total 112128K, used 110109K [0x00000000c0000000, 0x00000000c6d80000, 0x00000000eab00000)
  object space 112128K, 98% used [0x00000000c0000000,0x00000000c6b87740,0x00000000c6d80000)
 Metaspace       used 90653K, committed 91840K, reserved 1138688K
  class space    used 9300K, committed 9856K, reserved 1048576K
}
Event: 868.065 GC heap after
{Heap after GC invocations=4108 (full 150):
 PSYoungGen      total 4608K, used 1680K [0x00000000eab00000, 0x00000000eb180000, 0x0000000100000000)
  eden space 2560K, 0% used [0x00000000eab00000,0x00000000eab00000,0x00000000ead80000)
  from space 2048K, 82% used [0x00000000ead80000,0x00000000eaf24000,0x00000000eaf80000)
  to   space 2048K, 0% used [0x00000000eaf80000,0x00000000eaf80000,0x00000000eb180000)
 ParOldGen       total 112128K, used 111653K [0x00000000c0000000, 0x00000000c6d80000, 0x00000000eab00000)
  object space 112128K, 99% used [0x00000000c0000000,0x00000000c6d09740,0x00000000c6d80000)
 Metaspace       used 90653K, committed 91840K, reserved 1138688K
  class space    used 9300K, committed 9856K, reserved 1048576K
}
Event: 868.065 GC heap before
{Heap before GC invocations=4109 (full 151):
 PSYoungGen      total 4608K, used 1680K [0x00000000eab00000, 0x00000000eb180000, 0x0000000100000000)
  eden space 2560K, 0% used [0x00000000eab00000,0x00000000eab00000,0x00000000ead80000)
  from space 2048K, 82% used [0x00000000ead80000,0x00000000eaf24000,0x00000000eaf80000)
  to   space 2048K, 0% used [0x00000000eaf80000,0x00000000eaf80000,0x00000000eb180000)
 ParOldGen       total 112128K, used 111653K [0x00000000c0000000, 0x00000000c6d80000, 0x00000000eab00000)
  object space 112128K, 99% used [0x00000000c0000000,0x00000000c6d09740,0x00000000c6d80000)
 Metaspace       used 90653K, committed 91840K, reserved 1138688K
  class space    used 9300K, committed 9856K, reserved 1048576K
}

Dll operation events (11 events):
Event: 0.011 Loaded shared library c:\Users\vinyl\.vscode\extensions\redhat.java-1.17.0-win32-x64\jre\17.0.6-win32-x86_64\bin\java.dll
Event: 0.163 Loaded shared library c:\Users\vinyl\.vscode\extensions\redhat.java-1.17.0-win32-x64\jre\17.0.6-win32-x86_64\bin\zip.dll
Event: 0.166 Loaded shared library C:\Users\vinyl\.vscode\extensions\redhat.java-1.17.0-win32-x64\jre\17.0.6-win32-x86_64\bin\instrument.dll
Event: 0.180 Loaded shared library C:\Users\vinyl\.vscode\extensions\redhat.java-1.17.0-win32-x64\jre\17.0.6-win32-x86_64\bin\net.dll
Event: 0.182 Loaded shared library C:\Users\vinyl\.vscode\extensions\redhat.java-1.17.0-win32-x64\jre\17.0.6-win32-x86_64\bin\nio.dll
Event: 0.189 Loaded shared library C:\Users\vinyl\.vscode\extensions\redhat.java-1.17.0-win32-x64\jre\17.0.6-win32-x86_64\bin\zip.dll
Event: 0.204 Loaded shared library C:\Users\vinyl\.vscode\extensions\redhat.java-1.17.0-win32-x64\jre\17.0.6-win32-x86_64\bin\jimage.dll
Event: 0.258 Loaded shared library c:\Users\vinyl\.vscode\extensions\redhat.java-1.17.0-win32-x64\jre\17.0.6-win32-x86_64\bin\verify.dll
Event: 1.228 Loaded shared library C:\Users\vinyl\AppData\Roaming\Code\User\globalStorage\redhat.java\1.17.0\config_win\org.eclipse.equinox.launcher\org.eclipse.equinox.launcher.win32.win32.x86_64_1.2.700.v20221108-1024\eclipse_11801.dll
Event: 3.885 Loaded shared library C:\Users\vinyl\AppData\Local\Temp\jna-112213102\jna106919999464097706.dll
Event: 83.566 Loaded shared library C:\Users\vinyl\.vscode\extensions\redhat.java-1.17.0-win32-x64\jre\17.0.6-win32-x86_64\bin\sunmscapi.dll

Deoptimization events (20 events):
Event: 848.185 Thread 0x0000026f02c727f0 DEOPT PACKING pc=0x0000026f6bc16fdb sp=0x00000088f02fde00
Event: 848.185 Thread 0x0000026f02c727f0 DEOPT UNPACKING pc=0x0000026f714d6e43 sp=0x00000088f02fd2f0 mode 0
Event: 848.595 Thread 0x0000026f02c727f0 DEOPT PACKING pc=0x0000026f6bc16fdb sp=0x00000088f02fdf40
Event: 848.595 Thread 0x0000026f02c727f0 DEOPT UNPACKING pc=0x0000026f714d6e43 sp=0x00000088f02fd430 mode 0
Event: 849.414 Thread 0x0000026f02c76680 DEOPT PACKING pc=0x0000026f6bc16fdb sp=0x00000088f03fdd60
Event: 849.414 Thread 0x0000026f02c76680 DEOPT UNPACKING pc=0x0000026f714d6e43 sp=0x00000088f03fd250 mode 0
Event: 849.464 Thread 0x0000026f7f5c1f40 DEOPT PACKING pc=0x0000026f6bc16fdb sp=0x00000088ef5fefe0
Event: 849.464 Thread 0x0000026f7f5c1f40 DEOPT UNPACKING pc=0x0000026f714d6e43 sp=0x00000088ef5fe4d0 mode 0
Event: 849.980 Thread 0x0000026f02c2adc0 DEOPT PACKING pc=0x0000026f6bc16fdb sp=0x00000088ed3fe4a0
Event: 849.980 Thread 0x0000026f02c2adc0 DEOPT UNPACKING pc=0x0000026f714d6e43 sp=0x00000088ed3fd990 mode 0
Event: 850.488 Thread 0x0000026f02c75ce0 DEOPT PACKING pc=0x0000026f6bc0e94e sp=0x00000088efdfdf00
Event: 850.488 Thread 0x0000026f02c75ce0 DEOPT UNPACKING pc=0x0000026f714d6e43 sp=0x00000088efdfd420 mode 0
Event: 856.500 Thread 0x0000026f02c76680 Uncommon trap: trap_request=0xffffff45 fr.pc=0x0000026f71ec1344 relative=0x00000000000008e4
Event: 856.500 Thread 0x0000026f02c76680 Uncommon trap: reason=unstable_if action=reinterpret pc=0x0000026f71ec1344 method=org.eclipse.jdt.internal.compiler.impl.CompilerOptions.versionToJdkLevel(Ljava/lang/String;Z)J @ 3 c2
Event: 856.500 Thread 0x0000026f02c76680 DEOPT PACKING pc=0x0000026f71ec1344 sp=0x00000088f03fe2a0
Event: 856.500 Thread 0x0000026f02c76680 DEOPT UNPACKING pc=0x0000026f714d66a3 sp=0x00000088f03fe1e0 mode 2
Event: 856.501 Thread 0x0000026f02c76680 Uncommon trap: trap_request=0xffffff45 fr.pc=0x0000026f71e7a938 relative=0x00000000000008d8
Event: 856.501 Thread 0x0000026f02c76680 Uncommon trap: reason=unstable_if action=reinterpret pc=0x0000026f71e7a938 method=org.eclipse.jdt.internal.compiler.impl.CompilerOptions.versionToJdkLevel(Ljava/lang/String;Z)J @ 3 c2
Event: 856.501 Thread 0x0000026f02c76680 DEOPT PACKING pc=0x0000026f71e7a938 sp=0x00000088f03fe240
Event: 856.501 Thread 0x0000026f02c76680 DEOPT UNPACKING pc=0x0000026f714d66a3 sp=0x00000088f03fe1e8 mode 2

Classes unloaded (9 events):
Event: 2.014 Thread 0x0000026f67387950 Unloading class 0x0000000100216400 'java/lang/invoke/LambdaForm$MH+0x0000000100216400'
Event: 2.014 Thread 0x0000026f67387950 Unloading class 0x0000000100216000 'java/lang/invoke/LambdaForm$MH+0x0000000100216000'
Event: 2.014 Thread 0x0000026f67387950 Unloading class 0x0000000100215c00 'java/lang/invoke/LambdaForm$MH+0x0000000100215c00'
Event: 2.014 Thread 0x0000026f67387950 Unloading class 0x0000000100215400 'java/lang/invoke/LambdaForm$MH+0x0000000100215400'
Event: 2.014 Thread 0x0000026f67387950 Unloading class 0x0000000100215000 'java/lang/invoke/LambdaForm$BMH+0x0000000100215000'
Event: 2.014 Thread 0x0000026f67387950 Unloading class 0x0000000100214c00 'java/lang/invoke/LambdaForm$DMH+0x0000000100214c00'
Event: 2.014 Thread 0x0000026f67387950 Unloading class 0x0000000100212000 'java/lang/invoke/LambdaForm$DMH+0x0000000100212000'
Event: 8.701 Thread 0x0000026f67387950 Unloading class 0x00000001006a0c00 'java/lang/invoke/LambdaForm$DMH+0x00000001006a0c00'
Event: 22.021 Thread 0x0000026f67387950 Unloading class 0x00000001006c4000 'java/lang/invoke/LambdaForm$DMH+0x00000001006c4000'

Classes redefined (0 events):
No events

Internal exceptions (20 events):
Event: 833.162 Thread 0x0000026f7f5c1f40 Exception <a 'sun/nio/fs/WindowsException'{0x00000000eadbc560}> (0x00000000eadbc560) 
thrown [s\src\hotspot\share\prims\jni.cpp, line 516]
Event: 838.817 Thread 0x0000026f7f5c1f40 Exception <a 'sun/nio/fs/WindowsException'{0x00000000eadcaf38}> (0x00000000eadcaf38) 
thrown [s\src\hotspot\share\prims\jni.cpp, line 516]
Event: 838.916 Thread 0x0000026f7f5c1f40 Exception <a 'sun/nio/fs/WindowsException'{0x00000000ead64ab0}> (0x00000000ead64ab0) 
thrown [s\src\hotspot\share\prims\jni.cpp, line 516]
Event: 845.996 Thread 0x0000026f7f5c1f40 Exception <a 'sun/nio/fs/WindowsException'{0x00000000eb1e22e0}> (0x00000000eb1e22e0) 
thrown [s\src\hotspot\share\prims\jni.cpp, line 516]
Event: 846.098 Thread 0x0000026f7f5c1f40 Exception <a 'sun/nio/fs/WindowsException'{0x00000000eac94a60}> (0x00000000eac94a60) 
thrown [s\src\hotspot\share\prims\jni.cpp, line 516]
Event: 848.875 Thread 0x0000026f7f5c1f40 Exception <a 'sun/nio/fs/WindowsException'{0x00000000eae84ad8}> (0x00000000eae84ad8) 
thrown [s\src\hotspot\share\prims\jni.cpp, line 516]
Event: 848.962 Thread 0x0000026f7f5c1f40 Exception <a 'sun/nio/fs/WindowsException'{0x00000000eadfb588}> (0x00000000eadfb588) 
thrown [s\src\hotspot\share\prims\jni.cpp, line 516]
Event: 853.464 Thread 0x0000026f7f5c1f40 Exception <a 'sun/nio/fs/WindowsException'{0x00000000ead3af88}> (0x00000000ead3af88) 
thrown [s\src\hotspot\share\prims\jni.cpp, line 516]
Event: 853.558 Thread 0x0000026f7f5c1f40 Exception <a 'sun/nio/fs/WindowsException'{0x00000000ead7e8f0}> (0x00000000ead7e8f0) 
thrown [s\src\hotspot\share\prims\jni.cpp, line 516]
Event: 856.500 Thread 0x0000026f02c76680 Implicit null exception at 0x0000026f71ec0a71 to 0x0000026f71ec1334
Event: 856.501 Thread 0x0000026f02c76680 Implicit null exception at 0x0000026f71e7a075 to 0x0000026f71e7a928
Event: 858.394 Thread 0x0000026f7f5c1f40 Exception <a 'sun/nio/fs/WindowsException'{0x00000000ead00438}> (0x00000000ead00438) 
thrown [s\src\hotspot\share\prims\jni.cpp, line 516]
Event: 858.486 Thread 0x0000026f7f5c1f40 Exception <a 'sun/nio/fs/WindowsException'{0x00000000eae7de98}> (0x00000000eae7de98) 
thrown [s\src\hotspot\share\prims\jni.cpp, line 516]
Event: 859.880 Thread 0x0000026f7f5c1f40 Exception <a 'sun/nio/fs/WindowsException'{0x00000000eab00708}> (0x00000000eab00708) 
thrown [s\src\hotspot\share\prims\jni.cpp, line 516]
Event: 859.977 Thread 0x0000026f7f5c1f40 Exception <a 'sun/nio/fs/WindowsException'{0x00000000eaebb0e0}> (0x00000000eaebb0e0) 
thrown [s\src\hotspot\share\prims\jni.cpp, line 516]
Event: 863.034 Thread 0x0000026f7f5c1f40 Exception <a 'sun/nio/fs/WindowsException'{0x00000000eadd53d0}> (0x00000000eadd53d0) 
thrown [s\src\hotspot\share\prims\jni.cpp, line 516]
Event: 863.133 Thread 0x0000026f7f5c1f40 Exception <a 'sun/nio/fs/WindowsException'{0x00000000eab097f8}> (0x00000000eab097f8) 
thrown [s\src\hotspot\share\prims\jni.cpp, line 516]
Event: 864.751 Thread 0x0000026f7f5c1f40 Exception <a 'sun/nio/fs/WindowsException'{0x00000000ead9fe90}> (0x00000000ead9fe90) 
thrown [s\src\hotspot\share\prims\jni.cpp, line 516]
Event: 864.862 Thread 0x0000026f7f5c1f40 Exception <a 'sun/nio/fs/WindowsException'{0x00000000eac39c08}> (0x00000000eac39c08) 
thrown [s\src\hotspot\share\prims\jni.cpp, line 516]
Event: 867.983 Thread 0x0000026f7f5c1f40 Exception <a 'sun/nio/fs/WindowsException'{0x00000000eab59650}> (0x00000000eab59650) 
thrown [s\src\hotspot\share\prims\jni.cpp, line 516]

VM Operations (20 events):
Event: 867.971 Executing VM operation: ParallelGCFailedAllocation done
Event: 867.989 Executing VM operation: ParallelGCFailedAllocation
Event: 867.991 Executing VM operation: ParallelGCFailedAllocation done
Event: 867.994 Executing VM operation: ParallelGCFailedAllocation
Event: 867.996 Executing VM operation: ParallelGCFailedAllocation done
Event: 867.999 Executing VM operation: ParallelGCFailedAllocation
Event: 868.003 Executing VM operation: ParallelGCFailedAllocation done
Event: 868.004 Executing VM operation: ParallelGCFailedAllocation
Event: 868.006 Executing VM operation: ParallelGCFailedAllocation done
Event: 868.007 Executing VM operation: ParallelGCFailedAllocation
Event: 868.009 Executing VM operation: ParallelGCFailedAllocation done
Event: 868.013 Executing VM operation: ParallelGCFailedAllocation
Event: 868.014 Executing VM operation: ParallelGCFailedAllocation done
Event: 868.041 Executing VM operation: ParallelGCFailedAllocation
Event: 868.043 Executing VM operation: ParallelGCFailedAllocation done
Event: 868.045 Executing VM operation: ParallelGCFailedAllocation
Event: 868.048 Executing VM operation: ParallelGCFailedAllocation done
Event: 868.051 Executing VM operation: ParallelGCFailedAllocation
Event: 868.054 Executing VM operation: ParallelGCFailedAllocation done
Event: 868.062 Executing VM operation: ParallelGCFailedAllocation

Events (20 events):
Event: 866.585 Thread 0x0000026f7ca50580 flushing nmethod 0x0000026f6b2dc510
Event: 866.585 Thread 0x0000026f7ca50580 flushing nmethod 0x0000026f6b32b910
Event: 866.585 Thread 0x0000026f7ca50580 flushing nmethod 0x0000026f6b32f690
Event: 866.585 Thread 0x0000026f7ca50580 flushing nmethod 0x0000026f6b3a5010
Event: 866.585 Thread 0x0000026f7ca50580 flushing nmethod 0x0000026f6b3e2790
Event: 866.585 Thread 0x0000026f7ca50580 flushing nmethod 0x0000026f6b3e2d10
Event: 866.585 Thread 0x0000026f7ca50580 flushing nmethod 0x0000026f6b413410
Event: 866.586 Thread 0x0000026f7ca50580 flushing nmethod 0x0000026f6b4ec390
Event: 866.586 Thread 0x0000026f7ca50580 flushing nmethod 0x0000026f6b5c6b10
Event: 866.586 Thread 0x0000026f7ca50580 flushing nmethod 0x0000026f6b62d310
Event: 866.587 Thread 0x0000026f7ca50580 flushing nmethod 0x0000026f6b707e90
Event: 866.587 Thread 0x0000026f7ca50580 flushing nmethod 0x0000026f6b81aa90
Event: 866.587 Thread 0x0000026f7ca50580 flushing nmethod 0x0000026f6b81b210
Event: 866.587 Thread 0x0000026f7ca50580 flushing nmethod 0x0000026f6b81ca90
Event: 866.587 Thread 0x0000026f7ca50580 flushing nmethod 0x0000026f6b81ce90
Event: 866.588 Thread 0x0000026f7ca50580 flushing nmethod 0x0000026f6b8c9310
Event: 866.588 Thread 0x0000026f7ca50580 flushing nmethod 0x0000026f6b8c9e90
Event: 866.588 Thread 0x0000026f7ca50580 flushing nmethod 0x0000026f6b8caa10
Event: 866.590 Thread 0x0000026f7ca50580 flushing nmethod 0x0000026f6bd9b210
Event: 866.591 Thread 0x0000026f7ca50580 flushing nmethod 0x0000026f6be29490


Dynamic libraries:
0x00007ff65c970000 - 0x00007ff65c97e000 	c:\Users\vinyl\.vscode\extensions\redhat.java-1.17.0-win32-x64\jre\17.0.6-win32-x86_64\bin\java.exe
0x00007ffb234d0000 - 0x00007ffb236e4000 	C:\WINDOWS\SYSTEM32\ntdll.dll
0x00007ffb22520000 - 0x00007ffb225e3000 	C:\WINDOWS\System32\KERNEL32.DLL
0x00007ffb20a30000 - 0x00007ffb20dcc000 	C:\WINDOWS\System32\KERNELBASE.dll
0x00007ffb1d930000 - 0x00007ffb1d9c7000 	C:\WINDOWS\SYSTEM32\apphelp.dll
0x00007ffb20fe0000 - 0x00007ffb210f1000 	C:\WINDOWS\System32\ucrtbase.dll
0x00007ffb07b70000 - 0x00007ffb07b87000 	c:\Users\vinyl\.vscode\extensions\redhat.java-1.17.0-win32-x64\jre\17.0.6-win32-x86_64\bin\jli.dll
0x00007ffb061a0000 - 0x00007ffb061b9000 	c:\Users\vinyl\.vscode\extensions\redhat.java-1.17.0-win32-x64\jre\17.0.6-win32-x86_64\bin\VCRUNTIME140.dll
0x00007ffb22370000 - 0x00007ffb2251d000 	C:\WINDOWS\System32\USER32.dll
0x00007ffb02a80000 - 0x00007ffb02d0e000 	C:\WINDOWS\WinSxS\amd64_microsoft.windows.common-controls_6595b64144ccf1df_6.0.22621.608_none_a9444ca7c10bb01d\COMCTL32.dll
0x00007ffb212b0000 - 0x00007ffb212d6000 	C:\WINDOWS\System32\win32u.dll
0x00007ffb22860000 - 0x00007ffb22907000 	C:\WINDOWS\System32\msvcrt.dll
0x00007ffb22340000 - 0x00007ffb22369000 	C:\WINDOWS\System32\GDI32.dll
0x00007ffb20910000 - 0x00007ffb20a23000 	C:\WINDOWS\System32\gdi32full.dll
0x00007ffb20f40000 - 0x00007ffb20fda000 	C:\WINDOWS\System32\msvcp_win.dll
0x00007ffb225f0000 - 0x00007ffb22621000 	C:\WINDOWS\System32\IMM32.DLL
0x00007ffb0fa00000 - 0x00007ffb0fa0c000 	c:\Users\vinyl\.vscode\extensions\redhat.java-1.17.0-win32-x64\jre\17.0.6-win32-x86_64\bin\vcruntime140_1.dll
0x00007ffaea6e0000 - 0x00007ffaea771000 	c:\Users\vinyl\.vscode\extensions\redhat.java-1.17.0-win32-x64\jre\17.0.6-win32-x86_64\bin\msvcp140.dll
0x00007ffadd1e0000 - 0x00007ffadde27000 	c:\Users\vinyl\.vscode\extensions\redhat.java-1.17.0-win32-x64\jre\17.0.6-win32-x86_64\bin\server\jvm.dll
0x00007ffb22060000 - 0x00007ffb2210e000 	C:\WINDOWS\System32\ADVAPI32.dll
0x00007ffb23050000 - 0x00007ffb230f4000 	C:\WINDOWS\System32\sechost.dll
0x00007ffb21f40000 - 0x00007ffb22055000 	C:\WINDOWS\System32\RPCRT4.dll
0x00007ffb096a0000 - 0x00007ffb096a9000 	C:\WINDOWS\SYSTEM32\WSOCK32.dll
0x00007ffb18260000 - 0x00007ffb18294000 	C:\WINDOWS\SYSTEM32\WINMM.dll
0x00007ffb21490000 - 0x00007ffb21501000 	C:\WINDOWS\System32\WS2_32.dll
0x00007ffb18b80000 - 0x00007ffb18b8a000 	C:\WINDOWS\SYSTEM32\VERSION.dll
0x00007ffb1f920000 - 0x00007ffb1f938000 	C:\WINDOWS\SYSTEM32\kernel.appcore.dll
0x00007ffb08c30000 - 0x00007ffb08c3a000 	c:\Users\vinyl\.vscode\extensions\redhat.java-1.17.0-win32-x64\jre\17.0.6-win32-x86_64\bin\jimage.dll
0x00007ffb1ef80000 - 0x00007ffb1f1ae000 	C:\WINDOWS\SYSTEM32\DBGHELP.DLL
0x00007ffb23100000 - 0x00007ffb23489000 	C:\WINDOWS\System32\combase.dll
0x00007ffb21d00000 - 0x00007ffb21dd7000 	C:\WINDOWS\System32\OLEAUT32.dll
0x00007ffb0b600000 - 0x00007ffb0b632000 	C:\WINDOWS\SYSTEM32\dbgcore.DLL
0x00007ffb211c0000 - 0x00007ffb2123b000 	C:\WINDOWS\System32\bcryptPrimitives.dll
0x00007ffb07110000 - 0x00007ffb0711e000 	c:\Users\vinyl\.vscode\extensions\redhat.java-1.17.0-win32-x64\jre\17.0.6-win32-x86_64\bin\instrument.dll
0x00007ffb05f80000 - 0x00007ffb05fa5000 	c:\Users\vinyl\.vscode\extensions\redhat.java-1.17.0-win32-x64\jre\17.0.6-win32-x86_64\bin\java.dll
0x00007ffb05f20000 - 0x00007ffb05f38000 	c:\Users\vinyl\.vscode\extensions\redhat.java-1.17.0-win32-x64\jre\17.0.6-win32-x86_64\bin\zip.dll
0x00007ffb21510000 - 0x00007ffb21d00000 	C:\WINDOWS\System32\SHELL32.dll
0x00007ffb1e5d0000 - 0x00007ffb1ee9e000 	C:\WINDOWS\SYSTEM32\windows.storage.dll
0x00007ffb1e490000 - 0x00007ffb1e5ce000 	C:\WINDOWS\SYSTEM32\wintypes.dll
0x00007ffb21e40000 - 0x00007ffb21f31000 	C:\WINDOWS\System32\SHCORE.dll
0x00007ffb227e0000 - 0x00007ffb2283e000 	C:\WINDOWS\System32\shlwapi.dll
0x00007ffb20840000 - 0x00007ffb20861000 	C:\WINDOWS\SYSTEM32\profapi.dll
0x00007ffb05ae0000 - 0x00007ffb05af9000 	C:\Users\vinyl\.vscode\extensions\redhat.java-1.17.0-win32-x64\jre\17.0.6-win32-x86_64\bin\net.dll
0x00007ffb18a50000 - 0x00007ffb18b7f000 	C:\WINDOWS\SYSTEM32\WINHTTP.dll
0x00007ffb1fd80000 - 0x00007ffb1fde9000 	C:\WINDOWS\system32\mswsock.dll
0x00007ffb059a0000 - 0x00007ffb059b5000 	C:\Users\vinyl\.vscode\extensions\redhat.java-1.17.0-win32-x64\jre\17.0.6-win32-x86_64\bin\nio.dll
0x00007ffb1da80000 - 0x00007ffb1da90000 	c:\Users\vinyl\.vscode\extensions\redhat.java-1.17.0-win32-x64\jre\17.0.6-win32-x86_64\bin\verify.dll
0x00007ffafdd10000 - 0x00007ffafdd4e000 	C:\Users\vinyl\AppData\Roaming\Code\User\globalStorage\redhat.java\1.17.0\config_win\org.eclipse.equinox.launcher\org.eclipse.equinox.launcher.win32.win32.x86_64_1.2.700.v20221108-1024\eclipse_11801.dll
0x00007ffb221a0000 - 0x00007ffb2233c000 	C:\WINDOWS\System32\ole32.dll
0x00007ffb20110000 - 0x00007ffb2012b000 	C:\WINDOWS\SYSTEM32\CRYPTSP.dll
0x00007ffb1f890000 - 0x00007ffb1f8c5000 	C:\WINDOWS\system32\rsaenh.dll
0x00007ffb1fe20000 - 0x00007ffb1fe48000 	C:\WINDOWS\SYSTEM32\USERENV.dll
0x00007ffb20150000 - 0x00007ffb20178000 	C:\WINDOWS\SYSTEM32\bcrypt.dll
0x00007ffb1ff80000 - 0x00007ffb1ff8c000 	C:\WINDOWS\SYSTEM32\CRYPTBASE.dll
0x00007ffb1f3f0000 - 0x00007ffb1f41d000 	C:\WINDOWS\SYSTEM32\IPHLPAPI.DLL
0x00007ffb22110000 - 0x00007ffb22119000 	C:\WINDOWS\System32\NSI.dll
0x00007ffb182e0000 - 0x00007ffb182f9000 	C:\WINDOWS\SYSTEM32\dhcpcsvc6.DLL
0x00007ffb182a0000 - 0x00007ffb182bf000 	C:\WINDOWS\SYSTEM32\dhcpcsvc.DLL
0x00007ffb1f420000 - 0x00007ffb1f513000 	C:\WINDOWS\SYSTEM32\DNSAPI.dll
0x00007ffaef6e0000 - 0x00007ffaef725000 	C:\Users\vinyl\AppData\Local\Temp\jna-112213102\jna106919999464097706.dll
0x00007ffb22ad0000 - 0x00007ffb22ad8000 	C:\WINDOWS\System32\PSAPI.DLL
0x00007ffb1be60000 - 0x00007ffb1be6e000 	C:\Users\vinyl\.vscode\extensions\redhat.java-1.17.0-win32-x64\jre\17.0.6-win32-x86_64\bin\sunmscapi.dll
0x00007ffb20dd0000 - 0x00007ffb20f36000 	C:\WINDOWS\System32\CRYPT32.dll
0x00007ffb200e0000 - 0x00007ffb2010d000 	C:\WINDOWS\SYSTEM32\ncrypt.dll
0x00007ffb200a0000 - 0x00007ffb200d7000 	C:\WINDOWS\SYSTEM32\NTASN1.dll
0x00007ffb06190000 - 0x00007ffb06198000 	C:\WINDOWS\system32\wshunix.dll
0x0000000067830000 - 0x0000000067856000 	C:\Program Files\Bonjour\mdnsNSP.dll
0x00007ffb15700000 - 0x00007ffb1570a000 	C:\Windows\System32\rasadhlp.dll
0x00007ffb17a20000 - 0x00007ffb17aa3000 	C:\WINDOWS\System32\fwpuclnt.dll

dbghelp: loaded successfully - version: 4.0.5 - missing functions: none
symbol engine: initialized successfully - sym options: 0x614 - pdb path: .;c:\Users\vinyl\.vscode\extensions\redhat.java-1.17.0-win32-x64\jre\17.0.6-win32-x86_64\bin;C:\WINDOWS\SYSTEM32;C:\WINDOWS\WinSxS\amd64_microsoft.windows.common-controls_6595b64144ccf1df_6.0.22621.608_none_a9444ca7c10bb01d;c:\Users\vinyl\.vscode\extensions\redhat.java-1.17.0-win32-x64\jre\17.0.6-win32-x86_64\bin\server;C:\Users\vinyl\AppData\Roaming\Code\User\globalStorage\redhat.java\1.17.0\config_win\org.eclipse.equinox.launcher\org.eclipse.equinox.launcher.win32.win32.x86_64_1.2.700.v20221108-1024;C:\Users\vinyl\AppData\Local\Temp\jna-112213102;C:\Program Files\Bonjour

VM Arguments:
jvm_args: --add-modules=ALL-SYSTEM --add-opens=java.base/java.util=ALL-UNNAMED --add-opens=java.base/java.lang=ALL-UNNAMED --add-opens=java.base/sun.nio.fs=ALL-UNNAMED -Declipse.application=org.eclipse.jdt.ls.core.id1 -Dosgi.bundles.defaultStartLevel=4 -Declipse.product=org.eclipse.jdt.ls.core.product -Djava.import.generatesMetadataFilesAtProjectRoot=false -Dfile.encoding=utf8 -XX:+UseParallelGC -XX:GCTimeRatio=4 -XX:AdaptiveSizePolicyWeight=90 -Dsun.zip.disableMemoryMapping=true -Xmx1G -Xms100m -Xlog:disable -javaagent:c:\Users\vinyl\.vscode\extensions\redhat.java-1.17.0-win32-x64\lombok\lombok-1.18.24.jar -XX:+HeapDumpOnOutOfMemoryError -XX:HeapDumpPath=c:\Users\vinyl\AppData\Roaming\Code\User\workspaceStorage\cf325b8df748eba499f6fbcf85c42d1c\redhat.java -Daether.dependencyCollector.impl=bf 
java_command: c:\Users\vinyl\.vscode\extensions\redhat.java-1.17.0-win32-x64\server\plugins\org.eclipse.equinox.launcher_1.6.400.v20210924-0641.jar -configuration c:\Users\vinyl\AppData\Roaming\Code\User\globalStorage\redhat.java\1.17.0\config_win -data c:\Users\vinyl\AppData\Roaming\Code\User\workspaceStorage\cf325b8df748eba499f6fbcf85c42d1c\redhat.java\jdt_ws
java_class_path (initial): c:\Users\vinyl\.vscode\extensions\redhat.java-1.17.0-win32-x64\server\plugins\org.eclipse.equinox.launcher_1.6.400.v20210924-0641.jar
Launcher Type: SUN_STANDARD

[Global flags]
    uintx AdaptiveSizePolicyWeight                 = 90                                        {product} {command line}
     intx CICompilerCount                          = 4                                         {product} {ergonomic}
    uintx GCTimeRatio                              = 4                                         {product} {command line}
     bool HeapDumpOnOutOfMemoryError               = true                                   {manageable} {command line}
    ccstr HeapDumpPath                             = c:\Users\vinyl\AppData\Roaming\Code\User\workspaceStorage\cf325b8df748eba499f6fbcf85c42d1c\redhat.java         {manageable} {command line}
   size_t InitialHeapSize                          = 104857600                                 {product} {command line}
   size_t MaxHeapSize                              = 1073741824                                {product} {command line}
   size_t MaxNewSize                               = 357564416                                 {product} {ergonomic}
   size_t MinHeapDeltaBytes                        = 524288                                    {product} {ergonomic}
   size_t MinHeapSize                              = 104857600                                 {product} {command line}
   size_t NewSize                                  = 34603008                                  {product} {ergonomic}
    uintx NonNMethodCodeHeapSize                   = 5839372                                {pd product} {ergonomic}
    uintx NonProfiledCodeHeapSize                  = 122909434                              {pd product} {ergonomic}
   size_t OldSize                                  = 70254592                                  {product} {ergonomic}
    uintx ProfiledCodeHeapSize                     = 122909434                              {pd product} {ergonomic}
    uintx ReservedCodeCacheSize                    = 251658240                              {pd product} {ergonomic}
     bool SegmentedCodeCache                       = true                                      {product} {ergonomic}
   size_t SoftMaxHeapSize                          = 1073741824                             {manageable} {ergonomic}
     bool UseCompressedClassPointers               = true                           {product lp64_product} {ergonomic}
     bool UseCompressedOops                        = true                           {product lp64_product} {ergonomic}
     bool UseLargePagesIndividualAllocation        = false                                  {pd product} {ergonomic}
     bool UseParallelGC                            = true                                      {product} {command line}

Logging:
Log output configuration:
 #0: stdout all=off uptime,level,tags
 #1: stderr all=off uptime,level,tags

Environment Variables:
PATH=C:\Program Files\Eclipse Adoptium\jdk-17.0.6.10-hotspot\bin;C:\Program Files\Common Files\Oracle\Java\javapath;C:\Program Files (x86)\Common Files\Oracle\Java\javapath;C:\Python310\Scripts\;C:\Python310\;C:\WINDOWS\system32;C:\WINDOWS;C:\WINDOWS\System32\Wbem;C:\WINDOWS\System32\OpenSSH\;C:\Program Files\nodejs\;C:\ProgramData\chocolatey\bin;C:\Program Files\PuTTY\;C:\Program Files (x86)\Microsoft SQL Server\150\DTS\Binn\;C:\Program Files\Azure Data Studio\bin;C:\WINDOWS\System32\WindowsPowerShell\v1.0\;C:\Program Files\Git\cmd;C:\Program Files\Docker\Docker\resources\bin;C:\Users\vinyl\AppData\Local\Microsoft\WindowsApps;C:\php-8.1.5-nts-Win32-vs16-x64;C:\Users\vinyl\AppData\Local\Programs\Microsoft VS Code\bin;C:\Users\vinyl\AppData\Roaming\npm;C:\Program Files\Azure Data Studio\bin;C:\MinGW\bin;
USERNAME=vinyl
OS=Windows_NT
PROCESSOR_IDENTIFIER=AMD64 Family 23 Model 24 Stepping 1, AuthenticAMD
TMP=C:\Users\vinyl\AppData\Local\Temp
TEMP=C:\Users\vinyl\AppData\Local\Temp



---------------  S Y S T E M  ---------------

OS:
 Windows 11 , 64 bit Build 22621 (10.0.22621.1344)
OS uptime: 5 days 13:56 hours
Hyper-V role detected

CPU: total 8 (initial active 8) (8 cores per cpu, 2 threads per core) family 23 model 24 stepping 1 microcode 0x0, cx8, cmov, fxsr, ht, mmx, 3dnowpref, sse, sse2, sse3, ssse3, sse4a, sse4.1, sse4.2, popcnt, lzcnt, tsc, tscinvbit, avx, avx2, aes, clmul, bmi1, bmi2, adx, sha, fma, vzeroupper, clflush, clflushopt, hv

Memory: 4k page, system-wide physical 10116M (1126M free)
TotalPageFile size 24452M (AvailPageFile size 6081M)
current process WorkingSet (physical memory assigned to process): 418M, peak: 426M
current process commit charge ("private bytes"): 429M, peak: 444M

vm_info: OpenJDK 64-Bit Server VM (17.0.6+10) for windows-amd64 JRE (17.0.6+10), built on Jan 18 2023 10:08:59 by "temurin" with MS VC++ 16.7 (VS2019)

END.
