#
# A fatal error has been detected by the Java Runtime Environment:
#
#  EXCEPTION_ACCESS_VIOLATION (0xc0000005) at pc=0x00007ffd70436fd7, pid=17716, tid=17712
#
# JRE version: OpenJDK Runtime Environment Temurin-17.0.7+7 (17.0.7+7) (build 17.0.7+7)
# Java VM: OpenJDK 64-Bit Server VM Temurin-17.0.7+7 (17.0.7+7, mixed mode, tiered, compressed oops, compressed class ptrs, parallel gc, windows-amd64)
# Problematic frame:
# V  [jvm.dll+0x6a6fd7]
#
# No core dump will be written. Minidumps are not enabled by default on client versions of Windows
#
# If you would like to submit a bug report, please visit:
#   https://github.com/adoptium/adoptium-support/issues
#

---------------  S U M M A R Y ------------

Command Line: --add-modules=ALL-SYSTEM --add-opens=java.base/java.util=ALL-UNNAMED --add-opens=java.base/java.lang=ALL-UNNAMED --add-opens=java.base/sun.nio.fs=ALL-UNNAMED -Declipse.application=org.eclipse.jdt.ls.core.id1 -Dosgi.bundles.defaultStartLevel=4 -Declipse.product=org.eclipse.jdt.ls.core.product -Djava.import.generatesMetadataFilesAtProjectRoot=false -Dfile.encoding=utf8 -XX:+UseParallelGC -XX:GCTimeRatio=4 -XX:AdaptiveSizePolicyWeight=90 -Dsun.zip.disableMemoryMapping=true -Xmx1G -Xms100m -Xlog:disable -javaagent:c:\Users\vinyl\.vscode\extensions\redhat.java-1.18.0-win32-x64\lombok\lombok-1.18.27.jar -XX:+HeapDumpOnOutOfMemoryError -XX:HeapDumpPath=c:\Users\vinyl\AppData\Roaming\Code\User\workspaceStorage\cf325b8df748eba499f6fbcf85c42d1c\redhat.java -Daether.dependencyCollector.impl=bf c:\Users\vinyl\.vscode\extensions\redhat.java-1.18.0-win32-x64\server\plugins\org.eclipse.equinox.launcher_1.6.400.v20210924-0641.jar -configuration c:\Users\vinyl\AppData\Roaming\Code\User\globalStorage\redhat.java\1.18.0\config_win -data c:\Users\vinyl\AppData\Roaming\Code\User\workspaceStorage\cf325b8df748eba499f6fbcf85c42d1c\redhat.java\jdt_ws

Host: AMD Ryzen 5 3500U with Radeon Vega Mobile Gfx  , 8 cores, 9G,  Windows 11 , 64 bit Build 22621 (10.0.22621.1635)
Time: Wed May 17 02:04:33 2023 Hora oficial do Brasil elapsed time: 64.671132 seconds (0d 0h 1m 4s)

---------------  T H R E A D  ---------------

Current thread (0x00000255e7e22020):  GCTaskThread "GC Thread#4" [stack: 0x0000007aac400000,0x0000007aac500000] [id=17712]

Stack: [0x0000007aac400000,0x0000007aac500000],  sp=0x0000007aac4ff710,  free space=1021k
Native frames: (J=compiled Java code, j=interpreted, Vv=VM code, C=native code)
V  [jvm.dll+0x6a6fd7]
V  [jvm.dll+0x6b47f0]
V  [jvm.dll+0x6b51e0]
V  [jvm.dll+0x6b7e60]
V  [jvm.dll+0x6b82af]
V  [jvm.dll+0x860ffb]
V  [jvm.dll+0x861046]
V  [jvm.dll+0x7e4e7a]
V  [jvm.dll+0x676395]
C  [ucrtbase.dll+0x29363]
C  [KERNEL32.DLL+0x126ad]
C  [ntdll.dll+0x5a9f8]


siginfo: EXCEPTION_ACCESS_VIOLATION (0xc0000005), reading address 0x00000007598d96a0


Register to memory mapping:

RIP=0x00007ffd70436fd7 jvm.dll
RAX=0x00000007598d9698 is an unknown value
RBX=0x0000000000000009 is an unknown value
RCX=0x0000000000000003 is an unknown value
RDX=0x00000000eb04e030 points into unknown readable memory: 0x00000000c085a048 | 48 a0 85 c0 00 00 00 00
RSP=0x0000007aac4ff710 points into unknown readable memory: 0x0000000000000009 | 09 00 00 00 00 00 00 00
RBP=0x0000007aac4ff7d8 points into unknown readable memory: 0x000000000000000c | 0c 00 00 00 00 00 00 00
RSI=0x0 is NULL
RDI=0x00000000eb04e030 points into unknown readable memory: 0x00000000c085a048 | 48 a0 85 c0 00 00 00 00
R8 =0x00000000eb31b2d3 points into unknown readable memory: ea 00 00 00 00
R9 =0x0000000000000001 is an unknown value
R10=0x0 is NULL
R11=0x00000255e1680300 points into unknown readable memory: 0x00007ffd70740578 | 78 05 74 70 fd 7f 00 00
R12=0x0 is NULL
R13=0x0 is NULL
R14=0x00000000eb516ad8 points into unknown readable memory: 0x00000000eb04e033 | 33 e0 04 eb 00 00 00 00
R15=0x00000255e1680300 points into unknown readable memory: 0x00007ffd70740578 | 78 05 74 70 fd 7f 00 00


Registers:
RAX=0x00000007598d9698, RBX=0x0000000000000009, RCX=0x0000000000000003, RDX=0x00000000eb04e030
RSP=0x0000007aac4ff710, RBP=0x0000007aac4ff7d8, RSI=0x0000000000000000, RDI=0x00000000eb04e030
R8 =0x00000000eb31b2d3, R9 =0x0000000000000001, R10=0x0000000000000000, R11=0x00000255e1680300
R12=0x0000000000000000, R13=0x0000000000000000, R14=0x00000000eb516ad8, R15=0x00000255e1680300
RIP=0x00007ffd70436fd7, EFLAGS=0x0000000000010202

Top of Stack: (sp=0x0000007aac4ff710)
0x0000007aac4ff710:   0000000000000009 00000000eb04dfd8
0x0000007aac4ff720:   0000007aac4ff7d8 00007ffd704368c8
0x0000007aac4ff730:   00007ffd7073f770 00000255cd827140
0x0000007aac4ff740:   00000255e1680300 00000000eb388d88
0x0000007aac4ff750:   00000000eb04e030 00007ffd704447f0
0x0000007aac4ff760:   0000000000000009 00000000eb027028
0x0000007aac4ff770:   0000007aac4ff828 000000000000000c
0x0000007aac4ff780:   00007ffd7073f770 00000255cd827140
0x0000007aac4ff790:   0000000000000011 0000000000000400
0x0000007aac4ff7a0:   00000000c085a048 0000000000001000
0x0000007aac4ff7b0:   0000000000000009 00007ffd70570001
0x0000007aac4ff7c0:   0000000000000011 0000000000001000
0x0000007aac4ff7d0:   0000000000000010 000000000000000c
0x0000007aac4ff7e0:   000000000000003e 0000000000000000
0x0000007aac4ff7f0:   00000000eb04e024 0000000000000009
0x0000007aac4ff800:   0000000000000000 00007ffd704451e0 

Instructions: (pc=0x00007ffd70436fd7)
0x00007ffd70436ed7:   0c c1 4c 3b c1 73 10 49 8b 41 18 48 c1 ea 09 48
0x00007ffd70436ee7:   8b 40 40 c6 04 02 07 48 83 c4 18 c3 cc cc cc cc
0x00007ffd70436ef7:   cc cc cc cc cc cc cc cc cc 48 83 ec 18 4c 8b c1
0x00007ffd70436f07:   4c 8b ca 48 8b 0a 49 8b 40 10 0f 10 40 08 66 48
0x00007ffd70436f17:   0f 7e c2 0f 11 04 24 48 3b ca 72 35 48 8b 44 24
0x00007ffd70436f27:   08 48 8d 14 c2 48 3b ca 73 27 49 8b 40 18 49 8b
0x00007ffd70436f37:   c9 48 c1 e9 09 48 8b 40 40 0f b6 14 01 84 d2 74
0x00007ffd70436f47:   10 80 fa 03 74 0b 49 83 78 20 00 75 04 4d 89 48
0x00007ffd70436f57:   20 48 83 c4 18 c3 cc cc cc 48 8b 05 11 e5 4d 00
0x00007ffd70436f67:   48 39 02 72 09 48 8b 49 10 e9 bb 00 00 00 c3 cc
0x00007ffd70436f77:   cc cc cc cc cc cc cc cc cc 8b 02 48 3b 05 f7 e4
0x00007ffd70436f87:   4d 00 72 0c 48 8b 49 10 48 ff c2 e9 99 00 00 00
0x00007ffd70436f97:   c3 cc cc cc cc cc cc cc cc 48 83 ec 48 44 0f b6
0x00007ffd70436fa7:   0d e3 45 4c 00 4c 8b d9 8b 0d 43 83 45 00 4c 8b
0x00007ffd70436fb7:   15 34 83 45 00 45 84 c9 74 0f 44 8b 42 08 41 8b
0x00007ffd70436fc7:   c0 48 d3 e0 49 03 c2 eb 07 48 8b 42 08 44 8b c0
0x00007ffd70436fd7:   81 78 08 00 00 00 c0 73 42 48 8b 05 79 e4 4d 00
0x00007ffd70436fe7:   48 89 44 24 28 48 8d 05 7d 87 30 00 48 89 44 24
0x00007ffd70436ff7:   20 4c 89 5c 24 30 45 84 c9 74 08 49 d3 e0 4d 03
0x00007ffd70437007:   c2 eb 04 4c 8b 42 08 49 63 40 0c 4c 8d 0d f7 d6
0x00007ffd70437017:   46 00 48 8d 4c 24 20 41 ff 14 c1 48 83 c4 48 c3
0x00007ffd70437027:   cc cc cc cc cc cc cc cc cc 48 89 5c 24 08 57 48
0x00007ffd70437037:   83 ec 20 44 8b 81 e0 00 00 00 48 8b da 8b 81 60
0x00007ffd70437047:   01 00 00 41 8b d0 2b d0 48 8b f9 81 e2 ff ff 01
0x00007ffd70437057:   00 81 fa fe ff 01 00 73 25 48 8b 81 e0 01 00 00
0x00007ffd70437067:   4a 89 1c c0 41 8d 40 01 25 ff ff 01 00 89 81 e0
0x00007ffd70437077:   00 00 00 48 8b 5c 24 30 48 83 c4 20 5f c3 48 8b
0x00007ffd70437087:   89 00 03 00 00 48 3b 8f e8 02 00 00 75 0e 48 8d
0x00007ffd70437097:   8f e0 02 00 00 e8 7f 71 ba ff 33 c9 48 8b 87 18
0x00007ffd704370a7:   03 00 00 48 89 1c c8 48 8d 41 01 48 8b 5c 24 30
0x00007ffd704370b7:   48 89 87 00 03 00 00 48 83 c4 20 5f c3 cc cc cc
0x00007ffd704370c7:   cc cc cc cc cc cc cc cc cc 48 89 5c 24 08 57 48 


Stack slot to memory mapping:
stack at sp + 0 slots: 0x0000000000000009 is an unknown value
stack at sp + 1 slots: 0x00000000eb04dfd8 is an oop: org.eclipse.jdt.internal.compiler.lookup.TypeSystem$HashedParameterizedTypes$PTBKey 
{0x00000000eb04dfd8} - klass: 'org/eclipse/jdt/internal/compiler/lookup/TypeSystem$HashedParameterizedTypes$PTBKey'
 - ---- fields (total size 11 words):
 - public 'id' 'I' @12  2147483647 (7fffffff)
 - public 'tagBits' 'J' @16  0 (0 0)
 - public 'extendedTagBits' 'I' @24  0
 - protected 'typeAnnotations' '[Lorg/eclipse/jdt/internal/compiler/lookup/AnnotationBinding;' @28  a 'org/eclipse/jdt/internal/compiler/lookup/AnnotationBinding'[0] {0x00000000c08689c0} (c08689c0)
 - public 'modifiers' 'I' @32  0
 - 'typeBits' 'I' @36  0
 - public 'compoundName' '[[C' @40  NULL (0)
 - public 'sourceName' '[C' @44  NULL (0)
 - public 'fPackage' 'Lorg/eclipse/jdt/internal/compiler/lookup/PackageBinding;' @48  NULL (0)
 - 'fileName' '[C' @52  NULL (0)
 - 'constantPoolName' '[C' @56  NULL (0)
 - 'signature' '[C' @60  NULL (0)
 - private 'compatibleCache' 'Lorg/eclipse/jdt/internal/compiler/util/SimpleLookupTable;' @64  NULL (0)
 - protected 'singleAbstractMethod' '[Lorg/eclipse/jdt/internal/compiler/lookup/MethodBinding;' @68  NULL (0)
 - protected 'type' 'Lorg/eclipse/jdt/internal/compiler/lookup/ReferenceBinding;' @72  a 'org/eclipse/jdt/internal/compiler/lookup/BinaryTypeBinding'{0x00000000eae9afe8} (eae9afe8)
 - public 'arguments' '[Lorg/eclipse/jdt/internal/compiler/lookup/TypeBinding;' @76  
[error occurred during error reporting (inspecting top of stack), id 0xc0000005, EXCEPTION_ACCESS_VIOLATION (0xc0000005) at pc=0x00007ffd703f3ba9]


---------------  P R O C E S S  ---------------

Threads class SMR info:
_java_thread_list=0x00000255f6071f00, length=37, elements={
0x00000255cd80c9a0, 0x00000255e168d980, 0x00000255e168eae0, 0x00000255e69edb10,
0x00000255e69ee5d0, 0x00000255e69f1840, 0x00000255e69f5e30, 0x00000255e69f6630,
0x00000255e6a062c0, 0x00000255cd8cdfb0, 0x00000255cd873490, 0x00000255e6d0f650,
0x00000255e80cdf20, 0x00000255e7ded780, 0x00000255e836de00, 0x00000255e88659b0,
0x00000255e846a0f0, 0x00000255e887b710, 0x00000255e887ad70, 0x00000255e887b240,
0x00000255e887d8c0, 0x00000255e8879f00, 0x00000255e887bbe0, 0x00000255e887c0b0,
0x00000255e887a3d0, 0x00000255e887ca50, 0x00000255e887d3f0, 0x00000255e887a8a0,
0x00000255edc77380, 0x00000255edc73e90, 0x00000255edc74360, 0x00000255edc739c0,
0x00000255edc74830, 0x00000255edc76510, 0x00000255edc79ed0, 0x00000255eb5fe570,
0x00000255eb5ff9b0
}

Java Threads: ( => current thread )
  0x00000255cd80c9a0 JavaThread "main" [_thread_blocked, id=16876, stack(0x0000007aab100000,0x0000007aab200000)]
  0x00000255e168d980 JavaThread "Reference Handler" daemon [_thread_blocked, id=10476, stack(0x0000007aab400000,0x0000007aab500000)]
  0x00000255e168eae0 JavaThread "Finalizer" daemon [_thread_blocked, id=5556, stack(0x0000007aab500000,0x0000007aab600000)]
  0x00000255e69edb10 JavaThread "Signal Dispatcher" daemon [_thread_blocked, id=7996, stack(0x0000007aab600000,0x0000007aab700000)]
  0x00000255e69ee5d0 JavaThread "Attach Listener" daemon [_thread_blocked, id=11760, stack(0x0000007aab700000,0x0000007aab800000)]
  0x00000255e69f1840 JavaThread "Service Thread" daemon [_thread_blocked, id=7984, stack(0x0000007aab800000,0x0000007aab900000)]
  0x00000255e69f5e30 JavaThread "Monitor Deflation Thread" daemon [_thread_blocked, id=18140, stack(0x0000007aab900000,0x0000007aaba00000)]
  0x00000255e69f6630 JavaThread "C2 CompilerThread0" daemon [_thread_blocked, id=17848, stack(0x0000007aaba00000,0x0000007aabb00000)]
  0x00000255e6a062c0 JavaThread "C1 CompilerThread0" daemon [_thread_blocked, id=568, stack(0x0000007aabb00000,0x0000007aabc00000)]
  0x00000255cd8cdfb0 JavaThread "Sweeper thread" daemon [_thread_blocked, id=10608, stack(0x0000007aabc00000,0x0000007aabd00000)]
  0x00000255cd873490 JavaThread "Common-Cleaner" daemon [_thread_blocked, id=8220, stack(0x0000007aabd00000,0x0000007aabe00000)]
  0x00000255e6d0f650 JavaThread "Notification Thread" daemon [_thread_blocked, id=17704, stack(0x0000007aabf00000,0x0000007aac000000)]
  0x00000255e80cdf20 JavaThread "Active Thread: Equinox Container: 06f76976-4aa7-4627-88da-5db434a08381" [_thread_blocked, id=11480, stack(0x0000007aac700000,0x0000007aac800000)]
  0x00000255e7ded780 JavaThread "Framework Event Dispatcher: Equinox Container: 06f76976-4aa7-4627-88da-5db434a08381" daemon [_thread_blocked, id=11956, stack(0x0000007aac900000,0x0000007aaca00000)]
  0x00000255e836de00 JavaThread "Start Level: Equinox Container: 06f76976-4aa7-4627-88da-5db434a08381" daemon [_thread_blocked, id=11552, stack(0x0000007aaca00000,0x0000007aacb00000)]
  0x00000255e88659b0 JavaThread "SCR Component Actor" daemon [_thread_blocked, id=12160, stack(0x0000007aacb00000,0x0000007aacc00000)]
  0x00000255e846a0f0 JavaThread "Worker-JM" [_thread_blocked, id=5716, stack(0x0000007aabe00000,0x0000007aabf00000)]
  0x00000255e887b710 JavaThread "Worker-0: Validate documents" [_thread_blocked, id=17172, stack(0x0000007aace00000,0x0000007aacf00000)]
  0x00000255e887ad70 JavaThread "Worker-1" [_thread_blocked, id=4820, stack(0x0000007aacf00000,0x0000007aad000000)]
  0x00000255e887b240 JavaThread "Worker-2" [_thread_blocked, id=10872, stack(0x0000007aad000000,0x0000007aad100000)]
  0x00000255e887d8c0 JavaThread "Java indexing" daemon [_thread_blocked, id=2276, stack(0x0000007aad100000,0x0000007aad200000)]
  0x00000255e8879f00 JavaThread "JNA Cleaner" daemon [_thread_blocked, id=6976, stack(0x0000007aad300000,0x0000007aad400000)]
  0x00000255e887bbe0 JavaThread "pool-2-thread-1" [_thread_blocked, id=2608, stack(0x0000007aad400000,0x0000007aad500000)]
  0x00000255e887c0b0 JavaThread "pool-1-thread-1" [_thread_in_native, id=17504, stack(0x0000007aad500000,0x0000007aad600000)]
  0x00000255e887a3d0 JavaThread "Worker-3" [_thread_blocked, id=276, stack(0x0000007aad200000,0x0000007aad300000)]
  0x00000255e887ca50 JavaThread "Worker-4" [_thread_blocked, id=5896, stack(0x0000007aad600000,0x0000007aad700000)]
  0x00000255e887d3f0 JavaThread "ForkJoinPool.commonPool-worker-1" daemon [_thread_blocked, id=7068, stack(0x0000007aad700000,0x0000007aad800000)]
  0x00000255e887a8a0 JavaThread "ForkJoinPool.commonPool-worker-2" daemon [_thread_blocked, id=16436, stack(0x0000007aad800000,0x0000007aad900000)]
  0x00000255edc77380 JavaThread "ForkJoinPool.commonPool-worker-3" daemon [_thread_blocked, id=16064, stack(0x0000007aad900000,0x0000007aada00000)]
  0x00000255edc73e90 JavaThread "ForkJoinPool.commonPool-worker-4" daemon [_thread_blocked, id=10188, stack(0x0000007aada00000,0x0000007aadb00000)]
  0x00000255edc74360 JavaThread "ForkJoinPool.commonPool-worker-5" daemon [_thread_blocked, id=12108, stack(0x0000007aadb00000,0x0000007aadc00000)]
  0x00000255edc739c0 JavaThread "ForkJoinPool.commonPool-worker-6" daemon [_thread_blocked, id=16572, stack(0x0000007aadc00000,0x0000007aadd00000)]
  0x00000255edc74830 JavaThread "ForkJoinPool.commonPool-worker-7" daemon [_thread_blocked, id=16744, stack(0x0000007aadd00000,0x0000007aade00000)]
  0x00000255edc76510 JavaThread "Bundle File Closer" daemon [_thread_blocked, id=13180, stack(0x0000007aade00000,0x0000007aadf00000)]
  0x00000255edc79ed0 JavaThread "Worker-5" [_thread_blocked, id=9644, stack(0x0000007aadf00000,0x0000007aae000000)]
  0x00000255eb5fe570 JavaThread "C2 CompilerThread1" daemon [_thread_blocked, id=15948, stack(0x0000007aaae00000,0x0000007aaaf00000)]
  0x00000255eb5ff9b0 JavaThread "C2 CompilerThread2" daemon [_thread_blocked, id=5552, stack(0x0000007aaaf00000,0x0000007aab000000)]

Other Threads:
  0x00000255cd8c4ca0 VMThread "VM Thread" [stack: 0x0000007aab300000,0x0000007aab400000] [id=15468]
  0x00000255e6d0fb20 WatcherThread [stack: 0x0000007aac000000,0x0000007aac100000] [id=17888]
  0x00000255cd823c90 GCTaskThread "GC Thread#0" [stack: 0x0000007aab200000,0x0000007aab300000] [id=15180]
  0x00000255e7b86440 GCTaskThread "GC Thread#1" [stack: 0x0000007aac100000,0x0000007aac200000] [id=15644]
  0x00000255e7eee690 GCTaskThread "GC Thread#2" [stack: 0x0000007aac200000,0x0000007aac300000] [id=11312]
  0x00000255e7eee940 GCTaskThread "GC Thread#3" [stack: 0x0000007aac300000,0x0000007aac400000] [id=17444]
=>0x00000255e7e22020 GCTaskThread "GC Thread#4" [stack: 0x0000007aac400000,0x0000007aac500000] [id=17712]
  0x00000255e7e222d0 GCTaskThread "GC Thread#5" [stack: 0x0000007aac500000,0x0000007aac600000] [id=16184]
  0x00000255e7fd8030 GCTaskThread "GC Thread#6" [stack: 0x0000007aac600000,0x0000007aac700000] [id=17456]
  0x00000255e86ea590 GCTaskThread "GC Thread#7" [stack: 0x0000007aacc00000,0x0000007aacd00000] [id=16684]

Threads with active compile tasks:
C2 CompilerThread0    64733 11026       4       org.eclipse.jdt.internal.compiler.util.SimpleSetOfCharArray::add (90 bytes)
C2 CompilerThread1    64733 11005       4       org.eclipse.jdt.internal.compiler.lookup.LookupEnvironment::computePackageFrom (528 bytes)
C2 CompilerThread2    64733 11003       4       org.eclipse.jdt.internal.compiler.lookup.ModuleBinding::recordExportRestrictions (98 bytes)

VM state: at safepoint (normal execution)

VM Mutex/Monitor currently owned by a thread:  ([mutex/lock_event])
[0x00000255cd809960] Threads_lock - owner thread: 0x00000255cd8c4ca0
[0x00000255cd809d50] Heap_lock - owner thread: 0x00000255e887b710

Heap address: 0x00000000c0000000, size: 1024 MB, Compressed Oops mode: 32-bit

CDS archive(s) not mapped
Compressed class space mapped at: 0x0000000100000000-0x0000000140000000, reserved size: 1073741824
Narrow klass base: 0x0000000000000000, Narrow klass shift: 3, Narrow klass range: 0x140000000

GC Precious Log:
 CPUs: 8 total, 8 available
 Memory: 10116M
 Large Page Support: Disabled
 NUMA Support: Disabled
 Compressed Oops: Enabled (32-bit)
 Alignments: Space 512K, Generation 512K, Heap 2M
 Heap Min Capacity: 100M
 Heap Initial Capacity: 100M
 Heap Max Capacity: 1G
 Pre-touch: Disabled
 Parallel Workers: 8

Heap:
 PSYoungGen      total 6144K, used 6138K [0x00000000eab00000, 0x00000000eb780000, 0x0000000100000000)
  eden space 2560K, 99% used [0x00000000eab00000,0x00000000ead7ffd8,0x00000000ead80000)
  from space 3584K, 99% used [0x00000000eb200000,0x00000000eb57eb10,0x00000000eb580000)
  to   space 4608K, 72% used [0x00000000ead80000,0x00000000eb0c7788,0x00000000eb200000)
 ParOldGen       total 75776K, used 71910K [0x00000000c0000000, 0x00000000c4a00000, 0x00000000eab00000)
  object space 75776K, 94% used [0x00000000c0000000,0x00000000c4639bb8,0x00000000c4a00000)
 Metaspace       used 69145K, committed 70208K, reserved 1114112K
  class space    used 7222K, committed 7616K, reserved 1048576K

Card table byte_map: [0x00000255cd1e0000,0x00000255cd3f0000] _byte_map_base: 0x00000255ccbe0000

Marking Bits: (ParMarkBitMap*) 0x00007ffd709152c0
 Begin Bits: [0x00000255df490000, 0x00000255e0490000)
 End Bits:   [0x00000255e0490000, 0x00000255e1490000)

Polling page: 0x00000255ccfd0000

Metaspace:

Usage:
  Non-class:     60.47 MB used.
      Class:      7.05 MB used.
       Both:     67.52 MB used.

Virtual space:
  Non-class space:       64.00 MB reserved,      61.12 MB ( 96%) committed,  1 nodes.
      Class space:        1.00 GB reserved,       7.44 MB ( <1%) committed,  1 nodes.
             Both:        1.06 GB reserved,      68.56 MB (  6%) committed. 

Chunk freelists:
   Non-Class:  2.79 MB
       Class:  8.41 MB
        Both:  11.20 MB

MaxMetaspaceSize: unlimited
CompressedClassSpaceSize: 1.00 GB
Initial GC threshold: 21.00 MB
Current GC threshold: 110.00 MB
CDS: off
MetaspaceReclaimPolicy: balanced
 - commit_granule_bytes: 65536.
 - commit_granule_words: 8192.
 - virtual_space_node_default_size: 8388608.
 - enlarge_chunks_in_place: 1.
 - new_chunks_are_fully_committed: 0.
 - uncommit_free_chunks: 1.
 - use_allocation_guard: 0.
 - handle_deallocations: 1.


Internal statistics:

num_allocs_failed_limit: 11.
num_arena_births: 516.
num_arena_deaths: 34.
num_vsnodes_births: 2.
num_vsnodes_deaths: 0.
num_space_committed: 1097.
num_space_uncommitted: 0.
num_chunks_returned_to_freelist: 53.
num_chunks_taken_from_freelist: 3385.
num_chunk_merges: 22.
num_chunk_splits: 2082.
num_chunks_enlarged: 1170.
num_inconsistent_stats: 0.

CodeHeap 'non-profiled nmethods': size=120000Kb used=5926Kb max_used=5926Kb free=114073Kb
 bounds [0x00000255d7f60000, 0x00000255d8530000, 0x00000255df490000]
CodeHeap 'profiled nmethods': size=120000Kb used=17233Kb max_used=18641Kb free=102766Kb
 bounds [0x00000255d0490000, 0x00000255d16d0000, 0x00000255d79c0000]
CodeHeap 'non-nmethods': size=5760Kb used=1363Kb max_used=1432Kb free=4396Kb
 bounds [0x00000255d79c0000, 0x00000255d7c30000, 0x00000255d7f60000]
 total_blobs=8912 nmethods=8206 adapters=617
 compilation: enabled
              stopped_count=0, restarted_count=0
 full_count=0

Compilation events (20 events):
Event: 64.640 Thread 0x00000255e69f6630 nmethod 11028 0x00000255d8528490 code [0x00000255d8528620, 0x00000255d8528798]
Event: 64.640 Thread 0x00000255e69f6630 11008 %     4       org.eclipse.jdt.internal.compiler.parser.Parser::markEnclosingMemberWithLocalOrFunctionalType @ 8 (226 bytes)
Event: 64.652 Thread 0x00000255e6a062c0 11087       1       org.eclipse.core.internal.watson.ElementTree::getTreeData (5 bytes)
Event: 64.652 Thread 0x00000255e6a062c0 nmethod 11087 0x00000255d8528910 code [0x00000255d8528aa0, 0x00000255d8528b78]
Event: 64.652 Thread 0x00000255e6a062c0 11088       2       sun.util.locale.LocaleUtils::isAlphaNumericString (33 bytes)
Event: 64.653 Thread 0x00000255e6a062c0 nmethod 11088 0x00000255d150a610 code [0x00000255d150a7e0, 0x00000255d150abd8]
Event: 64.653 Thread 0x00000255e6a062c0 11089       2       org.eclipse.lsp4j.jsonrpc.messages.Message::<init> (11 bytes)
Event: 64.654 Thread 0x00000255e6a062c0 nmethod 11089 0x00000255d148f290 code [0x00000255d148f420, 0x00000255d148f538]
Event: 64.654 Thread 0x00000255e6a062c0 11090       2       org.eclipse.jdt.ls.core.internal.ParentProcessWatcher$$Lambda$222/0x00000001004656c0::consume (13 bytes)
Event: 64.654 Thread 0x00000255e6a062c0 nmethod 11090 0x00000255d0a00310 code [0x00000255d0a004c0, 0x00000255d0a00648]
Event: 64.654 Thread 0x00000255e6a062c0 11091       2       org.eclipse.jdt.ls.core.internal.ParentProcessWatcher::lambda$1 (15 bytes)
Event: 64.654 Thread 0x00000255e6a062c0 nmethod 11091 0x00000255d0c1eb10 code [0x00000255d0c1eca0, 0x00000255d0c1ee08]
Event: 64.654 Thread 0x00000255e6a062c0 11092       2       lombok.eclipse.TransformEclipseAST$AnnotationVisitor::visitAnnotationOnMethod (41 bytes)
Event: 64.655 Thread 0x00000255e69f6630 nmethod 11008% 0x00000255d8528c10 code [0x00000255d8528e00, 0x00000255d8529618]
Event: 64.655 Thread 0x00000255e6a062c0 nmethod 11092 0x00000255d1551390 code [0x00000255d1551540, 0x00000255d1551728]
Event: 64.655 Thread 0x00000255e6a062c0 11093       2       org.eclipse.jdt.internal.compiler.parser.Parser::goForBlockStatementsopt (15 bytes)
Event: 64.655 Thread 0x00000255e69f6630 11026       4       org.eclipse.jdt.internal.compiler.util.SimpleSetOfCharArray::add (90 bytes)
Event: 64.656 Thread 0x00000255e6a062c0 nmethod 11093 0x00000255d14bb510 code [0x00000255d14bb6a0, 0x00000255d14bb7b8]
Event: 64.658 Thread 0x00000255e6a062c0 11094       3       org.eclipse.jdt.internal.compiler.SourceElementParser::rememberCategories (51 bytes)
Event: 64.658 Thread 0x00000255e6a062c0 nmethod 11094 0x00000255d057d010 code [0x00000255d057d1c0, 0x00000255d057d588]

GC Heap History (20 events):
Event: 63.065 GC heap after
{Heap after GC invocations=104 (full 6):
 PSYoungGen      total 5120K, used 1529K [0x00000000eab00000, 0x00000000eb380000, 0x0000000100000000)
  eden space 3584K, 0% used [0x00000000eab00000,0x00000000eab00000,0x00000000eae80000)
  from space 1536K, 99% used [0x00000000eaf00000,0x00000000eb07e7f8,0x00000000eb080000)
  to   space 2560K, 0% used [0x00000000eb100000,0x00000000eb100000,0x00000000eb380000)
 ParOldGen       total 75776K, used 68674K [0x00000000c0000000, 0x00000000c4a00000, 0x00000000eab00000)
  object space 75776K, 90% used [0x00000000c0000000,0x00000000c4310b50,0x00000000c4a00000)
 Metaspace       used 68868K, committed 69824K, reserved 1114112K
  class space    used 7213K, committed 7616K, reserved 1048576K
}
Event: 63.182 GC heap before
{Heap before GC invocations=105 (full 6):
 PSYoungGen      total 5120K, used 5113K [0x00000000eab00000, 0x00000000eb380000, 0x0000000100000000)
  eden space 3584K, 99% used [0x00000000eab00000,0x00000000eae7fd88,0x00000000eae80000)
  from space 1536K, 99% used [0x00000000eaf00000,0x00000000eb07e7f8,0x00000000eb080000)
  to   space 2560K, 0% used [0x00000000eb100000,0x00000000eb100000,0x00000000eb380000)
 ParOldGen       total 75776K, used 68674K [0x00000000c0000000, 0x00000000c4a00000, 0x00000000eab00000)
  object space 75776K, 90% used [0x00000000c0000000,0x00000000c4310b50,0x00000000c4a00000)
 Metaspace       used 68877K, committed 69888K, reserved 1114112K
  class space    used 7213K, committed 7616K, reserved 1048576K
}
Event: 63.185 GC heap after
{Heap after GC invocations=105 (full 6):
 PSYoungGen      total 6144K, used 2202K [0x00000000eab00000, 0x00000000eb380000, 0x0000000100000000)
  eden space 3584K, 0% used [0x00000000eab00000,0x00000000eab00000,0x00000000eae80000)
  from space 2560K, 86% used [0x00000000eb100000,0x00000000eb326818,0x00000000eb380000)
  to   space 2560K, 0% used [0x00000000eae80000,0x00000000eae80000,0x00000000eb100000)
 ParOldGen       total 75776K, used 69211K [0x00000000c0000000, 0x00000000c4a00000, 0x00000000eab00000)
  object space 75776K, 91% used [0x00000000c0000000,0x00000000c4396d00,0x00000000c4a00000)
 Metaspace       used 68877K, committed 69888K, reserved 1114112K
  class space    used 7213K, committed 7616K, reserved 1048576K
}
Event: 63.473 GC heap before
{Heap before GC invocations=106 (full 6):
 PSYoungGen      total 6144K, used 5786K [0x00000000eab00000, 0x00000000eb380000, 0x0000000100000000)
  eden space 3584K, 100% used [0x00000000eab00000,0x00000000eae80000,0x00000000eae80000)
  from space 2560K, 86% used [0x00000000eb100000,0x00000000eb326818,0x00000000eb380000)
  to   space 2560K, 0% used [0x00000000eae80000,0x00000000eae80000,0x00000000eb100000)
 ParOldGen       total 75776K, used 69211K [0x00000000c0000000, 0x00000000c4a00000, 0x00000000eab00000)
  object space 75776K, 91% used [0x00000000c0000000,0x00000000c4396d00,0x00000000c4a00000)
 Metaspace       used 68944K, committed 69952K, reserved 1114112K
  class space    used 7222K, committed 7616K, reserved 1048576K
}
Event: 63.476 GC heap after
{Heap after GC invocations=106 (full 6):
 PSYoungGen      total 6144K, used 1958K [0x00000000eab00000, 0x00000000eb380000, 0x0000000100000000)
  eden space 3584K, 0% used [0x00000000eab00000,0x00000000eab00000,0x00000000eae80000)
  from space 2560K, 76% used [0x00000000eae80000,0x00000000eb069ba8,0x00000000eb100000)
  to   space 2560K, 0% used [0x00000000eb100000,0x00000000eb100000,0x00000000eb380000)
 ParOldGen       total 75776K, used 69211K [0x00000000c0000000, 0x00000000c4a00000, 0x00000000eab00000)
  object space 75776K, 91% used [0x00000000c0000000,0x00000000c4396d00,0x00000000c4a00000)
 Metaspace       used 68944K, committed 69952K, reserved 1114112K
  class space    used 7222K, committed 7616K, reserved 1048576K
}
Event: 63.692 GC heap before
{Heap before GC invocations=107 (full 6):
 PSYoungGen      total 6144K, used 5542K [0x00000000eab00000, 0x00000000eb380000, 0x0000000100000000)
  eden space 3584K, 100% used [0x00000000eab00000,0x00000000eae80000,0x00000000eae80000)
  from space 2560K, 76% used [0x00000000eae80000,0x00000000eb069ba8,0x00000000eb100000)
  to   space 2560K, 0% used [0x00000000eb100000,0x00000000eb100000,0x00000000eb380000)
 ParOldGen       total 75776K, used 69211K [0x00000000c0000000, 0x00000000c4a00000, 0x00000000eab00000)
  object space 75776K, 91% used [0x00000000c0000000,0x00000000c4396d00,0x00000000c4a00000)
 Metaspace       used 68953K, committed 69952K, reserved 1114112K
  class space    used 7222K, committed 7616K, reserved 1048576K
}
Event: 63.693 GC heap after
{Heap after GC invocations=107 (full 6):
 PSYoungGen      total 6144K, used 2230K [0x00000000eab00000, 0x00000000eb380000, 0x0000000100000000)
  eden space 3584K, 0% used [0x00000000eab00000,0x00000000eab00000,0x00000000eae80000)
  from space 2560K, 87% used [0x00000000eb100000,0x00000000eb32dbb8,0x00000000eb380000)
  to   space 2560K, 0% used [0x00000000eae80000,0x00000000eae80000,0x00000000eb100000)
 ParOldGen       total 75776K, used 69219K [0x00000000c0000000, 0x00000000c4a00000, 0x00000000eab00000)
  object space 75776K, 91% used [0x00000000c0000000,0x00000000c4398d00,0x00000000c4a00000)
 Metaspace       used 68953K, committed 69952K, reserved 1114112K
  class space    used 7222K, committed 7616K, reserved 1048576K
}
Event: 63.731 GC heap before
{Heap before GC invocations=108 (full 6):
 PSYoungGen      total 6144K, used 5814K [0x00000000eab00000, 0x00000000eb380000, 0x0000000100000000)
  eden space 3584K, 100% used [0x00000000eab00000,0x00000000eae80000,0x00000000eae80000)
  from space 2560K, 87% used [0x00000000eb100000,0x00000000eb32dbb8,0x00000000eb380000)
  to   space 2560K, 0% used [0x00000000eae80000,0x00000000eae80000,0x00000000eb100000)
 ParOldGen       total 75776K, used 69219K [0x00000000c0000000, 0x00000000c4a00000, 0x00000000eab00000)
  object space 75776K, 91% used [0x00000000c0000000,0x00000000c4398d00,0x00000000c4a00000)
 Metaspace       used 68970K, committed 69952K, reserved 1114112K
  class space    used 7222K, committed 7616K, reserved 1048576K
}
Event: 63.735 GC heap after
{Heap after GC invocations=108 (full 6):
 PSYoungGen      total 6144K, used 2535K [0x00000000eab00000, 0x00000000eb580000, 0x0000000100000000)
  eden space 3584K, 0% used [0x00000000eab00000,0x00000000eab00000,0x00000000eae80000)
  from space 2560K, 99% used [0x00000000eae80000,0x00000000eb0f9e98,0x00000000eb100000)
  to   space 3584K, 0% used [0x00000000eb200000,0x00000000eb200000,0x00000000eb580000)
 ParOldGen       total 75776K, used 69923K [0x00000000c0000000, 0x00000000c4a00000, 0x00000000eab00000)
  object space 75776K, 92% used [0x00000000c0000000,0x00000000c4448d40,0x00000000c4a00000)
 Metaspace       used 68970K, committed 69952K, reserved 1114112K
  class space    used 7222K, committed 7616K, reserved 1048576K
}
Event: 63.869 GC heap before
{Heap before GC invocations=109 (full 6):
 PSYoungGen      total 6144K, used 6119K [0x00000000eab00000, 0x00000000eb580000, 0x0000000100000000)
  eden space 3584K, 100% used [0x00000000eab00000,0x00000000eae80000,0x00000000eae80000)
  from space 2560K, 99% used [0x00000000eae80000,0x00000000eb0f9e98,0x00000000eb100000)
  to   space 3584K, 0% used [0x00000000eb200000,0x00000000eb200000,0x00000000eb580000)
 ParOldGen       total 75776K, used 69923K [0x00000000c0000000, 0x00000000c4a00000, 0x00000000eab00000)
  object space 75776K, 92% used [0x00000000c0000000,0x00000000c4448d40,0x00000000c4a00000)
 Metaspace       used 69068K, committed 70016K, reserved 1114112K
  class space    used 7222K, committed 7616K, reserved 1048576K
}
Event: 63.873 GC heap after
{Heap after GC invocations=109 (full 6):
 PSYoungGen      total 6656K, used 2907K [0x00000000eab00000, 0x00000000eb500000, 0x0000000100000000)
  eden space 3584K, 0% used [0x00000000eab00000,0x00000000eab00000,0x00000000eae80000)
  from space 3072K, 94% used [0x00000000eb200000,0x00000000eb4d6de8,0x00000000eb500000)
  to   space 3072K, 0% used [0x00000000eaf00000,0x00000000eaf00000,0x00000000eb200000)
 ParOldGen       total 75776K, used 70155K [0x00000000c0000000, 0x00000000c4a00000, 0x00000000eab00000)
  object space 75776K, 92% used [0x00000000c0000000,0x00000000c4482d40,0x00000000c4a00000)
 Metaspace       used 69068K, committed 70016K, reserved 1114112K
  class space    used 7222K, committed 7616K, reserved 1048576K
}
Event: 64.136 GC heap before
{Heap before GC invocations=110 (full 6):
 PSYoungGen      total 6656K, used 6491K [0x00000000eab00000, 0x00000000eb500000, 0x0000000100000000)
  eden space 3584K, 99% used [0x00000000eab00000,0x00000000eae7ffe0,0x00000000eae80000)
  from space 3072K, 94% used [0x00000000eb200000,0x00000000eb4d6de8,0x00000000eb500000)
  to   space 3072K, 0% used [0x00000000eaf00000,0x00000000eaf00000,0x00000000eb200000)
 ParOldGen       total 75776K, used 70155K [0x00000000c0000000, 0x00000000c4a00000, 0x00000000eab00000)
  object space 75776K, 92% used [0x00000000c0000000,0x00000000c4482d40,0x00000000c4a00000)
 Metaspace       used 69079K, committed 70080K, reserved 1114112K
  class space    used 7222K, committed 7616K, reserved 1048576K
}
Event: 64.139 GC heap after
{Heap after GC invocations=110 (full 6):
 PSYoungGen      total 6656K, used 2746K [0x00000000eab00000, 0x00000000eb480000, 0x0000000100000000)
  eden space 3584K, 0% used [0x00000000eab00000,0x00000000eab00000,0x00000000eae80000)
  from space 3072K, 89% used [0x00000000eaf00000,0x00000000eb1aeb00,0x00000000eb200000)
  to   space 2560K, 0% used [0x00000000eb200000,0x00000000eb200000,0x00000000eb480000)
 ParOldGen       total 75776K, used 70155K [0x00000000c0000000, 0x00000000c4a00000, 0x00000000eab00000)
  object space 75776K, 92% used [0x00000000c0000000,0x00000000c4482d40,0x00000000c4a00000)
 Metaspace       used 69079K, committed 70080K, reserved 1114112K
  class space    used 7222K, committed 7616K, reserved 1048576K
}
Event: 64.252 GC heap before
{Heap before GC invocations=111 (full 6):
 PSYoungGen      total 6656K, used 6330K [0x00000000eab00000, 0x00000000eb480000, 0x0000000100000000)
  eden space 3584K, 99% used [0x00000000eab00000,0x00000000eae7ffe8,0x00000000eae80000)
  from space 3072K, 89% used [0x00000000eaf00000,0x00000000eb1aeb00,0x00000000eb200000)
  to   space 2560K, 0% used [0x00000000eb200000,0x00000000eb200000,0x00000000eb480000)
 ParOldGen       total 75776K, used 70155K [0x00000000c0000000, 0x00000000c4a00000, 0x00000000eab00000)
  object space 75776K, 92% used [0x00000000c0000000,0x00000000c4482d40,0x00000000c4a00000)
 Metaspace       used 69094K, committed 70080K, reserved 1114112K
  class space    used 7222K, committed 7616K, reserved 1048576K
}
Event: 64.254 GC heap after
{Heap after GC invocations=111 (full 6):
 PSYoungGen      total 6144K, used 2554K [0x00000000eab00000, 0x00000000eb480000, 0x0000000100000000)
  eden space 3584K, 0% used [0x00000000eab00000,0x00000000eab00000,0x00000000eae80000)
  from space 2560K, 99% used [0x00000000eb200000,0x00000000eb47eb00,0x00000000eb480000)
  to   space 3072K, 0% used [0x00000000eae80000,0x00000000eae80000,0x00000000eb180000)
 ParOldGen       total 75776K, used 70363K [0x00000000c0000000, 0x00000000c4a00000, 0x00000000eab00000)
  object space 75776K, 92% used [0x00000000c0000000,0x00000000c44b6d40,0x00000000c4a00000)
 Metaspace       used 69094K, committed 70080K, reserved 1114112K
  class space    used 7222K, committed 7616K, reserved 1048576K
}
Event: 64.491 GC heap before
{Heap before GC invocations=112 (full 6):
 PSYoungGen      total 6144K, used 6138K [0x00000000eab00000, 0x00000000eb480000, 0x0000000100000000)
  eden space 3584K, 100% used [0x00000000eab00000,0x00000000eae80000,0x00000000eae80000)
  from space 2560K, 99% used [0x00000000eb200000,0x00000000eb47eb00,0x00000000eb480000)
  to   space 3072K, 0% used [0x00000000eae80000,0x00000000eae80000,0x00000000eb180000)
 ParOldGen       total 75776K, used 70363K [0x00000000c0000000, 0x00000000c4a00000, 0x00000000eab00000)
  object space 75776K, 92% used [0x00000000c0000000,0x00000000c44b6d40,0x00000000c4a00000)
 Metaspace       used 69109K, committed 70080K, reserved 1114112K
  class space    used 7222K, committed 7616K, reserved 1048576K
}
Event: 64.494 GC heap after
{Heap after GC invocations=112 (full 6):
 PSYoungGen      total 6656K, used 3055K [0x00000000eab00000, 0x00000000eb580000, 0x0000000100000000)
  eden space 3584K, 0% used [0x00000000eab00000,0x00000000eab00000,0x00000000eae80000)
  from space 3072K, 99% used [0x00000000eae80000,0x00000000eb17bd48,0x00000000eb180000)
  to   space 3584K, 0% used [0x00000000eb200000,0x00000000eb200000,0x00000000eb580000)
 ParOldGen       total 75776K, used 70515K [0x00000000c0000000, 0x00000000c4a00000, 0x00000000eab00000)
  object space 75776K, 93% used [0x00000000c0000000,0x00000000c44dcd60,0x00000000c4a00000)
 Metaspace       used 69109K, committed 70080K, reserved 1114112K
  class space    used 7222K, committed 7616K, reserved 1048576K
}
Event: 64.539 GC heap before
{Heap before GC invocations=113 (full 6):
 PSYoungGen      total 6656K, used 6639K [0x00000000eab00000, 0x00000000eb580000, 0x0000000100000000)
  eden space 3584K, 100% used [0x00000000eab00000,0x00000000eae80000,0x00000000eae80000)
  from space 3072K, 99% used [0x00000000eae80000,0x00000000eb17bd48,0x00000000eb180000)
  to   space 3584K, 0% used [0x00000000eb200000,0x00000000eb200000,0x00000000eb580000)
 ParOldGen       total 75776K, used 70515K [0x00000000c0000000, 0x00000000c4a00000, 0x00000000eab00000)
  object space 75776K, 93% used [0x00000000c0000000,0x00000000c44dcd60,0x00000000c4a00000)
 Metaspace       used 69118K, committed 70144K, reserved 1114112K
  class space    used 7222K, committed 7616K, reserved 1048576K
}
Event: 64.544 GC heap after
{Heap after GC invocations=113 (full 6):
 PSYoungGen      total 6144K, used 3578K [0x00000000eab00000, 0x00000000eb780000, 0x0000000100000000)
  eden space 2560K, 0% used [0x00000000eab00000,0x00000000eab00000,0x00000000ead80000)
  from space 3584K, 99% used [0x00000000eb200000,0x00000000eb57eb10,0x00000000eb580000)
  to   space 4608K, 0% used [0x00000000ead80000,0x00000000ead80000,0x00000000eb200000)
 ParOldGen       total 75776K, used 71294K [0x00000000c0000000, 0x00000000c4a00000, 0x00000000eab00000)
  object space 75776K, 94% used [0x00000000c0000000,0x00000000c459fbb8,0x00000000c4a00000)
 Metaspace       used 69118K, committed 70144K, reserved 1114112K
  class space    used 7222K, committed 7616K, reserved 1048576K
}
Event: 64.659 GC heap before
{Heap before GC invocations=114 (full 6):
 PSYoungGen      total 6144K, used 6138K [0x00000000eab00000, 0x00000000eb780000, 0x0000000100000000)
  eden space 2560K, 99% used [0x00000000eab00000,0x00000000ead7ffd8,0x00000000ead80000)
  from space 3584K, 99% used [0x00000000eb200000,0x00000000eb57eb10,0x00000000eb580000)
  to   space 4608K, 0% used [0x00000000ead80000,0x00000000ead80000,0x00000000eb200000)
 ParOldGen       total 75776K, used 71294K [0x00000000c0000000, 0x00000000c4a00000, 0x00000000eab00000)
  object space 75776K, 94% used [0x00000000c0000000,0x00000000c459fbb8,0x00000000c4a00000)
 Metaspace       used 69145K, committed 70208K, reserved 1114112K
  class space    used 7222K, committed 7616K, reserved 1048576K
}

Dll operation events (10 events):
Event: 0.019 Loaded shared library c:\Users\vinyl\.vscode\extensions\redhat.java-1.18.0-win32-x64\jre\17.0.7-win32-x86_64\bin\java.dll
Event: 0.319 Loaded shared library c:\Users\vinyl\.vscode\extensions\redhat.java-1.18.0-win32-x64\jre\17.0.7-win32-x86_64\bin\zip.dll
Event: 0.324 Loaded shared library C:\Users\vinyl\.vscode\extensions\redhat.java-1.18.0-win32-x64\jre\17.0.7-win32-x86_64\bin\instrument.dll
Event: 0.348 Loaded shared library C:\Users\vinyl\.vscode\extensions\redhat.java-1.18.0-win32-x64\jre\17.0.7-win32-x86_64\bin\net.dll
Event: 0.352 Loaded shared library C:\Users\vinyl\.vscode\extensions\redhat.java-1.18.0-win32-x64\jre\17.0.7-win32-x86_64\bin\nio.dll
Event: 0.364 Loaded shared library C:\Users\vinyl\.vscode\extensions\redhat.java-1.18.0-win32-x64\jre\17.0.7-win32-x86_64\bin\zip.dll
Event: 0.394 Loaded shared library C:\Users\vinyl\.vscode\extensions\redhat.java-1.18.0-win32-x64\jre\17.0.7-win32-x86_64\bin\jimage.dll
Event: 0.503 Loaded shared library c:\Users\vinyl\.vscode\extensions\redhat.java-1.18.0-win32-x64\jre\17.0.7-win32-x86_64\bin\verify.dll
Event: 2.389 Loaded shared library C:\Users\vinyl\AppData\Roaming\Code\User\globalStorage\redhat.java\1.18.0\config_win\org.eclipse.equinox.launcher\org.eclipse.equinox.launcher.win32.win32.x86_64_1.2.700.v20221108-1024\eclipse_11801.dll
Event: 5.597 Loaded shared library C:\Users\vinyl\AppData\Local\Temp\jna-112213102\jna5537062679864361435.dll

Deoptimization events (20 events):
Event: 64.481 Thread 0x00000255edc74830 Uncommon trap: trap_request=0xffffff45 fr.pc=0x00000255d81e3214 relative=0x0000000000002654
Event: 64.481 Thread 0x00000255edc74830 Uncommon trap: reason=unstable_if action=reinterpret pc=0x00000255d81e3214 method=org.eclipse.jdt.internal.compiler.parser.diagnose.DiagnoseParser.diagnoseParse(Z)V @ 1043 c2
Event: 64.481 Thread 0x00000255edc74830 DEOPT PACKING pc=0x00000255d81e3214 sp=0x0000007aaddfe030
Event: 64.481 Thread 0x00000255edc74830 DEOPT UNPACKING pc=0x00000255d7a166a3 sp=0x0000007aaddfdfd8 mode 2
Event: 64.483 Thread 0x00000255edc74830 DEOPT PACKING pc=0x00000255d11436fc sp=0x0000007aaddfdd90
Event: 64.483 Thread 0x00000255edc74830 DEOPT UNPACKING pc=0x00000255d7a16e43 sp=0x0000007aaddfd2c0 mode 0
Event: 64.507 Thread 0x00000255edc74830 Uncommon trap: trap_request=0xffffffd6 fr.pc=0x00000255d831e9f0 relative=0x00000000000004d0
Event: 64.507 Thread 0x00000255edc74830 Uncommon trap: reason=array_check action=maybe_recompile pc=0x00000255d831e9f0 method=java.util.TimSort.binarySort([Ljava/lang/Object;IIILjava/util/Comparator;)V @ 215 c2
Event: 64.507 Thread 0x00000255edc74830 DEOPT PACKING pc=0x00000255d831e9f0 sp=0x0000007aaddfdc90
Event: 64.507 Thread 0x00000255edc74830 DEOPT UNPACKING pc=0x00000255d7a166a3 sp=0x0000007aaddfdc28 mode 2
Event: 64.508 Thread 0x00000255edc74830 Uncommon trap: trap_request=0xffffffd6 fr.pc=0x00000255d831e9f0 relative=0x00000000000004d0
Event: 64.508 Thread 0x00000255edc74830 Uncommon trap: reason=array_check action=maybe_recompile pc=0x00000255d831e9f0 method=java.util.TimSort.binarySort([Ljava/lang/Object;IIILjava/util/Comparator;)V @ 215 c2
Event: 64.508 Thread 0x00000255edc74830 DEOPT PACKING pc=0x00000255d831e9f0 sp=0x0000007aaddfdb20
Event: 64.508 Thread 0x00000255edc74830 DEOPT UNPACKING pc=0x00000255d7a166a3 sp=0x0000007aaddfdab8 mode 2
Event: 64.508 Thread 0x00000255edc74830 DEOPT PACKING pc=0x00000255d154065f sp=0x0000007aaddfd830
Event: 64.508 Thread 0x00000255edc74830 DEOPT UNPACKING pc=0x00000255d7a16e43 sp=0x0000007aaddfcd20 mode 0
Event: 64.514 Thread 0x00000255edc74830 DEOPT PACKING pc=0x00000255d1306dbf sp=0x0000007aaddfcf10
Event: 64.514 Thread 0x00000255edc74830 DEOPT UNPACKING pc=0x00000255d7a16e43 sp=0x0000007aaddfc3c8 mode 0
Event: 64.655 Thread 0x00000255e887b710 DEOPT PACKING pc=0x00000255d11436d1 sp=0x0000007aacefec90
Event: 64.655 Thread 0x00000255e887b710 DEOPT UNPACKING pc=0x00000255d7a16e43 sp=0x0000007aacefe1c8 mode 0

Classes unloaded (17 events):
Event: 3.533 Thread 0x00000255cd8c4ca0 Unloading class 0x0000000100216400 'java/lang/invoke/LambdaForm$MH+0x0000000100216400'
Event: 3.533 Thread 0x00000255cd8c4ca0 Unloading class 0x0000000100216000 'java/lang/invoke/LambdaForm$MH+0x0000000100216000'
Event: 3.533 Thread 0x00000255cd8c4ca0 Unloading class 0x0000000100215c00 'java/lang/invoke/LambdaForm$MH+0x0000000100215c00'
Event: 3.533 Thread 0x00000255cd8c4ca0 Unloading class 0x0000000100215800 'java/lang/invoke/LambdaForm$MH+0x0000000100215800'
Event: 3.533 Thread 0x00000255cd8c4ca0 Unloading class 0x0000000100215000 'java/lang/invoke/LambdaForm$BMH+0x0000000100215000'
Event: 3.533 Thread 0x00000255cd8c4ca0 Unloading class 0x0000000100214c00 'java/lang/invoke/LambdaForm$DMH+0x0000000100214c00'
Event: 3.533 Thread 0x00000255cd8c4ca0 Unloading class 0x0000000100212000 'java/lang/invoke/LambdaForm$DMH+0x0000000100212000'
Event: 14.408 Thread 0x00000255cd8c4ca0 Unloading class 0x00000001006be000 'java/lang/invoke/LambdaForm$DMH+0x00000001006be000'
Event: 14.408 Thread 0x00000255cd8c4ca0 Unloading class 0x00000001006bd800 'java/lang/invoke/LambdaForm$DMH+0x00000001006bd800'
Event: 14.408 Thread 0x00000255cd8c4ca0 Unloading class 0x00000001006bd400 'java/lang/invoke/LambdaForm$DMH+0x00000001006bd400'
Event: 14.408 Thread 0x00000255cd8c4ca0 Unloading class 0x00000001006bdc00 'java/lang/invoke/LambdaForm$DMH+0x00000001006bdc00'
Event: 14.408 Thread 0x00000255cd8c4ca0 Unloading class 0x00000001006bcc00 'java/lang/invoke/LambdaForm$DMH+0x00000001006bcc00'
Event: 14.408 Thread 0x00000255cd8c4ca0 Unloading class 0x00000001006bc800 'java/lang/invoke/LambdaForm$DMH+0x00000001006bc800'
Event: 14.408 Thread 0x00000255cd8c4ca0 Unloading class 0x00000001006bc400 'java/lang/invoke/LambdaForm$DMH+0x00000001006bc400'
Event: 17.900 Thread 0x00000255cd8c4ca0 Unloading class 0x00000001006bd400 'java/lang/invoke/LambdaForm$DMH+0x00000001006bd400'
Event: 17.900 Thread 0x00000255cd8c4ca0 Unloading class 0x00000001006be000 'java/lang/invoke/LambdaForm$DMH+0x00000001006be000'
Event: 17.900 Thread 0x00000255cd8c4ca0 Unloading class 0x00000001006be800 'java/lang/invoke/LambdaForm$DMH+0x00000001006be800'

Classes redefined (0 events):
No events

Internal exceptions (20 events):
Event: 14.580 Thread 0x00000255e887a8a0 Implicit null exception at 0x00000255d826921b to 0x00000255d826936c
Event: 14.580 Thread 0x00000255edc74360 Implicit null exception at 0x00000255d826921b to 0x00000255d826936c
Event: 14.580 Thread 0x00000255edc739c0 Implicit null exception at 0x00000255d826921b to 0x00000255d826936c
Event: 14.680 Thread 0x00000255edc73e90 Exception <a 'java/io/FileNotFoundException'{0x00000000eb570910}> (0x00000000eb570910) 
thrown [s\src\hotspot\share\prims\jni.cpp, line 516]
Event: 14.782 Thread 0x00000255edc739c0 Exception <a 'java/lang/LinkageError'{0x00000000eb8265a0}: loader lombok.launch.ShadowClassLoader @1324b826 attempted duplicate class definition for lombok.launch.PatchFixesHider$Delegate. (lombok.launch.PatchFixesHider$Delegate is in unnamed module of loader lombok.launch.ShadowClassLoader @1324b826, parent loader org.eclipse.osgi.internal.loader.EquinoxClassLoader @142dd734)> (0x00000000eb8265a0) 
thrown [s\src\hotspot\share\classfile\systemDictionary.cpp, line 1724]
Event: 14.784 Thread 0x00000255edc74360 Exception <a 'java/lang/LinkageError'{0x00000000ebbd04a0}: loader lombok.launch.ShadowClassLoader @1324b826 attempted duplicate class definition for lombok.launch.PatchFixesHider$Delegate. (lombok.launch.PatchFixesHider$Delegate is in unnamed module of loader lombok.launch.ShadowClassLoader @1324b826, parent loader org.eclipse.osgi.internal.loader.EquinoxClassLoader @142dd734)> (0x00000000ebbd04a0) 
thrown [s\src\hotspot\share\classfile\systemDictionary.cpp, line 1724]
Event: 14.788 Thread 0x00000255edc73e90 Exception <a 'java/lang/LinkageError'{0x00000000ebc20a90}: loader lombok.launch.ShadowClassLoader @1324b826 attempted duplicate class definition for lombok.launch.PatchFixesHider$Delegate. (lombok.launch.PatchFixesHider$Delegate is in unnamed module of loader lombok.launch.ShadowClassLoader @1324b826, parent loader org.eclipse.osgi.internal.loader.EquinoxClassLoader @142dd734)> (0x00000000ebc20a90) 
thrown [s\src\hotspot\share\classfile\systemDictionary.cpp, line 1724]
Event: 14.792 Thread 0x00000255e887a8a0 Exception <a 'java/lang/LinkageError'{0x00000000ebb17480}: loader lombok.launch.ShadowClassLoader @1324b826 attempted duplicate class definition for lombok.launch.PatchFixesHider$Delegate. (lombok.launch.PatchFixesHider$Delegate is in unnamed module of loader lombok.launch.ShadowClassLoader @1324b826, parent loader org.eclipse.osgi.internal.loader.EquinoxClassLoader @142dd734)> (0x00000000ebb17480) 
thrown [s\src\hotspot\share\classfile\systemDictionary.cpp, line 1724]
Event: 14.997 Thread 0x00000255e887a3d0 Exception <a 'java/io/FileNotFoundException'{0x00000000eb1b27b0}> (0x00000000eb1b27b0) 
thrown [s\src\hotspot\share\prims\jni.cpp, line 516]
Event: 15.320 Thread 0x00000255e887ca50 Exception <a 'java/io/FileNotFoundException'{0x00000000eb574a70}> (0x00000000eb574a70) 
thrown [s\src\hotspot\share\prims\jni.cpp, line 516]
Event: 15.320 Thread 0x00000255e887ca50 Exception <a 'java/io/FileNotFoundException'{0x00000000eb576000}> (0x00000000eb576000) 
thrown [s\src\hotspot\share\prims\jni.cpp, line 516]
Event: 16.257 Thread 0x00000255edc739c0 Exception <a 'java/lang/ArrayIndexOutOfBoundsException'{0x00000000eb8bcbc8}> (0x00000000eb8bcbc8) 
thrown [s\src\hotspot\share\runtime\sharedRuntime.cpp, line 628]
Event: 16.264 Thread 0x00000255e887a8a0 Exception <a 'java/lang/ArrayIndexOutOfBoundsException'{0x00000000eb956c70}> (0x00000000eb956c70) 
thrown [s\src\hotspot\share\runtime\sharedRuntime.cpp, line 628]
Event: 18.087 Thread 0x00000255e887ca50 Exception <a 'java/lang/NoSuchMethodError'{0x00000000eb293b28}: 'java.lang.Object java.lang.invoke.DirectMethodHandle$Holder.newInvokeSpecial(java.lang.Object, java.lang.Object, java.lang.Object, int)'> (0x00000000eb293b28) 
thrown [s\src\hotspot\share\interpreter\linkResolver.cpp, line 759]
Event: 18.088 Thread 0x00000255e887ca50 Exception <a 'java/lang/NoSuchMethodError'{0x00000000eb297c30}: 'java.lang.Object java.lang.invoke.DirectMethodHandle$Holder.invokeSpecial(java.lang.Object, java.lang.Object, java.lang.Object, java.lang.Object, int)'> (0x00000000eb297c30) 
thrown [s\src\hotspot\share\interpreter\linkResolver.cpp, line 759]
Event: 18.090 Thread 0x00000255e887ca50 Exception <a 'java/lang/NoSuchMethodError'{0x00000000eb3088b0}: 'java.lang.Object java.lang.invoke.Invokers$Holder.linkToTargetMethod(java.lang.Object, java.lang.Object, int, java.lang.Object)'> (0x00000000eb3088b0) 
thrown [s\src\hotspot\share\interpreter\linkResolver.cpp, line 759]
Event: 19.406 Thread 0x00000255edc74360 Implicit null exception at 0x00000255d8370c99 to 0x00000255d8371b3c
Event: 20.846 Thread 0x00000255edc77380 Exception <a 'java/lang/NoSuchMethodError'{0x00000000ead824a0}: 'int java.lang.invoke.DirectMethodHandle$Holder.invokeSpecialIFC(java.lang.Object, java.lang.Object, java.lang.Object, java.lang.Object)'> (0x00000000ead824a0) 
thrown [s\src\hotspot\share\interpreter\linkResolver.cpp, line 759]
Event: 21.224 Thread 0x00000255edc74830 Exception <a 'java/lang/NoSuchMethodError'{0x00000000eab813d8}: 'java.lang.Object java.lang.invoke.DirectMethodHandle$Holder.invokeStatic(java.lang.Object, int, java.lang.Object, java.lang.Object, java.lang.Object, java.lang.Object)'> (0x00000000eab813d8) 
thrown [s\src\hotspot\share\interpreter\linkResolver.cpp, line 759]
Event: 62.691 Thread 0x00000255edc74830 Implicit null exception at 0x00000255d82b8253 to 0x00000255d82b83a4

VM Operations (20 events):
Event: 63.185 Executing VM operation: ParallelGCFailedAllocation done
Event: 63.473 Executing VM operation: ParallelGCFailedAllocation
Event: 63.476 Executing VM operation: ParallelGCFailedAllocation done
Event: 63.641 Executing VM operation: HandshakeAllThreads
Event: 63.641 Executing VM operation: HandshakeAllThreads done
Event: 63.692 Executing VM operation: ParallelGCFailedAllocation
Event: 63.694 Executing VM operation: ParallelGCFailedAllocation done
Event: 63.731 Executing VM operation: ParallelGCFailedAllocation
Event: 63.736 Executing VM operation: ParallelGCFailedAllocation done
Event: 63.869 Executing VM operation: ParallelGCFailedAllocation
Event: 63.873 Executing VM operation: ParallelGCFailedAllocation done
Event: 64.135 Executing VM operation: ParallelGCFailedAllocation
Event: 64.139 Executing VM operation: ParallelGCFailedAllocation done
Event: 64.251 Executing VM operation: ParallelGCFailedAllocation
Event: 64.254 Executing VM operation: ParallelGCFailedAllocation done
Event: 64.491 Executing VM operation: ParallelGCFailedAllocation
Event: 64.494 Executing VM operation: ParallelGCFailedAllocation done
Event: 64.539 Executing VM operation: ParallelGCFailedAllocation
Event: 64.544 Executing VM operation: ParallelGCFailedAllocation done
Event: 64.659 Executing VM operation: ParallelGCFailedAllocation

Events (20 events):
Event: 63.661 Thread 0x00000255cd8cdfb0 flushing nmethod 0x00000255d14b7390
Event: 63.661 Thread 0x00000255cd8cdfb0 flushing nmethod 0x00000255d14b8510
Event: 63.661 Thread 0x00000255cd8cdfb0 flushing nmethod 0x00000255d14b8a10
Event: 63.661 Thread 0x00000255cd8cdfb0 flushing nmethod 0x00000255d14bb510
Event: 63.661 Thread 0x00000255cd8cdfb0 flushing nmethod 0x00000255d14c0c10
Event: 63.661 Thread 0x00000255cd8cdfb0 flushing nmethod 0x00000255d14ca690
Event: 63.661 Thread 0x00000255cd8cdfb0 flushing nmethod 0x00000255d14d5d90
Event: 63.661 Thread 0x00000255cd8cdfb0 flushing nmethod 0x00000255d14ec210
Event: 63.661 Thread 0x00000255cd8cdfb0 flushing nmethod 0x00000255d14ed610
Event: 63.662 Thread 0x00000255cd8cdfb0 flushing nmethod 0x00000255d1509810
Event: 63.662 Thread 0x00000255cd8cdfb0 flushing nmethod 0x00000255d150a610
Event: 63.662 Thread 0x00000255cd8cdfb0 flushing nmethod 0x00000255d1525590
Event: 63.662 Thread 0x00000255cd8cdfb0 flushing nmethod 0x00000255d1525910
Event: 63.662 Thread 0x00000255cd8cdfb0 flushing nmethod 0x00000255d1538e90
Event: 63.662 Thread 0x00000255cd8cdfb0 flushing nmethod 0x00000255d1551390
Event: 63.662 Thread 0x00000255cd8cdfb0 flushing nmethod 0x00000255d1551790
Event: 63.662 Thread 0x00000255cd8cdfb0 flushing nmethod 0x00000255d157d810
Event: 63.662 Thread 0x00000255cd8cdfb0 flushing nmethod 0x00000255d158aa10
Event: 63.662 Thread 0x00000255cd8cdfb0 flushing nmethod 0x00000255d15b1610
Event: 63.662 Thread 0x00000255cd8cdfb0 flushing nmethod 0x00000255d15c3b10


Dynamic libraries:
0x00007ff714350000 - 0x00007ff71435e000 	c:\Users\vinyl\.vscode\extensions\redhat.java-1.18.0-win32-x64\jre\17.0.7-win32-x86_64\bin\java.exe
0x00007ffdc3630000 - 0x00007ffdc3844000 	C:\WINDOWS\SYSTEM32\ntdll.dll
0x00007ffdc2540000 - 0x00007ffdc2602000 	C:\WINDOWS\System32\KERNEL32.DLL
0x00007ffdc0b60000 - 0x00007ffdc0f03000 	C:\WINDOWS\System32\KERNELBASE.dll
0x00007ffdc0f10000 - 0x00007ffdc1021000 	C:\WINDOWS\System32\ucrtbase.dll
0x00007ffdbd360000 - 0x00007ffdbd377000 	c:\Users\vinyl\.vscode\extensions\redhat.java-1.18.0-win32-x64\jre\17.0.7-win32-x86_64\bin\jli.dll
0x00007ffdbceb0000 - 0x00007ffdbcec9000 	c:\Users\vinyl\.vscode\extensions\redhat.java-1.18.0-win32-x64\jre\17.0.7-win32-x86_64\bin\VCRUNTIME140.dll
0x00007ffdc27d0000 - 0x00007ffdc297b000 	C:\WINDOWS\System32\USER32.dll
0x00007ffdc1380000 - 0x00007ffdc13a6000 	C:\WINDOWS\System32\win32u.dll
0x00007ffdc2500000 - 0x00007ffdc2529000 	C:\WINDOWS\System32\GDI32.dll
0x00007ffda4400000 - 0x00007ffda468e000 	C:\WINDOWS\WinSxS\amd64_microsoft.windows.common-controls_6595b64144ccf1df_6.0.22621.1635_none_270f70857386168e\COMCTL32.dll
0x00007ffdc1260000 - 0x00007ffdc1378000 	C:\WINDOWS\System32\gdi32full.dll
0x00007ffdc0a50000 - 0x00007ffdc0aea000 	C:\WINDOWS\System32\msvcp_win.dll
0x00007ffdc17f0000 - 0x00007ffdc1897000 	C:\WINDOWS\System32\msvcrt.dll
0x00007ffdc1430000 - 0x00007ffdc1461000 	C:\WINDOWS\System32\IMM32.DLL
0x00007ffdbd350000 - 0x00007ffdbd35c000 	c:\Users\vinyl\.vscode\extensions\redhat.java-1.18.0-win32-x64\jre\17.0.7-win32-x86_64\bin\vcruntime140_1.dll
0x00007ffda77f0000 - 0x00007ffda7881000 	c:\Users\vinyl\.vscode\extensions\redhat.java-1.18.0-win32-x64\jre\17.0.7-win32-x86_64\bin\msvcp140.dll
0x00007ffd6fd90000 - 0x00007ffd709d8000 	c:\Users\vinyl\.vscode\extensions\redhat.java-1.18.0-win32-x64\jre\17.0.7-win32-x86_64\bin\server\jvm.dll
0x00007ffdc2b80000 - 0x00007ffdc2c2e000 	C:\WINDOWS\System32\ADVAPI32.dll
0x00007ffdc1ec0000 - 0x00007ffdc1f64000 	C:\WINDOWS\System32\sechost.dll
0x00007ffdc2610000 - 0x00007ffdc2727000 	C:\WINDOWS\System32\RPCRT4.dll
0x00007ffdbcdd0000 - 0x00007ffdbcdd9000 	C:\WINDOWS\SYSTEM32\WSOCK32.dll
0x00007ffdb8070000 - 0x00007ffdb80a4000 	C:\WINDOWS\SYSTEM32\WINMM.dll
0x00007ffdc2750000 - 0x00007ffdc27c1000 	C:\WINDOWS\System32\WS2_32.dll
0x00007ffdb80d0000 - 0x00007ffdb80da000 	C:\WINDOWS\SYSTEM32\VERSION.dll
0x00007ffdbfa60000 - 0x00007ffdbfa78000 	C:\WINDOWS\SYSTEM32\kernel.appcore.dll
0x00007ffdbd330000 - 0x00007ffdbd33a000 	c:\Users\vinyl\.vscode\extensions\redhat.java-1.18.0-win32-x64\jre\17.0.7-win32-x86_64\bin\jimage.dll
0x00007ffdbe670000 - 0x00007ffdbe89e000 	C:\WINDOWS\SYSTEM32\DBGHELP.DLL
0x00007ffdc1f70000 - 0x00007ffdc22f9000 	C:\WINDOWS\System32\combase.dll
0x00007ffdc2980000 - 0x00007ffdc2a57000 	C:\WINDOWS\System32\OLEAUT32.dll
0x00007ffda9760000 - 0x00007ffda9792000 	C:\WINDOWS\SYSTEM32\dbgcore.DLL
0x00007ffdc13b0000 - 0x00007ffdc142b000 	C:\WINDOWS\System32\bcryptPrimitives.dll
0x00007ffdbd2c0000 - 0x00007ffdbd2ce000 	c:\Users\vinyl\.vscode\extensions\redhat.java-1.18.0-win32-x64\jre\17.0.7-win32-x86_64\bin\instrument.dll
0x00007ffda77c0000 - 0x00007ffda77e5000 	c:\Users\vinyl\.vscode\extensions\redhat.java-1.18.0-win32-x64\jre\17.0.7-win32-x86_64\bin\java.dll
0x00007ffdb0ab0000 - 0x00007ffdb0ac8000 	c:\Users\vinyl\.vscode\extensions\redhat.java-1.18.0-win32-x64\jre\17.0.7-win32-x86_64\bin\zip.dll
0x00007ffdc2c30000 - 0x00007ffdc342a000 	C:\WINDOWS\System32\SHELL32.dll
0x00007ffdbea00000 - 0x00007ffdbf2ce000 	C:\WINDOWS\SYSTEM32\windows.storage.dll
0x00007ffdbe8b0000 - 0x00007ffdbe9ee000 	C:\WINDOWS\SYSTEM32\wintypes.dll
0x00007ffdc16a0000 - 0x00007ffdc1791000 	C:\WINDOWS\System32\SHCORE.dll
0x00007ffdc18c0000 - 0x00007ffdc191e000 	C:\WINDOWS\System32\shlwapi.dll
0x00007ffdc0980000 - 0x00007ffdc09a1000 	C:\WINDOWS\SYSTEM32\profapi.dll
0x00007ffdbce90000 - 0x00007ffdbcea9000 	C:\Users\vinyl\.vscode\extensions\redhat.java-1.18.0-win32-x64\jre\17.0.7-win32-x86_64\bin\net.dll
0x00007ffdb8be0000 - 0x00007ffdb8d17000 	C:\WINDOWS\SYSTEM32\WINHTTP.dll
0x00007ffdbfec0000 - 0x00007ffdbff29000 	C:\WINDOWS\system32\mswsock.dll
0x00007ffdb3500000 - 0x00007ffdb3515000 	C:\Users\vinyl\.vscode\extensions\redhat.java-1.18.0-win32-x64\jre\17.0.7-win32-x86_64\bin\nio.dll
0x00007ffdbce80000 - 0x00007ffdbce90000 	c:\Users\vinyl\.vscode\extensions\redhat.java-1.18.0-win32-x64\jre\17.0.7-win32-x86_64\bin\verify.dll
0x00007ffda32e0000 - 0x00007ffda331e000 	C:\Users\vinyl\AppData\Roaming\Code\User\globalStorage\redhat.java\1.18.0\config_win\org.eclipse.equinox.launcher\org.eclipse.equinox.launcher.win32.win32.x86_64_1.2.700.v20221108-1024\eclipse_11801.dll
0x00007ffdc1470000 - 0x00007ffdc160c000 	C:\WINDOWS\System32\ole32.dll
0x00007ffdc0340000 - 0x00007ffdc035b000 	C:\WINDOWS\SYSTEM32\CRYPTSP.dll
0x00007ffdbf9d0000 - 0x00007ffdbfa05000 	C:\WINDOWS\system32\rsaenh.dll
0x00007ffdbff60000 - 0x00007ffdbff88000 	C:\WINDOWS\SYSTEM32\USERENV.dll
0x00007ffdc0380000 - 0x00007ffdc03a8000 	C:\WINDOWS\SYSTEM32\bcrypt.dll
0x00007ffdc00c0000 - 0x00007ffdc00cc000 	C:\WINDOWS\SYSTEM32\CRYPTBASE.dll
0x00007ffdbf530000 - 0x00007ffdbf55d000 	C:\WINDOWS\SYSTEM32\IPHLPAPI.DLL
0x00007ffdc2730000 - 0x00007ffdc2739000 	C:\WINDOWS\System32\NSI.dll
0x00007ffdb8740000 - 0x00007ffdb8759000 	C:\WINDOWS\SYSTEM32\dhcpcsvc6.DLL
0x00007ffdb8720000 - 0x00007ffdb873f000 	C:\WINDOWS\SYSTEM32\dhcpcsvc.DLL
0x00007ffdbf5a0000 - 0x00007ffdbf693000 	C:\WINDOWS\SYSTEM32\DNSAPI.dll
0x00007ffd6f3b0000 - 0x00007ffd6f3f5000 	C:\Users\vinyl\AppData\Local\Temp\jna-112213102\jna5537062679864361435.dll
0x00007ffdc2740000 - 0x00007ffdc2748000 	C:\WINDOWS\System32\PSAPI.DLL

dbghelp: loaded successfully - version: 4.0.5 - missing functions: none
symbol engine: initialized successfully - sym options: 0x614 - pdb path: .;c:\Users\vinyl\.vscode\extensions\redhat.java-1.18.0-win32-x64\jre\17.0.7-win32-x86_64\bin;C:\WINDOWS\SYSTEM32;C:\WINDOWS\WinSxS\amd64_microsoft.windows.common-controls_6595b64144ccf1df_6.0.22621.1635_none_270f70857386168e;c:\Users\vinyl\.vscode\extensions\redhat.java-1.18.0-win32-x64\jre\17.0.7-win32-x86_64\bin\server;C:\Users\vinyl\AppData\Roaming\Code\User\globalStorage\redhat.java\1.18.0\config_win\org.eclipse.equinox.launcher\org.eclipse.equinox.launcher.win32.win32.x86_64_1.2.700.v20221108-1024;C:\Users\vinyl\AppData\Local\Temp\jna-112213102

VM Arguments:
jvm_args: --add-modules=ALL-SYSTEM --add-opens=java.base/java.util=ALL-UNNAMED --add-opens=java.base/java.lang=ALL-UNNAMED --add-opens=java.base/sun.nio.fs=ALL-UNNAMED -Declipse.application=org.eclipse.jdt.ls.core.id1 -Dosgi.bundles.defaultStartLevel=4 -Declipse.product=org.eclipse.jdt.ls.core.product -Djava.import.generatesMetadataFilesAtProjectRoot=false -Dfile.encoding=utf8 -XX:+UseParallelGC -XX:GCTimeRatio=4 -XX:AdaptiveSizePolicyWeight=90 -Dsun.zip.disableMemoryMapping=true -Xmx1G -Xms100m -Xlog:disable -javaagent:c:\Users\vinyl\.vscode\extensions\redhat.java-1.18.0-win32-x64\lombok\lombok-1.18.27.jar -XX:+HeapDumpOnOutOfMemoryError -XX:HeapDumpPath=c:\Users\vinyl\AppData\Roaming\Code\User\workspaceStorage\cf325b8df748eba499f6fbcf85c42d1c\redhat.java -Daether.dependencyCollector.impl=bf 
java_command: c:\Users\vinyl\.vscode\extensions\redhat.java-1.18.0-win32-x64\server\plugins\org.eclipse.equinox.launcher_1.6.400.v20210924-0641.jar -configuration c:\Users\vinyl\AppData\Roaming\Code\User\globalStorage\redhat.java\1.18.0\config_win -data c:\Users\vinyl\AppData\Roaming\Code\User\workspaceStorage\cf325b8df748eba499f6fbcf85c42d1c\redhat.java\jdt_ws
java_class_path (initial): c:\Users\vinyl\.vscode\extensions\redhat.java-1.18.0-win32-x64\server\plugins\org.eclipse.equinox.launcher_1.6.400.v20210924-0641.jar
Launcher Type: SUN_STANDARD

[Global flags]
    uintx AdaptiveSizePolicyWeight                 = 90                                        {product} {command line}
     intx CICompilerCount                          = 4                                         {product} {ergonomic}
    uintx GCTimeRatio                              = 4                                         {product} {command line}
     bool HeapDumpOnOutOfMemoryError               = true                                   {manageable} {command line}
    ccstr HeapDumpPath                             = c:\Users\vinyl\AppData\Roaming\Code\User\workspaceStorage\cf325b8df748eba499f6fbcf85c42d1c\redhat.java         {manageable} {command line}
   size_t InitialHeapSize                          = 104857600                                 {product} {command line}
   size_t MaxHeapSize                              = 1073741824                                {product} {command line}
   size_t MaxNewSize                               = 357564416                                 {product} {ergonomic}
   size_t MinHeapDeltaBytes                        = 524288                                    {product} {ergonomic}
   size_t MinHeapSize                              = 104857600                                 {product} {command line}
   size_t NewSize                                  = 34603008                                  {product} {ergonomic}
    uintx NonNMethodCodeHeapSize                   = 5839372                                {pd product} {ergonomic}
    uintx NonProfiledCodeHeapSize                  = 122909434                              {pd product} {ergonomic}
   size_t OldSize                                  = 70254592                                  {product} {ergonomic}
    uintx ProfiledCodeHeapSize                     = 122909434                              {pd product} {ergonomic}
    uintx ReservedCodeCacheSize                    = 251658240                              {pd product} {ergonomic}
     bool SegmentedCodeCache                       = true                                      {product} {ergonomic}
   size_t SoftMaxHeapSize                          = 1073741824                             {manageable} {ergonomic}
     bool UseCompressedClassPointers               = true                           {product lp64_product} {ergonomic}
     bool UseCompressedOops                        = true                           {product lp64_product} {ergonomic}
     bool UseLargePagesIndividualAllocation        = false                                  {pd product} {ergonomic}
     bool UseParallelGC                            = true                                      {product} {command line}

Logging:
Log output configuration:
 #0: stdout all=off uptime,level,tags
 #1: stderr all=off uptime,level,tags

Environment Variables:
PATH=C:\Program Files\Eclipse Adoptium\jdk-17.0.6.10-hotspot\bin;C:\Program Files\Common Files\Oracle\Java\javapath;C:\Program Files (x86)\Common Files\Oracle\Java\javapath;C:\Python310\Scripts\;C:\Python310\;C:\WINDOWS\system32;C:\WINDOWS;C:\WINDOWS\System32\Wbem;C:\WINDOWS\System32\OpenSSH\;C:\Program Files\nodejs\;C:\ProgramData\chocolatey\bin;C:\Program Files\PuTTY\;C:\Program Files (x86)\Microsoft SQL Server\150\DTS\Binn\;C:\Program Files\Azure Data Studio\bin;C:\WINDOWS\System32\WindowsPowerShell\v1.0\;C:\Program Files\Git\cmd;C:\Program Files\Docker\Docker\resources\bin;C:\Users\vinyl\AppData\Local\Microsoft\WindowsApps;C:\php-8.1.5-nts-Win32-vs16-x64;C:\Users\vinyl\AppData\Local\Programs\Microsoft VS Code\bin;C:\Users\vinyl\AppData\Roaming\npm;C:\Program Files\Azure Data Studio\bin;C:\MinGW\bin;
USERNAME=vinyl
OS=Windows_NT
PROCESSOR_IDENTIFIER=AMD64 Family 23 Model 24 Stepping 1, AuthenticAMD
TMP=C:\Users\vinyl\AppData\Local\Temp
TEMP=C:\Users\vinyl\AppData\Local\Temp



---------------  S Y S T E M  ---------------

OS:
 Windows 11 , 64 bit Build 22621 (10.0.22621.1635)
OS uptime: 0 days 5:17 hours
Hyper-V role detected

CPU: total 8 (initial active 8) (8 cores per cpu, 2 threads per core) family 23 model 24 stepping 1 microcode 0x0, cx8, cmov, fxsr, ht, mmx, 3dnowpref, sse, sse2, sse3, ssse3, sse4a, sse4.1, sse4.2, popcnt, lzcnt, tsc, tscinvbit, avx, avx2, aes, clmul, bmi1, bmi2, adx, sha, fma, vzeroupper, clflush, clflushopt, hv

Memory: 4k page, system-wide physical 10116M (2964M free)
TotalPageFile size 24452M (AvailPageFile size 14271M)
current process WorkingSet (physical memory assigned to process): 309M, peak: 324M
current process commit charge ("private bytes"): 347M, peak: 371M

vm_info: OpenJDK 64-Bit Server VM (17.0.7+7) for windows-amd64 JRE (17.0.7+7), built on Apr 18 2023 22:10:42 by "temurin" with MS VC++ 16.7 (VS2019)

END.
