#
# A fatal error has been detected by the Java Runtime Environment:
#
#  EXCEPTION_ACCESS_VIOLATION (0xc0000005) at pc=0x00007ffd661ac8f8, pid=8372, tid=19156
#
# JRE version: OpenJDK Runtime Environment Temurin-17.0.7+7 (17.0.7+7) (build 17.0.7+7)
# Java VM: OpenJDK 64-Bit Server VM Temurin-17.0.7+7 (17.0.7+7, mixed mode, tiered, compressed oops, compressed class ptrs, parallel gc, windows-amd64)
# Problematic frame:
# V  [jvm.dll+0xc8f8]
#
# No core dump will be written. Minidumps are not enabled by default on client versions of Windows
#
# If you would like to submit a bug report, please visit:
#   https://github.com/adoptium/adoptium-support/issues
#

---------------  S U M M A R Y ------------

Command Line: --add-modules=ALL-SYSTEM --add-opens=java.base/java.util=ALL-UNNAMED --add-opens=java.base/java.lang=ALL-UNNAMED --add-opens=java.base/sun.nio.fs=ALL-UNNAMED -Declipse.application=org.eclipse.jdt.ls.core.id1 -Dosgi.bundles.defaultStartLevel=4 -Declipse.product=org.eclipse.jdt.ls.core.product -Djava.import.generatesMetadataFilesAtProjectRoot=false -Dfile.encoding=utf8 -XX:+UseParallelGC -XX:GCTimeRatio=4 -XX:AdaptiveSizePolicyWeight=90 -Dsun.zip.disableMemoryMapping=true -Xmx1G -Xms100m -Xlog:disable -javaagent:c:\Users\vinyl\.vscode\extensions\redhat.java-1.18.0-win32-x64\lombok\lombok-1.18.27.jar -XX:+HeapDumpOnOutOfMemoryError -XX:HeapDumpPath=c:\Users\vinyl\AppData\Roaming\Code\User\workspaceStorage\cf325b8df748eba499f6fbcf85c42d1c\redhat.java -Daether.dependencyCollector.impl=bf c:\Users\vinyl\.vscode\extensions\redhat.java-1.18.0-win32-x64\server\plugins\org.eclipse.equinox.launcher_1.6.400.v20210924-0641.jar -configuration c:\Users\vinyl\AppData\Roaming\Code\User\globalStorage\redhat.java\1.18.0\config_win -data c:\Users\vinyl\AppData\Roaming\Code\User\workspaceStorage\cf325b8df748eba499f6fbcf85c42d1c\redhat.java\jdt_ws

Host: AMD Ryzen 5 3500U with Radeon Vega Mobile Gfx  , 8 cores, 9G,  Windows 11 , 64 bit Build 22621 (10.0.22621.1635)
Time: Wed May 17 20:17:00 2023 Hora oficial do Brasil elapsed time: 247.091961 seconds (0d 0h 4m 7s)

---------------  T H R E A D  ---------------

Current thread (0x00000268363fdbb0):  GCTaskThread "GC Thread#4" [stack: 0x0000006c54900000,0x0000006c54a00000] [id=19156]

Stack: [0x0000006c54900000,0x0000006c54a00000],  sp=0x0000006c549ff708,  free space=1021k
Native frames: (J=compiled Java code, j=interpreted, Vv=VM code, C=native code)
V  [jvm.dll+0xc8f8]


siginfo: EXCEPTION_ACCESS_VIOLATION (0xc0000005), reading address 0x0000000000000050


Register to memory mapping:

RIP=0x00007ffd661ac8f8 jvm.dll
RAX=0x0000000000000001 is an unknown value
RBX=0x0000002100430049 is an unknown value
RCX=0x0000000000000003 is an unknown value
RDX=0x00000000eafc2460 points into unknown readable memory: 0x0000002100430049 | 49 00 43 00 21 00 00 00
RSP=0x0000006c549ff708 points into unknown readable memory: 0x00007ffd668542e6 | e6 42 85 66 fd 7f 00 00
RBP=0x0000006c549ff788 points into unknown readable memory: 0x0000006c537ff4c8 | c8 f4 7f 53 6c 00 00 00
RSI=0x0000006c537ff520 points into unknown readable memory: 0x0000000000000008 | 08 00 00 00 00 00 00 00
RDI=0x00000000c5921a20 is pointing into object: [[C 
{0x00000000c5903e38} - klass: {type array char}[]
 - length: 52825
R8 =0x0000000000000048 is an unknown value
R9 =0x0000026830066d80 points into unknown readable memory: 0x00007ffd66b50578 | 78 05 b5 66 fd 7f 00 00
R10=0x0000000000001bc2 is an unknown value
R11=0x0000026830066de0 points into unknown readable memory: 0x0000000000000000 | 00 00 00 00 00 00 00 00
R12=0x0 is NULL
R13=0x0000026836950d60 points into unknown readable memory: 0x0000000000000002 | 02 00 00 00 00 00 00 00
R14=0x00000000eafc2460 points into unknown readable memory: 0x0000002100430049 | 49 00 43 00 21 00 00 00
R15=0x0000026830066d80 points into unknown readable memory: 0x00007ffd66b50578 | 78 05 b5 66 fd 7f 00 00


Registers:
RAX=0x0000000000000001, RBX=0x0000002100430049, RCX=0x0000000000000003, RDX=0x00000000eafc2460
RSP=0x0000006c549ff708, RBP=0x0000006c549ff788, RSI=0x0000006c537ff520, RDI=0x00000000c5921a20
R8 =0x0000000000000048, R9 =0x0000026830066d80, R10=0x0000000000001bc2, R11=0x0000026830066de0
R12=0x0000000000000000, R13=0x0000026836950d60, R14=0x00000000eafc2460, R15=0x0000026830066d80
RIP=0x00007ffd661ac8f8, EFLAGS=0x0000000000010206

Top of Stack: (sp=0x0000006c549ff708)
0x0000006c549ff708:   00007ffd668542e6 0000000000000001
0x0000006c549ff718:   0000000000000020 0000000000000009
0x0000006c549ff728:   0000000000000000 0000000000000010
0x0000006c549ff738:   000000000000000c 00000000c5c25128
0x0000006c549ff748:   0000000000000400 00000000eb5c32f0
0x0000006c549ff758:   0000000000001000 0000000000000000
0x0000006c549ff768:   00007ffd6685500f 0000000000000009
0x0000006c549ff778:   0000000000000400 0000026836950d60
0x0000006c549ff788:   0000006c537ff4c8 0000000000000002
0x0000006c549ff798:   0000000000000005 0000006c537ff520
0x0000006c549ff7a8:   0000002100430049 0000000000000000
0x0000006c549ff7b8:   00007ffd66854249 0000006c537ff4c8
0x0000006c549ff7c8:   0000000000000002 0000002100430049
0x0000006c549ff7d8:   0000000000000002 0000000000000002
0x0000006c549ff7e8:   00007ffd66857e6f 0000026830066d80
0x0000006c549ff7f8:   0000026830066d80 0000000000000000 

Instructions: (pc=0x00007ffd661ac8f8)
0x00007ffd661ac7f8:   48 83 c4 20 5e c3 cc cc 48 8b 01 c3 cc cc cc cc
0x00007ffd661ac808:   cc cc cc cc cc cc cc cc 4c 8b 01 4c 8b c9 48 8b
0x00007ffd661ac818:   0d f3 e4 b4 00 ba 44 60 08 00 e9 59 f2 ff ff cc
0x00007ffd661ac828:   cc cc cc cc cc cc cc cc 48 89 5c 24 08 57 48 83
0x00007ffd661ac838:   ec 20 48 8b 39 48 8b d9 48 85 3d 71 c6 b9 00 75
0x00007ffd661ac848:   0e 48 8b c7 48 8b 5c 24 30 48 83 c4 20 5f c3 48
0x00007ffd661ac858:   8b cf e8 81 87 85 00 48 8b d0 48 85 c0 74 20 48
0x00007ffd661ac868:   8b c7 f0 48 0f b1 13 74 16 48 85 05 40 c6 b9 00
0x00007ffd661ac878:   74 0d 48 8b c8 f0 48 0f b1 13 48 3b c1 75 ea 48
0x00007ffd661ac888:   8b 5c 24 30 48 8b c2 48 83 c4 20 5f c3 cc cc cc
0x00007ffd661ac898:   cc cc cc cc cc cc cc cc 4c 8b 01 4c 8b c9 48 8b
0x00007ffd661ac8a8:   0d 63 e4 b4 00 ba 64 60 08 00 e9 c9 f1 ff ff cc
0x00007ffd661ac8b8:   cc cc cc cc cc cc cc cc 8b 05 32 2a af 00 c3 cc
0x00007ffd661ac8c8:   cc cc cc cc cc cc cc cc 0f b6 05 b8 ec b5 00 48
0x00007ffd661ac8d8:   8b d1 84 c0 74 16 44 8b 41 08 8b 0d 10 2a af 00
0x00007ffd661ac8e8:   49 d3 e0 4c 03 05 fe 29 af 00 eb 04 4c 8b 41 08
0x00007ffd661ac8f8:   45 8b 50 08 45 85 d2 7e 0e 41 f6 c2 01 75 53 41
0x00007ffd661ac908:   c1 fa 03 41 8b c2 c3 79 49 84 c0 b9 10 00 00 00
0x00007ffd661ac918:   8b 05 16 39 af 00 41 b8 0c 00 00 00 41 0f 45 c8
0x00007ffd661ac928:   ff c8 4c 63 c8 48 63 14 11 41 8b ca 83 e1 3f 48
0x00007ffd661ac938:   d3 e2 41 8b ca 48 c1 f9 10 0f b6 c1 49 8d 0c 11
0x00007ffd661ac948:   49 f7 d1 48 03 c1 49 c1 e9 03 48 c1 e8 03 41 23
0x00007ffd661ac958:   c1 c3 49 8b 00 49 8b c8 48 ff a0 00 01 00 00 cc
0x00007ffd661ac968:   cc cc cc cc cc cc cc cc 8b 44 24 30 45 03 c9 44
0x00007ffd661ac978:   2b 4c 24 28 83 c0 0b 44 03 ca 45 03 c8 41 03 c1
0x00007ffd661ac988:   c3 cc cc cc cc cc cc cc 4c 8b ca 48 8b d1 45 8b
0x00007ffd661ac998:   41 08 45 85 c0 7e 0e 41 f6 c0 01 75 56 41 c1 f8
0x00007ffd661ac9a8:   03 41 8b c0 c3 79 4c 80 3d d9 eb b5 00 00 b8 0c
0x00007ffd661ac9b8:   00 00 00 b9 10 00 00 00 0f 45 c8 8b 05 6b 38 af
0x00007ffd661ac9c8:   00 ff c8 4c 63 c8 48 63 14 11 41 8b c8 83 e1 3f
0x00007ffd661ac9d8:   48 d3 e2 41 8b c8 48 c1 f9 10 0f b6 c1 49 8d 0c
0x00007ffd661ac9e8:   11 49 f7 d1 48 03 c1 49 c1 e9 03 48 c1 e8 03 41 


Stack slot to memory mapping:
stack at sp + 0 slots: 0x00007ffd668542e6 jvm.dll
stack at sp + 1 slots: 0x0000000000000001 is an unknown value
stack at sp + 2 slots: 0x0000000000000020 is an unknown value
stack at sp + 3 slots: 0x0000000000000009 is an unknown value
stack at sp + 4 slots: 0x0 is NULL
stack at sp + 5 slots: 0x0000000000000010 is an unknown value
stack at sp + 6 slots: 0x000000000000000c is an unknown value
stack at sp + 7 slots: 0x00000000c5c25128 is an oop: [C 
{0x00000000c5c25128} - klass: {type array char}
 - length: 119


---------------  P R O C E S S  ---------------

Threads class SMR info:
_java_thread_list=0x0000026844c1ec20, length=38, elements={
0x000002681c1efeb0, 0x000002681c2a3a10, 0x000002681c2a6a80, 0x000002683006dff0,
0x000002683006e9b0, 0x000002683538bba0, 0x000002683538f120, 0x00000268353b0c60,
0x00000268353b1d00, 0x00000268353b2de0, 0x0000026835500930, 0x00000268356ecc00,
0x00000268369b1a50, 0x0000026836a0d3a0, 0x0000026836eea010, 0x000002683716fbc0,
0x0000026837146ed0, 0x0000026837149a20, 0x0000026837146060, 0x0000026837146a00,
0x0000026837148bb0, 0x0000026837147d40, 0x0000026837146530, 0x0000026837148210,
0x0000026837149550, 0x00000268371486e0, 0x0000026836e52cb0, 0x0000026836e57010,
0x0000026836e50160, 0x0000026836e544c0, 0x0000026836e561a0, 0x0000026836e56b40,
0x0000026836e574e0, 0x0000026836e4fc90, 0x00000268382ac860, 0x00000268382af880,
0x00000268382b0bc0, 0x0000026836e54990
}

Java Threads: ( => current thread )
  0x000002681c1efeb0 JavaThread "main" [_thread_blocked, id=4980, stack(0x0000006c53500000,0x0000006c53600000)]
  0x000002681c2a3a10 JavaThread "Reference Handler" daemon [_thread_blocked, id=15152, stack(0x0000006c53800000,0x0000006c53900000)]
  0x000002681c2a6a80 JavaThread "Finalizer" daemon [_thread_blocked, id=20272, stack(0x0000006c53900000,0x0000006c53a00000)]
  0x000002683006dff0 JavaThread "Signal Dispatcher" daemon [_thread_blocked, id=17704, stack(0x0000006c53a00000,0x0000006c53b00000)]
  0x000002683006e9b0 JavaThread "Attach Listener" daemon [_thread_blocked, id=9408, stack(0x0000006c53b00000,0x0000006c53c00000)]
  0x000002683538bba0 JavaThread "Service Thread" daemon [_thread_blocked, id=13924, stack(0x0000006c53c00000,0x0000006c53d00000)]
  0x000002683538f120 JavaThread "Monitor Deflation Thread" daemon [_thread_blocked, id=13000, stack(0x0000006c53d00000,0x0000006c53e00000)]
  0x00000268353b0c60 JavaThread "C2 CompilerThread0" daemon [_thread_blocked, id=9204, stack(0x0000006c53e00000,0x0000006c53f00000)]
  0x00000268353b1d00 JavaThread "C1 CompilerThread0" daemon [_thread_blocked, id=15752, stack(0x0000006c53f00000,0x0000006c54000000)]
  0x00000268353b2de0 JavaThread "Sweeper thread" daemon [_thread_blocked, id=20016, stack(0x0000006c54000000,0x0000006c54100000)]
  0x0000026835500930 JavaThread "Common-Cleaner" daemon [_thread_blocked, id=16572, stack(0x0000006c54100000,0x0000006c54200000)]
  0x00000268356ecc00 JavaThread "Notification Thread" daemon [_thread_blocked, id=17600, stack(0x0000006c54300000,0x0000006c54400000)]
  0x00000268369b1a50 JavaThread "Active Thread: Equinox Container: dc2c4df8-b96d-4fc1-a8c3-6bffad03417a" [_thread_blocked, id=19384, stack(0x0000006c54c00000,0x0000006c54d00000)]
  0x0000026836a0d3a0 JavaThread "Framework Event Dispatcher: Equinox Container: dc2c4df8-b96d-4fc1-a8c3-6bffad03417a" daemon [_thread_blocked, id=8124, stack(0x0000006c54d00000,0x0000006c54e00000)]
  0x0000026836eea010 JavaThread "Start Level: Equinox Container: dc2c4df8-b96d-4fc1-a8c3-6bffad03417a" daemon [_thread_blocked, id=8328, stack(0x0000006c54e00000,0x0000006c54f00000)]
  0x000002683716fbc0 JavaThread "SCR Component Actor" daemon [_thread_blocked, id=17504, stack(0x0000006c54f00000,0x0000006c55000000)]
  0x0000026837146ed0 JavaThread "Worker-JM" [_thread_blocked, id=19408, stack(0x0000006c54500000,0x0000006c54600000)]
  0x0000026837149a20 JavaThread "Worker-1" [_thread_blocked, id=12864, stack(0x0000006c55300000,0x0000006c55400000)]
  0x0000026837146060 JavaThread "Worker-2" [_thread_blocked, id=16684, stack(0x0000006c55400000,0x0000006c55500000)]
  0x0000026837146a00 JavaThread "Java indexing" daemon [_thread_blocked, id=14900, stack(0x0000006c55500000,0x0000006c55600000)]
  0x0000026837148bb0 JavaThread "JNA Cleaner" daemon [_thread_blocked, id=20044, stack(0x0000006c55700000,0x0000006c55800000)]
  0x0000026837147d40 JavaThread "pool-2-thread-1" [_thread_blocked, id=2748, stack(0x0000006c55800000,0x0000006c55900000)]
  0x0000026837146530 JavaThread "pool-1-thread-1" [_thread_blocked, id=15220, stack(0x0000006c55900000,0x0000006c55a00000)]
  0x0000026837148210 JavaThread "ForkJoinPool.commonPool-worker-1" daemon [_thread_blocked, id=19140, stack(0x0000006c55a00000,0x0000006c55b00000)]
  0x0000026837149550 JavaThread "ForkJoinPool.commonPool-worker-2" daemon [_thread_blocked, id=14476, stack(0x0000006c55b00000,0x0000006c55c00000)]
  0x00000268371486e0 JavaThread "ForkJoinPool.commonPool-worker-3" daemon [_thread_blocked, id=13320, stack(0x0000006c55c00000,0x0000006c55d00000)]
  0x0000026836e52cb0 JavaThread "ForkJoinPool.commonPool-worker-4" daemon [_thread_blocked, id=18224, stack(0x0000006c55d00000,0x0000006c55e00000)]
  0x0000026836e57010 JavaThread "ForkJoinPool.commonPool-worker-5" daemon [_thread_blocked, id=18960, stack(0x0000006c55e00000,0x0000006c55f00000)]
  0x0000026836e50160 JavaThread "Bundle File Closer" daemon [_thread_blocked, id=14804, stack(0x0000006c55f00000,0x0000006c56000000)]
  0x0000026836e544c0 JavaThread "ForkJoinPool.commonPool-worker-6" daemon [_thread_blocked, id=14872, stack(0x0000006c56000000,0x0000006c56100000)]
  0x0000026836e561a0 JavaThread "ForkJoinPool.commonPool-worker-7" daemon [_thread_blocked, id=9432, stack(0x0000006c56100000,0x0000006c56200000)]
  0x0000026836e56b40 JavaThread "Java Debug Server" daemon [_thread_in_native, id=19704, stack(0x0000006c56500000,0x0000006c56600000)]
  0x0000026836e574e0 JavaThread "RxSchedulerPurge-1" daemon [_thread_blocked, id=12352, stack(0x0000006c56800000,0x0000006c56900000)]
  0x0000026836e4fc90 JavaThread "RxCachedWorkerPoolEvictor-1" daemon [_thread_blocked, id=5884, stack(0x0000006c56900000,0x0000006c56a00000)]
  0x00000268382ac860 JavaThread "process reaper" daemon [_thread_blocked, id=20392, stack(0x0000006c52f70000,0x0000006c52f90000)]
  0x00000268382af880 JavaThread "Worker-6" [_thread_blocked, id=16172, stack(0x0000006c53400000,0x0000006c53500000)]
  0x00000268382b0bc0 JavaThread "Worker-7" [_thread_blocked, id=18444, stack(0x0000006c55100000,0x0000006c55200000)]
  0x0000026836e54990 JavaThread "Worker-8" [_thread_blocked, id=12772, stack(0x0000006c54200000,0x0000006c54300000)]

Other Threads:
  0x0000026830069b30 VMThread "VM Thread" [stack: 0x0000006c53700000,0x0000006c53800000] [id=17172]
  0x00000268356ed0d0 WatcherThread [stack: 0x0000006c54400000,0x0000006c54500000] [id=3940]
  0x000002681c2068c0 GCTaskThread "GC Thread#0" [stack: 0x0000006c53600000,0x0000006c53700000] [id=12208]
  0x0000026836c9b820 GCTaskThread "GC Thread#1" [stack: 0x0000006c54600000,0x0000006c54700000] [id=19920]
  0x00000268363fd650 GCTaskThread "GC Thread#2" [stack: 0x0000006c54700000,0x0000006c54800000] [id=15928]
  0x00000268363fd900 GCTaskThread "GC Thread#3" [stack: 0x0000006c54800000,0x0000006c54900000] [id=19172]
=>0x00000268363fdbb0 GCTaskThread "GC Thread#4" [stack: 0x0000006c54900000,0x0000006c54a00000] [id=19156]
  0x000002683697b920 GCTaskThread "GC Thread#5" [stack: 0x0000006c54a00000,0x0000006c54b00000] [id=3348]
  0x000002683697bbd0 GCTaskThread "GC Thread#6" [stack: 0x0000006c54b00000,0x0000006c54c00000] [id=19028]
  0x00000268367efcb0 GCTaskThread "GC Thread#7" [stack: 0x0000006c55000000,0x0000006c55100000] [id=18288]

Threads with active compile tasks:
C2 CompilerThread0   247140 21699       4       org.eclipse.jdt.internal.core.search.matching.JavaSearchNameEnvironment::getModulesDeclaringPackage (296 bytes)

VM state: at safepoint (normal execution)

VM Mutex/Monitor currently owned by a thread:  ([mutex/lock_event])
[0x000002681c1eb620] Threads_lock - owner thread: 0x0000026830069b30
[0x000002681c1eb6b0] Heap_lock - owner thread: 0x0000026837146530

Heap address: 0x00000000c0000000, size: 1024 MB, Compressed Oops mode: 32-bit

CDS archive(s) not mapped
Compressed class space mapped at: 0x0000000100000000-0x0000000140000000, reserved size: 1073741824
Narrow klass base: 0x0000000000000000, Narrow klass shift: 3, Narrow klass range: 0x140000000

GC Precious Log:
 CPUs: 8 total, 8 available
 Memory: 10116M
 Large Page Support: Disabled
 NUMA Support: Disabled
 Compressed Oops: Enabled (32-bit)
 Alignments: Space 512K, Generation 512K, Heap 2M
 Heap Min Capacity: 100M
 Heap Initial Capacity: 100M
 Heap Max Capacity: 1G
 Pre-touch: Disabled
 Parallel Workers: 8

Heap:
 PSYoungGen      total 5632K, used 5631K [0x00000000eab00000, 0x00000000eb900000, 0x0000000100000000)
  eden space 3584K, 99% used [0x00000000eab00000,0x00000000eae7fff8,0x00000000eae80000)
  from space 2048K, 100% used [0x00000000eae80000,0x00000000eb080000,0x00000000eb080000)
  to   space 5120K, 48% used [0x00000000eb400000,0x00000000eb6732f0,0x00000000eb900000)
 ParOldGen       total 111104K, used 95124K [0x00000000c0000000, 0x00000000c6c80000, 0x00000000eab00000)
  object space 111104K, 85% used [0x00000000c0000000,0x00000000c5ce5128,0x00000000c6c80000)
 Metaspace       used 84797K, committed 85952K, reserved 1179648K
  class space    used 8638K, committed 9152K, reserved 1048576K

Card table byte_map: [0x000002681bbc0000,0x000002681bdd0000] _byte_map_base: 0x000002681b5c0000

Marking Bits: (ParMarkBitMap*) 0x00007ffd66d252c0
 Begin Bits: [0x000002682de70000, 0x000002682ee70000)
 End Bits:   [0x000002682ee70000, 0x000002682fe70000)

Polling page: 0x000002681b9b0000

Metaspace:

Usage:
  Non-class:     74.37 MB used.
      Class:      8.44 MB used.
       Both:     82.81 MB used.

Virtual space:
  Non-class space:      128.00 MB reserved,      75.00 MB ( 59%) committed,  2 nodes.
      Class space:        1.00 GB reserved,       8.94 MB ( <1%) committed,  1 nodes.
             Both:        1.12 GB reserved,      83.94 MB (  7%) committed. 

Chunk freelists:
   Non-Class:  4.62 MB
       Class:  6.95 MB
        Both:  11.58 MB

MaxMetaspaceSize: unlimited
CompressedClassSpaceSize: 1.00 GB
Initial GC threshold: 21.00 MB
Current GC threshold: 139.94 MB
CDS: off
MetaspaceReclaimPolicy: balanced
 - commit_granule_bytes: 65536.
 - commit_granule_words: 8192.
 - virtual_space_node_default_size: 8388608.
 - enlarge_chunks_in_place: 1.
 - new_chunks_are_fully_committed: 0.
 - uncommit_free_chunks: 1.
 - use_allocation_guard: 0.
 - handle_deallocations: 1.


Internal statistics:

num_allocs_failed_limit: 9.
num_arena_births: 680.
num_arena_deaths: 36.
num_vsnodes_births: 3.
num_vsnodes_deaths: 0.
num_space_committed: 1343.
num_space_uncommitted: 0.
num_chunks_returned_to_freelist: 52.
num_chunks_taken_from_freelist: 4244.
num_chunk_merges: 23.
num_chunk_splits: 2601.
num_chunks_enlarged: 1450.
num_inconsistent_stats: 0.

CodeHeap 'non-profiled nmethods': size=120000Kb used=16793Kb max_used=17062Kb free=103206Kb
 bounds [0x0000026826940000, 0x00000268279f0000, 0x000002682de70000]
CodeHeap 'profiled nmethods': size=120000Kb used=29455Kb max_used=29969Kb free=90544Kb
 bounds [0x000002681ee70000, 0x0000026820bf0000, 0x00000268263a0000]
CodeHeap 'non-nmethods': size=5760Kb used=1418Kb max_used=1486Kb free=4341Kb
 bounds [0x00000268263a0000, 0x0000026826610000, 0x0000026826940000]
 total_blobs=15155 nmethods=14390 adapters=674
 compilation: enabled
              stopped_count=0, restarted_count=0
 full_count=0

Compilation events (20 events):
Event: 246.972 Thread 0x00000268353b1d00 nmethod 21693 0x0000026820349b90 code [0x0000026820349d40, 0x0000026820349f88]
Event: 246.986 Thread 0x00000268353b0c60 21696       4       org.eclipse.jdt.internal.compiler.ast.FalseLiteral::literalType (4 bytes)
Event: 246.987 Thread 0x00000268353b0c60 nmethod 21696 0x0000026826e64e10 code [0x0000026826e64f80, 0x0000026826e64ff8]
Event: 246.991 Thread 0x00000268353b1d00 21697       3       org.eclipse.jdt.internal.compiler.flow.UnconditionalFlowInfo::growSpace (85 bytes)
Event: 246.991 Thread 0x00000268353b1d00 nmethod 21697 0x000002682009ed90 code [0x000002682009ef80, 0x000002682009f588]
Event: 246.995 Thread 0x00000268353b0c60 21698       4       org.eclipse.jdt.core.compiler.CharOperation::concatWith (158 bytes)
Event: 247.004 Thread 0x00000268353b0c60 nmethod 21698 0x0000026826e64390 code [0x0000026826e64520, 0x0000026826e64ab8]
Event: 247.014 Thread 0x00000268353b0c60 21699       4       org.eclipse.jdt.internal.core.search.matching.JavaSearchNameEnvironment::getModulesDeclaringPackage (296 bytes)
Event: 247.049 Thread 0x00000268353b1d00 21701       3       java.util.concurrent.ForkJoinPool$WorkQueue::push (93 bytes)
Event: 247.051 Thread 0x00000268353b1d00 nmethod 21701 0x00000268203bff10 code [0x00000268203c0240, 0x00000268203c14c8]
Event: 247.072 Thread 0x00000268353b1d00 21702       3       java.lang.System::lineSeparator (4 bytes)
Event: 247.072 Thread 0x00000268353b1d00 nmethod 21702 0x000002681f578a10 code [0x000002681f578ba0, 0x000002681f578c98]
Event: 247.072 Thread 0x00000268353b1d00 21703       3       java.lang.Throwable$WrappedPrintWriter::println (9 bytes)
Event: 247.073 Thread 0x00000268353b1d00 nmethod 21703 0x000002681ff99b10 code [0x000002681ff99cc0, 0x000002681ff99e88]
Event: 247.073 Thread 0x00000268353b1d00 21704   !   3       java.io.PrintWriter::println (34 bytes)
Event: 247.073 Thread 0x00000268353b1d00 nmethod 21704 0x000002681f6bf390 code [0x000002681f6bf5c0, 0x000002681f6bff18]
Event: 247.073 Thread 0x00000268353b1d00 21705       3       java.io.PrintWriter::println (5 bytes)
Event: 247.073 Thread 0x00000268353b1d00 nmethod 21705 0x000002681fefc410 code [0x000002681fefc5a0, 0x000002681fefc6e8]
Event: 247.074 Thread 0x00000268353b1d00 21706   !   3       java.io.PrintWriter::newLine (65 bytes)
Event: 247.074 Thread 0x00000268353b1d00 nmethod 21706 0x0000026820176b90 code [0x0000026820176dc0, 0x00000268201774d8]

GC Heap History (20 events):
Event: 246.950 GC heap after
{Heap after GC invocations=2207 (full 60):
 PSYoungGen      total 4608K, used 192K [0x00000000eab00000, 0x00000000eb080000, 0x0000000100000000)
  eden space 4096K, 0% used [0x00000000eab00000,0x00000000eab00000,0x00000000eaf00000)
  from space 512K, 37% used [0x00000000eb000000,0x00000000eb030000,0x00000000eb080000)
  to   space 512K, 0% used [0x00000000eaf80000,0x00000000eaf80000,0x00000000eb000000)
 ParOldGen       total 111104K, used 77932K [0x00000000c0000000, 0x00000000c6c80000, 0x00000000eab00000)
  object space 111104K, 70% used [0x00000000c0000000,0x00000000c4c1b188,0x00000000c6c80000)
 Metaspace       used 84793K, committed 85952K, reserved 1179648K
  class space    used 8638K, committed 9152K, reserved 1048576K
}
Event: 246.962 GC heap before
{Heap before GC invocations=2208 (full 60):
 PSYoungGen      total 4608K, used 4264K [0x00000000eab00000, 0x00000000eb080000, 0x0000000100000000)
  eden space 4096K, 99% used [0x00000000eab00000,0x00000000eaefa2f0,0x00000000eaf00000)
  from space 512K, 37% used [0x00000000eb000000,0x00000000eb030000,0x00000000eb080000)
  to   space 512K, 0% used [0x00000000eaf80000,0x00000000eaf80000,0x00000000eb000000)
 ParOldGen       total 111104K, used 77932K [0x00000000c0000000, 0x00000000c6c80000, 0x00000000eab00000)
  object space 111104K, 70% used [0x00000000c0000000,0x00000000c4c1b188,0x00000000c6c80000)
 Metaspace       used 84794K, committed 85952K, reserved 1179648K
  class space    used 8638K, committed 9152K, reserved 1048576K
}
Event: 246.964 GC heap after
{Heap after GC invocations=2208 (full 60):
 PSYoungGen      total 5120K, used 499K [0x00000000eab00000, 0x00000000eb500000, 0x0000000100000000)
  eden space 4608K, 0% used [0x00000000eab00000,0x00000000eab00000,0x00000000eaf80000)
  from space 512K, 97% used [0x00000000eaf80000,0x00000000eaffcd38,0x00000000eb000000)
  to   space 2560K, 0% used [0x00000000eb280000,0x00000000eb280000,0x00000000eb500000)
 ParOldGen       total 111104K, used 79303K [0x00000000c0000000, 0x00000000c6c80000, 0x00000000eab00000)
  object space 111104K, 71% used [0x00000000c0000000,0x00000000c4d71ec0,0x00000000c6c80000)
 Metaspace       used 84794K, committed 85952K, reserved 1179648K
  class space    used 8638K, committed 9152K, reserved 1048576K
}
Event: 246.972 GC heap before
{Heap before GC invocations=2209 (full 60):
 PSYoungGen      total 5120K, used 5107K [0x00000000eab00000, 0x00000000eb500000, 0x0000000100000000)
  eden space 4608K, 100% used [0x00000000eab00000,0x00000000eaf80000,0x00000000eaf80000)
  from space 512K, 97% used [0x00000000eaf80000,0x00000000eaffcd38,0x00000000eb000000)
  to   space 2560K, 0% used [0x00000000eb280000,0x00000000eb280000,0x00000000eb500000)
 ParOldGen       total 111104K, used 79303K [0x00000000c0000000, 0x00000000c6c80000, 0x00000000eab00000)
  object space 111104K, 71% used [0x00000000c0000000,0x00000000c4d71ec0,0x00000000c6c80000)
 Metaspace       used 84796K, committed 85952K, reserved 1179648K
  class space    used 8638K, committed 9152K, reserved 1048576K
}
Event: 246.974 GC heap after
{Heap after GC invocations=2209 (full 60):
 PSYoungGen      total 6656K, used 2536K [0x00000000eab00000, 0x00000000eb780000, 0x0000000100000000)
  eden space 4096K, 0% used [0x00000000eab00000,0x00000000eab00000,0x00000000eaf00000)
  from space 2560K, 99% used [0x00000000eb280000,0x00000000eb4fa048,0x00000000eb500000)
  to   space 3584K, 0% used [0x00000000eaf00000,0x00000000eaf00000,0x00000000eb280000)
 ParOldGen       total 111104K, used 79623K [0x00000000c0000000, 0x00000000c6c80000, 0x00000000eab00000)
  object space 111104K, 71% used [0x00000000c0000000,0x00000000c4dc1ec0,0x00000000c6c80000)
 Metaspace       used 84796K, committed 85952K, reserved 1179648K
  class space    used 8638K, committed 9152K, reserved 1048576K
}
Event: 246.981 GC heap before
{Heap before GC invocations=2210 (full 60):
 PSYoungGen      total 6656K, used 6632K [0x00000000eab00000, 0x00000000eb780000, 0x0000000100000000)
  eden space 4096K, 100% used [0x00000000eab00000,0x00000000eaf00000,0x00000000eaf00000)
  from space 2560K, 99% used [0x00000000eb280000,0x00000000eb4fa048,0x00000000eb500000)
  to   space 3584K, 0% used [0x00000000eaf00000,0x00000000eaf00000,0x00000000eb280000)
 ParOldGen       total 111104K, used 79623K [0x00000000c0000000, 0x00000000c6c80000, 0x00000000eab00000)
  object space 111104K, 71% used [0x00000000c0000000,0x00000000c4dc1ec0,0x00000000c6c80000)
 Metaspace       used 84796K, committed 85952K, reserved 1179648K
  class space    used 8638K, committed 9152K, reserved 1048576K
}
Event: 246.983 GC heap after
{Heap after GC invocations=2210 (full 60):
 PSYoungGen      total 7680K, used 1720K [0x00000000eab00000, 0x00000000eb500000, 0x0000000100000000)
  eden space 4096K, 0% used [0x00000000eab00000,0x00000000eab00000,0x00000000eaf00000)
  from space 3584K, 47% used [0x00000000eaf00000,0x00000000eb0ae080,0x00000000eb280000)
  to   space 2560K, 0% used [0x00000000eb280000,0x00000000eb280000,0x00000000eb500000)
 ParOldGen       total 111104K, used 82169K [0x00000000c0000000, 0x00000000c6c80000, 0x00000000eab00000)
  object space 111104K, 73% used [0x00000000c0000000,0x00000000c503e478,0x00000000c6c80000)
 Metaspace       used 84796K, committed 85952K, reserved 1179648K
  class space    used 8638K, committed 9152K, reserved 1048576K
}
Event: 246.993 GC heap before
{Heap before GC invocations=2211 (full 60):
 PSYoungGen      total 7680K, used 5816K [0x00000000eab00000, 0x00000000eb500000, 0x0000000100000000)
  eden space 4096K, 100% used [0x00000000eab00000,0x00000000eaf00000,0x00000000eaf00000)
  from space 3584K, 47% used [0x00000000eaf00000,0x00000000eb0ae080,0x00000000eb280000)
  to   space 2560K, 0% used [0x00000000eb280000,0x00000000eb280000,0x00000000eb500000)
 ParOldGen       total 111104K, used 82169K [0x00000000c0000000, 0x00000000c6c80000, 0x00000000eab00000)
  object space 111104K, 73% used [0x00000000c0000000,0x00000000c503e478,0x00000000c6c80000)
 Metaspace       used 84796K, committed 85952K, reserved 1179648K
  class space    used 8638K, committed 9152K, reserved 1048576K
}
Event: 246.995 GC heap after
{Heap after GC invocations=2211 (full 60):
 PSYoungGen      total 7680K, used 2125K [0x00000000eab00000, 0x00000000eb500000, 0x0000000100000000)
  eden space 5120K, 0% used [0x00000000eab00000,0x00000000eab00000,0x00000000eb000000)
  from space 2560K, 83% used [0x00000000eb280000,0x00000000eb493410,0x00000000eb500000)
  to   space 2560K, 0% used [0x00000000eb000000,0x00000000eb000000,0x00000000eb280000)
 ParOldGen       total 111104K, used 83738K [0x00000000c0000000, 0x00000000c6c80000, 0x00000000eab00000)
  object space 111104K, 75% used [0x00000000c0000000,0x00000000c51c6bd8,0x00000000c6c80000)
 Metaspace       used 84796K, committed 85952K, reserved 1179648K
  class space    used 8638K, committed 9152K, reserved 1048576K
}
Event: 247.005 GC heap before
{Heap before GC invocations=2212 (full 60):
 PSYoungGen      total 7680K, used 7245K [0x00000000eab00000, 0x00000000eb500000, 0x0000000100000000)
  eden space 5120K, 100% used [0x00000000eab00000,0x00000000eb000000,0x00000000eb000000)
  from space 2560K, 83% used [0x00000000eb280000,0x00000000eb493410,0x00000000eb500000)
  to   space 2560K, 0% used [0x00000000eb000000,0x00000000eb000000,0x00000000eb280000)
 ParOldGen       total 111104K, used 83738K [0x00000000c0000000, 0x00000000c6c80000, 0x00000000eab00000)
  object space 111104K, 75% used [0x00000000c0000000,0x00000000c51c6bd8,0x00000000c6c80000)
 Metaspace       used 84796K, committed 85952K, reserved 1179648K
  class space    used 8638K, committed 9152K, reserved 1048576K
}
Event: 247.008 GC heap after
{Heap after GC invocations=2212 (full 60):
 PSYoungGen      total 7680K, used 1830K [0x00000000eab00000, 0x00000000eb500000, 0x0000000100000000)
  eden space 5120K, 0% used [0x00000000eab00000,0x00000000eab00000,0x00000000eb000000)
  from space 2560K, 71% used [0x00000000eb000000,0x00000000eb1c9a70,0x00000000eb280000)
  to   space 2048K, 0% used [0x00000000eb300000,0x00000000eb300000,0x00000000eb500000)
 ParOldGen       total 111104K, used 85702K [0x00000000c0000000, 0x00000000c6c80000, 0x00000000eab00000)
  object space 111104K, 77% used [0x00000000c0000000,0x00000000c53b1890,0x00000000c6c80000)
 Metaspace       used 84796K, committed 85952K, reserved 1179648K
  class space    used 8638K, committed 9152K, reserved 1048576K
}
Event: 247.017 GC heap before
{Heap before GC invocations=2213 (full 60):
 PSYoungGen      total 7680K, used 6950K [0x00000000eab00000, 0x00000000eb500000, 0x0000000100000000)
  eden space 5120K, 100% used [0x00000000eab00000,0x00000000eb000000,0x00000000eb000000)
  from space 2560K, 71% used [0x00000000eb000000,0x00000000eb1c9a70,0x00000000eb280000)
  to   space 2048K, 0% used [0x00000000eb300000,0x00000000eb300000,0x00000000eb500000)
 ParOldGen       total 111104K, used 85702K [0x00000000c0000000, 0x00000000c6c80000, 0x00000000eab00000)
  object space 111104K, 77% used [0x00000000c0000000,0x00000000c53b1890,0x00000000c6c80000)
 Metaspace       used 84796K, committed 85952K, reserved 1179648K
  class space    used 8638K, committed 9152K, reserved 1048576K
}
Event: 247.019 GC heap after
{Heap after GC invocations=2213 (full 60):
 PSYoungGen      total 4608K, used 2016K [0x00000000eab00000, 0x00000000ebc00000, 0x0000000100000000)
  eden space 2560K, 0% used [0x00000000eab00000,0x00000000eab00000,0x00000000ead80000)
  from space 2048K, 98% used [0x00000000eb300000,0x00000000eb4f8010,0x00000000eb500000)
  to   space 5632K, 0% used [0x00000000ead80000,0x00000000ead80000,0x00000000eb300000)
 ParOldGen       total 111104K, used 88499K [0x00000000c0000000, 0x00000000c6c80000, 0x00000000eab00000)
  object space 111104K, 79% used [0x00000000c0000000,0x00000000c566ce28,0x00000000c6c80000)
 Metaspace       used 84796K, committed 85952K, reserved 1179648K
  class space    used 8638K, committed 9152K, reserved 1048576K
}
Event: 247.035 GC heap before
{Heap before GC invocations=2214 (full 60):
 PSYoungGen      total 4608K, used 4576K [0x00000000eab00000, 0x00000000ebc00000, 0x0000000100000000)
  eden space 2560K, 100% used [0x00000000eab00000,0x00000000ead80000,0x00000000ead80000)
  from space 2048K, 98% used [0x00000000eb300000,0x00000000eb4f8010,0x00000000eb500000)
  to   space 5632K, 0% used [0x00000000ead80000,0x00000000ead80000,0x00000000eb300000)
 ParOldGen       total 111104K, used 88499K [0x00000000c0000000, 0x00000000c6c80000, 0x00000000eab00000)
  object space 111104K, 79% used [0x00000000c0000000,0x00000000c566ce28,0x00000000c6c80000)
 Metaspace       used 84796K, committed 85952K, reserved 1179648K
  class space    used 8638K, committed 9152K, reserved 1048576K
}
Event: 247.038 GC heap after
{Heap after GC invocations=2214 (full 60):
 PSYoungGen      total 3072K, used 480K [0x00000000eab00000, 0x00000000eb380000, 0x0000000100000000)
  eden space 2560K, 0% used [0x00000000eab00000,0x00000000eab00000,0x00000000ead80000)
  from space 512K, 93% used [0x00000000ead80000,0x00000000eadf8000,0x00000000eae00000)
  to   space 2560K, 0% used [0x00000000eb100000,0x00000000eb100000,0x00000000eb380000)
 ParOldGen       total 111104K, used 90523K [0x00000000c0000000, 0x00000000c6c80000, 0x00000000eab00000)
  object space 111104K, 81% used [0x00000000c0000000,0x00000000c5866e28,0x00000000c6c80000)
 Metaspace       used 84796K, committed 85952K, reserved 1179648K
  class space    used 8638K, committed 9152K, reserved 1048576K
}
Event: 247.052 GC heap before
{Heap before GC invocations=2215 (full 60):
 PSYoungGen      total 3072K, used 3039K [0x00000000eab00000, 0x00000000eb380000, 0x0000000100000000)
  eden space 2560K, 99% used [0x00000000eab00000,0x00000000ead7fff8,0x00000000ead80000)
  from space 512K, 93% used [0x00000000ead80000,0x00000000eadf8000,0x00000000eae00000)
  to   space 2560K, 0% used [0x00000000eb100000,0x00000000eb100000,0x00000000eb380000)
 ParOldGen       total 111104K, used 90523K [0x00000000c0000000, 0x00000000c6c80000, 0x00000000eab00000)
  object space 111104K, 81% used [0x00000000c0000000,0x00000000c5866e28,0x00000000c6c80000)
 Metaspace       used 84796K, committed 85952K, reserved 1179648K
  class space    used 8638K, committed 9152K, reserved 1048576K
}
Event: 247.054 GC heap after
{Heap after GC invocations=2215 (full 60):
 PSYoungGen      total 4608K, used 1515K [0x00000000eab00000, 0x00000000eb280000, 0x0000000100000000)
  eden space 3072K, 0% used [0x00000000eab00000,0x00000000eab00000,0x00000000eae00000)
  from space 1536K, 98% used [0x00000000eb100000,0x00000000eb27ac68,0x00000000eb280000)
  to   space 2048K, 0% used [0x00000000eae80000,0x00000000eae80000,0x00000000eb080000)
 ParOldGen       total 111104K, used 90943K [0x00000000c0000000, 0x00000000c6c80000, 0x00000000eab00000)
  object space 111104K, 81% used [0x00000000c0000000,0x00000000c58cfe38,0x00000000c6c80000)
 Metaspace       used 84796K, committed 85952K, reserved 1179648K
  class space    used 8638K, committed 9152K, reserved 1048576K
}
Event: 247.062 GC heap before
{Heap before GC invocations=2216 (full 60):
 PSYoungGen      total 4608K, used 4587K [0x00000000eab00000, 0x00000000eb280000, 0x0000000100000000)
  eden space 3072K, 100% used [0x00000000eab00000,0x00000000eae00000,0x00000000eae00000)
  from space 1536K, 98% used [0x00000000eb100000,0x00000000eb27ac68,0x00000000eb280000)
  to   space 2048K, 0% used [0x00000000eae80000,0x00000000eae80000,0x00000000eb080000)
 ParOldGen       total 111104K, used 90943K [0x00000000c0000000, 0x00000000c6c80000, 0x00000000eab00000)
  object space 111104K, 81% used [0x00000000c0000000,0x00000000c58cfe38,0x00000000c6c80000)
 Metaspace       used 84796K, committed 85952K, reserved 1179648K
  class space    used 8638K, committed 9152K, reserved 1048576K
}
Event: 247.064 GC heap after
{Heap after GC invocations=2216 (full 60):
 PSYoungGen      total 5632K, used 2048K [0x00000000eab00000, 0x00000000eb900000, 0x0000000100000000)
  eden space 3584K, 0% used [0x00000000eab00000,0x00000000eab00000,0x00000000eae80000)
  from space 2048K, 100% used [0x00000000eae80000,0x00000000eb080000,0x00000000eb080000)
  to   space 5120K, 0% used [0x00000000eb400000,0x00000000eb400000,0x00000000eb900000)
 ParOldGen       total 111104K, used 93028K [0x00000000c0000000, 0x00000000c6c80000, 0x00000000eab00000)
  object space 111104K, 83% used [0x00000000c0000000,0x00000000c5ad9128,0x00000000c6c80000)
 Metaspace       used 84796K, committed 85952K, reserved 1179648K
  class space    used 8638K, committed 9152K, reserved 1048576K
}
Event: 247.083 GC heap before
{Heap before GC invocations=2217 (full 60):
 PSYoungGen      total 5632K, used 5631K [0x00000000eab00000, 0x00000000eb900000, 0x0000000100000000)
  eden space 3584K, 99% used [0x00000000eab00000,0x00000000eae7fff8,0x00000000eae80000)
  from space 2048K, 100% used [0x00000000eae80000,0x00000000eb080000,0x00000000eb080000)
  to   space 5120K, 0% used [0x00000000eb400000,0x00000000eb400000,0x00000000eb900000)
 ParOldGen       total 111104K, used 93028K [0x00000000c0000000, 0x00000000c6c80000, 0x00000000eab00000)
  object space 111104K, 83% used [0x00000000c0000000,0x00000000c5ad9128,0x00000000c6c80000)
 Metaspace       used 84797K, committed 85952K, reserved 1179648K
  class space    used 8638K, committed 9152K, reserved 1048576K
}

Dll operation events (11 events):
Event: 0.012 Loaded shared library c:\Users\vinyl\.vscode\extensions\redhat.java-1.18.0-win32-x64\jre\17.0.7-win32-x86_64\bin\java.dll
Event: 0.168 Loaded shared library c:\Users\vinyl\.vscode\extensions\redhat.java-1.18.0-win32-x64\jre\17.0.7-win32-x86_64\bin\zip.dll
Event: 0.171 Loaded shared library C:\Users\vinyl\.vscode\extensions\redhat.java-1.18.0-win32-x64\jre\17.0.7-win32-x86_64\bin\instrument.dll
Event: 0.191 Loaded shared library C:\Users\vinyl\.vscode\extensions\redhat.java-1.18.0-win32-x64\jre\17.0.7-win32-x86_64\bin\net.dll
Event: 0.214 Loaded shared library C:\Users\vinyl\.vscode\extensions\redhat.java-1.18.0-win32-x64\jre\17.0.7-win32-x86_64\bin\nio.dll
Event: 0.225 Loaded shared library C:\Users\vinyl\.vscode\extensions\redhat.java-1.18.0-win32-x64\jre\17.0.7-win32-x86_64\bin\zip.dll
Event: 0.242 Loaded shared library C:\Users\vinyl\.vscode\extensions\redhat.java-1.18.0-win32-x64\jre\17.0.7-win32-x86_64\bin\jimage.dll
Event: 0.299 Loaded shared library c:\Users\vinyl\.vscode\extensions\redhat.java-1.18.0-win32-x64\jre\17.0.7-win32-x86_64\bin\verify.dll
Event: 1.414 Loaded shared library C:\Users\vinyl\AppData\Roaming\Code\User\globalStorage\redhat.java\1.18.0\config_win\org.eclipse.equinox.launcher\org.eclipse.equinox.launcher.win32.win32.x86_64_1.2.700.v20221108-1024\eclipse_11801.dll
Event: 3.670 Loaded shared library C:\Users\vinyl\AppData\Local\Temp\jna-112213102\jna664940200135781391.dll
Event: 50.160 Loaded shared library C:\Users\vinyl\.vscode\extensions\redhat.java-1.18.0-win32-x64\jre\17.0.7-win32-x86_64\bin\sunmscapi.dll

Deoptimization events (20 events):
Event: 245.075 Thread 0x0000026837146a00 Uncommon trap: trap_request=0xffffffde fr.pc=0x000002682799f9a8 relative=0x0000000000001268
Event: 245.075 Thread 0x0000026837146a00 Uncommon trap: reason=class_check action=maybe_recompile pc=0x000002682799f9a8 method=org.eclipse.jdt.internal.compiler.parser.Parser.endParse(I)Lorg/eclipse/jdt/internal/compiler/ast/CompilationUnitDeclaration; @ 13 c2
Event: 245.075 Thread 0x0000026837146a00 DEOPT PACKING pc=0x000002682799f9a8 sp=0x0000006c555feca0
Event: 245.075 Thread 0x0000026837146a00 DEOPT UNPACKING pc=0x00000268263f66a3 sp=0x0000006c555fec88 mode 2
Event: 245.118 Thread 0x0000026837146a00 Uncommon trap: trap_request=0xffffffde fr.pc=0x000002682799f9a8 relative=0x0000000000001268
Event: 245.118 Thread 0x0000026837146a00 Uncommon trap: reason=class_check action=maybe_recompile pc=0x000002682799f9a8 method=org.eclipse.jdt.internal.compiler.parser.Parser.endParse(I)Lorg/eclipse/jdt/internal/compiler/ast/CompilationUnitDeclaration; @ 13 c2
Event: 245.118 Thread 0x0000026837146a00 DEOPT PACKING pc=0x000002682799f9a8 sp=0x0000006c555feca0
Event: 245.118 Thread 0x0000026837146a00 DEOPT UNPACKING pc=0x00000268263f66a3 sp=0x0000006c555fec88 mode 2
Event: 245.895 Thread 0x0000026837149550 Uncommon trap: trap_request=0xffffffe4 fr.pc=0x00000268278d7780 relative=0x0000000000000120
Event: 245.895 Thread 0x0000026837149550 Uncommon trap: reason=range_check action=make_not_entrant pc=0x00000268278d7780 method=org.eclipse.jdt.internal.compiler.parser.Scanner.internalScanIdentifierOrKeyword(II[C)I @ 2 c2
Event: 245.895 Thread 0x0000026837149550 DEOPT PACKING pc=0x00000268278d7780 sp=0x0000006c55bfebe0
Event: 245.895 Thread 0x0000026837149550 DEOPT UNPACKING pc=0x00000268263f66a3 sp=0x0000006c55bfeb90 mode 2
Event: 247.071 Thread 0x0000026837148210 Uncommon trap: trap_request=0xffffffe4 fr.pc=0x00000268277b0cd4 relative=0x00000000000011b4
Event: 247.071 Thread 0x0000026836e561a0 Uncommon trap: trap_request=0xffffffe4 fr.pc=0x00000268277b0cd4 relative=0x00000000000011b4
Event: 247.071 Thread 0x0000026837148210 Uncommon trap: reason=range_check action=make_not_entrant pc=0x00000268277b0cd4 method=org.eclipse.jdt.internal.core.index.DiskIndex.addQueryResults([[C[CILorg/eclipse/jdt/internal/core/index/MemoryIndex;)Lorg/eclipse/jdt/internal/compiler/util/HashtableO
Event: 247.071 Thread 0x0000026836e561a0 Uncommon trap: reason=range_check action=make_not_entrant pc=0x00000268277b0cd4 method=org.eclipse.jdt.internal.core.index.DiskIndex.addQueryResults([[C[CILorg/eclipse/jdt/internal/core/index/MemoryIndex;)Lorg/eclipse/jdt/internal/compiler/util/HashtableO
Event: 247.071 Thread 0x0000026837148210 DEOPT PACKING pc=0x00000268277b0cd4 sp=0x0000006c55afeb10
Event: 247.071 Thread 0x0000026836e561a0 DEOPT PACKING pc=0x00000268277b0cd4 sp=0x0000006c561fed50
Event: 247.071 Thread 0x0000026837148210 DEOPT UNPACKING pc=0x00000268263f66a3 sp=0x0000006c55afead0 mode 2
Event: 247.071 Thread 0x0000026836e561a0 DEOPT UNPACKING pc=0x00000268263f66a3 sp=0x0000006c561fed10 mode 2

Classes unloaded (18 events):
Event: 2.325 Thread 0x0000026830069b30 Unloading class 0x0000000100216400 'java/lang/invoke/LambdaForm$MH+0x0000000100216400'
Event: 2.325 Thread 0x0000026830069b30 Unloading class 0x0000000100216000 'java/lang/invoke/LambdaForm$MH+0x0000000100216000'
Event: 2.325 Thread 0x0000026830069b30 Unloading class 0x0000000100215c00 'java/lang/invoke/LambdaForm$MH+0x0000000100215c00'
Event: 2.325 Thread 0x0000026830069b30 Unloading class 0x0000000100215800 'java/lang/invoke/LambdaForm$MH+0x0000000100215800'
Event: 2.325 Thread 0x0000026830069b30 Unloading class 0x0000000100215000 'java/lang/invoke/LambdaForm$BMH+0x0000000100215000'
Event: 2.325 Thread 0x0000026830069b30 Unloading class 0x0000000100214c00 'java/lang/invoke/LambdaForm$DMH+0x0000000100214c00'
Event: 2.325 Thread 0x0000026830069b30 Unloading class 0x0000000100212000 'java/lang/invoke/LambdaForm$DMH+0x0000000100212000'
Event: 9.172 Thread 0x0000026830069b30 Unloading class 0x000000010068a400 'java/lang/invoke/LambdaForm$DMH+0x000000010068a400'
Event: 9.172 Thread 0x0000026830069b30 Unloading class 0x000000010068a000 'java/lang/invoke/LambdaForm$DMH+0x000000010068a000'
Event: 9.172 Thread 0x0000026830069b30 Unloading class 0x0000000100689c00 'java/lang/invoke/LambdaForm$DMH+0x0000000100689c00'
Event: 9.172 Thread 0x0000026830069b30 Unloading class 0x0000000100689400 'java/lang/invoke/LambdaForm$DMH+0x0000000100689400'
Event: 9.172 Thread 0x0000026830069b30 Unloading class 0x0000000100689000 'java/lang/invoke/LambdaForm$DMH+0x0000000100689000'
Event: 9.172 Thread 0x0000026830069b30 Unloading class 0x0000000100688c00 'java/lang/invoke/LambdaForm$DMH+0x0000000100688c00'
Event: 9.172 Thread 0x0000026830069b30 Unloading class 0x0000000100688800 'java/lang/invoke/LambdaForm$DMH+0x0000000100688800'
Event: 9.172 Thread 0x0000026830069b30 Unloading class 0x0000000100688400 'java/lang/invoke/LambdaForm$DMH+0x0000000100688400'
Event: 9.172 Thread 0x0000026830069b30 Unloading class 0x0000000100680400 'java/lang/invoke/LambdaForm$DMH+0x0000000100680400'
Event: 9.172 Thread 0x0000026830069b30 Unloading class 0x0000000100680000 'java/lang/invoke/LambdaForm$DMH+0x0000000100680000'
Event: 10.441 Thread 0x0000026830069b30 Unloading class 0x00000001006b4400 'java/lang/invoke/LambdaForm$DMH+0x00000001006b4400'

Classes redefined (0 events):
No events

Internal exceptions (20 events):
Event: 238.985 Thread 0x0000026837146a00 Exception <a 'sun/nio/fs/WindowsException'{0x00000000eabd7f10}> (0x00000000eabd7f10) 
thrown [s\src\hotspot\share\prims\jni.cpp, line 516]
Event: 239.831 Thread 0x0000026837149550 Exception <a 'java/lang/NegativeArraySizeException'{0x00000000eac089e8}: -2> (0x00000000eac089e8) 
thrown [s\src\hotspot\share\oops\klass.cpp, line 657]
Event: 240.367 Thread 0x0000026837148210 Implicit null exception at 0x00000268279df139 to 0x00000268279df510
Event: 240.367 Thread 0x0000026837148210 Implicit null exception at 0x00000268279de5c0 to 0x00000268279de940
Event: 240.679 Thread 0x0000026837146a00 Exception <a 'sun/nio/fs/WindowsException'{0x00000000eabf5900}> (0x00000000eabf5900) 
thrown [s\src\hotspot\share\prims\jni.cpp, line 516]
Event: 240.785 Thread 0x0000026837146a00 Exception <a 'sun/nio/fs/WindowsException'{0x00000000eab007e8}> (0x00000000eab007e8) 
thrown [s\src\hotspot\share\prims\jni.cpp, line 516]
Event: 242.360 Thread 0x0000026837146530 Exception <a 'java/lang/ArrayIndexOutOfBoundsException'{0x00000000ead4a0a8}: Index 28688 out of bounds for length 28688> (0x00000000ead4a0a8) 
thrown [s\src\hotspot\share\interpreter\interpreterRuntime.cpp, line 428]
Event: 242.392 Thread 0x0000026837146530 Exception <a 'java/lang/ArrayIndexOutOfBoundsException'{0x00000000eb363810}> (0x00000000eb363810) 
thrown [s\src\hotspot\share\runtime\sharedRuntime.cpp, line 628]
Event: 242.394 Thread 0x0000026837146530 Exception <a 'java/lang/ClassCastException'{0x00000000eb39cae0}> (0x00000000eb39cae0) 
thrown [s\src\hotspot\share\runtime\sharedRuntime.cpp, line 628]
Event: 242.394 Thread 0x0000026837146530 Exception <a 'java/lang/ClassCastException'{0x00000000eb39d308}> (0x00000000eb39d308) 
thrown [s\src\hotspot\share\runtime\sharedRuntime.cpp, line 628]
Event: 242.394 Thread 0x0000026837146530 Exception <a 'java/lang/ClassCastException'{0x00000000eb39d770}> (0x00000000eb39d770) 
thrown [s\src\hotspot\share\runtime\sharedRuntime.cpp, line 628]
Event: 242.394 Thread 0x0000026837146530 Exception <a 'java/lang/ClassCastException'{0x00000000eb39de28}> (0x00000000eb39de28) 
thrown [s\src\hotspot\share\runtime\sharedRuntime.cpp, line 628]
Event: 243.207 Thread 0x0000026836e57010 Exception <a 'java/lang/ArrayIndexOutOfBoundsException'{0x00000000eafb8550}: Index 28695 out of bounds for length 28695> (0x00000000eafb8550) 
thrown [s\src\hotspot\share\interpreter\interpreterRuntime.cpp, line 428]
Event: 244.173 Thread 0x0000026837146a00 Exception <a 'sun/nio/fs/WindowsException'{0x00000000eac4d568}> (0x00000000eac4d568) 
thrown [s\src\hotspot\share\prims\jni.cpp, line 516]
Event: 244.312 Thread 0x0000026837146a00 Exception <a 'sun/nio/fs/WindowsException'{0x00000000eab5e340}> (0x00000000eab5e340) 
thrown [s\src\hotspot\share\prims\jni.cpp, line 516]
Event: 245.895 Thread 0x0000026837149550 Exception <a 'java/lang/ArrayIndexOutOfBoundsException'{0x00000000eac15d70}: Index -1 out of bounds for length 28696> (0x00000000eac15d70) 
thrown [s\src\hotspot\share\interpreter\interpreterRuntime.cpp, line 428]
Event: 246.787 Thread 0x0000026837146a00 Exception <a 'sun/nio/fs/WindowsException'{0x00000000ead361f0}> (0x00000000ead361f0) 
thrown [s\src\hotspot\share\prims\jni.cpp, line 516]
Event: 246.954 Thread 0x0000026837146a00 Exception <a 'sun/nio/fs/WindowsException'{0x00000000eab3da30}> (0x00000000eab3da30) 
thrown [s\src\hotspot\share\prims\jni.cpp, line 516]
Event: 247.071 Thread 0x0000026837148210 Exception <a 'java/lang/ArrayIndexOutOfBoundsException'{0x00000000ead4c388}: Index 0 out of bounds for length 0> (0x00000000ead4c388) 
thrown [s\src\hotspot\share\interpreter\interpreterRuntime.cpp, line 428]
Event: 247.071 Thread 0x0000026836e561a0 Exception <a 'java/lang/ArrayIndexOutOfBoundsException'{0x00000000ead4ce78}: Index 0 out of bounds for length 0> (0x00000000ead4ce78) 
thrown [s\src\hotspot\share\interpreter\interpreterRuntime.cpp, line 428]

VM Operations (20 events):
Event: 246.950 Executing VM operation: ParallelGCFailedAllocation done
Event: 246.962 Executing VM operation: ParallelGCFailedAllocation
Event: 246.964 Executing VM operation: ParallelGCFailedAllocation done
Event: 246.972 Executing VM operation: ParallelGCFailedAllocation
Event: 246.974 Executing VM operation: ParallelGCFailedAllocation done
Event: 246.981 Executing VM operation: ParallelGCFailedAllocation
Event: 246.983 Executing VM operation: ParallelGCFailedAllocation done
Event: 246.992 Executing VM operation: ParallelGCFailedAllocation
Event: 246.995 Executing VM operation: ParallelGCFailedAllocation done
Event: 247.005 Executing VM operation: ParallelGCFailedAllocation
Event: 247.008 Executing VM operation: ParallelGCFailedAllocation done
Event: 247.017 Executing VM operation: ParallelGCFailedAllocation
Event: 247.020 Executing VM operation: ParallelGCFailedAllocation done
Event: 247.035 Executing VM operation: ParallelGCFailedAllocation
Event: 247.038 Executing VM operation: ParallelGCFailedAllocation done
Event: 247.052 Executing VM operation: ParallelGCFailedAllocation
Event: 247.054 Executing VM operation: ParallelGCFailedAllocation done
Event: 247.062 Executing VM operation: ParallelGCFailedAllocation
Event: 247.064 Executing VM operation: ParallelGCFailedAllocation done
Event: 247.082 Executing VM operation: ParallelGCFailedAllocation

Events (20 events):
Event: 244.016 Thread 0x00000268353b2de0 flushing nmethod 0x00000268205dc610
Event: 244.016 Thread 0x00000268353b2de0 flushing nmethod 0x00000268205e5590
Event: 244.016 Thread 0x00000268353b2de0 flushing nmethod 0x00000268205e5a90
Event: 244.016 Thread 0x00000268353b2de0 flushing nmethod 0x0000026820641a10
Event: 244.016 Thread 0x00000268353b2de0 flushing nmethod 0x0000026820696d10
Event: 244.016 Thread 0x00000268353b2de0 flushing nmethod 0x00000268206dfa90
Event: 244.017 Thread 0x00000268353b2de0 flushing nmethod 0x000002682075f310
Event: 244.017 Thread 0x00000268353b2de0 flushing nmethod 0x000002682076a410
Event: 244.017 Thread 0x00000268353b2de0 flushing nmethod 0x000002682076e410
Event: 244.017 Thread 0x00000268353b2de0 flushing nmethod 0x000002682081a310
Event: 244.018 Thread 0x00000268353b2de0 flushing nmethod 0x0000026820933110
Event: 244.018 Thread 0x00000268353b2de0 flushing nmethod 0x000002682094f490
Event: 244.019 Thread 0x00000268353b2de0 flushing nmethod 0x00000268209ac710
Event: 244.019 Thread 0x00000268353b2de0 flushing nmethod 0x0000026820a3e890
Event: 244.019 Thread 0x00000268353b2de0 flushing nmethod 0x0000026820a73590
Event: 244.020 Thread 0x00000268353b2de0 flushing nmethod 0x0000026820b96790
Event: 244.020 Thread 0x00000268353b2de0 flushing nmethod 0x0000026820bb1590
Event: 244.020 Thread 0x00000268353b2de0 flushing nmethod 0x0000026820bb2710
Event: 244.020 Thread 0x00000268353b2de0 flushing nmethod 0x0000026820bb4410
Event: 244.020 Thread 0x00000268353b2de0 flushing nmethod 0x0000026820bb7190


Dynamic libraries:
0x00007ff714350000 - 0x00007ff71435e000 	c:\Users\vinyl\.vscode\extensions\redhat.java-1.18.0-win32-x64\jre\17.0.7-win32-x86_64\bin\java.exe
0x00007ffdc3630000 - 0x00007ffdc3844000 	C:\WINDOWS\SYSTEM32\ntdll.dll
0x00007ffdc2540000 - 0x00007ffdc2602000 	C:\WINDOWS\System32\KERNEL32.DLL
0x00007ffdc0b60000 - 0x00007ffdc0f03000 	C:\WINDOWS\System32\KERNELBASE.dll
0x00007ffdc0f10000 - 0x00007ffdc1021000 	C:\WINDOWS\System32\ucrtbase.dll
0x00007ffdbcdf0000 - 0x00007ffdbce07000 	c:\Users\vinyl\.vscode\extensions\redhat.java-1.18.0-win32-x64\jre\17.0.7-win32-x86_64\bin\jli.dll
0x00007ffdbd350000 - 0x00007ffdbd369000 	c:\Users\vinyl\.vscode\extensions\redhat.java-1.18.0-win32-x64\jre\17.0.7-win32-x86_64\bin\VCRUNTIME140.dll
0x00007ffdc27d0000 - 0x00007ffdc297b000 	C:\WINDOWS\System32\USER32.dll
0x00007ffdc1380000 - 0x00007ffdc13a6000 	C:\WINDOWS\System32\win32u.dll
0x00007ffda4400000 - 0x00007ffda468e000 	C:\WINDOWS\WinSxS\amd64_microsoft.windows.common-controls_6595b64144ccf1df_6.0.22621.1635_none_270f70857386168e\COMCTL32.dll
0x00007ffdc2500000 - 0x00007ffdc2529000 	C:\WINDOWS\System32\GDI32.dll
0x00007ffdc1260000 - 0x00007ffdc1378000 	C:\WINDOWS\System32\gdi32full.dll
0x00007ffdc17f0000 - 0x00007ffdc1897000 	C:\WINDOWS\System32\msvcrt.dll
0x00007ffdc0a50000 - 0x00007ffdc0aea000 	C:\WINDOWS\System32\msvcp_win.dll
0x00007ffdc1430000 - 0x00007ffdc1461000 	C:\WINDOWS\System32\IMM32.DLL
0x00007ffdbd330000 - 0x00007ffdbd33c000 	c:\Users\vinyl\.vscode\extensions\redhat.java-1.18.0-win32-x64\jre\17.0.7-win32-x86_64\bin\vcruntime140_1.dll
0x00007ffda8a70000 - 0x00007ffda8b01000 	c:\Users\vinyl\.vscode\extensions\redhat.java-1.18.0-win32-x64\jre\17.0.7-win32-x86_64\bin\msvcp140.dll
0x00007ffd661a0000 - 0x00007ffd66de8000 	c:\Users\vinyl\.vscode\extensions\redhat.java-1.18.0-win32-x64\jre\17.0.7-win32-x86_64\bin\server\jvm.dll
0x00007ffdc2b80000 - 0x00007ffdc2c2e000 	C:\WINDOWS\System32\ADVAPI32.dll
0x00007ffdc1ec0000 - 0x00007ffdc1f64000 	C:\WINDOWS\System32\sechost.dll
0x00007ffdc2610000 - 0x00007ffdc2727000 	C:\WINDOWS\System32\RPCRT4.dll
0x00007ffdbcdd0000 - 0x00007ffdbcdd9000 	C:\WINDOWS\SYSTEM32\WSOCK32.dll
0x00007ffdc2750000 - 0x00007ffdc27c1000 	C:\WINDOWS\System32\WS2_32.dll
0x00007ffdb8070000 - 0x00007ffdb80a4000 	C:\WINDOWS\SYSTEM32\WINMM.dll
0x00007ffdb80d0000 - 0x00007ffdb80da000 	C:\WINDOWS\SYSTEM32\VERSION.dll
0x00007ffdbfa60000 - 0x00007ffdbfa78000 	C:\WINDOWS\SYSTEM32\kernel.appcore.dll
0x00007ffdbd2c0000 - 0x00007ffdbd2ca000 	c:\Users\vinyl\.vscode\extensions\redhat.java-1.18.0-win32-x64\jre\17.0.7-win32-x86_64\bin\jimage.dll
0x00007ffdbe670000 - 0x00007ffdbe89e000 	C:\WINDOWS\SYSTEM32\DBGHELP.DLL
0x00007ffdc1f70000 - 0x00007ffdc22f9000 	C:\WINDOWS\System32\combase.dll
0x00007ffdc2980000 - 0x00007ffdc2a57000 	C:\WINDOWS\System32\OLEAUT32.dll
0x00007ffda9760000 - 0x00007ffda9792000 	C:\WINDOWS\SYSTEM32\dbgcore.DLL
0x00007ffdc13b0000 - 0x00007ffdc142b000 	C:\WINDOWS\System32\bcryptPrimitives.dll
0x00007ffdbcec0000 - 0x00007ffdbcece000 	c:\Users\vinyl\.vscode\extensions\redhat.java-1.18.0-win32-x64\jre\17.0.7-win32-x86_64\bin\instrument.dll
0x00007ffdaf240000 - 0x00007ffdaf265000 	c:\Users\vinyl\.vscode\extensions\redhat.java-1.18.0-win32-x64\jre\17.0.7-win32-x86_64\bin\java.dll
0x00007ffdb0ab0000 - 0x00007ffdb0ac8000 	c:\Users\vinyl\.vscode\extensions\redhat.java-1.18.0-win32-x64\jre\17.0.7-win32-x86_64\bin\zip.dll
0x00007ffdc2c30000 - 0x00007ffdc342a000 	C:\WINDOWS\System32\SHELL32.dll
0x00007ffdbea00000 - 0x00007ffdbf2ce000 	C:\WINDOWS\SYSTEM32\windows.storage.dll
0x00007ffdbe8b0000 - 0x00007ffdbe9ee000 	C:\WINDOWS\SYSTEM32\wintypes.dll
0x00007ffdc16a0000 - 0x00007ffdc1791000 	C:\WINDOWS\System32\SHCORE.dll
0x00007ffdc18c0000 - 0x00007ffdc191e000 	C:\WINDOWS\System32\shlwapi.dll
0x00007ffdc0980000 - 0x00007ffdc09a1000 	C:\WINDOWS\SYSTEM32\profapi.dll
0x00007ffdb3500000 - 0x00007ffdb3519000 	C:\Users\vinyl\.vscode\extensions\redhat.java-1.18.0-win32-x64\jre\17.0.7-win32-x86_64\bin\net.dll
0x00007ffdb8be0000 - 0x00007ffdb8d17000 	C:\WINDOWS\SYSTEM32\WINHTTP.dll
0x00007ffdbfec0000 - 0x00007ffdbff29000 	C:\WINDOWS\system32\mswsock.dll
0x00007ffdb0230000 - 0x00007ffdb0245000 	C:\Users\vinyl\.vscode\extensions\redhat.java-1.18.0-win32-x64\jre\17.0.7-win32-x86_64\bin\nio.dll
0x00007ffdbcde0000 - 0x00007ffdbcdf0000 	c:\Users\vinyl\.vscode\extensions\redhat.java-1.18.0-win32-x64\jre\17.0.7-win32-x86_64\bin\verify.dll
0x00007ffda8b30000 - 0x00007ffda8b6e000 	C:\Users\vinyl\AppData\Roaming\Code\User\globalStorage\redhat.java\1.18.0\config_win\org.eclipse.equinox.launcher\org.eclipse.equinox.launcher.win32.win32.x86_64_1.2.700.v20221108-1024\eclipse_11801.dll
0x00007ffdc1470000 - 0x00007ffdc160c000 	C:\WINDOWS\System32\ole32.dll
0x00007ffdc0340000 - 0x00007ffdc035b000 	C:\WINDOWS\SYSTEM32\CRYPTSP.dll
0x00007ffdbf9d0000 - 0x00007ffdbfa05000 	C:\WINDOWS\system32\rsaenh.dll
0x00007ffdbff60000 - 0x00007ffdbff88000 	C:\WINDOWS\SYSTEM32\USERENV.dll
0x00007ffdc0380000 - 0x00007ffdc03a8000 	C:\WINDOWS\SYSTEM32\bcrypt.dll
0x00007ffdc00c0000 - 0x00007ffdc00cc000 	C:\WINDOWS\SYSTEM32\CRYPTBASE.dll
0x00007ffdbf530000 - 0x00007ffdbf55d000 	C:\WINDOWS\SYSTEM32\IPHLPAPI.DLL
0x00007ffdc2730000 - 0x00007ffdc2739000 	C:\WINDOWS\System32\NSI.dll
0x00007ffdb8740000 - 0x00007ffdb8759000 	C:\WINDOWS\SYSTEM32\dhcpcsvc6.DLL
0x00007ffdb8720000 - 0x00007ffdb873f000 	C:\WINDOWS\SYSTEM32\dhcpcsvc.DLL
0x00007ffdbf5a0000 - 0x00007ffdbf693000 	C:\WINDOWS\SYSTEM32\DNSAPI.dll
0x00007ffda89e0000 - 0x00007ffda8a25000 	C:\Users\vinyl\AppData\Local\Temp\jna-112213102\jna664940200135781391.dll
0x00007ffdc2740000 - 0x00007ffdc2748000 	C:\WINDOWS\System32\PSAPI.DLL
0x00007ffdb39d0000 - 0x00007ffdb39de000 	C:\Users\vinyl\.vscode\extensions\redhat.java-1.18.0-win32-x64\jre\17.0.7-win32-x86_64\bin\sunmscapi.dll
0x00007ffdc1030000 - 0x00007ffdc1197000 	C:\WINDOWS\System32\CRYPT32.dll
0x00007ffdc0210000 - 0x00007ffdc023e000 	C:\WINDOWS\SYSTEM32\ncrypt.dll
0x00007ffdc01d0000 - 0x00007ffdc0207000 	C:\WINDOWS\SYSTEM32\NTASN1.dll
0x00007ffdaf100000 - 0x00007ffdaf108000 	C:\WINDOWS\system32\wshunix.dll

dbghelp: loaded successfully - version: 4.0.5 - missing functions: none
symbol engine: initialized successfully - sym options: 0x614 - pdb path: .;c:\Users\vinyl\.vscode\extensions\redhat.java-1.18.0-win32-x64\jre\17.0.7-win32-x86_64\bin;C:\WINDOWS\SYSTEM32;C:\WINDOWS\WinSxS\amd64_microsoft.windows.common-controls_6595b64144ccf1df_6.0.22621.1635_none_270f70857386168e;c:\Users\vinyl\.vscode\extensions\redhat.java-1.18.0-win32-x64\jre\17.0.7-win32-x86_64\bin\server;C:\Users\vinyl\AppData\Roaming\Code\User\globalStorage\redhat.java\1.18.0\config_win\org.eclipse.equinox.launcher\org.eclipse.equinox.launcher.win32.win32.x86_64_1.2.700.v20221108-1024;C:\Users\vinyl\AppData\Local\Temp\jna-112213102

VM Arguments:
jvm_args: --add-modules=ALL-SYSTEM --add-opens=java.base/java.util=ALL-UNNAMED --add-opens=java.base/java.lang=ALL-UNNAMED --add-opens=java.base/sun.nio.fs=ALL-UNNAMED -Declipse.application=org.eclipse.jdt.ls.core.id1 -Dosgi.bundles.defaultStartLevel=4 -Declipse.product=org.eclipse.jdt.ls.core.product -Djava.import.generatesMetadataFilesAtProjectRoot=false -Dfile.encoding=utf8 -XX:+UseParallelGC -XX:GCTimeRatio=4 -XX:AdaptiveSizePolicyWeight=90 -Dsun.zip.disableMemoryMapping=true -Xmx1G -Xms100m -Xlog:disable -javaagent:c:\Users\vinyl\.vscode\extensions\redhat.java-1.18.0-win32-x64\lombok\lombok-1.18.27.jar -XX:+HeapDumpOnOutOfMemoryError -XX:HeapDumpPath=c:\Users\vinyl\AppData\Roaming\Code\User\workspaceStorage\cf325b8df748eba499f6fbcf85c42d1c\redhat.java -Daether.dependencyCollector.impl=bf 
java_command: c:\Users\vinyl\.vscode\extensions\redhat.java-1.18.0-win32-x64\server\plugins\org.eclipse.equinox.launcher_1.6.400.v20210924-0641.jar -configuration c:\Users\vinyl\AppData\Roaming\Code\User\globalStorage\redhat.java\1.18.0\config_win -data c:\Users\vinyl\AppData\Roaming\Code\User\workspaceStorage\cf325b8df748eba499f6fbcf85c42d1c\redhat.java\jdt_ws
java_class_path (initial): c:\Users\vinyl\.vscode\extensions\redhat.java-1.18.0-win32-x64\server\plugins\org.eclipse.equinox.launcher_1.6.400.v20210924-0641.jar
Launcher Type: SUN_STANDARD

[Global flags]
    uintx AdaptiveSizePolicyWeight                 = 90                                        {product} {command line}
     intx CICompilerCount                          = 4                                         {product} {ergonomic}
    uintx GCTimeRatio                              = 4                                         {product} {command line}
     bool HeapDumpOnOutOfMemoryError               = true                                   {manageable} {command line}
    ccstr HeapDumpPath                             = c:\Users\vinyl\AppData\Roaming\Code\User\workspaceStorage\cf325b8df748eba499f6fbcf85c42d1c\redhat.java         {manageable} {command line}
   size_t InitialHeapSize                          = 104857600                                 {product} {command line}
   size_t MaxHeapSize                              = 1073741824                                {product} {command line}
   size_t MaxNewSize                               = 357564416                                 {product} {ergonomic}
   size_t MinHeapDeltaBytes                        = 524288                                    {product} {ergonomic}
   size_t MinHeapSize                              = 104857600                                 {product} {command line}
   size_t NewSize                                  = 34603008                                  {product} {ergonomic}
    uintx NonNMethodCodeHeapSize                   = 5839372                                {pd product} {ergonomic}
    uintx NonProfiledCodeHeapSize                  = 122909434                              {pd product} {ergonomic}
   size_t OldSize                                  = 70254592                                  {product} {ergonomic}
    uintx ProfiledCodeHeapSize                     = 122909434                              {pd product} {ergonomic}
    uintx ReservedCodeCacheSize                    = 251658240                              {pd product} {ergonomic}
     bool SegmentedCodeCache                       = true                                      {product} {ergonomic}
   size_t SoftMaxHeapSize                          = 1073741824                             {manageable} {ergonomic}
     bool UseCompressedClassPointers               = true                           {product lp64_product} {ergonomic}
     bool UseCompressedOops                        = true                           {product lp64_product} {ergonomic}
     bool UseLargePagesIndividualAllocation        = false                                  {pd product} {ergonomic}
     bool UseParallelGC                            = true                                      {product} {command line}

Logging:
Log output configuration:
 #0: stdout all=off uptime,level,tags
 #1: stderr all=off uptime,level,tags

Environment Variables:
PATH=C:\Program Files\Eclipse Adoptium\jdk-17.0.6.10-hotspot\bin;C:\Program Files\Common Files\Oracle\Java\javapath;C:\Program Files (x86)\Common Files\Oracle\Java\javapath;C:\Python310\Scripts\;C:\Python310\;C:\WINDOWS\system32;C:\WINDOWS;C:\WINDOWS\System32\Wbem;C:\WINDOWS\System32\OpenSSH\;C:\Program Files\nodejs\;C:\ProgramData\chocolatey\bin;C:\Program Files\PuTTY\;C:\Program Files (x86)\Microsoft SQL Server\150\DTS\Binn\;C:\Program Files\Azure Data Studio\bin;C:\WINDOWS\System32\WindowsPowerShell\v1.0\;C:\Program Files\Git\cmd;C:\Program Files\Docker\Docker\resources\bin;C:\Users\vinyl\AppData\Local\Microsoft\WindowsApps;C:\php-8.1.5-nts-Win32-vs16-x64;C:\Users\vinyl\AppData\Local\Programs\Microsoft VS Code\bin;C:\Users\vinyl\AppData\Roaming\npm;C:\Program Files\Azure Data Studio\bin;C:\MinGW\bin;
USERNAME=vinyl
OS=Windows_NT
PROCESSOR_IDENTIFIER=AMD64 Family 23 Model 24 Stepping 1, AuthenticAMD
TMP=C:\Users\vinyl\AppData\Local\Temp
TEMP=C:\Users\vinyl\AppData\Local\Temp



---------------  S Y S T E M  ---------------

OS:
 Windows 11 , 64 bit Build 22621 (10.0.22621.1635)
OS uptime: 0 days 23:30 hours
Hyper-V role detected

CPU: total 8 (initial active 8) (8 cores per cpu, 2 threads per core) family 23 model 24 stepping 1 microcode 0x0, cx8, cmov, fxsr, ht, mmx, 3dnowpref, sse, sse2, sse3, ssse3, sse4a, sse4.1, sse4.2, popcnt, lzcnt, tsc, tscinvbit, avx, avx2, aes, clmul, bmi1, bmi2, adx, sha, fma, vzeroupper, clflush, clflushopt, hv

Memory: 4k page, system-wide physical 10116M (2636M free)
TotalPageFile size 24452M (AvailPageFile size 13098M)
current process WorkingSet (physical memory assigned to process): 426M, peak: 485M
current process commit charge ("private bytes"): 453M, peak: 520M

vm_info: OpenJDK 64-Bit Server VM (17.0.7+7) for windows-amd64 JRE (17.0.7+7), built on Apr 18 2023 22:10:42 by "temurin" with MS VC++ 16.7 (VS2019)

END.
