#
# A fatal error has been detected by the Java Runtime Environment:
#
#  EXCEPTION_ACCESS_VIOLATION (0xc0000005) at pc=0x00007ffde45c1322, pid=18976, tid=8600
#
# JRE version: OpenJDK Runtime Environment Temurin-17.0.7+7 (17.0.7+7) (build 17.0.7+7)
# Java VM: OpenJDK 64-Bit Server VM Temurin-17.0.7+7 (17.0.7+7, mixed mode, tiered, compressed oops, compressed class ptrs, parallel gc, windows-amd64)
# Problematic frame:
# V  [jvm.dll+0x581322]
#
# No core dump will be written. Minidumps are not enabled by default on client versions of Windows
#
# If you would like to submit a bug report, please visit:
#   https://github.com/adoptium/adoptium-support/issues
#

---------------  S U M M A R Y ------------

Command Line: --add-modules=ALL-SYSTEM --add-opens=java.base/java.util=ALL-UNNAMED --add-opens=java.base/java.lang=ALL-UNNAMED --add-opens=java.base/sun.nio.fs=ALL-UNNAMED -Declipse.application=org.eclipse.jdt.ls.core.id1 -Dosgi.bundles.defaultStartLevel=4 -Declipse.product=org.eclipse.jdt.ls.core.product -Djava.import.generatesMetadataFilesAtProjectRoot=false -Dfile.encoding=utf8 -XX:+UseParallelGC -XX:GCTimeRatio=4 -XX:AdaptiveSizePolicyWeight=90 -Dsun.zip.disableMemoryMapping=true -Xmx1G -Xms100m -Xlog:disable -javaagent:c:\Users\vinyl\.vscode\extensions\redhat.java-1.18.0-win32-x64\lombok\lombok-1.18.27.jar -XX:+HeapDumpOnOutOfMemoryError -XX:HeapDumpPath=c:\Users\vinyl\AppData\Roaming\Code\User\workspaceStorage\cf325b8df748eba499f6fbcf85c42d1c\redhat.java -Daether.dependencyCollector.impl=bf c:\Users\vinyl\.vscode\extensions\redhat.java-1.18.0-win32-x64\server\plugins\org.eclipse.equinox.launcher_1.6.400.v20210924-0641.jar -configuration c:\Users\vinyl\AppData\Roaming\Code\User\globalStorage\redhat.java\1.18.0\config_win -data c:\Users\vinyl\AppData\Roaming\Code\User\workspaceStorage\cf325b8df748eba499f6fbcf85c42d1c\redhat.java\jdt_ws

Host: AMD Ryzen 5 3500U with Radeon Vega Mobile Gfx  , 8 cores, 9G,  Windows 11 , 64 bit Build 22621 (10.0.22621.1344)
Time: Thu May 11 19:49:28 2023 Hora oficial do Brasil elapsed time: 6.662905 seconds (0d 0h 0m 6s)

---------------  T H R E A D  ---------------

Current thread (0x000001cef1d2ffd0):  JavaThread "C2 CompilerThread0" daemon [_thread_in_native, id=8600, stack(0x0000000100f00000,0x0000000101000000)]


Current CompileTask:
C2:   6663 3797   !   4       org.eclipse.osgi.internal.loader.classpath.ClasspathManager::defineClass (636 bytes)

Stack: [0x0000000100f00000,0x0000000101000000],  sp=0x0000000100ffa910,  free space=1002k
Native frames: (J=compiled Java code, j=interpreted, Vv=VM code, C=native code)
V  [jvm.dll+0x581322]
V  [jvm.dll+0x581254]
V  [jvm.dll+0x580488]
V  [jvm.dll+0x221e72]
V  [jvm.dll+0x21ad0f]
V  [jvm.dll+0x21895b]
V  [jvm.dll+0x1a4d8d]
V  [jvm.dll+0x2284da]
V  [jvm.dll+0x226615]
V  [jvm.dll+0x7ea90b]
V  [jvm.dll+0x7e4e7a]
V  [jvm.dll+0x676395]
C  [ucrtbase.dll+0x29363]
C  [KERNEL32.DLL+0x126bd]
C  [ntdll.dll+0x5a9f8]


siginfo: EXCEPTION_ACCESS_VIOLATION (0xc0000005), reading address 0x0000000000000012


Register to memory mapping:

RIP=0x00007ffde45c1322 jvm.dll
RAX=0x000001cef72f8a60 points into unknown readable memory: 0x0000000000000002 | 02 00 00 00 00 00 00 00
RBX=0x0000000000000001 is an unknown value
RCX=0x0000000000000002 is an unknown value
RDX=0x000001cef72f8a28 points into unknown readable memory: 0x00007ffde49dac90 | 90 ac 9d e4 fd 7f 00 00
RSP=0x0000000100ffa910 is pointing into the stack for thread: 0x000001cef1d2ffd0
RBP=0x0 is NULL
RSI=0x000001cef72f8a28 points into unknown readable memory: 0x00007ffde49dac90 | 90 ac 9d e4 fd 7f 00 00
RDI=0x0000000100ffad40 is pointing into the stack for thread: 0x000001cef1d2ffd0
R8 =0x0000000000000001 is an unknown value
R9 =0x0000000100ffad40 is pointing into the stack for thread: 0x000001cef1d2ffd0
R10=0x000001cef623c5a0 points into unknown readable memory: 0x000001cef5686c08 | 08 6c 68 f5 ce 01 00 00
R11=0x000001cef4770880 points into unknown readable memory: 0x000001cef5686a68 | 68 6a 68 f5 ce 01 00 00
R12=0x0000000100ffaa10 is pointing into the stack for thread: 0x000001cef1d2ffd0
R13=0x0000000100ffa9f0 is pointing into the stack for thread: 0x000001cef1d2ffd0
R14=0x0000000000000001 is an unknown value
R15=0x000001cef72f8a28 points into unknown readable memory: 0x00007ffde49dac90 | 90 ac 9d e4 fd 7f 00 00


Registers:
RAX=0x000001cef72f8a60, RBX=0x0000000000000001, RCX=0x0000000000000002, RDX=0x000001cef72f8a28
RSP=0x0000000100ffa910, RBP=0x0000000000000000, RSI=0x000001cef72f8a28, RDI=0x0000000100ffad40
R8 =0x0000000000000001, R9 =0x0000000100ffad40, R10=0x000001cef623c5a0, R11=0x000001cef4770880
R12=0x0000000100ffaa10, R13=0x0000000100ffa9f0, R14=0x0000000000000001, R15=0x000001cef72f8a28
RIP=0x00007ffde45c1322, EFLAGS=0x0000000000010202

Top of Stack: (sp=0x0000000100ffa910)
0x0000000100ffa910:   000001cef72f3b88 000001cef72f7cd0
0x0000000100ffa920:   000001cef72f7d38 00007ffde4684c87
0x0000000100ffa930:   000001cef72f7d38 0000000000000001
0x0000000100ffa940:   0000000100ffaa30 0000000000001573
0x0000000100ffa950:   000001cef72f8c78 00007ffde45c1254
0x0000000100ffa960:   000000000000000c 0000000100ffaa10
0x0000000100ffa970:   0000000100ffa9f0 000001ced8c96180
0x0000000100ffa980:   0000000000000000 000001ced8c961b0
0x0000000100ffa990:   000001cef1d771a8 0000000100ffaac0
0x0000000100ffa9a0:   0000000000070200 000001ced8c23a40
0x0000000100ffa9b0:   0000000000000001 00007ffde45c0488
0x0000000100ffa9c0:   0000000100ffad40 0000000100ffad40
0x0000000100ffa9d0:   000001ce00000001 0000000100ffaa30
0x0000000100ffa9e0:   000001cef2f40a18 00007ffde4656a39
0x0000000100ffa9f0:   000001cef1d07b10 0000000000002000
0x0000000100ffaa00:   000001cef6d5c310 0000000000001574 

Instructions: (pc=0x00007ffde45c1322)
0x00007ffde45c1222:   72 0b 48 8b cf e8 84 3a 0d 00 48 8b 07 4c 8b 4c
0x00007ffde45c1232:   24 60 4c 89 38 4c 8b fb 44 89 70 08 8b 4b 20 e9
0x00007ffde45c1242:   97 fe ff ff 41 b0 01 49 8b d7 49 8b c9 e8 5c 00
0x00007ffde45c1252:   00 00 48 8b 07 48 3b 47 10 72 1c 4c 8b 38 44 8b
0x00007ffde45c1262:   70 08 48 83 c0 f0 4c 8b 4c 24 60 41 8b 4f 20 48
0x00007ffde45c1272:   89 07 e9 67 fe ff ff 41 8b 45 18 4c 8b 4c 24 60
0x00007ffde45c1282:   85 c0 0f 85 f6 fd ff ff 4c 8b 7c 24 20 4c 8b 74
0x00007ffde45c1292:   24 28 48 8b 74 24 30 48 8b 6c 24 38 48 8b 5c 24
0x00007ffde45c12a2:   68 48 83 c4 40 41 5d 41 5c 5f c3 cc cc cc 40 53
0x00007ffde45c12b2:   56 57 48 83 ec 30 83 7a 18 02 41 0f b6 d8 48 8b
0x00007ffde45c12c2:   f2 48 8b f9 75 45 48 8b 02 48 8b ca ff 10 3d 83
0x00007ffde45c12d2:   00 00 00 74 0d 48 8b 06 48 8b ce ff 10 83 f8 37
0x00007ffde45c12e2:   75 29 48 8b 47 10 83 78 74 00 75 1f 80 bf b0 09
0x00007ffde45c12f2:   00 00 00 75 16 48 8b 8f 88 09 00 00 48 8b d6 48
0x00007ffde45c1302:   81 c1 e0 09 00 00 e8 53 26 b2 ff 48 8b 46 08 4c
0x00007ffde45c1312:   89 64 24 58 48 8b 08 48 85 c9 0f 84 17 01 00 00
0x00007ffde45c1322:   48 83 79 10 00 0f 84 68 05 00 00 48 8b 06 48 8b
0x00007ffde45c1332:   ce ff 10 3d be 00 00 00 7f 2e 3d bb 00 00 00 7d
0x00007ffde45c1342:   46 83 e8 1f 3d 9a 00 00 00 77 3e 48 8d 15 ac ec
0x00007ffde45c1352:   a7 ff 48 98 0f b6 84 02 ac 18 58 00 8b 8c 82 a4
0x00007ffde45c1362:   18 58 00 48 03 ca ff e1 3d d9 00 00 00 7c 1a 3d
0x00007ffde45c1372:   db 00 00 00 7e 11 3d 34 01 00 00 74 0a 05 ca fe
0x00007ffde45c1382:   ff ff 83 f8 02 77 02 32 db 8b 4e 2c 8b c1 83 e0
0x00007ffde45c1392:   7f 3c 44 0f 84 d6 00 00 00 83 e1 1f 80 f9 14 0f
0x00007ffde45c13a2:   84 ca 00 00 00 84 db 0f 84 c2 00 00 00 48 8b 06
0x00007ffde45c13b2:   48 8b ce ff 50 10 84 c0 74 05 48 8b de eb 37 48
0x00007ffde45c13c2:   8b d6 48 8b cf e8 74 ca fe ff 48 8b d8 48 85 c0
0x00007ffde45c13d2:   75 24 4c 8d 0d bd ba 3c 00 ba ab 03 00 00 4c 8d
0x00007ffde45c13e2:   05 c1 ba 3c 00 48 8d 0d b2 c8 3b 00 e8 1d 54 cc
0x00007ffde45c13f2:   ff e8 68 5c 0f 00 8b 43 28 3b 47 28 73 0f 8b c8
0x00007ffde45c1402:   48 8b 47 30 48 8b 0c c8 48 85 c9 75 07 48 8b 8f
0x00007ffde45c1412:   90 09 00 00 48 83 79 10 00 0f 85 74 04 00 00 48 


Stack slot to memory mapping:
stack at sp + 0 slots: 0x000001cef72f3b88 points into unknown readable memory: 0x00007ffde49566a0 | a0 66 95 e4 fd 7f 00 00
stack at sp + 1 slots: 0x000001cef72f7cd0 points into unknown readable memory: 0x00007ffde4956c48 | 48 6c 95 e4 fd 7f 00 00
stack at sp + 2 slots: 0x000001cef72f7d38 points into unknown readable memory: 0x00007ffde49dac90 | 90 ac 9d e4 fd 7f 00 00
stack at sp + 3 slots: 0x00007ffde4684c87 jvm.dll
stack at sp + 4 slots: 0x000001cef72f7d38 points into unknown readable memory: 0x00007ffde49dac90 | 90 ac 9d e4 fd 7f 00 00
stack at sp + 5 slots: 0x0000000000000001 is an unknown value
stack at sp + 6 slots: 0x0000000100ffaa30 is pointing into the stack for thread: 0x000001cef1d2ffd0
stack at sp + 7 slots: 0x0000000000001573 is an unknown value


---------------  P R O C E S S  ---------------

Threads class SMR info:
_java_thread_list=0x000001cef4aa0af0, length=27, elements={
0x000001ced8c0e7e0, 0x000001ced8cce520, 0x000001ceeca83d40, 0x000001cef1d08e00,
0x000001ceeca8e4a0, 0x000001cef1d13b40, 0x000001cef1d14010, 0x000001cef1d2ffd0,
0x000001cef1d31070, 0x000001cef1d3a140, 0x000001cef1d11990, 0x000001cef1d12800,
0x000001cef1d144e0, 0x000001cef1d11e60, 0x000001cef1d12330, 0x000001cef1d149b0,
0x000001cef1d131a0, 0x000001cef1d13670, 0x000001cef1d10ff0, 0x000001cef1d114c0,
0x000001cef41d8ad0, 0x000001cef40c70b0, 0x000001cef41d8130, 0x000001cef4c56020,
0x000001cef41da2e0, 0x000001cef41dac80, 0x000001cef41db620
}

Java Threads: ( => current thread )
  0x000001ced8c0e7e0 JavaThread "main" [_thread_blocked, id=7832, stack(0x0000000100500000,0x0000000100600000)]
  0x000001ced8cce520 JavaThread "Reference Handler" daemon [_thread_blocked, id=11044, stack(0x0000000100800000,0x0000000100900000)]
  0x000001ceeca83d40 JavaThread "Finalizer" daemon [_thread_blocked, id=11040, stack(0x0000000100900000,0x0000000100a00000)]
  0x000001cef1d08e00 JavaThread "Signal Dispatcher" daemon [_thread_blocked, id=12188, stack(0x0000000100b00000,0x0000000100c00000)]
  0x000001ceeca8e4a0 JavaThread "Attach Listener" daemon [_thread_blocked, id=15564, stack(0x0000000100c00000,0x0000000100d00000)]
  0x000001cef1d13b40 JavaThread "Service Thread" daemon [_thread_blocked, id=17812, stack(0x0000000100d00000,0x0000000100e00000)]
  0x000001cef1d14010 JavaThread "Monitor Deflation Thread" daemon [_thread_blocked, id=10772, stack(0x0000000100e00000,0x0000000100f00000)]
=>0x000001cef1d2ffd0 JavaThread "C2 CompilerThread0" daemon [_thread_in_native, id=8600, stack(0x0000000100f00000,0x0000000101000000)]
  0x000001cef1d31070 JavaThread "C1 CompilerThread0" daemon [_thread_blocked, id=20220, stack(0x0000000101000000,0x0000000101100000)]
  0x000001cef1d3a140 JavaThread "Sweeper thread" daemon [_thread_blocked, id=2312, stack(0x0000000101100000,0x0000000101200000)]
  0x000001cef1d11990 JavaThread "Common-Cleaner" daemon [_thread_blocked, id=17708, stack(0x0000000101200000,0x0000000101300000)]
  0x000001cef1d12800 JavaThread "Notification Thread" daemon [_thread_blocked, id=6608, stack(0x0000000101300000,0x0000000101400000)]
  0x000001cef1d144e0 JavaThread "Active Thread: Equinox Container: 9070979d-58c4-4156-b08c-ad81fd40ddf4" [_thread_blocked, id=5600, stack(0x0000000101d00000,0x0000000101e00000)]
  0x000001cef1d11e60 JavaThread "Framework Event Dispatcher: Equinox Container: 9070979d-58c4-4156-b08c-ad81fd40ddf4" daemon [_thread_blocked, id=16428, stack(0x0000000101e00000,0x0000000101f00000)]
  0x000001cef1d12330 JavaThread "Start Level: Equinox Container: 9070979d-58c4-4156-b08c-ad81fd40ddf4" daemon [_thread_blocked, id=6636, stack(0x0000000101f00000,0x0000000102000000)]
  0x000001cef1d149b0 JavaThread "SCR Component Actor" daemon [_thread_blocked, id=10140, stack(0x0000000102000000,0x0000000102100000)]
  0x000001cef1d131a0 JavaThread "SCR Component Registry" daemon [_thread_blocked, id=3412, stack(0x0000000102100000,0x0000000102200000)]
  0x000001cef1d13670 JavaThread "Worker-JM" [_thread_blocked, id=20396, stack(0x0000000101500000,0x0000000101600000)]
  0x000001cef1d10ff0 JavaThread "Worker-0" [_thread_blocked, id=19216, stack(0x0000000102300000,0x0000000102400000)]
  0x000001cef1d114c0 JavaThread "Worker-1: Updating Maven Dependencies" [_thread_in_Java, id=19616, stack(0x0000000102400000,0x0000000102500000)]
  0x000001cef41d8ad0 JavaThread "Worker-2: Repository registry initialization" [_thread_blocked, id=4540, stack(0x0000000102500000,0x0000000102600000)]
  0x000001cef40c70b0 JavaThread "C2 CompilerThread1" daemon [_thread_blocked, id=8876, stack(0x0000000102200000,0x0000000102300000)]
  0x000001cef41d8130 JavaThread "Java indexing" daemon [_thread_blocked, id=14436, stack(0x0000000102600000,0x0000000102700000)]
  0x000001cef4c56020 JavaThread "C2 CompilerThread2" daemon [_thread_blocked, id=6680, stack(0x0000000102700000,0x0000000102800000)]
  0x000001cef41da2e0 JavaThread "JNA Cleaner" daemon [_thread_blocked, id=20296, stack(0x0000000102800000,0x0000000102900000)]
  0x000001cef41dac80 JavaThread "pool-2-thread-1" [_thread_blocked, id=18992, stack(0x0000000102900000,0x0000000102a00000)]
  0x000001cef41db620 JavaThread "pool-1-thread-1" [_thread_blocked, id=1820, stack(0x0000000102a00000,0x0000000102b00000)]

Other Threads:
  0x000001cef1ce1c30 VMThread "VM Thread" [stack: 0x0000000100700000,0x0000000100800000] [id=17692]
  0x000001cef2006910 WatcherThread [stack: 0x0000000101400000,0x0000000101500000] [id=2880]
  0x000001ced8c23ac0 GCTaskThread "GC Thread#0" [stack: 0x0000000100600000,0x0000000100700000] [id=17200]
  0x000001cef3864aa0 GCTaskThread "GC Thread#1" [stack: 0x0000000101600000,0x0000000101700000] [id=18560]
  0x000001cef346bc60 GCTaskThread "GC Thread#2" [stack: 0x0000000101700000,0x0000000101800000] [id=9832]
  0x000001cef3413020 GCTaskThread "GC Thread#3" [stack: 0x0000000101800000,0x0000000101900000] [id=17976]
  0x000001cef34136e0 GCTaskThread "GC Thread#4" [stack: 0x0000000101900000,0x0000000101a00000] [id=17792]
  0x000001cef34557c0 GCTaskThread "GC Thread#5" [stack: 0x0000000101a00000,0x0000000101b00000] [id=7700]
  0x000001cef34547a0 GCTaskThread "GC Thread#6" [stack: 0x0000000101b00000,0x0000000101c00000] [id=10088]
  0x000001cef34544f0 GCTaskThread "GC Thread#7" [stack: 0x0000000101c00000,0x0000000101d00000] [id=4404]

Threads with active compile tasks:
C2 CompilerThread0     6748 3797   !   4       org.eclipse.osgi.internal.loader.classpath.ClasspathManager::defineClass (636 bytes)

VM state: not at safepoint (normal execution)

VM Mutex/Monitor currently owned by a thread: None

Heap address: 0x00000000c0000000, size: 1024 MB, Compressed Oops mode: 32-bit

CDS archive(s) not mapped
Compressed class space mapped at: 0x000001ce80000000-0x000001cec0000000, reserved size: 1073741824
Narrow klass base: 0x000001ce80000000, Narrow klass shift: 0, Narrow klass range: 0x40000000

GC Precious Log:
 CPUs: 8 total, 8 available
 Memory: 10116M
 Large Page Support: Disabled
 NUMA Support: Disabled
 Compressed Oops: Enabled (32-bit)
 Alignments: Space 512K, Generation 512K, Heap 2M
 Heap Min Capacity: 100M
 Heap Initial Capacity: 100M
 Heap Max Capacity: 1G
 Pre-touch: Disabled
 Parallel Workers: 8

Heap:
 PSYoungGen      total 23552K, used 19680K [0x00000000eab00000, 0x00000000ec580000, 0x0000000100000000)
  eden space 22528K, 82% used [0x00000000eab00000,0x00000000ebd403d0,0x00000000ec100000)
  from space 1024K, 96% used [0x00000000ec380000,0x00000000ec478000,0x00000000ec480000)
  to   space 1024K, 0% used [0x00000000ec480000,0x00000000ec480000,0x00000000ec580000)
 ParOldGen       total 68608K, used 13053K [0x00000000c0000000, 0x00000000c4300000, 0x00000000eab00000)
  object space 68608K, 19% used [0x00000000c0000000,0x00000000c0cbf550,0x00000000c4300000)
 Metaspace       used 42747K, committed 43456K, reserved 1114112K
  class space    used 4584K, committed 4864K, reserved 1048576K

Card table byte_map: [0x000001ced85b0000,0x000001ced87c0000] _byte_map_base: 0x000001ced7fb0000

Marking Bits: (ParMarkBitMap*) 0x00007ffde4bc52c0
 Begin Bits: [0x000001ceea890000, 0x000001ceeb890000)
 End Bits:   [0x000001ceeb890000, 0x000001ceec890000)

Polling page: 0x000001ced6d60000

Metaspace:

Usage:
  Non-class:     37.27 MB used.
      Class:      4.48 MB used.
       Both:     41.75 MB used.

Virtual space:
  Non-class space:       64.00 MB reserved,      37.69 MB ( 59%) committed,  1 nodes.
      Class space:        1.00 GB reserved,       4.75 MB ( <1%) committed,  1 nodes.
             Both:        1.06 GB reserved,      42.44 MB (  4%) committed. 

Chunk freelists:
   Non-Class:  9.48 MB
       Class:  11.06 MB
        Both:  20.55 MB

MaxMetaspaceSize: unlimited
CompressedClassSpaceSize: 1.00 GB
Initial GC threshold: 21.00 MB
Current GC threshold: 58.38 MB
CDS: off
MetaspaceReclaimPolicy: balanced
 - commit_granule_bytes: 65536.
 - commit_granule_words: 8192.
 - virtual_space_node_default_size: 8388608.
 - enlarge_chunks_in_place: 1.
 - new_chunks_are_fully_committed: 0.
 - uncommit_free_chunks: 1.
 - use_allocation_guard: 0.
 - handle_deallocations: 1.


Internal statistics:

num_allocs_failed_limit: 6.
num_arena_births: 344.
num_arena_deaths: 14.
num_vsnodes_births: 2.
num_vsnodes_deaths: 0.
num_space_committed: 679.
num_space_uncommitted: 0.
num_chunks_returned_to_freelist: 20.
num_chunks_taken_from_freelist: 1860.
num_chunk_merges: 7.
num_chunk_splits: 1159.
num_chunks_enlarged: 700.
num_inconsistent_stats: 0.

CodeHeap 'non-profiled nmethods': size=120000Kb used=2010Kb max_used=2010Kb free=117989Kb
 bounds [0x000001cee3360000, 0x000001cee35d0000, 0x000001ceea890000]
CodeHeap 'profiled nmethods': size=120000Kb used=7968Kb max_used=7968Kb free=112032Kb
 bounds [0x000001cedb890000, 0x000001cedc060000, 0x000001cee2dc0000]
CodeHeap 'non-nmethods': size=5760Kb used=1271Kb max_used=1328Kb free=4488Kb
 bounds [0x000001cee2dc0000, 0x000001cee3030000, 0x000001cee3360000]
 total_blobs=4480 nmethods=3891 adapters=503
 compilation: enabled
              stopped_count=0, restarted_count=0
 full_count=0

Compilation events (20 events):
Event: 6.634 Thread 0x000001cef1d31070 3856       3       org.eclipse.sisu.wire.ElementAnalyzer::visit (9 bytes)
Event: 6.634 Thread 0x000001cef1d31070 nmethod 3856 0x000001cedc043110 code [0x000001cedc0432c0, 0x000001cedc043508]
Event: 6.637 Thread 0x000001cef1d31070 3857       3       java.lang.reflect.Parameter::<init> (26 bytes)
Event: 6.637 Thread 0x000001cef1d31070 nmethod 3857 0x000001cedc043610 code [0x000001cedc0437a0, 0x000001cedc043938]
Event: 6.642 Thread 0x000001cef1d31070 3858       3       java.util.stream.Collectors$CollectorImpl::<init> (32 bytes)
Event: 6.642 Thread 0x000001cef1d31070 nmethod 3858 0x000001cedc043a10 code [0x000001cedc043ba0, 0x000001cedc043d78]
Event: 6.642 Thread 0x000001cef1d31070 3859       3       org.eclipse.sisu.wire.ElementAnalyzer::isParameters (23 bytes)
Event: 6.643 Thread 0x000001cef1d31070 nmethod 3859 0x000001cedc043e10 code [0x000001cedc043fc0, 0x000001cedc044288]
Event: 6.645 Thread 0x000001cef1d31070 3860       3       java.util.stream.ReferencePipeline::collect (124 bytes)
Event: 6.646 Thread 0x000001cef1d31070 nmethod 3860 0x000001cedc044390 code [0x000001cedc044620, 0x000001cedc0452e8]
Event: 6.646 Thread 0x000001cef1d31070 3861       3       java.util.stream.ReduceOps::makeRef (42 bytes)
Event: 6.646 Thread 0x000001cef1d31070 nmethod 3861 0x000001cedc045710 code [0x000001cedc045900, 0x000001cedc045f68]
Event: 6.646 Thread 0x000001cef1d31070 3862       3       java.util.stream.ReduceOps$3::<init> (28 bytes)
Event: 6.647 Thread 0x000001cef1d31070 nmethod 3862 0x000001cedc046210 code [0x000001cedc0463c0, 0x000001cedc0465f8]
Event: 6.647 Thread 0x000001cef1d31070 3863       3       java.util.ArrayList::spliterator (12 bytes)
Event: 6.648 Thread 0x000001cef1d31070 nmethod 3863 0x000001cedc046710 code [0x000001cedc0468c0, 0x000001cedc046b18]
Event: 6.648 Thread 0x000001cef1d31070 3864       3       java.util.ArrayList$ArrayListSpliterator::<init> (26 bytes)
Event: 6.648 Thread 0x000001cef1d31070 nmethod 3864 0x000001cedc046c10 code [0x000001cedc046da0, 0x000001cedc046f38]
Event: 6.648 Thread 0x000001cef1d31070 3865       3       java.util.ArrayList$ArrayListSpliterator::estimateSize (11 bytes)
Event: 6.648 Thread 0x000001cef1d31070 nmethod 3865 0x000001cedc047010 code [0x000001cedc0471a0, 0x000001cedc047358]

GC Heap History (20 events):
Event: 3.253 GC heap before
{Heap before GC invocations=4 (full 0):
 PSYoungGen      total 29696K, used 11354K [0x00000000eab00000, 0x00000000ecc00000, 0x0000000100000000)
  eden space 25600K, 28% used [0x00000000eab00000,0x00000000eb217618,0x00000000ec400000)
  from space 4096K, 99% used [0x00000000ec400000,0x00000000ec7ff320,0x00000000ec800000)
  to   space 4096K, 0% used [0x00000000ec800000,0x00000000ec800000,0x00000000ecc00000)
 ParOldGen       total 68608K, used 3740K [0x00000000c0000000, 0x00000000c4300000, 0x00000000eab00000)
  object space 68608K, 5% used [0x00000000c0000000,0x00000000c03a7290,0x00000000c4300000)
 Metaspace       used 21093K, committed 21504K, reserved 1114112K
  class space    used 2138K, committed 2304K, reserved 1048576K
}
Event: 3.257 GC heap after
{Heap after GC invocations=4 (full 0):
 PSYoungGen      total 29696K, used 4076K [0x00000000eab00000, 0x00000000ecc00000, 0x0000000100000000)
  eden space 25600K, 0% used [0x00000000eab00000,0x00000000eab00000,0x00000000ec400000)
  from space 4096K, 99% used [0x00000000ec800000,0x00000000ecbfb310,0x00000000ecc00000)
  to   space 4096K, 0% used [0x00000000ec400000,0x00000000ec400000,0x00000000ec800000)
 ParOldGen       total 68608K, used 4056K [0x00000000c0000000, 0x00000000c4300000, 0x00000000eab00000)
  object space 68608K, 5% used [0x00000000c0000000,0x00000000c03f62c0,0x00000000c4300000)
 Metaspace       used 21093K, committed 21504K, reserved 1114112K
  class space    used 2138K, committed 2304K, reserved 1048576K
}
Event: 3.257 GC heap before
{Heap before GC invocations=5 (full 1):
 PSYoungGen      total 29696K, used 4076K [0x00000000eab00000, 0x00000000ecc00000, 0x0000000100000000)
  eden space 25600K, 0% used [0x00000000eab00000,0x00000000eab00000,0x00000000ec400000)
  from space 4096K, 99% used [0x00000000ec800000,0x00000000ecbfb310,0x00000000ecc00000)
  to   space 4096K, 0% used [0x00000000ec400000,0x00000000ec400000,0x00000000ec800000)
 ParOldGen       total 68608K, used 4056K [0x00000000c0000000, 0x00000000c4300000, 0x00000000eab00000)
  object space 68608K, 5% used [0x00000000c0000000,0x00000000c03f62c0,0x00000000c4300000)
 Metaspace       used 21093K, committed 21504K, reserved 1114112K
  class space    used 2138K, committed 2304K, reserved 1048576K
}
Event: 3.289 GC heap after
{Heap after GC invocations=5 (full 1):
 PSYoungGen      total 29696K, used 0K [0x00000000eab00000, 0x00000000ecc00000, 0x0000000100000000)
  eden space 25600K, 0% used [0x00000000eab00000,0x00000000eab00000,0x00000000ec400000)
  from space 4096K, 0% used [0x00000000ec800000,0x00000000ec800000,0x00000000ecc00000)
  to   space 4096K, 0% used [0x00000000ec400000,0x00000000ec400000,0x00000000ec800000)
 ParOldGen       total 68608K, used 7946K [0x00000000c0000000, 0x00000000c4300000, 0x00000000eab00000)
  object space 68608K, 11% used [0x00000000c0000000,0x00000000c07c2a08,0x00000000c4300000)
 Metaspace       used 21080K, committed 21504K, reserved 1114112K
  class space    used 2135K, committed 2304K, reserved 1048576K
}
Event: 3.924 GC heap before
{Heap before GC invocations=6 (full 1):
 PSYoungGen      total 29696K, used 25600K [0x00000000eab00000, 0x00000000ecc00000, 0x0000000100000000)
  eden space 25600K, 100% used [0x00000000eab00000,0x00000000ec400000,0x00000000ec400000)
  from space 4096K, 0% used [0x00000000ec800000,0x00000000ec800000,0x00000000ecc00000)
  to   space 4096K, 0% used [0x00000000ec400000,0x00000000ec400000,0x00000000ec800000)
 ParOldGen       total 68608K, used 7946K [0x00000000c0000000, 0x00000000c4300000, 0x00000000eab00000)
  object space 68608K, 11% used [0x00000000c0000000,0x00000000c07c2a08,0x00000000c4300000)
 Metaspace       used 24305K, committed 24832K, reserved 1114112K
  class space    used 2518K, committed 2752K, reserved 1048576K
}
Event: 3.926 GC heap after
{Heap after GC invocations=6 (full 1):
 PSYoungGen      total 27648K, used 2480K [0x00000000eab00000, 0x00000000eca80000, 0x0000000100000000)
  eden space 25088K, 0% used [0x00000000eab00000,0x00000000eab00000,0x00000000ec380000)
  from space 2560K, 96% used [0x00000000ec400000,0x00000000ec66c208,0x00000000ec680000)
  to   space 3584K, 0% used [0x00000000ec700000,0x00000000ec700000,0x00000000eca80000)
 ParOldGen       total 68608K, used 7954K [0x00000000c0000000, 0x00000000c4300000, 0x00000000eab00000)
  object space 68608K, 11% used [0x00000000c0000000,0x00000000c07c4a08,0x00000000c4300000)
 Metaspace       used 24305K, committed 24832K, reserved 1114112K
  class space    used 2518K, committed 2752K, reserved 1048576K
}
Event: 4.329 GC heap before
{Heap before GC invocations=7 (full 1):
 PSYoungGen      total 27648K, used 27568K [0x00000000eab00000, 0x00000000eca80000, 0x0000000100000000)
  eden space 25088K, 100% used [0x00000000eab00000,0x00000000ec380000,0x00000000ec380000)
  from space 2560K, 96% used [0x00000000ec400000,0x00000000ec66c208,0x00000000ec680000)
  to   space 3584K, 0% used [0x00000000ec700000,0x00000000ec700000,0x00000000eca80000)
 ParOldGen       total 68608K, used 7954K [0x00000000c0000000, 0x00000000c4300000, 0x00000000eab00000)
  object space 68608K, 11% used [0x00000000c0000000,0x00000000c07c4a08,0x00000000c4300000)
 Metaspace       used 27614K, committed 28160K, reserved 1114112K
  class space    used 2753K, committed 3008K, reserved 1048576K
}
Event: 4.331 GC heap after
{Heap after GC invocations=7 (full 1):
 PSYoungGen      total 27648K, used 2695K [0x00000000eab00000, 0x00000000eca00000, 0x0000000100000000)
  eden space 24576K, 0% used [0x00000000eab00000,0x00000000eab00000,0x00000000ec300000)
  from space 3072K, 87% used [0x00000000ec700000,0x00000000ec9a1d70,0x00000000eca00000)
  to   space 3072K, 0% used [0x00000000ec400000,0x00000000ec400000,0x00000000ec700000)
 ParOldGen       total 68608K, used 7962K [0x00000000c0000000, 0x00000000c4300000, 0x00000000eab00000)
  object space 68608K, 11% used [0x00000000c0000000,0x00000000c07c6a08,0x00000000c4300000)
 Metaspace       used 27614K, committed 28160K, reserved 1114112K
  class space    used 2753K, committed 3008K, reserved 1048576K
}
Event: 4.619 GC heap before
{Heap before GC invocations=8 (full 1):
 PSYoungGen      total 27648K, used 27271K [0x00000000eab00000, 0x00000000eca00000, 0x0000000100000000)
  eden space 24576K, 100% used [0x00000000eab00000,0x00000000ec300000,0x00000000ec300000)
  from space 3072K, 87% used [0x00000000ec700000,0x00000000ec9a1d70,0x00000000eca00000)
  to   space 3072K, 0% used [0x00000000ec400000,0x00000000ec400000,0x00000000ec700000)
 ParOldGen       total 68608K, used 7962K [0x00000000c0000000, 0x00000000c4300000, 0x00000000eab00000)
  object space 68608K, 11% used [0x00000000c0000000,0x00000000c07c6a08,0x00000000c4300000)
 Metaspace       used 30414K, committed 30912K, reserved 1114112K
  class space    used 2982K, committed 3200K, reserved 1048576K
}
Event: 4.621 GC heap after
{Heap after GC invocations=8 (full 1):
 PSYoungGen      total 27136K, used 3042K [0x00000000eab00000, 0x00000000ec980000, 0x0000000100000000)
  eden space 24064K, 0% used [0x00000000eab00000,0x00000000eab00000,0x00000000ec280000)
  from space 3072K, 99% used [0x00000000ec400000,0x00000000ec6f8a00,0x00000000ec700000)
  to   space 2560K, 0% used [0x00000000ec700000,0x00000000ec700000,0x00000000ec980000)
 ParOldGen       total 68608K, used 8050K [0x00000000c0000000, 0x00000000c4300000, 0x00000000eab00000)
  object space 68608K, 11% used [0x00000000c0000000,0x00000000c07dca08,0x00000000c4300000)
 Metaspace       used 30414K, committed 30912K, reserved 1114112K
  class space    used 2982K, committed 3200K, reserved 1048576K
}
Event: 5.239 GC heap before
{Heap before GC invocations=9 (full 1):
 PSYoungGen      total 27136K, used 27106K [0x00000000eab00000, 0x00000000ec980000, 0x0000000100000000)
  eden space 24064K, 100% used [0x00000000eab00000,0x00000000ec280000,0x00000000ec280000)
  from space 3072K, 99% used [0x00000000ec400000,0x00000000ec6f8a00,0x00000000ec700000)
  to   space 2560K, 0% used [0x00000000ec700000,0x00000000ec700000,0x00000000ec980000)
 ParOldGen       total 68608K, used 8050K [0x00000000c0000000, 0x00000000c4300000, 0x00000000eab00000)
  object space 68608K, 11% used [0x00000000c0000000,0x00000000c07dca08,0x00000000c4300000)
 Metaspace       used 34659K, committed 35264K, reserved 1114112K
  class space    used 3537K, committed 3776K, reserved 1048576K
}
Event: 5.242 GC heap after
{Heap after GC invocations=9 (full 1):
 PSYoungGen      total 26112K, used 2554K [0x00000000eab00000, 0x00000000eca00000, 0x0000000100000000)
  eden space 23552K, 0% used [0x00000000eab00000,0x00000000eab00000,0x00000000ec200000)
  from space 2560K, 99% used [0x00000000ec700000,0x00000000ec97e990,0x00000000ec980000)
  to   space 4096K, 0% used [0x00000000ec200000,0x00000000ec200000,0x00000000ec600000)
 ParOldGen       total 68608K, used 9390K [0x00000000c0000000, 0x00000000c4300000, 0x00000000eab00000)
  object space 68608K, 13% used [0x00000000c0000000,0x00000000c092baf8,0x00000000c4300000)
 Metaspace       used 34659K, committed 35264K, reserved 1114112K
  class space    used 3537K, committed 3776K, reserved 1048576K
}
Event: 5.327 GC heap before
{Heap before GC invocations=10 (full 1):
 PSYoungGen      total 26112K, used 6724K [0x00000000eab00000, 0x00000000eca00000, 0x0000000100000000)
  eden space 23552K, 17% used [0x00000000eab00000,0x00000000eaf129a8,0x00000000ec200000)
  from space 2560K, 99% used [0x00000000ec700000,0x00000000ec97e990,0x00000000ec980000)
  to   space 4096K, 0% used [0x00000000ec200000,0x00000000ec200000,0x00000000ec600000)
 ParOldGen       total 68608K, used 9390K [0x00000000c0000000, 0x00000000c4300000, 0x00000000eab00000)
  object space 68608K, 13% used [0x00000000c0000000,0x00000000c092baf8,0x00000000c4300000)
 Metaspace       used 35226K, committed 35840K, reserved 1114112K
  class space    used 3605K, committed 3904K, reserved 1048576K
}
Event: 5.330 GC heap after
{Heap after GC invocations=10 (full 1):
 PSYoungGen      total 25088K, used 1430K [0x00000000eab00000, 0x00000000ec780000, 0x0000000100000000)
  eden space 23552K, 0% used [0x00000000eab00000,0x00000000eab00000,0x00000000ec200000)
  from space 1536K, 93% used [0x00000000ec200000,0x00000000ec3659c8,0x00000000ec380000)
  to   space 2560K, 0% used [0x00000000ec500000,0x00000000ec500000,0x00000000ec780000)
 ParOldGen       total 68608K, used 11238K [0x00000000c0000000, 0x00000000c4300000, 0x00000000eab00000)
  object space 68608K, 16% used [0x00000000c0000000,0x00000000c0af9918,0x00000000c4300000)
 Metaspace       used 35226K, committed 35840K, reserved 1114112K
  class space    used 3605K, committed 3904K, reserved 1048576K
}
Event: 5.330 GC heap before
{Heap before GC invocations=11 (full 2):
 PSYoungGen      total 25088K, used 1430K [0x00000000eab00000, 0x00000000ec780000, 0x0000000100000000)
  eden space 23552K, 0% used [0x00000000eab00000,0x00000000eab00000,0x00000000ec200000)
  from space 1536K, 93% used [0x00000000ec200000,0x00000000ec3659c8,0x00000000ec380000)
  to   space 2560K, 0% used [0x00000000ec500000,0x00000000ec500000,0x00000000ec780000)
 ParOldGen       total 68608K, used 11238K [0x00000000c0000000, 0x00000000c4300000, 0x00000000eab00000)
  object space 68608K, 16% used [0x00000000c0000000,0x00000000c0af9918,0x00000000c4300000)
 Metaspace       used 35226K, committed 35840K, reserved 1114112K
  class space    used 3605K, committed 3904K, reserved 1048576K
}
Event: 5.361 GC heap after
{Heap after GC invocations=11 (full 2):
 PSYoungGen      total 25088K, used 0K [0x00000000eab00000, 0x00000000ec780000, 0x0000000100000000)
  eden space 23552K, 0% used [0x00000000eab00000,0x00000000eab00000,0x00000000ec200000)
  from space 1536K, 0% used [0x00000000ec200000,0x00000000ec200000,0x00000000ec380000)
  to   space 2560K, 0% used [0x00000000ec500000,0x00000000ec500000,0x00000000ec780000)
 ParOldGen       total 68608K, used 12342K [0x00000000c0000000, 0x00000000c4300000, 0x00000000eab00000)
  object space 68608K, 17% used [0x00000000c0000000,0x00000000c0c0d950,0x00000000c4300000)
 Metaspace       used 35226K, committed 35840K, reserved 1114112K
  class space    used 3605K, committed 3904K, reserved 1048576K
}
Event: 5.780 GC heap before
{Heap before GC invocations=12 (full 2):
 PSYoungGen      total 25088K, used 23547K [0x00000000eab00000, 0x00000000ec780000, 0x0000000100000000)
  eden space 23552K, 99% used [0x00000000eab00000,0x00000000ec1fec30,0x00000000ec200000)
  from space 1536K, 0% used [0x00000000ec200000,0x00000000ec200000,0x00000000ec380000)
  to   space 2560K, 0% used [0x00000000ec500000,0x00000000ec500000,0x00000000ec780000)
 ParOldGen       total 68608K, used 12342K [0x00000000c0000000, 0x00000000c4300000, 0x00000000eab00000)
  object space 68608K, 17% used [0x00000000c0000000,0x00000000c0c0d950,0x00000000c4300000)
 Metaspace       used 37528K, committed 38272K, reserved 1114112K
  class space    used 3892K, committed 4224K, reserved 1048576K
}
Event: 5.782 GC heap after
{Heap after GC invocations=12 (full 2):
 PSYoungGen      total 24576K, used 1030K [0x00000000eab00000, 0x00000000ec680000, 0x0000000100000000)
  eden space 23040K, 0% used [0x00000000eab00000,0x00000000eab00000,0x00000000ec180000)
  from space 1536K, 67% used [0x00000000ec500000,0x00000000ec6018f0,0x00000000ec680000)
  to   space 1536K, 0% used [0x00000000ec380000,0x00000000ec380000,0x00000000ec500000)
 ParOldGen       total 68608K, used 12350K [0x00000000c0000000, 0x00000000c4300000, 0x00000000eab00000)
  object space 68608K, 18% used [0x00000000c0000000,0x00000000c0c0f950,0x00000000c4300000)
 Metaspace       used 37528K, committed 38272K, reserved 1114112K
  class space    used 3892K, committed 4224K, reserved 1048576K
}
Event: 6.190 GC heap before
{Heap before GC invocations=13 (full 2):
 PSYoungGen      total 24576K, used 24070K [0x00000000eab00000, 0x00000000ec680000, 0x0000000100000000)
  eden space 23040K, 100% used [0x00000000eab00000,0x00000000ec180000,0x00000000ec180000)
  from space 1536K, 67% used [0x00000000ec500000,0x00000000ec6018f0,0x00000000ec680000)
  to   space 1536K, 0% used [0x00000000ec380000,0x00000000ec380000,0x00000000ec500000)
 ParOldGen       total 68608K, used 12350K [0x00000000c0000000, 0x00000000c4300000, 0x00000000eab00000)
  object space 68608K, 18% used [0x00000000c0000000,0x00000000c0c0f950,0x00000000c4300000)
 Metaspace       used 40262K, committed 41024K, reserved 1114112K
  class space    used 4267K, committed 4608K, reserved 1048576K
}
Event: 6.193 GC heap after
{Heap after GC invocations=13 (full 2):
 PSYoungGen      total 23552K, used 992K [0x00000000eab00000, 0x00000000ec580000, 0x0000000100000000)
  eden space 22528K, 0% used [0x00000000eab00000,0x00000000eab00000,0x00000000ec100000)
  from space 1024K, 96% used [0x00000000ec380000,0x00000000ec478000,0x00000000ec480000)
  to   space 1024K, 0% used [0x00000000ec480000,0x00000000ec480000,0x00000000ec580000)
 ParOldGen       total 68608K, used 13053K [0x00000000c0000000, 0x00000000c4300000, 0x00000000eab00000)
  object space 68608K, 19% used [0x00000000c0000000,0x00000000c0cbf550,0x00000000c4300000)
 Metaspace       used 40262K, committed 41024K, reserved 1114112K
  class space    used 4267K, committed 4608K, reserved 1048576K
}

Dll operation events (10 events):
Event: 0.026 Loaded shared library c:\Users\vinyl\.vscode\extensions\redhat.java-1.18.0-win32-x64\jre\17.0.7-win32-x86_64\bin\java.dll
Event: 0.262 Loaded shared library c:\Users\vinyl\.vscode\extensions\redhat.java-1.18.0-win32-x64\jre\17.0.7-win32-x86_64\bin\zip.dll
Event: 0.269 Loaded shared library C:\Users\vinyl\.vscode\extensions\redhat.java-1.18.0-win32-x64\jre\17.0.7-win32-x86_64\bin\instrument.dll
Event: 0.288 Loaded shared library C:\Users\vinyl\.vscode\extensions\redhat.java-1.18.0-win32-x64\jre\17.0.7-win32-x86_64\bin\net.dll
Event: 0.291 Loaded shared library C:\Users\vinyl\.vscode\extensions\redhat.java-1.18.0-win32-x64\jre\17.0.7-win32-x86_64\bin\nio.dll
Event: 0.300 Loaded shared library C:\Users\vinyl\.vscode\extensions\redhat.java-1.18.0-win32-x64\jre\17.0.7-win32-x86_64\bin\zip.dll
Event: 0.322 Loaded shared library C:\Users\vinyl\.vscode\extensions\redhat.java-1.18.0-win32-x64\jre\17.0.7-win32-x86_64\bin\jimage.dll
Event: 0.395 Loaded shared library c:\Users\vinyl\.vscode\extensions\redhat.java-1.18.0-win32-x64\jre\17.0.7-win32-x86_64\bin\verify.dll
Event: 2.002 Loaded shared library C:\Users\vinyl\AppData\Roaming\Code\User\globalStorage\redhat.java\1.18.0\config_win\org.eclipse.equinox.launcher\org.eclipse.equinox.launcher.win32.win32.x86_64_1.2.700.v20221108-1024\eclipse_11801.dll
Event: 5.150 Loaded shared library C:\Users\vinyl\AppData\Local\Temp\jna-112213102\jna11543624401349651575.dll

Deoptimization events (20 events):
Event: 6.278 Thread 0x000001cef41db620 Uncommon trap: trap_request=0xffffff45 fr.pc=0x000001cee34f52f8 relative=0x0000000000000458
Event: 6.278 Thread 0x000001cef41db620 Uncommon trap: reason=unstable_if action=reinterpret pc=0x000001cee34f52f8 method=java.nio.charset.CharsetDecoder.decode(Ljava/nio/ByteBuffer;Ljava/nio/CharBuffer;Z)Ljava/nio/charset/CoderResult; @ 1 c2
Event: 6.278 Thread 0x000001cef41db620 DEOPT PACKING pc=0x000001cee34f52f8 sp=0x0000000102afd9d0
Event: 6.279 Thread 0x000001cef41db620 DEOPT UNPACKING pc=0x000001cee2e166a3 sp=0x0000000102afd988 mode 2
Event: 6.590 Thread 0x000001cef1d114c0 Uncommon trap: trap_request=0xffffffd6 fr.pc=0x000001cee3546450 relative=0x00000000000000b0
Event: 6.590 Thread 0x000001cef1d114c0 Uncommon trap: reason=array_check action=maybe_recompile pc=0x000001cee3546450 method=java.util.stream.Nodes$FixedNodeBuilder.accept(Ljava/lang/Object;)V @ 28 c2
Event: 6.590 Thread 0x000001cef1d114c0 DEOPT PACKING pc=0x000001cee3546450 sp=0x00000001024fe200
Event: 6.590 Thread 0x000001cef1d114c0 DEOPT UNPACKING pc=0x000001cee2e166a3 sp=0x00000001024fe190 mode 2
Event: 6.590 Thread 0x000001cef1d114c0 Uncommon trap: trap_request=0xffffffd6 fr.pc=0x000001cee3546450 relative=0x00000000000000b0
Event: 6.590 Thread 0x000001cef1d114c0 Uncommon trap: reason=array_check action=maybe_recompile pc=0x000001cee3546450 method=java.util.stream.Nodes$FixedNodeBuilder.accept(Ljava/lang/Object;)V @ 28 c2
Event: 6.591 Thread 0x000001cef1d114c0 DEOPT PACKING pc=0x000001cee3546450 sp=0x00000001024fe200
Event: 6.591 Thread 0x000001cef1d114c0 DEOPT UNPACKING pc=0x000001cee2e166a3 sp=0x00000001024fe190 mode 2
Event: 6.591 Thread 0x000001cef1d114c0 Uncommon trap: trap_request=0xffffffd6 fr.pc=0x000001cee3546450 relative=0x00000000000000b0
Event: 6.591 Thread 0x000001cef1d114c0 Uncommon trap: reason=array_check action=maybe_recompile pc=0x000001cee3546450 method=java.util.stream.Nodes$FixedNodeBuilder.accept(Ljava/lang/Object;)V @ 28 c2
Event: 6.591 Thread 0x000001cef1d114c0 DEOPT PACKING pc=0x000001cee3546450 sp=0x00000001024fe200
Event: 6.591 Thread 0x000001cef1d114c0 DEOPT UNPACKING pc=0x000001cee2e166a3 sp=0x00000001024fe190 mode 2
Event: 6.591 Thread 0x000001cef1d114c0 Uncommon trap: trap_request=0xffffffd6 fr.pc=0x000001cee3546450 relative=0x00000000000000b0
Event: 6.591 Thread 0x000001cef1d114c0 Uncommon trap: reason=array_check action=maybe_recompile pc=0x000001cee3546450 method=java.util.stream.Nodes$FixedNodeBuilder.accept(Ljava/lang/Object;)V @ 28 c2
Event: 6.591 Thread 0x000001cef1d114c0 DEOPT PACKING pc=0x000001cee3546450 sp=0x00000001024fe1e0
Event: 6.591 Thread 0x000001cef1d114c0 DEOPT UNPACKING pc=0x000001cee2e166a3 sp=0x00000001024fe170 mode 2

Classes unloaded (7 events):
Event: 3.262 Thread 0x000001cef1ce1c30 Unloading class 0x000001ce80216400 'java/lang/invoke/LambdaForm$MH+0x000001ce80216400'
Event: 3.262 Thread 0x000001cef1ce1c30 Unloading class 0x000001ce80216000 'java/lang/invoke/LambdaForm$MH+0x000001ce80216000'
Event: 3.262 Thread 0x000001cef1ce1c30 Unloading class 0x000001ce80215c00 'java/lang/invoke/LambdaForm$MH+0x000001ce80215c00'
Event: 3.262 Thread 0x000001cef1ce1c30 Unloading class 0x000001ce80215800 'java/lang/invoke/LambdaForm$MH+0x000001ce80215800'
Event: 3.262 Thread 0x000001cef1ce1c30 Unloading class 0x000001ce80215000 'java/lang/invoke/LambdaForm$BMH+0x000001ce80215000'
Event: 3.262 Thread 0x000001cef1ce1c30 Unloading class 0x000001ce80214c00 'java/lang/invoke/LambdaForm$DMH+0x000001ce80214c00'
Event: 3.262 Thread 0x000001cef1ce1c30 Unloading class 0x000001ce80212000 'java/lang/invoke/LambdaForm$DMH+0x000001ce80212000'

Classes redefined (0 events):
No events

Internal exceptions (20 events):
Event: 4.626 Thread 0x000001cef1d12330 Exception <a 'java/lang/NoSuchMethodError'{0x00000000eab23628}: 'java.lang.Object java.lang.invoke.DirectMethodHandle$Holder.invokeStaticInit(java.lang.Object, int, int, int, int)'> (0x00000000eab23628) 
thrown [s\src\hotspot\share\interpreter\linkResolver.cpp, line 759]
Event: 4.708 Thread 0x000001cef1d12330 Exception <a 'java/lang/NoSuchMethodError'{0x00000000eac0edb0}: 'java.lang.Object java.lang.invoke.DirectMethodHandle$Holder.invokeStaticInit(java.lang.Object, java.lang.Object, int, int, int, int)'> (0x00000000eac0edb0) 
thrown [s\src\hotspot\share\interpreter\linkResolver.cpp, line 759]
Event: 4.812 Thread 0x000001cef1d12330 Exception <a 'java/lang/ClassNotFoundException'{0x00000000eaf65728}: com/sun/org/apache/xml/internal/serializer/spi/XMLEntitiesProvider> (0x00000000eaf65728) 
thrown [s\src\hotspot\share\classfile\systemDictionary.cpp, line 256]
Event: 4.814 Thread 0x000001cef1d114c0 Exception <a 'java/lang/NoSuchMethodError'{0x00000000eabecca8}: 'void java.lang.invoke.DirectMethodHandle$Holder.invokeStatic(java.lang.Object, java.lang.Object, java.lang.Object, java.lang.Object)'> (0x00000000eabecca8) 
thrown [s\src\hotspot\share\interpreter\linkResolver.cpp, line 759]
Event: 4.881 Thread 0x000001cef1d114c0 Exception <a 'java/lang/NoSuchMethodError'{0x00000000eb2bb478}: 'java.lang.Object java.lang.invoke.DirectMethodHandle$Holder.invokeSpecialIFC(java.lang.Object, java.lang.Object, java.lang.Object, java.lang.Object)'> (0x00000000eb2bb478) 
thrown [s\src\hotspot\share\interpreter\linkResolver.cpp, line 759]
Event: 5.004 Thread 0x000001cef1d12330 Exception <a 'java/io/FileNotFoundException'{0x00000000eb741980}> (0x00000000eb741980) 
thrown [s\src\hotspot\share\prims\jni.cpp, line 516]
Event: 5.163 Thread 0x000001cef1d114c0 Exception <a 'java/lang/NoSuchMethodError'{0x00000000ebe8d4e8}: 'int java.lang.invoke.DirectMethodHandle$Holder.invokeSpecialIFC(java.lang.Object, java.lang.Object, java.lang.Object, java.lang.Object, java.lang.Object)'> (0x00000000ebe8d4e8) 
thrown [s\src\hotspot\share\interpreter\linkResolver.cpp, line 759]
Event: 5.212 Thread 0x000001cef1d12330 Exception <a 'java/lang/UnsatisfiedLinkError'{0x00000000ec0cbe40}: Não foi possível encontrar o procedimento especificado.
> (0x00000000ec0cbe40) 
thrown [s\src\hotspot\share\prims\jni.cpp, line 535]
Event: 5.221 Thread 0x000001cef1d12330 Exception <a 'java/io/FileNotFoundException'{0x00000000ec0ef028}> (0x00000000ec0ef028) 
thrown [s\src\hotspot\share\prims\jni.cpp, line 516]
Event: 5.235 Thread 0x000001cef1d12330 Exception <a 'java/io/FileNotFoundException'{0x00000000ec1faf18}> (0x00000000ec1faf18) 
thrown [s\src\hotspot\share\prims\jni.cpp, line 516]
Event: 5.255 Thread 0x000001cef1d12330 Exception <a 'java/lang/UnsatisfiedLinkError'{0x00000000eaba4328}: Não foi possível encontrar o procedimento especificado.
> (0x00000000eaba4328) 
thrown [s\src\hotspot\share\prims\jni.cpp, line 535]
Event: 5.412 Thread 0x000001cef1d114c0 Exception <a 'java/lang/NoClassDefFoundError'{0x00000000eae226d0}: javax/enterprise/inject/Typed> (0x00000000eae226d0) 
thrown [s\src\hotspot\share\classfile\systemDictionary.cpp, line 245]
Event: 5.528 Thread 0x000001ced8c0e7e0 Exception <a 'java/lang/NoSuchMethodError'{0x00000000eb49a1a8}: 'java.lang.Object java.lang.invoke.DirectMethodHandle$Holder.invokeStatic(java.lang.Object, java.lang.Object, long, java.lang.Object)'> (0x00000000eb49a1a8) 
thrown [s\src\hotspot\share\interpreter\linkResolver.cpp, line 759]
Event: 5.529 Thread 0x000001ced8c0e7e0 Exception <a 'java/lang/NoSuchMethodError'{0x00000000eb49dc40}: 'java.lang.Object java.lang.invoke.DirectMethodHandle$Holder.invokeStaticInit(java.lang.Object, java.lang.Object, long, java.lang.Object)'> (0x00000000eb49dc40) 
thrown [s\src\hotspot\share\interpreter\linkResolver.cpp, line 759]
Event: 5.530 Thread 0x000001ced8c0e7e0 Exception <a 'java/lang/NoSuchMethodError'{0x00000000eb50fe20}: 'java.lang.Object java.lang.invoke.DirectMethodHandle$Holder.newInvokeSpecial(java.lang.Object, java.lang.Object, long)'> (0x00000000eb50fe20) 
thrown [s\src\hotspot\share\interpreter\linkResolver.cpp, line 759]
Event: 5.531 Thread 0x000001ced8c0e7e0 Exception <a 'java/lang/NoSuchMethodError'{0x00000000eb513860}: 'java.lang.Object java.lang.invoke.Invokers$Holder.linkToTargetMethod(java.lang.Object, long, java.lang.Object)'> (0x00000000eb513860) 
thrown [s\src\hotspot\share\interpreter\linkResolver.cpp, line 759]
Event: 6.044 Thread 0x000001ced8c0e7e0 Exception <a 'java/lang/NoSuchMethodError'{0x00000000eb9d5450}: 'void java.lang.invoke.DirectMethodHandle$Holder.invokeSpecial(java.lang.Object, java.lang.Object, java.lang.Object, java.lang.Object, java.lang.Object, java.lang.Object)'> (0x00000000eb9d5450) 
thrown [s\src\hotspot\share\interpreter\linkResolver.cpp, line 759]
Event: 6.047 Thread 0x000001ced8c0e7e0 Exception <a 'java/lang/IncompatibleClassChangeError'{0x00000000eb9de048}: Found class java.lang.Object, but interface was expected> (0x00000000eb9de048) 
thrown [s\src\hotspot\share\interpreter\linkResolver.cpp, line 826]
Event: 6.283 Thread 0x000001cef41db620 Exception <a 'java/io/FileNotFoundException'{0x00000000eaf66e30}> (0x00000000eaf66e30) 
thrown [s\src\hotspot\share\prims\jni.cpp, line 516]
Event: 6.304 Thread 0x000001cef41db620 Exception <a 'sun/nio/fs/WindowsException'{0x00000000eb051f98}> (0x00000000eb051f98) 
thrown [s\src\hotspot\share\prims\jni.cpp, line 516]

VM Operations (20 events):
Event: 5.182 Executing VM operation: HandshakeAllThreads
Event: 5.183 Executing VM operation: HandshakeAllThreads done
Event: 5.239 Executing VM operation: ParallelGCFailedAllocation
Event: 5.242 Executing VM operation: ParallelGCFailedAllocation done
Event: 5.327 Executing VM operation: CollectForMetadataAllocation
Event: 5.361 Executing VM operation: CollectForMetadataAllocation done
Event: 5.380 Executing VM operation: HandshakeAllThreads
Event: 5.381 Executing VM operation: HandshakeAllThreads done
Event: 5.381 Executing VM operation: HandshakeAllThreads
Event: 5.381 Executing VM operation: HandshakeAllThreads done
Event: 5.779 Executing VM operation: ParallelGCFailedAllocation
Event: 5.782 Executing VM operation: ParallelGCFailedAllocation done
Event: 6.131 Executing VM operation: HandshakeAllThreads
Event: 6.132 Executing VM operation: HandshakeAllThreads done
Event: 6.152 Executing VM operation: HandshakeAllThreads
Event: 6.152 Executing VM operation: HandshakeAllThreads done
Event: 6.190 Executing VM operation: ParallelGCFailedAllocation
Event: 6.194 Executing VM operation: ParallelGCFailedAllocation done
Event: 6.263 Executing VM operation: HandshakeAllThreads
Event: 6.263 Executing VM operation: HandshakeAllThreads done

Events (20 events):
Event: 6.336 loading class sun/reflect/generics/scope/ConstructorScope
Event: 6.337 loading class sun/reflect/generics/scope/ConstructorScope done
Event: 6.337 loading class sun/reflect/generics/tree/VoidDescriptor
Event: 6.337 loading class sun/reflect/generics/tree/VoidDescriptor done
Event: 6.407 loading class java/util/concurrent/CompletionService
Event: 6.407 loading class java/util/concurrent/CompletionService done
Event: 6.525 loading class java/nio/channels/SocketChannel
Event: 6.525 loading class java/nio/channels/NetworkChannel
Event: 6.525 loading class java/nio/channels/NetworkChannel done
Event: 6.526 loading class java/nio/channels/spi/AbstractSelectableChannel
Event: 6.526 loading class java/nio/channels/spi/AbstractSelectableChannel done
Event: 6.526 loading class java/nio/channels/SocketChannel done
Event: 6.527 loading class java/nio/channels/ServerSocketChannel
Event: 6.527 loading class java/nio/channels/ServerSocketChannel done
Event: 6.530 loading class javax/net/ssl/SSLSocketFactory
Event: 6.530 loading class javax/net/SocketFactory
Event: 6.530 loading class javax/net/SocketFactory done
Event: 6.530 loading class javax/net/ssl/SSLSocketFactory done
Event: 6.632 loading class java/io/UncheckedIOException
Event: 6.632 loading class java/io/UncheckedIOException done


Dynamic libraries:
0x00007ff6fe210000 - 0x00007ff6fe21e000 	c:\Users\vinyl\.vscode\extensions\redhat.java-1.18.0-win32-x64\jre\17.0.7-win32-x86_64\bin\java.exe
0x00007ffe3de70000 - 0x00007ffe3e084000 	C:\WINDOWS\SYSTEM32\ntdll.dll
0x00007ffe3c230000 - 0x00007ffe3c2f3000 	C:\WINDOWS\System32\KERNEL32.DLL
0x00007ffe3b4c0000 - 0x00007ffe3b85c000 	C:\WINDOWS\System32\KERNELBASE.dll
0x00007ffe3b860000 - 0x00007ffe3b971000 	C:\WINDOWS\System32\ucrtbase.dll
0x00007ffe25510000 - 0x00007ffe25527000 	c:\Users\vinyl\.vscode\extensions\redhat.java-1.18.0-win32-x64\jre\17.0.7-win32-x86_64\bin\jli.dll
0x00007ffe3c450000 - 0x00007ffe3c5fd000 	C:\WINDOWS\System32\USER32.dll
0x00007ffe3ba00000 - 0x00007ffe3ba26000 	C:\WINDOWS\System32\win32u.dll
0x00007ffe3ca70000 - 0x00007ffe3ca99000 	C:\WINDOWS\System32\GDI32.dll
0x00007ffe3bb60000 - 0x00007ffe3bc73000 	C:\WINDOWS\System32\gdi32full.dll
0x00007ffe3b2b0000 - 0x00007ffe3b34a000 	C:\WINDOWS\System32\msvcp_win.dll
0x00007ffe25450000 - 0x00007ffe25469000 	c:\Users\vinyl\.vscode\extensions\redhat.java-1.18.0-win32-x64\jre\17.0.7-win32-x86_64\bin\VCRUNTIME140.dll
0x00007ffe1d220000 - 0x00007ffe1d4ae000 	C:\WINDOWS\WinSxS\amd64_microsoft.windows.common-controls_6595b64144ccf1df_6.0.22621.608_none_a9444ca7c10bb01d\COMCTL32.dll
0x00007ffe3c600000 - 0x00007ffe3c6a7000 	C:\WINDOWS\System32\msvcrt.dll
0x00007ffe3ca30000 - 0x00007ffe3ca61000 	C:\WINDOWS\System32\IMM32.DLL
0x00007ffe38250000 - 0x00007ffe3825c000 	c:\Users\vinyl\.vscode\extensions\redhat.java-1.18.0-win32-x64\jre\17.0.7-win32-x86_64\bin\vcruntime140_1.dll
0x00007ffe23150000 - 0x00007ffe231e1000 	c:\Users\vinyl\.vscode\extensions\redhat.java-1.18.0-win32-x64\jre\17.0.7-win32-x86_64\bin\msvcp140.dll
0x00007ffde4040000 - 0x00007ffde4c88000 	c:\Users\vinyl\.vscode\extensions\redhat.java-1.18.0-win32-x64\jre\17.0.7-win32-x86_64\bin\server\jvm.dll
0x00007ffe3c300000 - 0x00007ffe3c3ae000 	C:\WINDOWS\System32\ADVAPI32.dll
0x00007ffe3db40000 - 0x00007ffe3dbe4000 	C:\WINDOWS\System32\sechost.dll
0x00007ffe3dd10000 - 0x00007ffe3de25000 	C:\WINDOWS\System32\RPCRT4.dll
0x00007ffe1bce0000 - 0x00007ffe1bce9000 	C:\WINDOWS\SYSTEM32\WSOCK32.dll
0x00007ffe3c3b0000 - 0x00007ffe3c421000 	C:\WINDOWS\System32\WS2_32.dll
0x00007ffe31cf0000 - 0x00007ffe31d24000 	C:\WINDOWS\SYSTEM32\WINMM.dll
0x00007ffe34440000 - 0x00007ffe3444a000 	C:\WINDOWS\SYSTEM32\VERSION.dll
0x00007ffe3a2c0000 - 0x00007ffe3a2d8000 	C:\WINDOWS\SYSTEM32\kernel.appcore.dll
0x00007ffe31dd0000 - 0x00007ffe31dda000 	c:\Users\vinyl\.vscode\extensions\redhat.java-1.18.0-win32-x64\jre\17.0.7-win32-x86_64\bin\jimage.dll
0x00007ffe399e0000 - 0x00007ffe39c0e000 	C:\WINDOWS\SYSTEM32\DBGHELP.DLL
0x00007ffe3cb00000 - 0x00007ffe3ce89000 	C:\WINDOWS\System32\combase.dll
0x00007ffe3d200000 - 0x00007ffe3d2d7000 	C:\WINDOWS\System32\OLEAUT32.dll
0x00007ffe20090000 - 0x00007ffe200c2000 	C:\WINDOWS\SYSTEM32\dbgcore.DLL
0x00007ffe3b980000 - 0x00007ffe3b9fb000 	C:\WINDOWS\System32\bcryptPrimitives.dll
0x00007ffe2e370000 - 0x00007ffe2e37e000 	c:\Users\vinyl\.vscode\extensions\redhat.java-1.18.0-win32-x64\jre\17.0.7-win32-x86_64\bin\instrument.dll
0x00007ffe23250000 - 0x00007ffe23275000 	c:\Users\vinyl\.vscode\extensions\redhat.java-1.18.0-win32-x64\jre\17.0.7-win32-x86_64\bin\java.dll
0x00007ffe23230000 - 0x00007ffe23248000 	c:\Users\vinyl\.vscode\extensions\redhat.java-1.18.0-win32-x64\jre\17.0.7-win32-x86_64\bin\zip.dll
0x00007ffe3d350000 - 0x00007ffe3db40000 	C:\WINDOWS\System32\SHELL32.dll
0x00007ffe38f00000 - 0x00007ffe397ce000 	C:\WINDOWS\SYSTEM32\windows.storage.dll
0x00007ffe38dc0000 - 0x00007ffe38efe000 	C:\WINDOWS\SYSTEM32\wintypes.dll
0x00007ffe3c770000 - 0x00007ffe3c861000 	C:\WINDOWS\System32\SHCORE.dll
0x00007ffe3c710000 - 0x00007ffe3c76e000 	C:\WINDOWS\System32\shlwapi.dll
0x00007ffe3b1e0000 - 0x00007ffe3b201000 	C:\WINDOWS\SYSTEM32\profapi.dll
0x00007ffe226e0000 - 0x00007ffe226f9000 	C:\Users\vinyl\.vscode\extensions\redhat.java-1.18.0-win32-x64\jre\17.0.7-win32-x86_64\bin\net.dll
0x00007ffe34500000 - 0x00007ffe3462f000 	C:\WINDOWS\SYSTEM32\WINHTTP.dll
0x00007ffe3a720000 - 0x00007ffe3a789000 	C:\WINDOWS\system32\mswsock.dll
0x00007ffe221a0000 - 0x00007ffe221b5000 	C:\Users\vinyl\.vscode\extensions\redhat.java-1.18.0-win32-x64\jre\17.0.7-win32-x86_64\bin\nio.dll
0x00007ffe2d490000 - 0x00007ffe2d4a0000 	c:\Users\vinyl\.vscode\extensions\redhat.java-1.18.0-win32-x64\jre\17.0.7-win32-x86_64\bin\verify.dll
0x00007ffe1da20000 - 0x00007ffe1da5e000 	C:\Users\vinyl\AppData\Roaming\Code\User\globalStorage\redhat.java\1.18.0\config_win\org.eclipse.equinox.launcher\org.eclipse.equinox.launcher.win32.win32.x86_64_1.2.700.v20221108-1024\eclipse_11801.dll
0x00007ffe3cfb0000 - 0x00007ffe3d14c000 	C:\WINDOWS\System32\ole32.dll
0x00007ffe3aab0000 - 0x00007ffe3aacb000 	C:\WINDOWS\SYSTEM32\CRYPTSP.dll
0x00007ffe3a230000 - 0x00007ffe3a265000 	C:\WINDOWS\system32\rsaenh.dll
0x00007ffe3a7c0000 - 0x00007ffe3a7e8000 	C:\WINDOWS\SYSTEM32\USERENV.dll
0x00007ffe3aaf0000 - 0x00007ffe3ab18000 	C:\WINDOWS\SYSTEM32\bcrypt.dll
0x00007ffe3a930000 - 0x00007ffe3a93c000 	C:\WINDOWS\SYSTEM32\CRYPTBASE.dll
0x00007ffe39d80000 - 0x00007ffe39dad000 	C:\WINDOWS\SYSTEM32\IPHLPAPI.DLL
0x00007ffe3caf0000 - 0x00007ffe3caf9000 	C:\WINDOWS\System32\NSI.dll
0x00007ffe34450000 - 0x00007ffe34469000 	C:\WINDOWS\SYSTEM32\dhcpcsvc6.DLL
0x00007ffe34420000 - 0x00007ffe3443f000 	C:\WINDOWS\SYSTEM32\dhcpcsvc.DLL
0x00007ffe39db0000 - 0x00007ffe39ea3000 	C:\WINDOWS\SYSTEM32\DNSAPI.dll
0x00007ffe16250000 - 0x00007ffe16295000 	C:\Users\vinyl\AppData\Local\Temp\jna-112213102\jna11543624401349651575.dll
0x00007ffe3d2e0000 - 0x00007ffe3d2e8000 	C:\WINDOWS\System32\PSAPI.DLL

dbghelp: loaded successfully - version: 4.0.5 - missing functions: none
symbol engine: initialized successfully - sym options: 0x614 - pdb path: .;c:\Users\vinyl\.vscode\extensions\redhat.java-1.18.0-win32-x64\jre\17.0.7-win32-x86_64\bin;C:\WINDOWS\SYSTEM32;C:\WINDOWS\WinSxS\amd64_microsoft.windows.common-controls_6595b64144ccf1df_6.0.22621.608_none_a9444ca7c10bb01d;c:\Users\vinyl\.vscode\extensions\redhat.java-1.18.0-win32-x64\jre\17.0.7-win32-x86_64\bin\server;C:\Users\vinyl\AppData\Roaming\Code\User\globalStorage\redhat.java\1.18.0\config_win\org.eclipse.equinox.launcher\org.eclipse.equinox.launcher.win32.win32.x86_64_1.2.700.v20221108-1024;C:\Users\vinyl\AppData\Local\Temp\jna-112213102

VM Arguments:
jvm_args: --add-modules=ALL-SYSTEM --add-opens=java.base/java.util=ALL-UNNAMED --add-opens=java.base/java.lang=ALL-UNNAMED --add-opens=java.base/sun.nio.fs=ALL-UNNAMED -Declipse.application=org.eclipse.jdt.ls.core.id1 -Dosgi.bundles.defaultStartLevel=4 -Declipse.product=org.eclipse.jdt.ls.core.product -Djava.import.generatesMetadataFilesAtProjectRoot=false -Dfile.encoding=utf8 -XX:+UseParallelGC -XX:GCTimeRatio=4 -XX:AdaptiveSizePolicyWeight=90 -Dsun.zip.disableMemoryMapping=true -Xmx1G -Xms100m -Xlog:disable -javaagent:c:\Users\vinyl\.vscode\extensions\redhat.java-1.18.0-win32-x64\lombok\lombok-1.18.27.jar -XX:+HeapDumpOnOutOfMemoryError -XX:HeapDumpPath=c:\Users\vinyl\AppData\Roaming\Code\User\workspaceStorage\cf325b8df748eba499f6fbcf85c42d1c\redhat.java -Daether.dependencyCollector.impl=bf 
java_command: c:\Users\vinyl\.vscode\extensions\redhat.java-1.18.0-win32-x64\server\plugins\org.eclipse.equinox.launcher_1.6.400.v20210924-0641.jar -configuration c:\Users\vinyl\AppData\Roaming\Code\User\globalStorage\redhat.java\1.18.0\config_win -data c:\Users\vinyl\AppData\Roaming\Code\User\workspaceStorage\cf325b8df748eba499f6fbcf85c42d1c\redhat.java\jdt_ws
java_class_path (initial): c:\Users\vinyl\.vscode\extensions\redhat.java-1.18.0-win32-x64\server\plugins\org.eclipse.equinox.launcher_1.6.400.v20210924-0641.jar
Launcher Type: SUN_STANDARD

[Global flags]
    uintx AdaptiveSizePolicyWeight                 = 90                                        {product} {command line}
     intx CICompilerCount                          = 4                                         {product} {ergonomic}
    uintx GCTimeRatio                              = 4                                         {product} {command line}
     bool HeapDumpOnOutOfMemoryError               = true                                   {manageable} {command line}
    ccstr HeapDumpPath                             = c:\Users\vinyl\AppData\Roaming\Code\User\workspaceStorage\cf325b8df748eba499f6fbcf85c42d1c\redhat.java         {manageable} {command line}
   size_t InitialHeapSize                          = 104857600                                 {product} {command line}
   size_t MaxHeapSize                              = 1073741824                                {product} {command line}
   size_t MaxNewSize                               = 357564416                                 {product} {ergonomic}
   size_t MinHeapDeltaBytes                        = 524288                                    {product} {ergonomic}
   size_t MinHeapSize                              = 104857600                                 {product} {command line}
   size_t NewSize                                  = 34603008                                  {product} {ergonomic}
    uintx NonNMethodCodeHeapSize                   = 5839372                                {pd product} {ergonomic}
    uintx NonProfiledCodeHeapSize                  = 122909434                              {pd product} {ergonomic}
   size_t OldSize                                  = 70254592                                  {product} {ergonomic}
    uintx ProfiledCodeHeapSize                     = 122909434                              {pd product} {ergonomic}
    uintx ReservedCodeCacheSize                    = 251658240                              {pd product} {ergonomic}
     bool SegmentedCodeCache                       = true                                      {product} {ergonomic}
   size_t SoftMaxHeapSize                          = 1073741824                             {manageable} {ergonomic}
     bool UseCompressedClassPointers               = true                           {product lp64_product} {ergonomic}
     bool UseCompressedOops                        = true                           {product lp64_product} {ergonomic}
     bool UseLargePagesIndividualAllocation        = false                                  {pd product} {ergonomic}
     bool UseParallelGC                            = true                                      {product} {command line}

Logging:
Log output configuration:
 #0: stdout all=off uptime,level,tags
 #1: stderr all=off uptime,level,tags

Environment Variables:
PATH=C:\Program Files\Eclipse Adoptium\jdk-17.0.6.10-hotspot\bin;C:\Program Files\Common Files\Oracle\Java\javapath;C:\Program Files (x86)\Common Files\Oracle\Java\javapath;C:\Python310\Scripts\;C:\Python310\;C:\WINDOWS\system32;C:\WINDOWS;C:\WINDOWS\System32\Wbem;C:\WINDOWS\System32\OpenSSH\;C:\Program Files\nodejs\;C:\ProgramData\chocolatey\bin;C:\Program Files\PuTTY\;C:\Program Files (x86)\Microsoft SQL Server\150\DTS\Binn\;C:\Program Files\Azure Data Studio\bin;C:\WINDOWS\System32\WindowsPowerShell\v1.0\;C:\Program Files\Git\cmd;C:\Program Files\Docker\Docker\resources\bin;C:\Users\vinyl\AppData\Local\Microsoft\WindowsApps;C:\php-8.1.5-nts-Win32-vs16-x64;C:\Users\vinyl\AppData\Local\Programs\Microsoft VS Code\bin;C:\Users\vinyl\AppData\Roaming\npm;C:\Program Files\Azure Data Studio\bin;C:\MinGW\bin;
USERNAME=vinyl
OS=Windows_NT
PROCESSOR_IDENTIFIER=AMD64 Family 23 Model 24 Stepping 1, AuthenticAMD
TMP=C:\Users\vinyl\AppData\Local\Temp
TEMP=C:\Users\vinyl\AppData\Local\Temp



---------------  S Y S T E M  ---------------

OS:
 Windows 11 , 64 bit Build 22621 (10.0.22621.1344)
OS uptime: 0 days 19:57 hours
Hyper-V role detected

CPU: total 8 (initial active 8) (8 cores per cpu, 2 threads per core) family 23 model 24 stepping 1 microcode 0x0, cx8, cmov, fxsr, ht, mmx, 3dnowpref, sse, sse2, sse3, ssse3, sse4a, sse4.1, sse4.2, popcnt, lzcnt, tsc, tscinvbit, avx, avx2, aes, clmul, bmi1, bmi2, adx, sha, fma, vzeroupper, clflush, clflushopt, hv

Memory: 4k page, system-wide physical 10116M (1295M free)
TotalPageFile size 24452M (AvailPageFile size 13021M)
current process WorkingSet (physical memory assigned to process): 182M, peak: 190M
current process commit charge ("private bytes"): 282M, peak: 290M

vm_info: OpenJDK 64-Bit Server VM (17.0.7+7) for windows-amd64 JRE (17.0.7+7), built on Apr 18 2023 22:10:42 by "temurin" with MS VC++ 16.7 (VS2019)

END.
