#
# A fatal error has been detected by the Java Runtime Environment:
#
#  EXCEPTION_ACCESS_VIOLATION (0xc0000005) at pc=0x00000000ffffff00, pid=17244, tid=13516
#
# JRE version: OpenJDK Runtime Environment Temurin-17.0.6+10 (17.0.6+10) (build 17.0.6+10)
# Java VM: OpenJDK 64-Bit Server VM Temurin-17.0.6+10 (17.0.6+10, mixed mode, sharing, tiered, compressed oops, compressed class ptrs, g1 gc, windows-amd64)
# Problematic frame:
# C  0x00000000ffffff00
#
# No core dump will be written. Minidumps are not enabled by default on client versions of Windows
#
# If you would like to submit a bug report, please visit:
#   https://github.com/adoptium/adoptium-support/issues
#

---------------  S U M M A R Y ------------

Command Line: --module-path=C:/JAVALIBS/openjfx-20.0.1_windows-x64_bin-sdk/javafx-sdk-20.0.1/lib --add-modules=javafx.controls,javafx.fxml -XX:+ShowCodeDetailsInExceptionMessages assets.view.App

Host: AMD Ryzen 5 3500U with Radeon Vega Mobile Gfx  , 8 cores, 9G,  Windows 11 , 64 bit Build 22621 (10.0.22621.1635)
Time: Tue May 16 22:32:36 2023 Hora oficial do Brasil elapsed time: 1.324727 seconds (0d 0h 0m 1s)

---------------  T H R E A D  ---------------

Current thread (0x000001afb8c25390):  JavaThread "C2 CompilerThread0" daemon [_thread_in_native, id=13516, stack(0x00000003afb00000,0x00000003afc00000)]


Current CompileTask:
C2:   1324  993   !   4       com.sun.javafx.css.ParsedValueImpl::readBinary (691 bytes)

Stack: [0x00000003afb00000,0x00000003afc00000],  sp=0x00000003afbfa988,  free space=1002k
Native frames: (J=compiled Java code, j=interpreted, Vv=VM code, C=native code)
C  0x00000000ffffff00


siginfo: EXCEPTION_ACCESS_VIOLATION (0xc0000005), data execution prevention violation at address 0x00000000ffffff00


Register to memory mapping:

RIP=0x00000000ffffff00 is an unknown value
RAX=0x000001afba0b2f80 points into unknown readable memory: 0x000001afba5e5a40 | 40 5a 5e ba af 01 00 00
RBX=0x000001afba0b2db8 points into unknown readable memory: 0x000001afba0b2f80 | 80 2f 0b ba af 01 00 00
RCX=0x000001afba0b2db8 points into unknown readable memory: 0x000001afba0b2f80 | 80 2f 0b ba af 01 00 00
RDX=0x000001afb98b0194 points into unknown readable memory: fb 50 7d b3
RSP=0x00000003afbfa988 is pointing into the stack for thread: 0x000001afb8c25390
RBP=0x00000003afbfad70 is pointing into the stack for thread: 0x000001afb8c25390
RSI=0x0000000000000018 is an unknown value
RDI=0x0000000000000055 is an unknown value
R8 =0x0000000001000000 is an unknown value
R9 =0x0000000001000000 is an unknown value
R10=0x000001afba11d2a0 points into unknown readable memory: 0x000001afba343068 | 68 30 34 ba af 01 00 00
R11=0x0 is NULL
R12=0x0000000000000003 is an unknown value
R13=0x00000003afbfaa20 is pointing into the stack for thread: 0x000001afb8c25390
R14=0x000001afba5e5a40 points into unknown readable memory: 0x00007ffd6d7b8ec8 | c8 8e 7b 6d fd 7f 00 00
R15=0x00000003afbfaa40 is pointing into the stack for thread: 0x000001afb8c25390


Registers:
RAX=0x000001afba0b2f80, RBX=0x000001afba0b2db8, RCX=0x000001afba0b2db8, RDX=0x000001afb98b0194
RSP=0x00000003afbfa988, RBP=0x00000003afbfad70, RSI=0x0000000000000018, RDI=0x0000000000000055
R8 =0x0000000001000000, R9 =0x0000000001000000, R10=0x000001afba11d2a0, R11=0x0000000000000000
R12=0x0000000000000003, R13=0x00000003afbfaa20, R14=0x000001afba5e5a40, R15=0x00000003afbfaa40
RIP=0x00000000ffffff00, EFLAGS=0x0000000000010206

Top of Stack: (sp=0x00000003afbfa988)
0x00000003afbfa988:   00007ffd6d39ec53 00000000000016ae
0x00000003afbfa998:   00000003afbfad70 00000003afbfaa60
0x00000003afbfa9a8:   00007ffd6d63dbde 000001afb8c21dc0
0x00000003afbfa9b8:   000001af99599ab0 0000000000000000
0x00000003afbfa9c8:   0000000000000001 000001afb8c21d90
0x00000003afbfa9d8:   0000000000080200 00000003afbfaaf0
0x00000003afbfa9e8:   00007ffd6d39e157 00000003afbfad70
0x00000003afbfa9f8:   00000003afbfaa40 000001af00000003
0x00000003afbfaa08:   00000003afbfaa60 0000000000000000
0x00000003afbfaa18:   0000000000000000 000001afb8c1b1a0
0x00000003afbfaa28:   0000000000000400 000001afb98b0840
0x00000003afbfaa38:   0000000000000170 0000000000000200
0x00000003afbfaa48:   000001afb98b0040 000001af00000200
0x00000003afbfaa58:   000001afb8c1b1a0 000001afba8f0380
0x00000003afbfaa68:   000001afba902900 000001afba8f0380
0x00000003afbfaa78:   000001afb8c1b1a0 000001afb8c1b1a0 

Instructions: (pc=0x00000000ffffff00)
0x00000000fffffe00:   ?? ?? ?? ?? ?? ?? ?? ?? ?? ?? ?? ?? ?? ?? ?? ??
0x00000000fffffe10:   ?? ?? ?? ?? ?? ?? ?? ?? ?? ?? ?? ?? ?? ?? ?? ??
0x00000000fffffe20:   ?? ?? ?? ?? ?? ?? ?? ?? ?? ?? ?? ?? ?? ?? ?? ??
0x00000000fffffe30:   ?? ?? ?? ?? ?? ?? ?? ?? ?? ?? ?? ?? ?? ?? ?? ??
0x00000000fffffe40:   ?? ?? ?? ?? ?? ?? ?? ?? ?? ?? ?? ?? ?? ?? ?? ??
0x00000000fffffe50:   ?? ?? ?? ?? ?? ?? ?? ?? ?? ?? ?? ?? ?? ?? ?? ??
0x00000000fffffe60:   ?? ?? ?? ?? ?? ?? ?? ?? ?? ?? ?? ?? ?? ?? ?? ??
0x00000000fffffe70:   ?? ?? ?? ?? ?? ?? ?? ?? ?? ?? ?? ?? ?? ?? ?? ??
0x00000000fffffe80:   ?? ?? ?? ?? ?? ?? ?? ?? ?? ?? ?? ?? ?? ?? ?? ??
0x00000000fffffe90:   ?? ?? ?? ?? ?? ?? ?? ?? ?? ?? ?? ?? ?? ?? ?? ??
0x00000000fffffea0:   ?? ?? ?? ?? ?? ?? ?? ?? ?? ?? ?? ?? ?? ?? ?? ??
0x00000000fffffeb0:   ?? ?? ?? ?? ?? ?? ?? ?? ?? ?? ?? ?? ?? ?? ?? ??
0x00000000fffffec0:   ?? ?? ?? ?? ?? ?? ?? ?? ?? ?? ?? ?? ?? ?? ?? ??
0x00000000fffffed0:   ?? ?? ?? ?? ?? ?? ?? ?? ?? ?? ?? ?? ?? ?? ?? ??
0x00000000fffffee0:   ?? ?? ?? ?? ?? ?? ?? ?? ?? ?? ?? ?? ?? ?? ?? ??
0x00000000fffffef0:   ?? ?? ?? ?? ?? ?? ?? ?? ?? ?? ?? ?? ?? ?? ?? ??
0x00000000ffffff00:   ?? ?? ?? ?? ?? ?? ?? ?? ?? ?? ?? ?? ?? ?? ?? ??
0x00000000ffffff10:   ?? ?? ?? ?? ?? ?? ?? ?? ?? ?? ?? ?? ?? ?? ?? ??
0x00000000ffffff20:   ?? ?? ?? ?? ?? ?? ?? ?? ?? ?? ?? ?? ?? ?? ?? ??
0x00000000ffffff30:   ?? ?? ?? ?? ?? ?? ?? ?? ?? ?? ?? ?? ?? ?? ?? ??
0x00000000ffffff40:   ?? ?? ?? ?? ?? ?? ?? ?? ?? ?? ?? ?? ?? ?? ?? ??
0x00000000ffffff50:   ?? ?? ?? ?? ?? ?? ?? ?? ?? ?? ?? ?? ?? ?? ?? ??
0x00000000ffffff60:   ?? ?? ?? ?? ?? ?? ?? ?? ?? ?? ?? ?? ?? ?? ?? ??
0x00000000ffffff70:   ?? ?? ?? ?? ?? ?? ?? ?? ?? ?? ?? ?? ?? ?? ?? ??
0x00000000ffffff80:   ?? ?? ?? ?? ?? ?? ?? ?? ?? ?? ?? ?? ?? ?? ?? ??
0x00000000ffffff90:   ?? ?? ?? ?? ?? ?? ?? ?? ?? ?? ?? ?? ?? ?? ?? ??
0x00000000ffffffa0:   ?? ?? ?? ?? ?? ?? ?? ?? ?? ?? ?? ?? ?? ?? ?? ??
0x00000000ffffffb0:   ?? ?? ?? ?? ?? ?? ?? ?? ?? ?? ?? ?? ?? ?? ?? ??
0x00000000ffffffc0:   ?? ?? ?? ?? ?? ?? ?? ?? ?? ?? ?? ?? ?? ?? ?? ??
0x00000000ffffffd0:   ?? ?? ?? ?? ?? ?? ?? ?? ?? ?? ?? ?? ?? ?? ?? ??
0x00000000ffffffe0:   ?? ?? ?? ?? ?? ?? ?? ?? ?? ?? ?? ?? ?? ?? ?? ??
0x00000000fffffff0:   ?? ?? ?? ?? ?? ?? ?? ?? ?? ?? ?? ?? ?? ?? ?? ?? 


Stack slot to memory mapping:
stack at sp + 0 slots: 0x00007ffd6d39ec53 jvm.dll
stack at sp + 1 slots: 0x00000000000016ae is an unknown value
stack at sp + 2 slots: 0x00000003afbfad70 is pointing into the stack for thread: 0x000001afb8c25390
stack at sp + 3 slots: 0x00000003afbfaa60 is pointing into the stack for thread: 0x000001afb8c25390
stack at sp + 4 slots: 0x00007ffd6d63dbde jvm.dll
stack at sp + 5 slots: 0x000001afb8c21dc0 points into unknown readable memory: 0x8000000800000001 | 01 00 00 00 08 00 00 80
stack at sp + 6 slots: 0x000001af99599ab0 points into unknown readable memory: 0x00007ffd6d770f20 | 20 0f 77 6d fd 7f 00 00
stack at sp + 7 slots: 0x0 is NULL


---------------  P R O C E S S  ---------------

Threads class SMR info:
_java_thread_list=0x000001afba091dc0, length=18, elements={
0x000001af99589690, 0x000001afb8c04480, 0x000001afb8c05030, 0x000001afb8c1bc20,
0x000001afb8c1e7e0, 0x000001afb8c211a0, 0x000001afb8c22f60, 0x000001afb8c25390,
0x000001afb8c30400, 0x000001afb8c3c520, 0x000001afb98bc9e0, 0x000001afba0fc930,
0x000001afba51fdb0, 0x000001afba520c20, 0x000001afba51e5a0, 0x000001afba51e0d0,
0x000001afba51ea70, 0x000001afba41d0d0
}

Java Threads: ( => current thread )
  0x000001af99589690 JavaThread "main" [_thread_blocked, id=7656, stack(0x00000003aee00000,0x00000003aef00000)]
  0x000001afb8c04480 JavaThread "Reference Handler" daemon [_thread_blocked, id=8996, stack(0x00000003af500000,0x00000003af600000)]
  0x000001afb8c05030 JavaThread "Finalizer" daemon [_thread_blocked, id=8752, stack(0x00000003af600000,0x00000003af700000)]
  0x000001afb8c1bc20 JavaThread "Signal Dispatcher" daemon [_thread_blocked, id=14052, stack(0x00000003af700000,0x00000003af800000)]
  0x000001afb8c1e7e0 JavaThread "Attach Listener" daemon [_thread_blocked, id=2732, stack(0x00000003af800000,0x00000003af900000)]
  0x000001afb8c211a0 JavaThread "Service Thread" daemon [_thread_blocked, id=10728, stack(0x00000003af900000,0x00000003afa00000)]
  0x000001afb8c22f60 JavaThread "Monitor Deflation Thread" daemon [_thread_blocked, id=7616, stack(0x00000003afa00000,0x00000003afb00000)]
=>0x000001afb8c25390 JavaThread "C2 CompilerThread0" daemon [_thread_in_native, id=13516, stack(0x00000003afb00000,0x00000003afc00000)]
  0x000001afb8c30400 JavaThread "C1 CompilerThread0" daemon [_thread_blocked, id=16136, stack(0x00000003afc00000,0x00000003afd00000)]
  0x000001afb8c3c520 JavaThread "Sweeper thread" daemon [_thread_blocked, id=3328, stack(0x00000003afd00000,0x00000003afe00000)]
  0x000001afb98bc9e0 JavaThread "Common-Cleaner" daemon [_thread_blocked, id=17328, stack(0x00000003afe00000,0x00000003aff00000)]
  0x000001afba0fc930 JavaThread "Notification Thread" daemon [_thread_blocked, id=13952, stack(0x00000003b0100000,0x00000003b0200000)]
  0x000001afba51fdb0 JavaThread "QuantumRenderer-0" daemon [_thread_blocked, id=13448, stack(0x00000003b0000000,0x00000003b0100000)]
  0x000001afba520c20 JavaThread "InvokeLaterDispatcher" daemon [_thread_blocked, id=15032, stack(0x00000003b0500000,0x00000003b0600000)]
  0x000001afba51e5a0 JavaThread "JavaFX Application Thread" [_thread_in_vm, id=11808, stack(0x00000003b0600000,0x00000003b0700000)]
  0x000001afba51e0d0 JavaThread "Thread-1" daemon [_thread_in_native, id=15752, stack(0x00000003aff00000,0x00000003b0000000)]
  0x000001afba51ea70 JavaThread "JavaFX-Launcher" [_thread_blocked, id=9780, stack(0x00000003b0d00000,0x00000003b0e00000)]
  0x000001afba41d0d0 JavaThread "C2 CompilerThread1" daemon [_thread_in_native, id=8236, stack(0x00000003b1300000,0x00000003b1400000)]

Other Threads:
  0x000001afb8c005e0 VMThread "VM Thread" [stack: 0x00000003af400000,0x00000003af500000] [id=15796]
  0x000001afb9a5bc90 WatcherThread [stack: 0x00000003b0200000,0x00000003b0300000] [id=15388]
  0x000001af995dac10 GCTaskThread "GC Thread#0" [stack: 0x00000003aef00000,0x00000003af000000] [id=13644]
  0x000001afba55f850 GCTaskThread "GC Thread#1" [stack: 0x00000003b0e00000,0x00000003b0f00000] [id=2556]
  0x000001afba9a51e0 GCTaskThread "GC Thread#2" [stack: 0x00000003b0f00000,0x00000003b1000000] [id=14248]
  0x000001afb9f91030 GCTaskThread "GC Thread#3" [stack: 0x00000003b1000000,0x00000003b1100000] [id=3504]
  0x000001afb9f912e0 GCTaskThread "GC Thread#4" [stack: 0x00000003b1100000,0x00000003b1200000] [id=13028]
  0x000001afb9f91590 GCTaskThread "GC Thread#5" [stack: 0x00000003b1200000,0x00000003b1300000] [id=7640]
  0x000001af995e6ad0 ConcurrentGCThread "G1 Main Marker" [stack: 0x00000003af000000,0x00000003af100000] [id=17212]
  0x000001af995e7c80 ConcurrentGCThread "G1 Conc#0" [stack: 0x00000003af100000,0x00000003af200000] [id=16388]
  0x000001af9964d490 ConcurrentGCThread "G1 Refine#0" [stack: 0x00000003af200000,0x00000003af300000] [id=11720]
  0x000001af9964deb0 ConcurrentGCThread "G1 Service" [stack: 0x00000003af300000,0x00000003af400000] [id=12728]

Threads with active compile tasks:
C2 CompilerThread0     1547  993   !   4       com.sun.javafx.css.ParsedValueImpl::readBinary (691 bytes)
C2 CompilerThread1     1547 1083 %     4       com.sun.javafx.image.impl.BaseByteToByteConverter$FourByteReorderer::doConvert @ 27 (138 bytes)

VM state: not at safepoint (normal execution)

VM Mutex/Monitor currently owned by a thread: None

Heap address: 0x0000000761e00000, size: 2530 MB, Compressed Oops mode: Zero based, Oop shift amount: 3

CDS archive(s) mapped at: [0x0000000800000000-0x0000000800bc0000-0x0000000800bc0000), size 12320768, SharedBaseAddress: 0x0000000800000000, ArchiveRelocationMode: 0.
Compressed class space mapped at: 0x0000000800c00000-0x0000000840c00000, reserved size: 1073741824
Narrow klass base: 0x0000000800000000, Narrow klass shift: 0, Narrow klass range: 0x100000000

GC Precious Log:
 CPUs: 8 total, 8 available
 Memory: 10116M
 Large Page Support: Disabled
 NUMA Support: Disabled
 Compressed Oops: Enabled (Zero based)
 Heap Region Size: 2M
 Heap Min Capacity: 8M
 Heap Initial Capacity: 160M
 Heap Max Capacity: 2530M
 Pre-touch: Disabled
 Parallel Workers: 8
 Concurrent Workers: 2
 Concurrent Refinement Workers: 8
 Periodic GC: Disabled

Heap:
 garbage-first heap   total 163840K, used 15306K [0x0000000761e00000, 0x0000000800000000)
  region size 2048K, 9 young (18432K), 2 survivors (4096K)
 Metaspace       used 8133K, committed 8384K, reserved 1064960K
  class space    used 1268K, committed 1408K, reserved 1048576K

Heap Regions: E=young(eden), S=young(survivor), O=old, HS=humongous(starts), HC=humongous(continues), CS=collection set, F=free, OA=open archive, CA=closed archive, TAMS=top-at-mark-start (previous, next)
|   0|0x0000000761e00000, 0x0000000761e00000, 0x0000000762000000|  0%| F|  |TAMS 0x0000000761e00000, 0x0000000761e00000| Untracked 
|   1|0x0000000762000000, 0x0000000762000000, 0x0000000762200000|  0%| F|  |TAMS 0x0000000762000000, 0x0000000762000000| Untracked 
|   2|0x0000000762200000, 0x0000000762200000, 0x0000000762400000|  0%| F|  |TAMS 0x0000000762200000, 0x0000000762200000| Untracked 
|   3|0x0000000762400000, 0x0000000762400000, 0x0000000762600000|  0%| F|  |TAMS 0x0000000762400000, 0x0000000762400000| Untracked 
|   4|0x0000000762600000, 0x0000000762600000, 0x0000000762800000|  0%| F|  |TAMS 0x0000000762600000, 0x0000000762600000| Untracked 
|   5|0x0000000762800000, 0x0000000762800000, 0x0000000762a00000|  0%| F|  |TAMS 0x0000000762800000, 0x0000000762800000| Untracked 
|   6|0x0000000762a00000, 0x0000000762a00000, 0x0000000762c00000|  0%| F|  |TAMS 0x0000000762a00000, 0x0000000762a00000| Untracked 
|   7|0x0000000762c00000, 0x0000000762c00000, 0x0000000762e00000|  0%| F|  |TAMS 0x0000000762c00000, 0x0000000762c00000| Untracked 
|   8|0x0000000762e00000, 0x0000000762e00000, 0x0000000763000000|  0%| F|  |TAMS 0x0000000762e00000, 0x0000000762e00000| Untracked 
|   9|0x0000000763000000, 0x0000000763000000, 0x0000000763200000|  0%| F|  |TAMS 0x0000000763000000, 0x0000000763000000| Untracked 
|  10|0x0000000763200000, 0x0000000763200000, 0x0000000763400000|  0%| F|  |TAMS 0x0000000763200000, 0x0000000763200000| Untracked 
|  11|0x0000000763400000, 0x0000000763400000, 0x0000000763600000|  0%| F|  |TAMS 0x0000000763400000, 0x0000000763400000| Untracked 
|  12|0x0000000763600000, 0x0000000763600000, 0x0000000763800000|  0%| F|  |TAMS 0x0000000763600000, 0x0000000763600000| Untracked 
|  13|0x0000000763800000, 0x0000000763800000, 0x0000000763a00000|  0%| F|  |TAMS 0x0000000763800000, 0x0000000763800000| Untracked 
|  14|0x0000000763a00000, 0x0000000763a00000, 0x0000000763c00000|  0%| F|  |TAMS 0x0000000763a00000, 0x0000000763a00000| Untracked 
|  15|0x0000000763c00000, 0x0000000763c00000, 0x0000000763e00000|  0%| F|  |TAMS 0x0000000763c00000, 0x0000000763c00000| Untracked 
|  16|0x0000000763e00000, 0x0000000763e00000, 0x0000000764000000|  0%| F|  |TAMS 0x0000000763e00000, 0x0000000763e00000| Untracked 
|  17|0x0000000764000000, 0x0000000764000000, 0x0000000764200000|  0%| F|  |TAMS 0x0000000764000000, 0x0000000764000000| Untracked 
|  18|0x0000000764200000, 0x0000000764200000, 0x0000000764400000|  0%| F|  |TAMS 0x0000000764200000, 0x0000000764200000| Untracked 
|  19|0x0000000764400000, 0x0000000764400000, 0x0000000764600000|  0%| F|  |TAMS 0x0000000764400000, 0x0000000764400000| Untracked 
|  20|0x0000000764600000, 0x0000000764600000, 0x0000000764800000|  0%| F|  |TAMS 0x0000000764600000, 0x0000000764600000| Untracked 
|  21|0x0000000764800000, 0x0000000764800000, 0x0000000764a00000|  0%| F|  |TAMS 0x0000000764800000, 0x0000000764800000| Untracked 
|  22|0x0000000764a00000, 0x0000000764a00000, 0x0000000764c00000|  0%| F|  |TAMS 0x0000000764a00000, 0x0000000764a00000| Untracked 
|  23|0x0000000764c00000, 0x0000000764c00000, 0x0000000764e00000|  0%| F|  |TAMS 0x0000000764c00000, 0x0000000764c00000| Untracked 
|  24|0x0000000764e00000, 0x0000000764e00000, 0x0000000765000000|  0%| F|  |TAMS 0x0000000764e00000, 0x0000000764e00000| Untracked 
|  25|0x0000000765000000, 0x0000000765000000, 0x0000000765200000|  0%| F|  |TAMS 0x0000000765000000, 0x0000000765000000| Untracked 
|  26|0x0000000765200000, 0x0000000765200000, 0x0000000765400000|  0%| F|  |TAMS 0x0000000765200000, 0x0000000765200000| Untracked 
|  27|0x0000000765400000, 0x0000000765400000, 0x0000000765600000|  0%| F|  |TAMS 0x0000000765400000, 0x0000000765400000| Untracked 
|  28|0x0000000765600000, 0x0000000765600000, 0x0000000765800000|  0%| F|  |TAMS 0x0000000765600000, 0x0000000765600000| Untracked 
|  29|0x0000000765800000, 0x0000000765800000, 0x0000000765a00000|  0%| F|  |TAMS 0x0000000765800000, 0x0000000765800000| Untracked 
|  30|0x0000000765a00000, 0x0000000765a00000, 0x0000000765c00000|  0%| F|  |TAMS 0x0000000765a00000, 0x0000000765a00000| Untracked 
|  31|0x0000000765c00000, 0x0000000765c00000, 0x0000000765e00000|  0%| F|  |TAMS 0x0000000765c00000, 0x0000000765c00000| Untracked 
|  32|0x0000000765e00000, 0x0000000765e00000, 0x0000000766000000|  0%| F|  |TAMS 0x0000000765e00000, 0x0000000765e00000| Untracked 
|  33|0x0000000766000000, 0x0000000766000000, 0x0000000766200000|  0%| F|  |TAMS 0x0000000766000000, 0x0000000766000000| Untracked 
|  34|0x0000000766200000, 0x0000000766200000, 0x0000000766400000|  0%| F|  |TAMS 0x0000000766200000, 0x0000000766200000| Untracked 
|  35|0x0000000766400000, 0x0000000766400000, 0x0000000766600000|  0%| F|  |TAMS 0x0000000766400000, 0x0000000766400000| Untracked 
|  36|0x0000000766600000, 0x0000000766600000, 0x0000000766800000|  0%| F|  |TAMS 0x0000000766600000, 0x0000000766600000| Untracked 
|  37|0x0000000766800000, 0x0000000766800000, 0x0000000766a00000|  0%| F|  |TAMS 0x0000000766800000, 0x0000000766800000| Untracked 
|  38|0x0000000766a00000, 0x0000000766a00000, 0x0000000766c00000|  0%| F|  |TAMS 0x0000000766a00000, 0x0000000766a00000| Untracked 
|  39|0x0000000766c00000, 0x0000000766c00000, 0x0000000766e00000|  0%| F|  |TAMS 0x0000000766c00000, 0x0000000766c00000| Untracked 
|  40|0x0000000766e00000, 0x0000000766e00000, 0x0000000767000000|  0%| F|  |TAMS 0x0000000766e00000, 0x0000000766e00000| Untracked 
|  41|0x0000000767000000, 0x0000000767000000, 0x0000000767200000|  0%| F|  |TAMS 0x0000000767000000, 0x0000000767000000| Untracked 
|  42|0x0000000767200000, 0x0000000767200000, 0x0000000767400000|  0%| F|  |TAMS 0x0000000767200000, 0x0000000767200000| Untracked 
|  43|0x0000000767400000, 0x0000000767400000, 0x0000000767600000|  0%| F|  |TAMS 0x0000000767400000, 0x0000000767400000| Untracked 
|  44|0x0000000767600000, 0x0000000767600000, 0x0000000767800000|  0%| F|  |TAMS 0x0000000767600000, 0x0000000767600000| Untracked 
|  45|0x0000000767800000, 0x0000000767800000, 0x0000000767a00000|  0%| F|  |TAMS 0x0000000767800000, 0x0000000767800000| Untracked 
|  46|0x0000000767a00000, 0x0000000767a00000, 0x0000000767c00000|  0%| F|  |TAMS 0x0000000767a00000, 0x0000000767a00000| Untracked 
|  47|0x0000000767c00000, 0x0000000767c00000, 0x0000000767e00000|  0%| F|  |TAMS 0x0000000767c00000, 0x0000000767c00000| Untracked 
|  48|0x0000000767e00000, 0x0000000767e00000, 0x0000000768000000|  0%| F|  |TAMS 0x0000000767e00000, 0x0000000767e00000| Untracked 
|  49|0x0000000768000000, 0x0000000768000000, 0x0000000768200000|  0%| F|  |TAMS 0x0000000768000000, 0x0000000768000000| Untracked 
|  50|0x0000000768200000, 0x0000000768200000, 0x0000000768400000|  0%| F|  |TAMS 0x0000000768200000, 0x0000000768200000| Untracked 
|  51|0x0000000768400000, 0x0000000768400000, 0x0000000768600000|  0%| F|  |TAMS 0x0000000768400000, 0x0000000768400000| Untracked 
|  52|0x0000000768600000, 0x0000000768600000, 0x0000000768800000|  0%| F|  |TAMS 0x0000000768600000, 0x0000000768600000| Untracked 
|  53|0x0000000768800000, 0x0000000768800000, 0x0000000768a00000|  0%| F|  |TAMS 0x0000000768800000, 0x0000000768800000| Untracked 
|  54|0x0000000768a00000, 0x0000000768a00000, 0x0000000768c00000|  0%| F|  |TAMS 0x0000000768a00000, 0x0000000768a00000| Untracked 
|  55|0x0000000768c00000, 0x0000000768c00000, 0x0000000768e00000|  0%| F|  |TAMS 0x0000000768c00000, 0x0000000768c00000| Untracked 
|  56|0x0000000768e00000, 0x0000000768e00000, 0x0000000769000000|  0%| F|  |TAMS 0x0000000768e00000, 0x0000000768e00000| Untracked 
|  57|0x0000000769000000, 0x0000000769000000, 0x0000000769200000|  0%| F|  |TAMS 0x0000000769000000, 0x0000000769000000| Untracked 
|  58|0x0000000769200000, 0x0000000769200000, 0x0000000769400000|  0%| F|  |TAMS 0x0000000769200000, 0x0000000769200000| Untracked 
|  59|0x0000000769400000, 0x0000000769400000, 0x0000000769600000|  0%| F|  |TAMS 0x0000000769400000, 0x0000000769400000| Untracked 
|  60|0x0000000769600000, 0x0000000769600000, 0x0000000769800000|  0%| F|  |TAMS 0x0000000769600000, 0x0000000769600000| Untracked 
|  61|0x0000000769800000, 0x0000000769800000, 0x0000000769a00000|  0%| F|  |TAMS 0x0000000769800000, 0x0000000769800000| Untracked 
|  62|0x0000000769a00000, 0x0000000769a00000, 0x0000000769c00000|  0%| F|  |TAMS 0x0000000769a00000, 0x0000000769a00000| Untracked 
|  63|0x0000000769c00000, 0x0000000769c00000, 0x0000000769e00000|  0%| F|  |TAMS 0x0000000769c00000, 0x0000000769c00000| Untracked 
|  64|0x0000000769e00000, 0x0000000769e00000, 0x000000076a000000|  0%| F|  |TAMS 0x0000000769e00000, 0x0000000769e00000| Untracked 
|  65|0x000000076a000000, 0x000000076a000000, 0x000000076a200000|  0%| F|  |TAMS 0x000000076a000000, 0x000000076a000000| Untracked 
|  66|0x000000076a200000, 0x000000076a200000, 0x000000076a400000|  0%| F|  |TAMS 0x000000076a200000, 0x000000076a200000| Untracked 
|  67|0x000000076a400000, 0x000000076a4f2b50, 0x000000076a600000| 47%| S|CS|TAMS 0x000000076a400000, 0x000000076a400000| Complete 
|  68|0x000000076a600000, 0x000000076a800000, 0x000000076a800000|100%| S|CS|TAMS 0x000000076a600000, 0x000000076a600000| Complete 
|  69|0x000000076a800000, 0x000000076a800000, 0x000000076aa00000|  0%| F|  |TAMS 0x000000076a800000, 0x000000076a800000| Untracked 
|  70|0x000000076aa00000, 0x000000076aa00000, 0x000000076ac00000|  0%| F|  |TAMS 0x000000076aa00000, 0x000000076aa00000| Untracked 
|  71|0x000000076ac00000, 0x000000076ac00000, 0x000000076ae00000|  0%| F|  |TAMS 0x000000076ac00000, 0x000000076ac00000| Untracked 
|  72|0x000000076ae00000, 0x000000076ae73490, 0x000000076b000000| 22%| E|  |TAMS 0x000000076ae00000, 0x000000076ae00000| Complete 
|  73|0x000000076b000000, 0x000000076b200000, 0x000000076b200000|100%| E|CS|TAMS 0x000000076b000000, 0x000000076b000000| Complete 
|  74|0x000000076b200000, 0x000000076b400000, 0x000000076b400000|100%| E|CS|TAMS 0x000000076b200000, 0x000000076b200000| Complete 
|  75|0x000000076b400000, 0x000000076b600000, 0x000000076b600000|100%| E|CS|TAMS 0x000000076b400000, 0x000000076b400000| Complete 
|  76|0x000000076b600000, 0x000000076b800000, 0x000000076b800000|100%| E|CS|TAMS 0x000000076b600000, 0x000000076b600000| Complete 
|  77|0x000000076b800000, 0x000000076ba00000, 0x000000076ba00000|100%| E|CS|TAMS 0x000000076b800000, 0x000000076b800000| Complete 
|  78|0x000000076ba00000, 0x000000076bc00000, 0x000000076bc00000|100%| E|CS|TAMS 0x000000076ba00000, 0x000000076ba00000| Complete 
|  79|0x000000076bc00000, 0x000000076be00000, 0x000000076be00000|100%| E|CS|TAMS 0x000000076bc00000, 0x000000076bc00000| Complete 

Card table byte_map: [0x000001afb08b0000,0x000001afb0db0000] _byte_map_base: 0x000001afacda1000

Marking Bits (Prev, Next): (CMBitMap*) 0x000001af995db220, (CMBitMap*) 0x000001af995db260
 Prev Bits: [0x000001afb12b0000, 0x000001afb3a38000)
 Next Bits: [0x000001afb3a40000, 0x000001afb61c8000)

Polling page: 0x000001af97570000

Metaspace:

Usage:
  Non-class:      6.74 MB used.
      Class:      1.25 MB used.
       Both:      7.99 MB used.

Virtual space:
  Non-class space:       16.00 MB reserved,       6.81 MB ( 43%) committed,  2 nodes.
      Class space:        1.00 GB reserved,       1.38 MB ( <1%) committed,  1 nodes.
             Both:        1.02 GB reserved,       8.19 MB ( <1%) committed. 

Chunk freelists:
   Non-Class:  2.75 MB
       Class:  2.61 MB
        Both:  5.36 MB

MaxMetaspaceSize: unlimited
CompressedClassSpaceSize: 1.00 GB
Initial GC threshold: 21.00 MB
Current GC threshold: 21.00 MB
CDS: on
MetaspaceReclaimPolicy: balanced
 - commit_granule_bytes: 65536.
 - commit_granule_words: 8192.
 - virtual_space_node_default_size: 1048576.
 - enlarge_chunks_in_place: 1.
 - new_chunks_are_fully_committed: 0.
 - uncommit_free_chunks: 1.
 - use_allocation_guard: 0.
 - handle_deallocations: 1.


Internal statistics:

num_allocs_failed_limit: 0.
num_arena_births: 94.
num_arena_deaths: 0.
num_vsnodes_births: 3.
num_vsnodes_deaths: 0.
num_space_committed: 131.
num_space_uncommitted: 0.
num_chunks_returned_to_freelist: 0.
num_chunks_taken_from_freelist: 362.
num_chunk_merges: 0.
num_chunk_splits: 259.
num_chunks_enlarged: 222.
num_purges: 0.
num_inconsistent_stats: 0.

CodeHeap 'non-profiled nmethods': size=120000Kb used=364Kb max_used=364Kb free=119635Kb
 bounds [0x000001afa8b40000, 0x000001afa8db0000, 0x000001afb0070000]
CodeHeap 'profiled nmethods': size=120000Kb used=1778Kb max_used=1778Kb free=118221Kb
 bounds [0x000001afa1070000, 0x000001afa12e0000, 0x000001afa85a0000]
CodeHeap 'non-nmethods': size=5760Kb used=1279Kb max_used=1279Kb free=4480Kb
 bounds [0x000001afa85a0000, 0x000001afa8810000, 0x000001afa8b40000]
 total_blobs=1705 nmethods=1101 adapters=517
 compilation: enabled
              stopped_count=0, restarted_count=0
 full_count=0

Compilation events (20 events):
Event: 1.266 Thread 0x000001afb8c30400 nmethod 1017 0x000001afa1202190 code [0x000001afa1202340, 0x000001afa1202658]
Event: 1.266 Thread 0x000001afb8c30400 1018       3       java.lang.invoke.Invokers$Holder::linkToTargetMethod (9 bytes)
Event: 1.267 Thread 0x000001afb8c30400 nmethod 1018 0x000001afa1202790 code [0x000001afa1202940, 0x000001afa1202d18]
Event: 1.267 Thread 0x000001afb8c30400 1019       3       java.lang.invoke.DirectMethodHandle$Holder::newInvokeSpecial (21 bytes)
Event: 1.267 Thread 0x000001afb8c30400 nmethod 1019 0x000001afa1202e10 code [0x000001afa1203000, 0x000001afa12037a8]
Event: 1.271 Thread 0x000001afb8c30400 1020       3       java.lang.invoke.AbstractValidatingLambdaMetafactory::isAdaptableTo (126 bytes)
Event: 1.272 Thread 0x000001afb8c30400 nmethod 1020 0x000001afa1203990 code [0x000001afa1203c20, 0x000001afa1204668]
Event: 1.272 Thread 0x000001afb8c30400 1021       3       java.lang.invoke.DirectMethodHandle::preparedLambdaForm (244 bytes)
Event: 1.274 Thread 0x000001afb8c30400 nmethod 1021 0x000001afa1204a10 code [0x000001afa1204d00, 0x000001afa1205cb8]
Event: 1.274 Thread 0x000001afb8c30400 1022       3       java.util.ArrayList::grow (11 bytes)
Event: 1.274 Thread 0x000001afb8c30400 nmethod 1022 0x000001afa1206290 code [0x000001afa1206420, 0x000001afa1206568]
Event: 1.274 Thread 0x000001afb8c30400 1023       3       java.lang.invoke.DirectMethodHandle::preparedLambdaForm (6 bytes)
Event: 1.274 Thread 0x000001afb8c30400 nmethod 1023 0x000001afa1206610 code [0x000001afa12067a0, 0x000001afa12068c8]
Event: 1.275 Thread 0x000001afba41d0d0 nmethod 994 0x000001afa8b94e90 code [0x000001afa8b95020, 0x000001afa8b955f8]
Event: 1.276 Thread 0x000001afba41d0d0 1001       4       java.lang.invoke.MemberName::getReferenceKind (12 bytes)
Event: 1.276 Thread 0x000001afba41d0d0 nmethod 1001 0x000001afa8b95890 code [0x000001afa8b95a00, 0x000001afa8b95a78]
Event: 1.277 Thread 0x000001afba41d0d0 1024       4       java.lang.String::indexOf (7 bytes)
Event: 1.278 Thread 0x000001afb8c30400 1025       3       java.lang.Float::isNaN (12 bytes)
Event: 1.278 Thread 0x000001afb8c30400 nmethod 1025 0x000001afa1206990 code [0x000001afa1206b20, 0x000001afa1206c98]
Event: 1.278 Thread 0x000001afba41d0d0 nmethod 1024 0x000001afa8b95b90 code [0x000001afa8b95d00, 0x000001afa8b95eb8]

GC Heap History (2 events):
Event: 1.106 GC heap before
{Heap before GC invocations=0 (full 0):
 garbage-first heap   total 163840K, used 22528K [0x0000000761e00000, 0x0000000800000000)
  region size 2048K, 11 young (22528K), 0 survivors (0K)
 Metaspace       used 5005K, committed 5120K, reserved 1056768K
  class space    used 653K, committed 704K, reserved 1048576K
}
Event: 1.110 GC heap after
{Heap after GC invocations=1 (full 0):
 garbage-first heap   total 163840K, used 3018K [0x0000000761e00000, 0x0000000800000000)
  region size 2048K, 2 young (4096K), 2 survivors (4096K)
 Metaspace       used 5005K, committed 5120K, reserved 1056768K
  class space    used 653K, committed 704K, reserved 1048576K
}

Dll operation events (20 events):
Event: 0.510 Loaded shared library C:\JAVALIBS\openjfx-20.0.1_windows-x64_bin-sdk\javafx-sdk-20.0.1\bin\api-ms-win-crt-heap-l1-1-0.dll
Event: 0.512 Loaded shared library C:\JAVALIBS\openjfx-20.0.1_windows-x64_bin-sdk\javafx-sdk-20.0.1\bin\api-ms-win-crt-locale-l1-1-0.dll
Event: 0.514 Loaded shared library C:\JAVALIBS\openjfx-20.0.1_windows-x64_bin-sdk\javafx-sdk-20.0.1\bin\api-ms-win-crt-math-l1-1-0.dll
Event: 0.518 Loaded shared library C:\JAVALIBS\openjfx-20.0.1_windows-x64_bin-sdk\javafx-sdk-20.0.1\bin\api-ms-win-crt-multibyte-l1-1-0.dll
Event: 0.522 Loaded shared library C:\JAVALIBS\openjfx-20.0.1_windows-x64_bin-sdk\javafx-sdk-20.0.1\bin\api-ms-win-crt-private-l1-1-0.dll
Event: 0.526 Loaded shared library C:\JAVALIBS\openjfx-20.0.1_windows-x64_bin-sdk\javafx-sdk-20.0.1\bin\api-ms-win-crt-process-l1-1-0.dll
Event: 0.528 Loaded shared library C:\JAVALIBS\openjfx-20.0.1_windows-x64_bin-sdk\javafx-sdk-20.0.1\bin\api-ms-win-crt-runtime-l1-1-0.dll
Event: 0.530 Loaded shared library C:\JAVALIBS\openjfx-20.0.1_windows-x64_bin-sdk\javafx-sdk-20.0.1\bin\api-ms-win-crt-stdio-l1-1-0.dll
Event: 0.534 Loaded shared library C:\JAVALIBS\openjfx-20.0.1_windows-x64_bin-sdk\javafx-sdk-20.0.1\bin\api-ms-win-crt-string-l1-1-0.dll
Event: 0.538 Loaded shared library C:\JAVALIBS\openjfx-20.0.1_windows-x64_bin-sdk\javafx-sdk-20.0.1\bin\api-ms-win-crt-time-l1-1-0.dll
Event: 0.540 Loaded shared library C:\JAVALIBS\openjfx-20.0.1_windows-x64_bin-sdk\javafx-sdk-20.0.1\bin\api-ms-win-crt-utility-l1-1-0.dll
Event: 0.543 Loaded shared library C:\JAVALIBS\openjfx-20.0.1_windows-x64_bin-sdk\javafx-sdk-20.0.1\bin\ucrtbase.dll
Event: 0.546 Loaded shared library C:\JAVALIBS\openjfx-20.0.1_windows-x64_bin-sdk\javafx-sdk-20.0.1\bin\vcruntime140.dll
Event: 0.549 Loaded shared library C:\JAVALIBS\openjfx-20.0.1_windows-x64_bin-sdk\javafx-sdk-20.0.1\bin\vcruntime140_1.dll
Event: 0.553 Loaded shared library C:\JAVALIBS\openjfx-20.0.1_windows-x64_bin-sdk\javafx-sdk-20.0.1\bin\msvcp140.dll
Event: 0.555 Loaded shared library C:\JAVALIBS\openjfx-20.0.1_windows-x64_bin-sdk\javafx-sdk-20.0.1\bin\msvcp140_1.dll
Event: 0.558 Loaded shared library C:\JAVALIBS\openjfx-20.0.1_windows-x64_bin-sdk\javafx-sdk-20.0.1\bin\msvcp140_2.dll
Event: 0.639 Loaded shared library C:\JAVALIBS\openjfx-20.0.1_windows-x64_bin-sdk\javafx-sdk-20.0.1\bin\prism_d3d.dll
Event: 0.723 Loaded shared library C:\JAVALIBS\openjfx-20.0.1_windows-x64_bin-sdk\javafx-sdk-20.0.1\bin\glass.dll
Event: 1.134 Loaded shared library C:\JAVALIBS\openjfx-20.0.1_windows-x64_bin-sdk\javafx-sdk-20.0.1\bin\javafx_font.dll

Deoptimization events (20 events):
Event: 1.175 Thread 0x000001afba51e5a0 Uncommon trap: trap_request=0xffffffde fr.pc=0x000001afa8b8ac78 relative=0x0000000000000358
Event: 1.175 Thread 0x000001afba51e5a0 Uncommon trap: reason=class_check action=maybe_recompile pc=0x000001afa8b8ac78 method=java.io.DataInputStream.readShort()S @ 4 c2
Event: 1.175 Thread 0x000001afba51e5a0 DEOPT PACKING pc=0x000001afa8b8ac78 sp=0x00000003b06fd3e0
Event: 1.175 Thread 0x000001afba51e5a0 DEOPT UNPACKING pc=0x000001afa85f69a3 sp=0x00000003b06fd3a0 mode 2
Event: 1.176 Thread 0x000001afba51e5a0 Uncommon trap: trap_request=0xffffffde fr.pc=0x000001afa8b8ac78 relative=0x0000000000000358
Event: 1.176 Thread 0x000001afba51e5a0 Uncommon trap: reason=class_check action=maybe_recompile pc=0x000001afa8b8ac78 method=java.io.DataInputStream.readShort()S @ 4 c2
Event: 1.176 Thread 0x000001afba51e5a0 DEOPT PACKING pc=0x000001afa8b8ac78 sp=0x00000003b06fd350
Event: 1.176 Thread 0x000001afba51e5a0 DEOPT UNPACKING pc=0x000001afa85f69a3 sp=0x00000003b06fd310 mode 2
Event: 1.186 Thread 0x000001afba51e5a0 Uncommon trap: trap_request=0xffffffde fr.pc=0x000001afa8b8ac78 relative=0x0000000000000358
Event: 1.186 Thread 0x000001afba51e5a0 Uncommon trap: reason=class_check action=maybe_recompile pc=0x000001afa8b8ac78 method=java.io.DataInputStream.readShort()S @ 4 c2
Event: 1.186 Thread 0x000001afba51e5a0 DEOPT PACKING pc=0x000001afa8b8ac78 sp=0x00000003b06fd350
Event: 1.186 Thread 0x000001afba51e5a0 DEOPT UNPACKING pc=0x000001afa85f69a3 sp=0x00000003b06fd310 mode 2
Event: 1.186 Thread 0x000001afba51e5a0 Uncommon trap: trap_request=0xffffffde fr.pc=0x000001afa8b8ac78 relative=0x0000000000000358
Event: 1.186 Thread 0x000001afba51e5a0 Uncommon trap: reason=class_check action=maybe_recompile pc=0x000001afa8b8ac78 method=java.io.DataInputStream.readShort()S @ 4 c2
Event: 1.186 Thread 0x000001afba51e5a0 DEOPT PACKING pc=0x000001afa8b8ac78 sp=0x00000003b06fd200
Event: 1.186 Thread 0x000001afba51e5a0 DEOPT UNPACKING pc=0x000001afa85f69a3 sp=0x00000003b06fd1c0 mode 2
Event: 1.195 Thread 0x000001afba51e5a0 Uncommon trap: trap_request=0xffffff45 fr.pc=0x000001afa8b5eebc relative=0x00000000000004bc
Event: 1.195 Thread 0x000001afba51e5a0 Uncommon trap: reason=unstable_if action=reinterpret pc=0x000001afa8b5eebc method=java.util.HashMap.putVal(ILjava/lang/Object;Ljava/lang/Object;ZZ)Ljava/lang/Object; @ 162 c2
Event: 1.195 Thread 0x000001afba51e5a0 DEOPT PACKING pc=0x000001afa8b5eebc sp=0x00000003b06fd320
Event: 1.195 Thread 0x000001afba51e5a0 DEOPT UNPACKING pc=0x000001afa85f69a3 sp=0x00000003b06fd2c0 mode 2

Classes unloaded (0 events):
No events

Classes redefined (0 events):
No events

Internal exceptions (20 events):
Event: 0.139 Thread 0x000001af99589690 Exception <a 'sun/nio/fs/WindowsException'{0x000000076bd25680}> (0x000000076bd25680) 
thrown [s\src\hotspot\share\prims\jni.cpp, line 516]
Event: 0.139 Thread 0x000001af99589690 Exception <a 'sun/nio/fs/WindowsException'{0x000000076bd25bb0}> (0x000000076bd25bb0) 
thrown [s\src\hotspot\share\prims\jni.cpp, line 516]
Event: 0.306 Thread 0x000001af99589690 Exception <a 'java/lang/NoSuchMethodError'{0x000000076b78f530}: 'java.lang.Object java.lang.invoke.DirectMethodHandle$Holder.invokeStaticInit(java.lang.Object)'> (0x000000076b78f530) 
thrown [s\src\hotspot\share\interpreter\linkResolver.cpp, line 759]
Event: 0.313 Thread 0x000001af99589690 Exception <a 'java/lang/NoSuchMethodError'{0x000000076b797120}: 'void java.lang.invoke.DirectMethodHandle$Holder.invokeStatic(java.lang.Object, java.lang.Object)'> (0x000000076b797120) 
thrown [s\src\hotspot\share\interpreter\linkResolver.cpp, line 759]
Event: 0.604 Thread 0x000001af99589690 Exception <a 'java/lang/NoSuchMethodError'{0x000000076b2a4830}: 'void java.lang.invoke.DirectMethodHandle$Holder.invokeSpecial(java.lang.Object, java.lang.Object, java.lang.Object)'> (0x000000076b2a4830) 
thrown [s\src\hotspot\share\interpreter\linkResolver.cpp, line 759]
Event: 0.623 Thread 0x000001af99589690 Exception <a 'java/lang/NoSuchMethodError'{0x000000076b2dd6d8}: 'void java.lang.invoke.DirectMethodHandle$Holder.invokeStatic(java.lang.Object, java.lang.Object, java.lang.Object)'> (0x000000076b2dd6d8) 
thrown [s\src\hotspot\share\interpreter\linkResolver.cpp, line 759]
Event: 0.692 Thread 0x000001af99589690 Exception <a 'java/lang/NoSuchMethodError'{0x000000076b2fa490}: 'int java.lang.invoke.DirectMethodHandle$Holder.invokeStaticInit(java.lang.Object, java.lang.Object, java.lang.Object)'> (0x000000076b2fa490) 
thrown [s\src\hotspot\share\interpreter\linkResolver.cpp, line 759]
Event: 0.730 Thread 0x000001af99589690 Exception <a 'java/lang/NoSuchMethodError'{0x000000076b0212b0}: 'java.lang.Object java.lang.invoke.DirectMethodHandle$Holder.newInvokeSpecial(java.lang.Object, java.lang.Object, int, java.lang.Object)'> (0x000000076b0212b0) 
thrown [s\src\hotspot\share\interpreter\linkResolver.cpp, line 759]
Event: 0.731 Thread 0x000001af99589690 Exception <a 'java/lang/NoSuchMethodError'{0x000000076b025690}: 'java.lang.Object java.lang.invoke.DirectMethodHandle$Holder.invokeSpecial(java.lang.Object, java.lang.Object, java.lang.Object, int, java.lang.Object)'> (0x000000076b025690) 
thrown [s\src\hotspot\share\interpreter\linkResolver.cpp, line 759]
Event: 0.931 Thread 0x000001afba51e5a0 Exception <a 'java/lang/NoSuchMethodError'{0x000000076af11c98}: 'void java.lang.invoke.DirectMethodHandle$Holder.invokeStaticInit(java.lang.Object)'> (0x000000076af11c98) 
thrown [s\src\hotspot\share\interpreter\linkResolver.cpp, line 759]
Event: 0.937 Thread 0x000001af99589690 Exception <a 'java/lang/NoSuchMethodError'{0x000000076b03a8a8}: 'java.lang.Object java.lang.invoke.DirectMethodHandle$Holder.newInvokeSpecial(java.lang.Object, java.lang.Object, java.lang.Object, java.lang.Object, java.lang.Object, java.lang.Object)'> (0x000000076b03a8a8) 
thrown [s\src\hotspot\share\interpreter\linkResolver.cpp, line 759]
Event: 0.969 Thread 0x000001af99589690 Exception <a 'java/lang/NoSuchMethodError'{0x000000076b0681b0}: 'java.lang.Object java.lang.invoke.DirectMethodHandle$Holder.newInvokeSpecial(java.lang.Object, java.lang.Object, java.lang.Object, java.lang.Object, java.lang.Object)'> (0x000000076b0681b0) 
thrown [s\src\hotspot\share\interpreter\linkResolver.cpp, line 759]
Event: 0.971 Thread 0x000001afba51ea70 Exception <a 'java/lang/NoSuchMethodError'{0x000000076ace7e60}: 'void java.lang.invoke.DirectMethodHandle$Holder.invokeStatic(java.lang.Object, java.lang.Object, java.lang.Object, java.lang.Object)'> (0x000000076ace7e60) 
thrown [s\src\hotspot\share\interpreter\linkResolver.cpp, line 759]
Event: 1.045 Thread 0x000001afba51e5a0 Exception <a 'java/lang/NoSuchMethodError'{0x000000076a83be00}: 'java.lang.Object java.lang.invoke.DirectMethodHandle$Holder.invokeStaticInit(java.lang.Object, java.lang.Object, java.lang.Object, java.lang.Object)'> (0x000000076a83be00) 
thrown [s\src\hotspot\share\interpreter\linkResolver.cpp, line 759]
Event: 1.047 Thread 0x000001afba51e5a0 Exception <a 'java/lang/NullPointerException'{0x000000076a8479e8}> (0x000000076a8479e8) 
thrown [s\src\hotspot\share\interpreter\linkResolver.cpp, line 1350]
Event: 1.077 Thread 0x000001afba51e5a0 Exception <a 'java/lang/ClassNotFoundException'{0x000000076a9174e0}: com/sun/glass/ui/win/themes> (0x000000076a9174e0) 
thrown [s\src\hotspot\share\prims\jni.cpp, line 535]
Event: 1.079 Thread 0x000001afba51e5a0 Exception <a 'java/lang/ClassNotFoundException'{0x000000076a924088}: com/sun/glass/ui/win/themes_pt> (0x000000076a924088) 
thrown [s\src\hotspot\share\prims\jni.cpp, line 535]
Event: 1.091 Thread 0x000001afba51e5a0 Exception <a 'java/lang/ClassNotFoundException'{0x000000076a979f88}: com/sun/glass/ui/win/themes_pt_BR> (0x000000076a979f88) 
thrown [s\src\hotspot\share\prims\jni.cpp, line 535]
Event: 1.221 Thread 0x000001afba51e5a0 Exception <a 'java/lang/NoSuchMethodError'{0x000000076b9319e8}: 'void java.lang.invoke.DirectMethodHandle$Holder.invokeStaticInit(java.lang.Object, java.lang.Object)'> (0x000000076b9319e8) 
thrown [s\src\hotspot\share\interpreter\linkResolver.cpp, line 759]
Event: 1.251 Thread 0x000001afba51e5a0 Exception <a 'java/lang/NoSuchMethodError'{0x000000076b67f128}: 'void java.lang.invoke.DirectMethodHandle$Holder.invokeSpecial(java.lang.Object, java.lang.Object, java.lang.Object, java.lang.Object, java.lang.Object)'> (0x000000076b67f128) 
thrown [s\src\hotspot\share\interpreter\linkResolver.cpp, line 759]

VM Operations (10 events):
Event: 0.146 Executing VM operation: HandshakeAllThreads
Event: 0.146 Executing VM operation: HandshakeAllThreads done
Event: 0.256 Executing VM operation: HandshakeAllThreads
Event: 0.256 Executing VM operation: HandshakeAllThreads done
Event: 0.715 Executing VM operation: HandshakeAllThreads
Event: 0.715 Executing VM operation: HandshakeAllThreads done
Event: 1.106 Executing VM operation: G1CollectForAllocation
Event: 1.110 Executing VM operation: G1CollectForAllocation done
Event: 1.143 Executing VM operation: HandshakeAllThreads
Event: 1.143 Executing VM operation: HandshakeAllThreads done

Events (20 events):
Event: 1.144 loading class sun/net/www/protocol/jar/URLJarFile$URLJarFileEntry done
Event: 1.144 loading class sun/net/www/protocol/jar/JarURLConnection$JarURLInputStream
Event: 1.144 loading class sun/net/www/protocol/jar/JarURLConnection$JarURLInputStream done
Event: 1.169 loading class java/util/AbstractList$RandomAccessSubList
Event: 1.169 loading class java/util/AbstractList$SubList
Event: 1.169 loading class java/util/AbstractList$SubList done
Event: 1.169 loading class java/util/AbstractList$RandomAccessSubList done
Event: 1.169 loading class java/util/AbstractList$SubList$1
Event: 1.169 loading class java/util/AbstractList$SubList$1 done
Event: 1.169 loading class java/util/AbstractList$ListItr
Event: 1.170 loading class java/util/AbstractList$ListItr done
Event: 1.220 loading class java/util/WeakHashMap$Values
Event: 1.220 loading class java/util/WeakHashMap$Values done
Event: 1.220 loading class java/util/WeakHashMap$ValueIterator
Event: 1.220 loading class java/util/WeakHashMap$ValueIterator done
Event: 1.220 loading class java/util/EventListener
Event: 1.220 loading class java/util/EventListener done
Event: 1.220 Thread 0x000001afba41d0d0 Thread added: 0x000001afba41d0d0
Event: 1.223 loading class java/lang/CloneNotSupportedException
Event: 1.223 loading class java/lang/CloneNotSupportedException done


Dynamic libraries:
0x00007ff6b1220000 - 0x00007ff6b122e000 	C:\Program Files\Eclipse Adoptium\jdk-17.0.6.10-hotspot\bin\java.exe
0x00007ffdc3630000 - 0x00007ffdc3844000 	C:\WINDOWS\SYSTEM32\ntdll.dll
0x00007ffdc2540000 - 0x00007ffdc2602000 	C:\WINDOWS\System32\KERNEL32.DLL
0x00007ffdc0b60000 - 0x00007ffdc0f03000 	C:\WINDOWS\System32\KERNELBASE.dll
0x00007ffdc0f10000 - 0x00007ffdc1021000 	C:\WINDOWS\System32\ucrtbase.dll
0x00007ffdb0bc0000 - 0x00007ffdb0bd7000 	C:\Program Files\Eclipse Adoptium\jdk-17.0.6.10-hotspot\bin\jli.dll
0x00007ffda5eb0000 - 0x00007ffda5ec9000 	C:\Program Files\Eclipse Adoptium\jdk-17.0.6.10-hotspot\bin\VCRUNTIME140.dll
0x00007ffdc27d0000 - 0x00007ffdc297b000 	C:\WINDOWS\System32\USER32.dll
0x00007ffda4400000 - 0x00007ffda468e000 	C:\WINDOWS\WinSxS\amd64_microsoft.windows.common-controls_6595b64144ccf1df_6.0.22621.1635_none_270f70857386168e\COMCTL32.dll
0x00007ffdc1380000 - 0x00007ffdc13a6000 	C:\WINDOWS\System32\win32u.dll
0x00007ffdc17f0000 - 0x00007ffdc1897000 	C:\WINDOWS\System32\msvcrt.dll
0x00007ffdc2500000 - 0x00007ffdc2529000 	C:\WINDOWS\System32\GDI32.dll
0x00007ffdc1260000 - 0x00007ffdc1378000 	C:\WINDOWS\System32\gdi32full.dll
0x00007ffdc0a50000 - 0x00007ffdc0aea000 	C:\WINDOWS\System32\msvcp_win.dll
0x00007ffdc1430000 - 0x00007ffdc1461000 	C:\WINDOWS\System32\IMM32.DLL
0x00007ffda9b40000 - 0x00007ffda9b4c000 	C:\Program Files\Eclipse Adoptium\jdk-17.0.6.10-hotspot\bin\vcruntime140_1.dll
0x00007ffd89bd0000 - 0x00007ffd89c61000 	C:\Program Files\Eclipse Adoptium\jdk-17.0.6.10-hotspot\bin\msvcp140.dll
0x00007ffd6ce20000 - 0x00007ffd6da67000 	C:\Program Files\Eclipse Adoptium\jdk-17.0.6.10-hotspot\bin\server\jvm.dll
0x00007ffdc2b80000 - 0x00007ffdc2c2e000 	C:\WINDOWS\System32\ADVAPI32.dll
0x00007ffdc1ec0000 - 0x00007ffdc1f64000 	C:\WINDOWS\System32\sechost.dll
0x00007ffdc2610000 - 0x00007ffdc2727000 	C:\WINDOWS\System32\RPCRT4.dll
0x00007ffdb80d0000 - 0x00007ffdb80da000 	C:\WINDOWS\SYSTEM32\VERSION.dll
0x00007ffdbcdd0000 - 0x00007ffdbcdd9000 	C:\WINDOWS\SYSTEM32\WSOCK32.dll
0x00007ffdb8070000 - 0x00007ffdb80a4000 	C:\WINDOWS\SYSTEM32\WINMM.dll
0x00007ffdc2750000 - 0x00007ffdc27c1000 	C:\WINDOWS\System32\WS2_32.dll
0x00007ffdbfa60000 - 0x00007ffdbfa78000 	C:\WINDOWS\SYSTEM32\kernel.appcore.dll
0x00007ffda7040000 - 0x00007ffda704a000 	C:\Program Files\Eclipse Adoptium\jdk-17.0.6.10-hotspot\bin\jimage.dll
0x00007ffdbe670000 - 0x00007ffdbe89e000 	C:\WINDOWS\SYSTEM32\DBGHELP.DLL
0x00007ffdc1f70000 - 0x00007ffdc22f9000 	C:\WINDOWS\System32\combase.dll
0x00007ffdc2980000 - 0x00007ffdc2a57000 	C:\WINDOWS\System32\OLEAUT32.dll
0x00007ffda9760000 - 0x00007ffda9792000 	C:\WINDOWS\SYSTEM32\dbgcore.DLL
0x00007ffdc13b0000 - 0x00007ffdc142b000 	C:\WINDOWS\System32\bcryptPrimitives.dll
0x00007ffda5e80000 - 0x00007ffda5ea5000 	C:\Program Files\Eclipse Adoptium\jdk-17.0.6.10-hotspot\bin\java.dll
0x00007ffd86dd0000 - 0x00007ffd86ea6000 	C:\Program Files\Eclipse Adoptium\jdk-17.0.6.10-hotspot\bin\jsvml.dll
0x00007ffdc2c30000 - 0x00007ffdc342a000 	C:\WINDOWS\System32\SHELL32.dll
0x00007ffdbea00000 - 0x00007ffdbf2ce000 	C:\WINDOWS\SYSTEM32\windows.storage.dll
0x00007ffdbe8b0000 - 0x00007ffdbe9ee000 	C:\WINDOWS\SYSTEM32\wintypes.dll
0x00007ffdc16a0000 - 0x00007ffdc1791000 	C:\WINDOWS\System32\SHCORE.dll
0x00007ffdc18c0000 - 0x00007ffdc191e000 	C:\WINDOWS\System32\shlwapi.dll
0x00007ffdc0980000 - 0x00007ffdc09a1000 	C:\WINDOWS\SYSTEM32\profapi.dll
0x00007ffda5c90000 - 0x00007ffda5ca9000 	C:\Program Files\Eclipse Adoptium\jdk-17.0.6.10-hotspot\bin\net.dll
0x00007ffdb8be0000 - 0x00007ffdb8d17000 	C:\WINDOWS\SYSTEM32\WINHTTP.dll
0x00007ffdbfec0000 - 0x00007ffdbff29000 	C:\WINDOWS\system32\mswsock.dll
0x00007ffda5c70000 - 0x00007ffda5c85000 	C:\Program Files\Eclipse Adoptium\jdk-17.0.6.10-hotspot\bin\nio.dll
0x00007ffda5bd0000 - 0x00007ffda5be8000 	C:\Program Files\Eclipse Adoptium\jdk-17.0.6.10-hotspot\bin\zip.dll
0x000001af994f0000 - 0x000001af994f3000 	C:\JAVALIBS\openjfx-20.0.1_windows-x64_bin-sdk\javafx-sdk-20.0.1\bin\api-ms-win-core-console-l1-1-0.dll
0x000001af99500000 - 0x000001af99503000 	C:\JAVALIBS\openjfx-20.0.1_windows-x64_bin-sdk\javafx-sdk-20.0.1\bin\api-ms-win-core-console-l1-2-0.dll
0x000001af99510000 - 0x000001af99513000 	C:\JAVALIBS\openjfx-20.0.1_windows-x64_bin-sdk\javafx-sdk-20.0.1\bin\api-ms-win-core-datetime-l1-1-0.dll
0x000001af99520000 - 0x000001af99523000 	C:\JAVALIBS\openjfx-20.0.1_windows-x64_bin-sdk\javafx-sdk-20.0.1\bin\api-ms-win-core-debug-l1-1-0.dll
0x000001af99530000 - 0x000001af99533000 	C:\JAVALIBS\openjfx-20.0.1_windows-x64_bin-sdk\javafx-sdk-20.0.1\bin\api-ms-win-core-errorhandling-l1-1-0.dll
0x000001af99540000 - 0x000001af99544000 	C:\JAVALIBS\openjfx-20.0.1_windows-x64_bin-sdk\javafx-sdk-20.0.1\bin\api-ms-win-core-file-l1-1-0.dll
0x000001afb8d90000 - 0x000001afb8d93000 	C:\JAVALIBS\openjfx-20.0.1_windows-x64_bin-sdk\javafx-sdk-20.0.1\bin\api-ms-win-core-file-l1-2-0.dll
0x000001afb8da0000 - 0x000001afb8da3000 	C:\JAVALIBS\openjfx-20.0.1_windows-x64_bin-sdk\javafx-sdk-20.0.1\bin\api-ms-win-core-file-l2-1-0.dll
0x000001afb8db0000 - 0x000001afb8db3000 	C:\JAVALIBS\openjfx-20.0.1_windows-x64_bin-sdk\javafx-sdk-20.0.1\bin\api-ms-win-core-handle-l1-1-0.dll
0x000001afb8dc0000 - 0x000001afb8dc3000 	C:\JAVALIBS\openjfx-20.0.1_windows-x64_bin-sdk\javafx-sdk-20.0.1\bin\api-ms-win-core-heap-l1-1-0.dll
0x000001afb8dd0000 - 0x000001afb8dd3000 	C:\JAVALIBS\openjfx-20.0.1_windows-x64_bin-sdk\javafx-sdk-20.0.1\bin\api-ms-win-core-interlocked-l1-1-0.dll
0x000001afb8de0000 - 0x000001afb8de3000 	C:\JAVALIBS\openjfx-20.0.1_windows-x64_bin-sdk\javafx-sdk-20.0.1\bin\api-ms-win-core-libraryloader-l1-1-0.dll
0x000001afb8df0000 - 0x000001afb8df3000 	C:\JAVALIBS\openjfx-20.0.1_windows-x64_bin-sdk\javafx-sdk-20.0.1\bin\api-ms-win-core-localization-l1-2-0.dll
0x000001afb8e00000 - 0x000001afb8e03000 	C:\JAVALIBS\openjfx-20.0.1_windows-x64_bin-sdk\javafx-sdk-20.0.1\bin\api-ms-win-core-memory-l1-1-0.dll
0x000001afb8e10000 - 0x000001afb8e13000 	C:\JAVALIBS\openjfx-20.0.1_windows-x64_bin-sdk\javafx-sdk-20.0.1\bin\api-ms-win-core-namedpipe-l1-1-0.dll
0x000001afb8e20000 - 0x000001afb8e23000 	C:\JAVALIBS\openjfx-20.0.1_windows-x64_bin-sdk\javafx-sdk-20.0.1\bin\api-ms-win-core-processenvironment-l1-1-0.dll
0x000001afb8e30000 - 0x000001afb8e33000 	C:\JAVALIBS\openjfx-20.0.1_windows-x64_bin-sdk\javafx-sdk-20.0.1\bin\api-ms-win-core-processthreads-l1-1-0.dll
0x000001afb8e40000 - 0x000001afb8e43000 	C:\JAVALIBS\openjfx-20.0.1_windows-x64_bin-sdk\javafx-sdk-20.0.1\bin\api-ms-win-core-processthreads-l1-1-1.dll
0x000001afb8e50000 - 0x000001afb8e53000 	C:\JAVALIBS\openjfx-20.0.1_windows-x64_bin-sdk\javafx-sdk-20.0.1\bin\api-ms-win-core-profile-l1-1-0.dll
0x000001afb8e60000 - 0x000001afb8e63000 	C:\JAVALIBS\openjfx-20.0.1_windows-x64_bin-sdk\javafx-sdk-20.0.1\bin\api-ms-win-core-rtlsupport-l1-1-0.dll
0x000001afb8e70000 - 0x000001afb8e73000 	C:\JAVALIBS\openjfx-20.0.1_windows-x64_bin-sdk\javafx-sdk-20.0.1\bin\api-ms-win-core-string-l1-1-0.dll
0x000001afb8e80000 - 0x000001afb8e83000 	C:\JAVALIBS\openjfx-20.0.1_windows-x64_bin-sdk\javafx-sdk-20.0.1\bin\api-ms-win-core-synch-l1-1-0.dll
0x000001afb8e90000 - 0x000001afb8e93000 	C:\JAVALIBS\openjfx-20.0.1_windows-x64_bin-sdk\javafx-sdk-20.0.1\bin\api-ms-win-core-synch-l1-2-0.dll
0x000001afb8ea0000 - 0x000001afb8ea3000 	C:\JAVALIBS\openjfx-20.0.1_windows-x64_bin-sdk\javafx-sdk-20.0.1\bin\api-ms-win-core-sysinfo-l1-1-0.dll
0x000001afb8eb0000 - 0x000001afb8eb3000 	C:\JAVALIBS\openjfx-20.0.1_windows-x64_bin-sdk\javafx-sdk-20.0.1\bin\api-ms-win-core-timezone-l1-1-0.dll
0x000001afb8ec0000 - 0x000001afb8ec3000 	C:\JAVALIBS\openjfx-20.0.1_windows-x64_bin-sdk\javafx-sdk-20.0.1\bin\api-ms-win-core-util-l1-1-0.dll
0x000001afb8ed0000 - 0x000001afb8ed3000 	C:\JAVALIBS\openjfx-20.0.1_windows-x64_bin-sdk\javafx-sdk-20.0.1\bin\api-ms-win-crt-conio-l1-1-0.dll
0x000001afb8ee0000 - 0x000001afb8ee4000 	C:\JAVALIBS\openjfx-20.0.1_windows-x64_bin-sdk\javafx-sdk-20.0.1\bin\api-ms-win-crt-convert-l1-1-0.dll
0x000001afb8ef0000 - 0x000001afb8ef3000 	C:\JAVALIBS\openjfx-20.0.1_windows-x64_bin-sdk\javafx-sdk-20.0.1\bin\api-ms-win-crt-environment-l1-1-0.dll
0x000001afb8f00000 - 0x000001afb8f03000 	C:\JAVALIBS\openjfx-20.0.1_windows-x64_bin-sdk\javafx-sdk-20.0.1\bin\api-ms-win-crt-filesystem-l1-1-0.dll
0x000001afb8f10000 - 0x000001afb8f13000 	C:\JAVALIBS\openjfx-20.0.1_windows-x64_bin-sdk\javafx-sdk-20.0.1\bin\api-ms-win-crt-heap-l1-1-0.dll
0x000001afb8f20000 - 0x000001afb8f23000 	C:\JAVALIBS\openjfx-20.0.1_windows-x64_bin-sdk\javafx-sdk-20.0.1\bin\api-ms-win-crt-locale-l1-1-0.dll
0x000001afb8f30000 - 0x000001afb8f35000 	C:\JAVALIBS\openjfx-20.0.1_windows-x64_bin-sdk\javafx-sdk-20.0.1\bin\api-ms-win-crt-math-l1-1-0.dll
0x000001afb8f40000 - 0x000001afb8f45000 	C:\JAVALIBS\openjfx-20.0.1_windows-x64_bin-sdk\javafx-sdk-20.0.1\bin\api-ms-win-crt-multibyte-l1-1-0.dll
0x000001afb8f50000 - 0x000001afb8f60000 	C:\JAVALIBS\openjfx-20.0.1_windows-x64_bin-sdk\javafx-sdk-20.0.1\bin\api-ms-win-crt-private-l1-1-0.dll
0x000001afb8f60000 - 0x000001afb8f63000 	C:\JAVALIBS\openjfx-20.0.1_windows-x64_bin-sdk\javafx-sdk-20.0.1\bin\api-ms-win-crt-process-l1-1-0.dll
0x000001afb8f70000 - 0x000001afb8f74000 	C:\JAVALIBS\openjfx-20.0.1_windows-x64_bin-sdk\javafx-sdk-20.0.1\bin\api-ms-win-crt-runtime-l1-1-0.dll
0x000001afb8f80000 - 0x000001afb8f84000 	C:\JAVALIBS\openjfx-20.0.1_windows-x64_bin-sdk\javafx-sdk-20.0.1\bin\api-ms-win-crt-stdio-l1-1-0.dll
0x000001afb8f90000 - 0x000001afb8f94000 	C:\JAVALIBS\openjfx-20.0.1_windows-x64_bin-sdk\javafx-sdk-20.0.1\bin\api-ms-win-crt-string-l1-1-0.dll
0x000001afb8fa0000 - 0x000001afb8fa3000 	C:\JAVALIBS\openjfx-20.0.1_windows-x64_bin-sdk\javafx-sdk-20.0.1\bin\api-ms-win-crt-time-l1-1-0.dll
0x000001afb8fb0000 - 0x000001afb8fb3000 	C:\JAVALIBS\openjfx-20.0.1_windows-x64_bin-sdk\javafx-sdk-20.0.1\bin\api-ms-win-crt-utility-l1-1-0.dll
0x00007ffd86cd0000 - 0x00007ffd86dcc000 	C:\JAVALIBS\openjfx-20.0.1_windows-x64_bin-sdk\javafx-sdk-20.0.1\bin\ucrtbase.dll
0x00007ffda3300000 - 0x00007ffda331b000 	C:\JAVALIBS\openjfx-20.0.1_windows-x64_bin-sdk\javafx-sdk-20.0.1\bin\vcruntime140.dll
0x00007ffda6f80000 - 0x00007ffda6f8c000 	C:\JAVALIBS\openjfx-20.0.1_windows-x64_bin-sdk\javafx-sdk-20.0.1\bin\vcruntime140_1.dll
0x00007ffd738c0000 - 0x00007ffd7394e000 	C:\JAVALIBS\openjfx-20.0.1_windows-x64_bin-sdk\javafx-sdk-20.0.1\bin\msvcp140.dll
0x00007ffda6630000 - 0x00007ffda6639000 	C:\JAVALIBS\openjfx-20.0.1_windows-x64_bin-sdk\javafx-sdk-20.0.1\bin\msvcp140_1.dll
0x00007ffda32d0000 - 0x00007ffda3300000 	C:\JAVALIBS\openjfx-20.0.1_windows-x64_bin-sdk\javafx-sdk-20.0.1\bin\msvcp140_2.dll
0x00007ffda32a0000 - 0x00007ffda32cf000 	C:\JAVALIBS\openjfx-20.0.1_windows-x64_bin-sdk\javafx-sdk-20.0.1\bin\prism_d3d.dll
0x00007ffd8be70000 - 0x00007ffd8c019000 	C:\WINDOWS\system32\d3d9.dll
0x00007ffdbe110000 - 0x00007ffdbe13b000 	C:\WINDOWS\SYSTEM32\dwmapi.dll
0x00007ffdbdda0000 - 0x00007ffdbddd6000 	C:\WINDOWS\SYSTEM32\dxcore.dll
0x00007ffdbdca0000 - 0x00007ffdbdd4b000 	C:\WINDOWS\system32\uxtheme.dll
0x00007ffdb02a0000 - 0x00007ffdb047b000 	C:\Windows\System32\DriverStore\FileRepository\u0361441.inf_amd64_122c374e035e7595\B361368\aticfx64.dll
0x00007ffd8c280000 - 0x00007ffd8c2b3000 	C:\Windows\System32\DriverStore\FileRepository\u0361441.inf_amd64_122c374e035e7595\B361368\atiu9p64.dll
0x00007ffd88d30000 - 0x00007ffd899c6000 	C:\Windows\System32\DriverStore\FileRepository\u0361441.inf_amd64_122c374e035e7595\B361368\atiumd64.dll
0x00007ffdc1470000 - 0x00007ffdc160c000 	C:\WINDOWS\System32\ole32.dll
0x000000005ba80000 - 0x000000005c8fe000 	C:\WINDOWS\System32\DriverStore\FileRepository\u0361441.inf_amd64_122c374e035e7595\B361368\atiumd6a.dll
0x00007ffdc0380000 - 0x00007ffdc03a8000 	C:\WINDOWS\SYSTEM32\bcrypt.dll
0x00007ffdc0920000 - 0x00007ffdc096d000 	C:\WINDOWS\SYSTEM32\POWRPROF.dll
0x00007ffdc0900000 - 0x00007ffdc0913000 	C:\WINDOWS\SYSTEM32\UMPDC.dll
0x00007ffda9ed0000 - 0x00007ffda9eff000 	C:\WINDOWS\SYSTEM32\amdihk64.dll
0x00007ffdb4250000 - 0x00007ffdb4298000 	C:\WINDOWS\SYSTEM32\directxdatabasehelper.dll
0x00007ffd82190000 - 0x00007ffd821d2000 	C:\JAVALIBS\openjfx-20.0.1_windows-x64_bin-sdk\javafx-sdk-20.0.1\bin\glass.dll
0x00007ffdc2380000 - 0x00007ffdc2477000 	C:\WINDOWS\System32\COMDLG32.dll
0x00007ffdc2a60000 - 0x00007ffdc2b7e000 	C:\WINDOWS\System32\MSCTF.dll
0x00007ffdb3500000 - 0x00007ffdb3514000 	C:\JAVALIBS\openjfx-20.0.1_windows-x64_bin-sdk\javafx-sdk-20.0.1\bin\javafx_font.dll
0x00007ffdbaea0000 - 0x00007ffdbb107000 	C:\WINDOWS\SYSTEM32\dwrite.dll

dbghelp: loaded successfully - version: 4.0.5 - missing functions: none
symbol engine: initialized successfully - sym options: 0x614 - pdb path: .;C:\Program Files\Eclipse Adoptium\jdk-17.0.6.10-hotspot\bin;C:\WINDOWS\SYSTEM32;C:\WINDOWS\WinSxS\amd64_microsoft.windows.common-controls_6595b64144ccf1df_6.0.22621.1635_none_270f70857386168e;C:\Program Files\Eclipse Adoptium\jdk-17.0.6.10-hotspot\bin\server;C:\JAVALIBS\openjfx-20.0.1_windows-x64_bin-sdk\javafx-sdk-20.0.1\bin;C:\Windows\System32\DriverStore\FileRepository\u0361441.inf_amd64_122c374e035e7595\B361368

VM Arguments:
jvm_args: --module-path=C:/JAVALIBS/openjfx-20.0.1_windows-x64_bin-sdk/javafx-sdk-20.0.1/lib --add-modules=javafx.controls,javafx.fxml -XX:+ShowCodeDetailsInExceptionMessages 
java_command: assets.view.App
java_class_path (initial): C:\Users\vinyl\Desktop\Programacao_Orientada_Objetos\2sem_exjava_estudante\bin;c:\JAVALIBS\openjfx-20.0.1_windows-x64_bin-sdk\javafx-sdk-20.0.1\lib\javafx.graphics.jar;c:\Users\vinyl\Downloads\mysql-connector-j-8.0.33\mysql-connector-j-8.0.33\mysql-connector-j-8.0.33.jar;c:\JAVALIBS\openjfx-20.0.1_windows-x64_bin-sdk\javafx-sdk-20.0.1\lib\javafx.base.jar;c:\JAVALIBS\openjfx-20.0.1_windows-x64_bin-sdk\javafx-sdk-20.0.1\lib\javafx.media.jar;c:\JAVALIBS\openjfx-20.0.1_windows-x64_bin-sdk\javafx-sdk-20.0.1\lib\javafx.swing.jar;c:\JAVALIBS\openjfx-20.0.1_windows-x64_bin-sdk\javafx-sdk-20.0.1\lib\javafx.controls.jar;c:\JAVALIBS\openjfx-20.0.1_windows-x64_bin-sdk\javafx-sdk-20.0.1\lib\javafx.web.jar;c:\JAVALIBS\openjfx-20.0.1_windows-x64_bin-sdk\javafx-sdk-20.0.1\lib\javafx-swt.jar;c:\JAVALIBS\openjfx-20.0.1_windows-x64_bin-sdk\javafx-sdk-20.0.1\lib\javafx.fxml.jar
Launcher Type: SUN_STANDARD

[Global flags]
     intx CICompilerCount                          = 4                                         {product} {ergonomic}
     uint ConcGCThreads                            = 2                                         {product} {ergonomic}
     uint G1ConcRefinementThreads                  = 8                                         {product} {ergonomic}
   size_t G1HeapRegionSize                         = 2097152                                   {product} {ergonomic}
    uintx GCDrainStackTargetSize                   = 64                                        {product} {ergonomic}
   size_t InitialHeapSize                          = 167772160                                 {product} {ergonomic}
   size_t MarkStackSize                            = 4194304                                   {product} {ergonomic}
   size_t MaxHeapSize                              = 2652897280                                {product} {ergonomic}
   size_t MaxNewSize                               = 1591738368                                {product} {ergonomic}
   size_t MinHeapDeltaBytes                        = 2097152                                   {product} {ergonomic}
   size_t MinHeapSize                              = 8388608                                   {product} {ergonomic}
    uintx NonNMethodCodeHeapSize                   = 5839372                                {pd product} {ergonomic}
    uintx NonProfiledCodeHeapSize                  = 122909434                              {pd product} {ergonomic}
    uintx ProfiledCodeHeapSize                     = 122909434                              {pd product} {ergonomic}
    uintx ReservedCodeCacheSize                    = 251658240                              {pd product} {ergonomic}
     bool SegmentedCodeCache                       = true                                      {product} {ergonomic}
     bool ShowCodeDetailsInExceptionMessages       = true                                   {manageable} {command line}
   size_t SoftMaxHeapSize                          = 2652897280                             {manageable} {ergonomic}
     bool UseCompressedClassPointers               = true                           {product lp64_product} {ergonomic}
     bool UseCompressedOops                        = true                           {product lp64_product} {ergonomic}
     bool UseG1GC                                  = true                                      {product} {ergonomic}
     bool UseLargePagesIndividualAllocation        = false                                  {pd product} {ergonomic}

Logging:
Log output configuration:
 #0: stdout all=warning uptime,level,tags
 #1: stderr all=off uptime,level,tags

Environment Variables:
PATH=C:\Program Files\Eclipse Adoptium\jdk-17.0.6.10-hotspot\bin;C:\Program Files\Common Files\Oracle\Java\javapath;C:\Program Files (x86)\Common Files\Oracle\Java\javapath;C:\Python310\Scripts\;C:\Python310\;C:\WINDOWS\system32;C:\WINDOWS;C:\WINDOWS\System32\Wbem;C:\WINDOWS\System32\OpenSSH\;C:\Program Files\nodejs\;C:\ProgramData\chocolatey\bin;C:\Program Files\PuTTY\;C:\Program Files (x86)\Microsoft SQL Server\150\DTS\Binn\;C:\Program Files\Azure Data Studio\bin;C:\WINDOWS\System32\WindowsPowerShell\v1.0\;C:\Program Files\Git\cmd;C:\Program Files\Docker\Docker\resources\bin;C:\Users\vinyl\AppData\Local\Microsoft\WindowsApps;C:\php-8.1.5-nts-Win32-vs16-x64;C:\Users\vinyl\AppData\Local\Programs\Microsoft VS Code\bin;C:\Users\vinyl\AppData\Roaming\npm;C:\Program Files\Azure Data Studio\bin;C:\MinGW\bin;
USERNAME=vinyl
LANG=en_US.UTF-8
OS=Windows_NT
PROCESSOR_IDENTIFIER=AMD64 Family 23 Model 24 Stepping 1, AuthenticAMD
TMP=C:\Users\vinyl\AppData\Local\Temp
TEMP=C:\Users\vinyl\AppData\Local\Temp



---------------  S Y S T E M  ---------------

OS:
 Windows 11 , 64 bit Build 22621 (10.0.22621.1635)
OS uptime: 0 days 1:45 hours
Hyper-V role detected

CPU: total 8 (initial active 8) (8 cores per cpu, 2 threads per core) family 23 model 24 stepping 1 microcode 0x0, cx8, cmov, fxsr, ht, mmx, 3dnowpref, sse, sse2, sse3, ssse3, sse4a, sse4.1, sse4.2, popcnt, lzcnt, tsc, tscinvbit, avx, avx2, aes, clmul, bmi1, bmi2, adx, sha, fma, vzeroupper, clflush, clflushopt, hv

Memory: 4k page, system-wide physical 10116M (2680M free)
TotalPageFile size 24452M (AvailPageFile size 13581M)
current process WorkingSet (physical memory assigned to process): 100M, peak: 100M
current process commit charge ("private bytes"): 290M, peak: 290M

vm_info: OpenJDK 64-Bit Server VM (17.0.6+10) for windows-amd64 JRE (17.0.6+10), built on Jan 18 2023 10:08:59 by "temurin" with MS VC++ 16.7 (VS2019)

END.
