#
# A fatal error has been detected by the Java Runtime Environment:
#
#  EXCEPTION_ACCESS_VIOLATION (0xc0000005) at pc=0x00007ffd70289fa3, pid=3716, tid=5664
#
# JRE version: OpenJDK Runtime Environment Temurin-17.0.6+10 (17.0.6+10) (build 17.0.6+10)
# Java VM: OpenJDK 64-Bit Server VM Temurin-17.0.6+10 (17.0.6+10, mixed mode, sharing, tiered, compressed oops, compressed class ptrs, g1 gc, windows-amd64)
# Problematic frame:
# V  [jvm.dll+0x79fa3]
#
# No core dump will be written. Minidumps are not enabled by default on client versions of Windows
#
# If you would like to submit a bug report, please visit:
#   https://github.com/adoptium/adoptium-support/issues
#

---------------  S U M M A R Y ------------

Command Line: --module-path=C:/JAVALIBS/openjfx-20.0.1_windows-x64_bin-sdk/javafx-sdk-20.0.1/lib --add-modules=javafx.controls,javafx.fxml -XX:+ShowCodeDetailsInExceptionMessages assets.view.App

Host: AMD Ryzen 5 3500U with Radeon Vega Mobile Gfx  , 8 cores, 9G,  Windows 11 , 64 bit Build 22621 (10.0.22621.1635)
Time: Tue May 16 22:41:13 2023 Hora oficial do Brasil elapsed time: 2.410383 seconds (0d 0h 0m 2s)

---------------  T H R E A D  ---------------

Current thread (0x0000020d9f0586b0):  JavaThread "C2 CompilerThread0" daemon [_thread_in_native, id=5664, stack(0x000000410f700000,0x000000410f800000)]


Current CompileTask:
C2:   2410 1614       4       com.sun.javafx.css.BitSet::addAll (340 bytes)

Stack: [0x000000410f700000,0x000000410f800000],  sp=0x000000410f7fbfc0,  free space=1007k
Native frames: (J=compiled Java code, j=interpreted, Vv=VM code, C=native code)
V  [jvm.dll+0x79fa3]
V  [jvm.dll+0x609df8]
V  [jvm.dll+0x607eb4]
V  [jvm.dll+0x218468]
V  [jvm.dll+0x217a11]
V  [jvm.dll+0x1a3d0d]
V  [jvm.dll+0x22742a]
V  [jvm.dll+0x225565]
V  [jvm.dll+0x7ea2cb]
V  [jvm.dll+0x7e483a]
V  [jvm.dll+0x6762c5]
C  [ucrtbase.dll+0x29363]
C  [KERNEL32.DLL+0x126ad]
C  [ntdll.dll+0x5a9f8]


siginfo: EXCEPTION_ACCESS_VIOLATION (0xc0000005), writing address 0x0000000400000002


Register to memory mapping:

RIP=0x00007ffd70289fa3 jvm.dll
RAX=0x0 is NULL
RBX=0x0000020d9ffe74d8 points into unknown readable memory: 0x0000020d9ffe7680 | 80 76 fe 9f 0d 02 00 00
RCX=0x0000000400000002 is an unknown value
RDX=0x0000020da026fa80 points into unknown readable memory: 0x0000020d9ffe7360 | 60 73 fe 9f 0d 02 00 00
RSP=0x000000410f7fbfc0 is pointing into the stack for thread: 0x0000020d9f0586b0
RBP=0x000000410f7fc038 is pointing into the stack for thread: 0x0000020d9f0586b0
RSI=0xfffffffffffffff8 is an unknown value
RDI=0x0000020d9ffe7360 points into unknown readable memory: 0x00007ffd70b264d0 | d0 64 b2 70 fd 7f 00 00
R8 =0x0000020da026fa78 points into unknown readable memory: 0x0000020da026fb68 | 68 fb 26 a0 0d 02 00 00
R9 =0x0000020d9ffe73a8 points into unknown readable memory: 0x0000020d9ffe74d8 | d8 74 fe 9f 0d 02 00 00
R10=0x0000020d9fc4d908 points into unknown readable memory: 0x0000020d9fc4d858 | 58 d8 c4 9f 0d 02 00 00
R11=0x0000020d9fc4e058 points into unknown readable memory: 0x0000020d9fc4d858 | 58 d8 c4 9f 0d 02 00 00
R12=0x0 is NULL
R13=0x000000410f7fc420 is pointing into the stack for thread: 0x0000020d9f0586b0
R14=0x0000000000000012 is an unknown value
R15=0x0000020da1109c30 points into unknown readable memory: 0x00007ffd70b2a080 | 80 a0 b2 70 fd 7f 00 00


Registers:
RAX=0x0000000000000000, RBX=0x0000020d9ffe74d8, RCX=0x0000000400000002, RDX=0x0000020da026fa80
RSP=0x000000410f7fbfc0, RBP=0x000000410f7fc038, RSI=0xfffffffffffffff8, RDI=0x0000020d9ffe7360
R8 =0x0000020da026fa78, R9 =0x0000020d9ffe73a8, R10=0x0000020d9fc4d908, R11=0x0000020d9fc4e058
R12=0x0000000000000000, R13=0x000000410f7fc420, R14=0x0000000000000012, R15=0x0000020da1109c30
RIP=0x00007ffd70289fa3, EFLAGS=0x0000000000010297

Top of Stack: (sp=0x000000410f7fbfc0)
0x000000410f7fbfc0:   0000020d9ffe74c8 0000020d9fc4d588
0x000000410f7fbfd0:   000000410f7fc038 000000410f7fc038
0x000000410f7fbfe0:   0000000000000004 00007ffd70819df8
0x000000410f7fbff0:   0000020d9ffe74d8 0000000000000003
0x000000410f7fc000:   0000020da026ed10 0000020da026ed10
0x000000410f7fc010:   0000020da70cda50 0000020da70d8410
0x000000410f7fc020:   0000020da70cd790 0000020d9f025a50
0x000000410f7fc030:   000000410f7feea0 0000000000000000
0x000000410f7fc040:   0000000000000000 000000410f7fc420
0x000000410f7fc050:   000000410f7fc0e0 00007ffd70817eb4
0x000000410f7fc060:   0000000000000004 0000000000000703
0x000000410f7fc070:   0000000000000004 0000020da05821f0
0x000000410f7fc080:   0000000000100000 0000000000000000
0x000000410f7fc090:   0000000000000000 0000000000000000
0x000000410f7fc0a0:   0000000000000000 0000000000000000
0x000000410f7fc0b0:   0000000000000000 0000000000000000 

Instructions: (pc=0x00007ffd70289fa3)
0x00007ffd70289ea3:   00 00 c3 cc cc cc cc cc cc cc cc cc cc b8 58 02
0x00007ffd70289eb3:   00 00 c3 cc cc cc cc cc cc cc cc cc cc b8 8b 01
0x00007ffd70289ec3:   00 00 c3 cc cc cc cc cc cc cc cc cc cc b8 c5 02
0x00007ffd70289ed3:   00 00 c3 cc cc cc cc cc cc cc cc cc cc b8 b5 02
0x00007ffd70289ee3:   00 00 c3 cc cc cc cc cc cc cc cc cc cc b8 c6 02
0x00007ffd70289ef3:   00 00 c3 cc cc cc cc cc cc cc cc cc cc b8 c8 02
0x00007ffd70289f03:   00 00 c3 cc cc cc cc cc cc cc cc cc cc b8 c7 02
0x00007ffd70289f13:   00 00 c3 cc cc cc cc cc cc cc cc cc cc b8 a9 02
0x00007ffd70289f23:   00 00 c3 cc cc cc cc cc cc cc cc cc cc 48 89 5c
0x00007ffd70289f33:   24 08 57 48 83 ec 20 48 8b 41 08 48 8b f9 8b d2
0x00007ffd70289f43:   49 8b d8 48 8b 0c d0 4c 8d 0c d0 48 85 c9 74 26
0x00007ffd70289f53:   4c 8b 41 10 4d 85 c0 74 1d 8b 41 20 49 8d 14 c0
0x00007ffd70289f63:   48 39 7a f8 48 8d 52 f8 75 f6 ff c8 89 41 20 49
0x00007ffd70289f73:   8b 0c c0 48 89 0a 49 89 19 48 85 db 74 29 48 8b
0x00007ffd70289f83:   4b 10 48 85 c9 74 20 8b 43 20 3b 43 24 75 11 8b
0x00007ffd70289f93:   d0 48 8b cb e8 84 b9 5d 00 8b 43 20 48 8b 4b 10
0x00007ffd70289fa3:   48 89 3c c1 ff 43 20 8b 0d 48 f5 b2 00 65 48 8b
0x00007ffd70289fb3:   04 25 58 00 00 00 ba 50 00 00 00 48 8b 04 c8 80
0x00007ffd70289fc3:   3c 02 00 75 05 e8 b3 52 81 00 48 8b 5c 24 30 48
0x00007ffd70289fd3:   83 c4 20 5f c3 cc cc cc cc cc cc cc cc b8 a8 00
0x00007ffd70289fe3:   00 00 c3 cc cc cc cc cc cc cc cc cc cc 40 53 48
0x00007ffd70289ff3:   83 ec 20 48 8b d9 e8 92 02 00 00 48 8d 05 93 ad
0x00007ffd7028a003:   86 00 c6 83 98 00 00 00 00 48 89 03 48 8d 83 a8
0x00007ffd7028a013:   00 00 00 48 89 43 40 48 8b c3 c7 43 2c be 00 00
0x00007ffd7028a023:   00 c7 43 3c 02 00 00 00 48 83 c4 20 5b c3 cc cc
0x00007ffd7028a033:   cc cc cc cc cc cc cc cc cc cc cc cc cc 40 53 48
0x00007ffd7028a043:   83 ec 20 48 8b d9 e8 42 02 00 00 48 8d 05 3b b0
0x00007ffd7028a053:   86 00 c7 43 2c de 00 00 00 48 89 03 48 8d 83 a0
0x00007ffd7028a063:   00 00 00 48 89 43 40 48 8b c3 c7 43 3c 02 00 00
0x00007ffd7028a073:   00 48 83 c4 20 5b c3 cc cc cc cc cc cc 40 53 48
0x00007ffd7028a083:   83 ec 20 48 8b d9 e8 02 02 00 00 48 8d 05 73 b1
0x00007ffd7028a093:   86 00 c7 43 2c de 00 00 00 48 89 03 48 8d 83 a0 


Stack slot to memory mapping:
stack at sp + 0 slots: 0x0000020d9ffe74c8 points into unknown readable memory: 0x00007ffd70af5090 | 90 50 af 70 fd 7f 00 00
stack at sp + 1 slots: 0x0000020d9fc4d588 points into unknown readable memory: 0x00007ffd70ad40c0 | c0 40 ad 70 fd 7f 00 00
stack at sp + 2 slots: 0x000000410f7fc038 is pointing into the stack for thread: 0x0000020d9f0586b0
stack at sp + 3 slots: 0x000000410f7fc038 is pointing into the stack for thread: 0x0000020d9f0586b0
stack at sp + 4 slots: 0x0000000000000004 is an unknown value
stack at sp + 5 slots: 0x00007ffd70819df8 jvm.dll
stack at sp + 6 slots: 0x0000020d9ffe74d8 points into unknown readable memory: 0x0000020d9ffe7680 | 80 76 fe 9f 0d 02 00 00
stack at sp + 7 slots: 0x0000000000000003 is an unknown value


---------------  P R O C E S S  ---------------

Threads class SMR info:
_java_thread_list=0x0000020da0be4ac0, length=20, elements={
0x0000020dff917ca0, 0x0000020d9f00f680, 0x0000020d9f010230, 0x0000020d9f027180,
0x0000020d9f027d30, 0x0000020d9f02bb00, 0x0000020d9f04d200, 0x0000020d9f0586b0,
0x0000020d9f05e0d0, 0x0000020d9f09c170, 0x0000020d9fcb7820, 0x0000020d9fd73d50,
0x0000020d9fcb9500, 0x0000020d9fcb8b60, 0x0000020d9fcb99d0, 0x0000020d9fcb9ea0,
0x0000020d9fcba370, 0x0000020d9fcba840, 0x0000020da12666e0, 0x0000020d9fcb9030
}

Java Threads: ( => current thread )
  0x0000020dff917ca0 JavaThread "main" [_thread_blocked, id=2616, stack(0x000000410ea00000,0x000000410eb00000)]
  0x0000020d9f00f680 JavaThread "Reference Handler" daemon [_thread_blocked, id=12784, stack(0x000000410f100000,0x000000410f200000)]
  0x0000020d9f010230 JavaThread "Finalizer" daemon [_thread_blocked, id=9228, stack(0x000000410f200000,0x000000410f300000)]
  0x0000020d9f027180 JavaThread "Signal Dispatcher" daemon [_thread_blocked, id=11480, stack(0x000000410f300000,0x000000410f400000)]
  0x0000020d9f027d30 JavaThread "Attach Listener" daemon [_thread_blocked, id=15760, stack(0x000000410f400000,0x000000410f500000)]
  0x0000020d9f02bb00 JavaThread "Service Thread" daemon [_thread_blocked, id=12720, stack(0x000000410f500000,0x000000410f600000)]
  0x0000020d9f04d200 JavaThread "Monitor Deflation Thread" daemon [_thread_blocked, id=6984, stack(0x000000410f600000,0x000000410f700000)]
=>0x0000020d9f0586b0 JavaThread "C2 CompilerThread0" daemon [_thread_in_native, id=5664, stack(0x000000410f700000,0x000000410f800000)]
  0x0000020d9f05e0d0 JavaThread "C1 CompilerThread0" daemon [_thread_in_native, id=17124, stack(0x000000410f800000,0x000000410f900000)]
  0x0000020d9f09c170 JavaThread "Sweeper thread" daemon [_thread_blocked, id=10864, stack(0x000000410f900000,0x000000410fa00000)]
  0x0000020d9fcb7820 JavaThread "Common-Cleaner" daemon [_thread_blocked, id=16936, stack(0x000000410fa00000,0x000000410fb00000)]
  0x0000020d9fd73d50 JavaThread "C2 CompilerThread1" daemon [_thread_in_native, id=16636, stack(0x000000410fb00000,0x000000410fc00000)]
  0x0000020d9fcb9500 JavaThread "Notification Thread" daemon [_thread_blocked, id=9648, stack(0x000000410fd00000,0x000000410fe00000)]
  0x0000020d9fcb8b60 JavaThread "QuantumRenderer-0" daemon [_thread_blocked, id=14948, stack(0x000000410fc00000,0x000000410fd00000)]
  0x0000020d9fcb99d0 JavaThread "InvokeLaterDispatcher" daemon [_thread_blocked, id=10620, stack(0x0000004110100000,0x0000004110200000)]
  0x0000020d9fcb9ea0 JavaThread "JavaFX Application Thread" [_thread_in_Java, id=16516, stack(0x0000004110200000,0x0000004110300000)]
  0x0000020d9fcba370 JavaThread "Thread-1" daemon [_thread_in_native, id=16440, stack(0x0000004110900000,0x0000004110a00000)]
  0x0000020d9fcba840 JavaThread "JavaFX-Launcher" [_thread_blocked, id=13592, stack(0x0000004110a00000,0x0000004110b00000)]
  0x0000020da12666e0 JavaThread "C2 CompilerThread2" daemon [_thread_in_native, id=13012, stack(0x0000004111000000,0x0000004111100000)]
  0x0000020d9fcb9030 JavaThread "Prism Font Disposer" daemon [_thread_blocked, id=6996, stack(0x0000004111200000,0x0000004111300000)]

Other Threads:
  0x0000020d9f00bb40 VMThread "VM Thread" [stack: 0x000000410f000000,0x000000410f100000] [id=3656]
  0x0000020d9fdcec70 WatcherThread [stack: 0x000000410fe00000,0x000000410ff00000] [id=14992]
  0x0000020dff96b1c0 GCTaskThread "GC Thread#0" [stack: 0x000000410eb00000,0x000000410ec00000] [id=16304]
  0x0000020da0a88410 GCTaskThread "GC Thread#1" [stack: 0x0000004110b00000,0x0000004110c00000] [id=10328]
  0x0000020da0a886c0 GCTaskThread "GC Thread#2" [stack: 0x0000004110c00000,0x0000004110d00000] [id=4616]
  0x0000020da085c100 GCTaskThread "GC Thread#3" [stack: 0x0000004110d00000,0x0000004110e00000] [id=6124]
  0x0000020da085c3b0 GCTaskThread "GC Thread#4" [stack: 0x0000004110e00000,0x0000004110f00000] [id=17072]
  0x0000020da085c660 GCTaskThread "GC Thread#5" [stack: 0x0000004110f00000,0x0000004111000000] [id=1972]
  0x0000020da704f670 GCTaskThread "GC Thread#6" [stack: 0x0000004111300000,0x0000004111400000] [id=2384]
  0x0000020da0b089b0 GCTaskThread "GC Thread#7" [stack: 0x0000004111400000,0x0000004111500000] [id=11340]
  0x0000020dff975f10 ConcurrentGCThread "G1 Main Marker" [stack: 0x000000410ec00000,0x000000410ed00000] [id=5732]
  0x0000020dff976a80 ConcurrentGCThread "G1 Conc#0" [stack: 0x000000410ed00000,0x000000410ee00000] [id=15232]
  0x0000020dff9c98c0 ConcurrentGCThread "G1 Refine#0" [stack: 0x000000410ee00000,0x000000410ef00000] [id=16324]
  0x0000020da0960f60 ConcurrentGCThread "G1 Refine#1" [stack: 0x0000004111500000,0x0000004111600000] [id=14792]
  0x0000020da119a780 ConcurrentGCThread "G1 Refine#2" [stack: 0x0000004111600000,0x0000004111700000] [id=10840]
  0x0000020d9eee2400 ConcurrentGCThread "G1 Service" [stack: 0x000000410ef00000,0x000000410f000000] [id=12020]

Threads with active compile tasks:
C2 CompilerThread0     2756 1614       4       com.sun.javafx.css.BitSet::addAll (340 bytes)
C1 CompilerThread0     2756 2000       3       com.sun.javafx.font.CompositeGlyphMapper::getAsciiGlyphCode (115 bytes)
C2 CompilerThread1     2756 1959       4       java.lang.StringLatin1::toLowerCase (186 bytes)
C2 CompilerThread2     2757 1726       4       com.sun.javafx.css.StyleMap::getCascadingStyles (384 bytes)

VM state: not at safepoint (normal execution)

VM Mutex/Monitor currently owned by a thread: None

Heap address: 0x0000000761e00000, size: 2530 MB, Compressed Oops mode: Zero based, Oop shift amount: 3

CDS archive(s) mapped at: [0x0000000800000000-0x0000000800bc0000-0x0000000800bc0000), size 12320768, SharedBaseAddress: 0x0000000800000000, ArchiveRelocationMode: 0.
Compressed class space mapped at: 0x0000000800c00000-0x0000000840c00000, reserved size: 1073741824
Narrow klass base: 0x0000000800000000, Narrow klass shift: 0, Narrow klass range: 0x100000000

GC Precious Log:
 CPUs: 8 total, 8 available
 Memory: 10116M
 Large Page Support: Disabled
 NUMA Support: Disabled
 Compressed Oops: Enabled (Zero based)
 Heap Region Size: 2M
 Heap Min Capacity: 8M
 Heap Initial Capacity: 160M
 Heap Max Capacity: 2530M
 Pre-touch: Disabled
 Parallel Workers: 8
 Concurrent Workers: 2
 Concurrent Refinement Workers: 8
 Periodic GC: Disabled

Heap:
 garbage-first heap   total 163840K, used 27534K [0x0000000761e00000, 0x0000000800000000)
  region size 2048K, 9 young (18432K), 3 survivors (6144K)
 Metaspace       used 12970K, committed 13184K, reserved 1064960K
  class space    used 2217K, committed 2304K, reserved 1048576K

Heap Regions: E=young(eden), S=young(survivor), O=old, HS=humongous(starts), HC=humongous(continues), CS=collection set, F=free, OA=open archive, CA=closed archive, TAMS=top-at-mark-start (previous, next)
|   0|0x0000000761e00000, 0x0000000762000000, 0x0000000762000000|100%| O|  |TAMS 0x0000000761e00000, 0x0000000761e00000| Untracked 
|   1|0x0000000762000000, 0x0000000762200000, 0x0000000762200000|100%| O|  |TAMS 0x0000000762000000, 0x0000000762000000| Untracked 
|   2|0x0000000762200000, 0x0000000762400000, 0x0000000762400000|100%| O|  |TAMS 0x0000000762200000, 0x0000000762200000| Untracked 
|   3|0x0000000762400000, 0x0000000762600000, 0x0000000762600000|100%| O|  |TAMS 0x0000000762400000, 0x0000000762400000| Untracked 
|   4|0x0000000762600000, 0x0000000762800000, 0x0000000762800000|100%| O|  |TAMS 0x0000000762600000, 0x0000000762600000| Untracked 
|   5|0x0000000762800000, 0x00000007628e3a00, 0x0000000762a00000| 44%| O|  |TAMS 0x0000000762800000, 0x0000000762800000| Untracked 
|   6|0x0000000762a00000, 0x0000000762a00000, 0x0000000762c00000|  0%| F|  |TAMS 0x0000000762a00000, 0x0000000762a00000| Untracked 
|   7|0x0000000762c00000, 0x0000000762c00000, 0x0000000762e00000|  0%| F|  |TAMS 0x0000000762c00000, 0x0000000762c00000| Untracked 
|   8|0x0000000762e00000, 0x0000000762e00000, 0x0000000763000000|  0%| F|  |TAMS 0x0000000762e00000, 0x0000000762e00000| Untracked 
|   9|0x0000000763000000, 0x0000000763000000, 0x0000000763200000|  0%| F|  |TAMS 0x0000000763000000, 0x0000000763000000| Untracked 
|  10|0x0000000763200000, 0x0000000763200000, 0x0000000763400000|  0%| F|  |TAMS 0x0000000763200000, 0x0000000763200000| Untracked 
|  11|0x0000000763400000, 0x0000000763400000, 0x0000000763600000|  0%| F|  |TAMS 0x0000000763400000, 0x0000000763400000| Untracked 
|  12|0x0000000763600000, 0x0000000763600000, 0x0000000763800000|  0%| F|  |TAMS 0x0000000763600000, 0x0000000763600000| Untracked 
|  13|0x0000000763800000, 0x0000000763800000, 0x0000000763a00000|  0%| F|  |TAMS 0x0000000763800000, 0x0000000763800000| Untracked 
|  14|0x0000000763a00000, 0x0000000763a00000, 0x0000000763c00000|  0%| F|  |TAMS 0x0000000763a00000, 0x0000000763a00000| Untracked 
|  15|0x0000000763c00000, 0x0000000763c00000, 0x0000000763e00000|  0%| F|  |TAMS 0x0000000763c00000, 0x0000000763c00000| Untracked 
|  16|0x0000000763e00000, 0x0000000763e00000, 0x0000000764000000|  0%| F|  |TAMS 0x0000000763e00000, 0x0000000763e00000| Untracked 
|  17|0x0000000764000000, 0x0000000764000000, 0x0000000764200000|  0%| F|  |TAMS 0x0000000764000000, 0x0000000764000000| Untracked 
|  18|0x0000000764200000, 0x0000000764200000, 0x0000000764400000|  0%| F|  |TAMS 0x0000000764200000, 0x0000000764200000| Untracked 
|  19|0x0000000764400000, 0x0000000764400000, 0x0000000764600000|  0%| F|  |TAMS 0x0000000764400000, 0x0000000764400000| Untracked 
|  20|0x0000000764600000, 0x0000000764600000, 0x0000000764800000|  0%| F|  |TAMS 0x0000000764600000, 0x0000000764600000| Untracked 
|  21|0x0000000764800000, 0x0000000764800000, 0x0000000764a00000|  0%| F|  |TAMS 0x0000000764800000, 0x0000000764800000| Untracked 
|  22|0x0000000764a00000, 0x0000000764a00000, 0x0000000764c00000|  0%| F|  |TAMS 0x0000000764a00000, 0x0000000764a00000| Untracked 
|  23|0x0000000764c00000, 0x0000000764c00000, 0x0000000764e00000|  0%| F|  |TAMS 0x0000000764c00000, 0x0000000764c00000| Untracked 
|  24|0x0000000764e00000, 0x0000000764e00000, 0x0000000765000000|  0%| F|  |TAMS 0x0000000764e00000, 0x0000000764e00000| Untracked 
|  25|0x0000000765000000, 0x0000000765000000, 0x0000000765200000|  0%| F|  |TAMS 0x0000000765000000, 0x0000000765000000| Untracked 
|  26|0x0000000765200000, 0x0000000765200000, 0x0000000765400000|  0%| F|  |TAMS 0x0000000765200000, 0x0000000765200000| Untracked 
|  27|0x0000000765400000, 0x0000000765400000, 0x0000000765600000|  0%| F|  |TAMS 0x0000000765400000, 0x0000000765400000| Untracked 
|  28|0x0000000765600000, 0x0000000765600000, 0x0000000765800000|  0%| F|  |TAMS 0x0000000765600000, 0x0000000765600000| Untracked 
|  29|0x0000000765800000, 0x0000000765800000, 0x0000000765a00000|  0%| F|  |TAMS 0x0000000765800000, 0x0000000765800000| Untracked 
|  30|0x0000000765a00000, 0x0000000765a00000, 0x0000000765c00000|  0%| F|  |TAMS 0x0000000765a00000, 0x0000000765a00000| Untracked 
|  31|0x0000000765c00000, 0x0000000765c00000, 0x0000000765e00000|  0%| F|  |TAMS 0x0000000765c00000, 0x0000000765c00000| Untracked 
|  32|0x0000000765e00000, 0x0000000765e00000, 0x0000000766000000|  0%| F|  |TAMS 0x0000000765e00000, 0x0000000765e00000| Untracked 
|  33|0x0000000766000000, 0x0000000766000000, 0x0000000766200000|  0%| F|  |TAMS 0x0000000766000000, 0x0000000766000000| Untracked 
|  34|0x0000000766200000, 0x0000000766200000, 0x0000000766400000|  0%| F|  |TAMS 0x0000000766200000, 0x0000000766200000| Untracked 
|  35|0x0000000766400000, 0x0000000766400000, 0x0000000766600000|  0%| F|  |TAMS 0x0000000766400000, 0x0000000766400000| Untracked 
|  36|0x0000000766600000, 0x0000000766600000, 0x0000000766800000|  0%| F|  |TAMS 0x0000000766600000, 0x0000000766600000| Untracked 
|  37|0x0000000766800000, 0x0000000766800000, 0x0000000766a00000|  0%| F|  |TAMS 0x0000000766800000, 0x0000000766800000| Untracked 
|  38|0x0000000766a00000, 0x0000000766a00000, 0x0000000766c00000|  0%| F|  |TAMS 0x0000000766a00000, 0x0000000766a00000| Untracked 
|  39|0x0000000766c00000, 0x0000000766c00000, 0x0000000766e00000|  0%| F|  |TAMS 0x0000000766c00000, 0x0000000766c00000| Untracked 
|  40|0x0000000766e00000, 0x0000000766e00000, 0x0000000767000000|  0%| F|  |TAMS 0x0000000766e00000, 0x0000000766e00000| Untracked 
|  41|0x0000000767000000, 0x0000000767000000, 0x0000000767200000|  0%| F|  |TAMS 0x0000000767000000, 0x0000000767000000| Untracked 
|  42|0x0000000767200000, 0x0000000767200000, 0x0000000767400000|  0%| F|  |TAMS 0x0000000767200000, 0x0000000767200000| Untracked 
|  43|0x0000000767400000, 0x0000000767400000, 0x0000000767600000|  0%| F|  |TAMS 0x0000000767400000, 0x0000000767400000| Untracked 
|  44|0x0000000767600000, 0x0000000767600000, 0x0000000767800000|  0%| F|  |TAMS 0x0000000767600000, 0x0000000767600000| Untracked 
|  45|0x0000000767800000, 0x0000000767800000, 0x0000000767a00000|  0%| F|  |TAMS 0x0000000767800000, 0x0000000767800000| Untracked 
|  46|0x0000000767a00000, 0x0000000767a00000, 0x0000000767c00000|  0%| F|  |TAMS 0x0000000767a00000, 0x0000000767a00000| Untracked 
|  47|0x0000000767c00000, 0x0000000767c00000, 0x0000000767e00000|  0%| F|  |TAMS 0x0000000767c00000, 0x0000000767c00000| Untracked 
|  48|0x0000000767e00000, 0x0000000767e00000, 0x0000000768000000|  0%| F|  |TAMS 0x0000000767e00000, 0x0000000767e00000| Untracked 
|  49|0x0000000768000000, 0x0000000768000000, 0x0000000768200000|  0%| F|  |TAMS 0x0000000768000000, 0x0000000768000000| Untracked 
|  50|0x0000000768200000, 0x0000000768200000, 0x0000000768400000|  0%| F|  |TAMS 0x0000000768200000, 0x0000000768200000| Untracked 
|  51|0x0000000768400000, 0x0000000768400000, 0x0000000768600000|  0%| F|  |TAMS 0x0000000768400000, 0x0000000768400000| Untracked 
|  52|0x0000000768600000, 0x0000000768600000, 0x0000000768800000|  0%| F|  |TAMS 0x0000000768600000, 0x0000000768600000| Untracked 
|  53|0x0000000768800000, 0x0000000768800000, 0x0000000768a00000|  0%| F|  |TAMS 0x0000000768800000, 0x0000000768800000| Untracked 
|  54|0x0000000768a00000, 0x0000000768a00000, 0x0000000768c00000|  0%| F|  |TAMS 0x0000000768a00000, 0x0000000768a00000| Untracked 
|  55|0x0000000768c00000, 0x0000000768c00000, 0x0000000768e00000|  0%| F|  |TAMS 0x0000000768c00000, 0x0000000768c00000| Untracked 
|  56|0x0000000768e00000, 0x0000000768e00000, 0x0000000769000000|  0%| F|  |TAMS 0x0000000768e00000, 0x0000000768e00000| Untracked 
|  57|0x0000000769000000, 0x0000000769200000, 0x0000000769200000|100%| S|CS|TAMS 0x0000000769000000, 0x0000000769000000| Complete 
|  58|0x0000000769200000, 0x0000000769400000, 0x0000000769400000|100%| S|CS|TAMS 0x0000000769200000, 0x0000000769200000| Complete 
|  59|0x0000000769400000, 0x0000000769600000, 0x0000000769600000|100%| S|CS|TAMS 0x0000000769400000, 0x0000000769400000| Complete 
|  60|0x0000000769600000, 0x0000000769600000, 0x0000000769800000|  0%| F|  |TAMS 0x0000000769600000, 0x0000000769600000| Untracked 
|  61|0x0000000769800000, 0x0000000769800000, 0x0000000769a00000|  0%| F|  |TAMS 0x0000000769800000, 0x0000000769800000| Untracked 
|  62|0x0000000769a00000, 0x0000000769a00000, 0x0000000769c00000|  0%| F|  |TAMS 0x0000000769a00000, 0x0000000769a00000| Untracked 
|  63|0x0000000769c00000, 0x0000000769c00000, 0x0000000769e00000|  0%| F|  |TAMS 0x0000000769c00000, 0x0000000769c00000| Untracked 
|  64|0x0000000769e00000, 0x0000000769e00000, 0x000000076a000000|  0%| F|  |TAMS 0x0000000769e00000, 0x0000000769e00000| Untracked 
|  65|0x000000076a000000, 0x000000076a000000, 0x000000076a200000|  0%| F|  |TAMS 0x000000076a000000, 0x000000076a000000| Untracked 
|  66|0x000000076a200000, 0x000000076a200000, 0x000000076a400000|  0%| F|  |TAMS 0x000000076a200000, 0x000000076a200000| Untracked 
|  67|0x000000076a400000, 0x000000076a400000, 0x000000076a600000|  0%| F|  |TAMS 0x000000076a400000, 0x000000076a400000| Untracked 
|  68|0x000000076a600000, 0x000000076a600000, 0x000000076a800000|  0%| F|  |TAMS 0x000000076a600000, 0x000000076a600000| Untracked 
|  69|0x000000076a800000, 0x000000076a800000, 0x000000076aa00000|  0%| F|  |TAMS 0x000000076a800000, 0x000000076a800000| Untracked 
|  70|0x000000076aa00000, 0x000000076aa00000, 0x000000076ac00000|  0%| F|  |TAMS 0x000000076aa00000, 0x000000076aa00000| Untracked 
|  71|0x000000076ac00000, 0x000000076ac00000, 0x000000076ae00000|  0%| F|  |TAMS 0x000000076ac00000, 0x000000076ac00000| Untracked 
|  72|0x000000076ae00000, 0x000000076ae00000, 0x000000076b000000|  0%| F|  |TAMS 0x000000076ae00000, 0x000000076ae00000| Untracked 
|  73|0x000000076b000000, 0x000000076b000000, 0x000000076b200000|  0%| F|  |TAMS 0x000000076b000000, 0x000000076b000000| Untracked 
|  74|0x000000076b200000, 0x000000076b300800, 0x000000076b400000| 50%| E|  |TAMS 0x000000076b200000, 0x000000076b200000| Complete 
|  75|0x000000076b400000, 0x000000076b600000, 0x000000076b600000|100%| E|CS|TAMS 0x000000076b400000, 0x000000076b400000| Complete 
|  76|0x000000076b600000, 0x000000076b800000, 0x000000076b800000|100%| E|CS|TAMS 0x000000076b600000, 0x000000076b600000| Complete 
|  77|0x000000076b800000, 0x000000076ba00000, 0x000000076ba00000|100%| E|CS|TAMS 0x000000076b800000, 0x000000076b800000| Complete 
|  78|0x000000076ba00000, 0x000000076bc00000, 0x000000076bc00000|100%| E|CS|TAMS 0x000000076ba00000, 0x000000076ba00000| Complete 
|  79|0x000000076bc00000, 0x000000076be00000, 0x000000076be00000|100%| E|CS|TAMS 0x000000076bc00000, 0x000000076bc00000| Complete 

Card table byte_map: [0x0000020d96f20000,0x0000020d97420000] _byte_map_base: 0x0000020d93411000

Marking Bits (Prev, Next): (CMBitMap*) 0x0000020dff96b7d0, (CMBitMap*) 0x0000020dff96b810
 Prev Bits: [0x0000020d97920000, 0x0000020d9a0a8000)
 Next Bits: [0x0000020d9a0b0000, 0x0000020d9c838000)

Polling page: 0x0000020dfd8e0000

Metaspace:

Usage:
  Non-class:     10.50 MB used.
      Class:      2.17 MB used.
       Both:     12.67 MB used.

Virtual space:
  Non-class space:       16.00 MB reserved,      10.62 MB ( 66%) committed,  2 nodes.
      Class space:        1.00 GB reserved,       2.25 MB ( <1%) committed,  1 nodes.
             Both:        1.02 GB reserved,      12.88 MB (  1%) committed. 

Chunk freelists:
   Non-Class:  3.52 MB
       Class:  1.70 MB
        Both:  5.22 MB

MaxMetaspaceSize: unlimited
CompressedClassSpaceSize: 1.00 GB
Initial GC threshold: 21.00 MB
Current GC threshold: 21.00 MB
CDS: on
MetaspaceReclaimPolicy: balanced
 - commit_granule_bytes: 65536.
 - commit_granule_words: 8192.
 - virtual_space_node_default_size: 1048576.
 - enlarge_chunks_in_place: 1.
 - new_chunks_are_fully_committed: 0.
 - uncommit_free_chunks: 1.
 - use_allocation_guard: 0.
 - handle_deallocations: 1.


Internal statistics:

num_allocs_failed_limit: 0.
num_arena_births: 132.
num_arena_deaths: 0.
num_vsnodes_births: 3.
num_vsnodes_deaths: 0.
num_space_committed: 206.
num_space_uncommitted: 0.
num_chunks_returned_to_freelist: 0.
num_chunks_taken_from_freelist: 595.
num_chunk_merges: 0.
num_chunk_splits: 421.
num_chunks_enlarged: 352.
num_purges: 0.
num_inconsistent_stats: 0.

CodeHeap 'non-profiled nmethods': size=120000Kb used=830Kb max_used=830Kb free=119169Kb
 bounds [0x0000020d8f4f0000, 0x0000020d8f760000, 0x0000020d96a20000]
CodeHeap 'profiled nmethods': size=120000Kb used=3814Kb max_used=3814Kb free=116185Kb
 bounds [0x0000020d87a20000, 0x0000020d87de0000, 0x0000020d8ef50000]
CodeHeap 'non-nmethods': size=5760Kb used=1362Kb max_used=1406Kb free=4397Kb
 bounds [0x0000020d8ef50000, 0x0000020d8f1c0000, 0x0000020d8f4f0000]
 total_blobs=2705 nmethods=2004 adapters=613
 compilation: enabled
              stopped_count=0, restarted_count=0
 full_count=0

Compilation events (20 events):
Event: 2.378 Thread 0x0000020d9f05e0d0 nmethod 1663 0x0000020d87d12190 code [0x0000020d87d12340, 0x0000020d87d12568]
Event: 2.378 Thread 0x0000020d9f05e0d0 1664       3       com.sun.javafx.css.PseudoClassState::containsAll (6 bytes)
Event: 2.379 Thread 0x0000020d9f05e0d0 nmethod 1664 0x0000020d87d12610 code [0x0000020d87d127a0, 0x0000020d87d128e8]
Event: 2.379 Thread 0x0000020d9f05e0d0 1666       3       javafx.css.Size::pixels (7 bytes)
Event: 2.379 Thread 0x0000020d9f05e0d0 nmethod 1666 0x0000020d87d12990 code [0x0000020d87d12b60, 0x0000020d87d12ca8]
Event: 2.379 Thread 0x0000020d9f05e0d0 1667       3       javafx.css.Size::pixels (14 bytes)
Event: 2.379 Thread 0x0000020d9f05e0d0 nmethod 1667 0x0000020d87d12d90 code [0x0000020d87d12f40, 0x0000020d87d13128]
Event: 2.379 Thread 0x0000020d9f05e0d0 1665       3       java.util.HashMap::remove (26 bytes)
Event: 2.380 Thread 0x0000020d9f05e0d0 nmethod 1665 0x0000020d87d13210 code [0x0000020d87d133e0, 0x0000020d87d13758]
Event: 2.384 Thread 0x0000020d9f05e0d0 1668       3       javafx.beans.property.SimpleDoubleProperty::<init> (25 bytes)
Event: 2.384 Thread 0x0000020d9f05e0d0 nmethod 1668 0x0000020d87d13890 code [0x0000020d87d13a60, 0x0000020d87d13f78]
Event: 2.387 Thread 0x0000020d9f05e0d0 1669       3       javafx.beans.binding.StringExpression::<init> (5 bytes)
Event: 2.388 Thread 0x0000020d9f05e0d0 nmethod 1669 0x0000020d87d14110 code [0x0000020d87d142a0, 0x0000020d87d143f8]
Event: 2.388 Thread 0x0000020d9f05e0d0 1670       3       com.sun.javafx.css.StyleManager$Key::equals (99 bytes)
Event: 2.388 Thread 0x0000020d9f05e0d0 nmethod 1670 0x0000020d87d14490 code [0x0000020d87d146a0, 0x0000020d87d14dc8]
Event: 2.388 Thread 0x0000020d9f05e0d0 1672       3       java.lang.Double::valueOf (9 bytes)
Event: 2.389 Thread 0x0000020d9f05e0d0 nmethod 1672 0x0000020d87d14f90 code [0x0000020d87d15140, 0x0000020d87d153b8]
Event: 2.389 Thread 0x0000020d9f05e0d0 1673       3       java.lang.Double::<init> (10 bytes)
Event: 2.389 Thread 0x0000020d9f05e0d0 nmethod 1673 0x0000020d87d15510 code [0x0000020d87d156c0, 0x0000020d87d15898]
Event: 2.389 Thread 0x0000020d9f05e0d0 1674       3       java.util.AbstractList::iterator (9 bytes)

GC Heap History (4 events):
Event: 1.077 GC heap before
{Heap before GC invocations=0 (full 0):
 garbage-first heap   total 163840K, used 22528K [0x0000000761e00000, 0x0000000800000000)
  region size 2048K, 11 young (22528K), 0 survivors (0K)
 Metaspace       used 5014K, committed 5120K, reserved 1056768K
  class space    used 652K, committed 704K, reserved 1048576K
}
Event: 1.081 GC heap after
{Heap after GC invocations=1 (full 0):
 garbage-first heap   total 163840K, used 2866K [0x0000000761e00000, 0x0000000800000000)
  region size 2048K, 2 young (4096K), 2 survivors (4096K)
 Metaspace       used 5014K, committed 5120K, reserved 1056768K
  class space    used 652K, committed 704K, reserved 1048576K
}
Event: 2.069 GC heap before
{Heap before GC invocations=1 (full 0):
 garbage-first heap   total 163840K, used 37682K [0x0000000761e00000, 0x0000000800000000)
  region size 2048K, 20 young (40960K), 2 survivors (4096K)
 Metaspace       used 11034K, committed 11264K, reserved 1064960K
  class space    used 1873K, committed 1984K, reserved 1048576K
}
Event: 2.077 GC heap after
{Heap after GC invocations=2 (full 0):
 garbage-first heap   total 163840K, used 17294K [0x0000000761e00000, 0x0000000800000000)
  region size 2048K, 3 young (6144K), 3 survivors (6144K)
 Metaspace       used 11034K, committed 11264K, reserved 1064960K
  class space    used 1873K, committed 1984K, reserved 1048576K
}

Dll operation events (20 events):
Event: 0.586 Loaded shared library C:\JAVALIBS\openjfx-20.0.1_windows-x64_bin-sdk\javafx-sdk-20.0.1\bin\api-ms-win-crt-locale-l1-1-0.dll
Event: 0.588 Loaded shared library C:\JAVALIBS\openjfx-20.0.1_windows-x64_bin-sdk\javafx-sdk-20.0.1\bin\api-ms-win-crt-math-l1-1-0.dll
Event: 0.592 Loaded shared library C:\JAVALIBS\openjfx-20.0.1_windows-x64_bin-sdk\javafx-sdk-20.0.1\bin\api-ms-win-crt-multibyte-l1-1-0.dll
Event: 0.595 Loaded shared library C:\JAVALIBS\openjfx-20.0.1_windows-x64_bin-sdk\javafx-sdk-20.0.1\bin\api-ms-win-crt-private-l1-1-0.dll
Event: 0.597 Loaded shared library C:\JAVALIBS\openjfx-20.0.1_windows-x64_bin-sdk\javafx-sdk-20.0.1\bin\api-ms-win-crt-process-l1-1-0.dll
Event: 0.599 Loaded shared library C:\JAVALIBS\openjfx-20.0.1_windows-x64_bin-sdk\javafx-sdk-20.0.1\bin\api-ms-win-crt-runtime-l1-1-0.dll
Event: 0.601 Loaded shared library C:\JAVALIBS\openjfx-20.0.1_windows-x64_bin-sdk\javafx-sdk-20.0.1\bin\api-ms-win-crt-stdio-l1-1-0.dll
Event: 0.603 Loaded shared library C:\JAVALIBS\openjfx-20.0.1_windows-x64_bin-sdk\javafx-sdk-20.0.1\bin\api-ms-win-crt-string-l1-1-0.dll
Event: 0.606 Loaded shared library C:\JAVALIBS\openjfx-20.0.1_windows-x64_bin-sdk\javafx-sdk-20.0.1\bin\api-ms-win-crt-time-l1-1-0.dll
Event: 0.608 Loaded shared library C:\JAVALIBS\openjfx-20.0.1_windows-x64_bin-sdk\javafx-sdk-20.0.1\bin\api-ms-win-crt-utility-l1-1-0.dll
Event: 0.611 Loaded shared library C:\JAVALIBS\openjfx-20.0.1_windows-x64_bin-sdk\javafx-sdk-20.0.1\bin\ucrtbase.dll
Event: 0.613 Loaded shared library C:\JAVALIBS\openjfx-20.0.1_windows-x64_bin-sdk\javafx-sdk-20.0.1\bin\vcruntime140.dll
Event: 0.615 Loaded shared library C:\JAVALIBS\openjfx-20.0.1_windows-x64_bin-sdk\javafx-sdk-20.0.1\bin\vcruntime140_1.dll
Event: 0.618 Loaded shared library C:\JAVALIBS\openjfx-20.0.1_windows-x64_bin-sdk\javafx-sdk-20.0.1\bin\msvcp140.dll
Event: 0.619 Loaded shared library C:\JAVALIBS\openjfx-20.0.1_windows-x64_bin-sdk\javafx-sdk-20.0.1\bin\msvcp140_1.dll
Event: 0.623 Loaded shared library C:\JAVALIBS\openjfx-20.0.1_windows-x64_bin-sdk\javafx-sdk-20.0.1\bin\msvcp140_2.dll
Event: 0.700 Loaded shared library C:\JAVALIBS\openjfx-20.0.1_windows-x64_bin-sdk\javafx-sdk-20.0.1\bin\prism_d3d.dll
Event: 0.773 Loaded shared library C:\JAVALIBS\openjfx-20.0.1_windows-x64_bin-sdk\javafx-sdk-20.0.1\bin\glass.dll
Event: 1.100 Loaded shared library C:\JAVALIBS\openjfx-20.0.1_windows-x64_bin-sdk\javafx-sdk-20.0.1\bin\javafx_font.dll
Event: 1.278 Loaded shared library C:\Program Files\Eclipse Adoptium\jdk-17.0.6.10-hotspot\bin\jimage.dll

Deoptimization events (20 events):
Event: 2.160 Thread 0x0000020d9fcb9ea0 Uncommon trap: trap_request=0xffffff45 fr.pc=0x0000020d8f5806e8 relative=0x00000000000002c8
Event: 2.160 Thread 0x0000020d9fcb9ea0 Uncommon trap: reason=unstable_if action=reinterpret pc=0x0000020d8f5806e8 method=java.util.WeakHashMap.expungeStaleEntries()V @ 9 c2
Event: 2.160 Thread 0x0000020d9fcb9ea0 DEOPT PACKING pc=0x0000020d8f5806e8 sp=0x00000041102fc4f0
Event: 2.160 Thread 0x0000020d9fcb9ea0 DEOPT UNPACKING pc=0x0000020d8efa69a3 sp=0x00000041102fc488 mode 2
Event: 2.365 Thread 0x0000020d9fcb9ea0 Uncommon trap: trap_request=0xffffffd6 fr.pc=0x0000020d8f59b2e0 relative=0x0000000000002800
Event: 2.365 Thread 0x0000020d9fcb9ea0 Uncommon trap: reason=array_check action=maybe_recompile pc=0x0000020d8f59b2e0 method=javafx.css.SimpleSelector.applies(Ljavafx/css/Styleable;[Ljava/util/Set;I)Z @ 37 c2
Event: 2.365 Thread 0x0000020d9fcb9ea0 DEOPT PACKING pc=0x0000020d8f59b2e0 sp=0x00000041102fc2f0
Event: 2.365 Thread 0x0000020d9fcb9ea0 DEOPT UNPACKING pc=0x0000020d8efa69a3 sp=0x00000041102fc2f8 mode 2
Event: 2.365 Thread 0x0000020d9fcb9ea0 Uncommon trap: trap_request=0xffffffd6 fr.pc=0x0000020d8f59b2e0 relative=0x0000000000002800
Event: 2.365 Thread 0x0000020d9fcb9ea0 Uncommon trap: reason=array_check action=maybe_recompile pc=0x0000020d8f59b2e0 method=javafx.css.SimpleSelector.applies(Ljavafx/css/Styleable;[Ljava/util/Set;I)Z @ 37 c2
Event: 2.366 Thread 0x0000020d9fcb9ea0 DEOPT PACKING pc=0x0000020d8f59b2e0 sp=0x00000041102fc1f0
Event: 2.366 Thread 0x0000020d9fcb9ea0 DEOPT UNPACKING pc=0x0000020d8efa69a3 sp=0x00000041102fc1f8 mode 2
Event: 2.366 Thread 0x0000020d9fcb9ea0 Uncommon trap: trap_request=0xffffffd6 fr.pc=0x0000020d8f59b2e0 relative=0x0000000000002800
Event: 2.366 Thread 0x0000020d9fcb9ea0 Uncommon trap: reason=array_check action=maybe_recompile pc=0x0000020d8f59b2e0 method=javafx.css.SimpleSelector.applies(Ljavafx/css/Styleable;[Ljava/util/Set;I)Z @ 37 c2
Event: 2.366 Thread 0x0000020d9fcb9ea0 DEOPT PACKING pc=0x0000020d8f59b2e0 sp=0x00000041102fc630
Event: 2.366 Thread 0x0000020d9fcb9ea0 DEOPT UNPACKING pc=0x0000020d8efa69a3 sp=0x00000041102fc638 mode 2
Event: 2.367 Thread 0x0000020d9fcb9ea0 Uncommon trap: trap_request=0xffffffd6 fr.pc=0x0000020d8f59b2e0 relative=0x0000000000002800
Event: 2.367 Thread 0x0000020d9fcb9ea0 Uncommon trap: reason=array_check action=maybe_recompile pc=0x0000020d8f59b2e0 method=javafx.css.SimpleSelector.applies(Ljavafx/css/Styleable;[Ljava/util/Set;I)Z @ 37 c2
Event: 2.367 Thread 0x0000020d9fcb9ea0 DEOPT PACKING pc=0x0000020d8f59b2e0 sp=0x00000041102fc630
Event: 2.367 Thread 0x0000020d9fcb9ea0 DEOPT UNPACKING pc=0x0000020d8efa69a3 sp=0x00000041102fc638 mode 2

Classes unloaded (0 events):
No events

Classes redefined (0 events):
No events

Internal exceptions (20 events):
Event: 1.020 Thread 0x0000020d9fcb9ea0 Exception <a 'java/lang/NullPointerException'{0x000000076a84f058}> (0x000000076a84f058) 
thrown [s\src\hotspot\share\interpreter\linkResolver.cpp, line 1350]
Event: 1.050 Thread 0x0000020d9fcb9ea0 Exception <a 'java/lang/ClassNotFoundException'{0x000000076a91ec00}: com/sun/glass/ui/win/themes> (0x000000076a91ec00) 
thrown [s\src\hotspot\share\prims\jni.cpp, line 535]
Event: 1.053 Thread 0x0000020d9fcb9ea0 Exception <a 'java/lang/ClassNotFoundException'{0x000000076a92b7a8}: com/sun/glass/ui/win/themes_pt> (0x000000076a92b7a8) 
thrown [s\src\hotspot\share\prims\jni.cpp, line 535]
Event: 1.064 Thread 0x0000020d9fcb9ea0 Exception <a 'java/lang/ClassNotFoundException'{0x000000076a980388}: com/sun/glass/ui/win/themes_pt_BR> (0x000000076a980388) 
thrown [s\src\hotspot\share\prims\jni.cpp, line 535]
Event: 1.201 Thread 0x0000020d9fcb9ea0 Exception <a 'java/lang/NoSuchMethodError'{0x000000076b93d980}: 'void java.lang.invoke.DirectMethodHandle$Holder.invokeStaticInit(java.lang.Object, java.lang.Object)'> (0x000000076b93d980) 
thrown [s\src\hotspot\share\interpreter\linkResolver.cpp, line 759]
Event: 1.232 Thread 0x0000020d9fcb9ea0 Exception <a 'java/lang/NoSuchMethodError'{0x000000076b6e7bc0}: 'void java.lang.invoke.DirectMethodHandle$Holder.invokeSpecial(java.lang.Object, java.lang.Object, java.lang.Object, java.lang.Object, java.lang.Object)'> (0x000000076b6e7bc0) 
thrown [s\src\hotspot\share\interpreter\linkResolver.cpp, line 759]
Event: 1.419 Thread 0x0000020d9fcb9ea0 Exception <a 'java/lang/NoSuchMethodError'{0x000000076b3e7b30}: 'java.lang.Object java.lang.invoke.DirectMethodHandle$Holder.newInvokeSpecial(java.lang.Object, java.lang.Object, int)'> (0x000000076b3e7b30) 
thrown [s\src\hotspot\share\interpreter\linkResolver.cpp, line 759]
Event: 1.476 Thread 0x0000020d9fcb9ea0 Implicit null exception at 0x0000020d8f5108d8 to 0x0000020d8f51096e
Event: 1.505 Thread 0x0000020d9fcb9ea0 Implicit null exception at 0x0000020d8f542eaf to 0x0000020d8f543380
Event: 1.507 Thread 0x0000020d9fcb9ea0 Implicit null exception at 0x0000020d8f50e00f to 0x0000020d8f50e089
Event: 1.694 Thread 0x0000020d9fcb9ea0 Exception <a 'java/lang/NoSuchMethodError'{0x000000076a1cc5d0}: 'java.lang.Object java.lang.invoke.DirectMethodHandle$Holder.newInvokeSpecial(java.lang.Object, java.lang.Object, java.lang.Object, java.lang.Object, java.lang.Object, java.lang.Object, java.lang.Object, java.lang.Object, java.lang.Object, java.lang.Object)'> (0x000000076a1cc5d0) 
thrown [s\src\hotspot\share\interpreter\linkResolver.cpp, line 759]
Event: 1.696 Thread 0x0000020d9fcb9ea0 Exception <a 'java/lang/NoSuchMethodError'{0x000000076a1d1248}: 'java.lang.Object java.lang.invoke.DirectMethodHandle$Holder.invokeSpecial(java.lang.Object, java.lang.Object, java.lang.Object, java.lang.Object, java.lang.Object, java.lang.Object, java.lang.Object, java.lang.Object, java.lang.Object, java.lang.Object, java.lang.Object)'> (0x000000076a1d1248) 
thrown [s\src\hotspot\share\interpreter\linkResolver.cpp, line 759]
Event: 1.697 Thread 0x0000020d9fcb9ea0 Exception <a 'java/lang/NoSuchMethodError'{0x000000076a1d5758}: 'java.lang.Object java.lang.invoke.Invokers$Holder.linkToTargetMethod(java.lang.Object, java.lang.Object, java.lang.Object, java.lang.Object, java.lang.Object, java.lang.Object, java.lang.Object, java.lang.Object, java.lang.Object, java.lang.Object)'> (0x000000076a1d5758) 
thrown [s\src\hotspot\share\interpreter\linkResolver.cpp, line 759]
Event: 1.831 Thread 0x0000020d9fcb9ea0 Exception <a 'java/lang/NoSuchMethodError'{0x0000000769d34e60}: 'int java.lang.invoke.DirectMethodHandle$Holder.invokeStaticInit(java.lang.Object, java.lang.Object)'> (0x0000000769d34e60) 
thrown [s\src\hotspot\share\interpreter\linkResolver.cpp, line 759]
Event: 1.931 Thread 0x0000020d9fcb9ea0 Exception <a 'java/lang/NoSuchMethodError'{0x000000076986f5f0}: 'void java.lang.invoke.DirectMethodHandle$Holder.invokeSpecial(java.lang.Object, java.lang.Object, java.lang.Object, java.lang.Object, java.lang.Object, java.lang.Object)'> (0x000000076986f5f0) 
thrown [s\src\hotspot\share\interpreter\linkResolver.cpp, line 759]
Event: 2.017 Thread 0x0000020d9fcb9ea0 Exception <a 'java/lang/NoSuchMethodError'{0x00000007696a7ce0}: 'java.lang.Object java.lang.invoke.DirectMethodHandle$Holder.invokeInterface(java.lang.Object, java.lang.Object, java.lang.Object)'> (0x00000007696a7ce0) 
thrown [s\src\hotspot\share\interpreter\linkResolver.cpp, line 759]
Event: 2.018 Thread 0x0000020d9fcb9ea0 Exception <a 'java/lang/IncompatibleClassChangeError'{0x00000007696ab910}: Found class java.lang.Object, but interface was expected> (0x00000007696ab910) 
thrown [s\src\hotspot\share\interpreter\linkResolver.cpp, line 826]
Event: 2.098 Thread 0x0000020d9fcb9ea0 Exception <a 'java/lang/ClassNotFoundException'{0x000000076bc85db0}: com/sun/javafx/scene/control/skin/resources/controls> (0x000000076bc85db0) 
thrown [s\src\hotspot\share\prims\jni.cpp, line 535]
Event: 2.099 Thread 0x0000020d9fcb9ea0 Exception <a 'java/lang/ClassNotFoundException'{0x000000076bc93d50}: com/sun/javafx/scene/control/skin/resources/controls_pt> (0x000000076bc93d50) 
thrown [s\src\hotspot\share\prims\jni.cpp, line 535]
Event: 2.100 Thread 0x0000020d9fcb9ea0 Exception <a 'java/lang/ClassNotFoundException'{0x000000076bc95578}: com/sun/javafx/scene/control/skin/resources/controls_pt_BR> (0x000000076bc95578) 
thrown [s\src\hotspot\share\prims\jni.cpp, line 535]

VM Operations (14 events):
Event: 0.170 Executing VM operation: HandshakeAllThreads
Event: 0.170 Executing VM operation: HandshakeAllThreads done
Event: 0.299 Executing VM operation: HandshakeAllThreads
Event: 0.299 Executing VM operation: HandshakeAllThreads done
Event: 0.766 Executing VM operation: HandshakeAllThreads
Event: 0.766 Executing VM operation: HandshakeAllThreads done
Event: 1.076 Executing VM operation: G1CollectForAllocation
Event: 1.081 Executing VM operation: G1CollectForAllocation done
Event: 1.109 Executing VM operation: HandshakeAllThreads
Event: 1.109 Executing VM operation: HandshakeAllThreads done
Event: 1.892 Executing VM operation: ICBufferFull
Event: 1.892 Executing VM operation: ICBufferFull done
Event: 2.069 Executing VM operation: G1CollectForAllocation
Event: 2.077 Executing VM operation: G1CollectForAllocation done

Events (20 events):
Event: 2.301 loading class jdk/internal/reflect/ByteVectorFactory
Event: 2.301 loading class jdk/internal/reflect/ByteVectorFactory done
Event: 2.301 loading class jdk/internal/reflect/ByteVectorImpl
Event: 2.301 loading class jdk/internal/reflect/ByteVector
Event: 2.301 loading class jdk/internal/reflect/ByteVector done
Event: 2.302 loading class jdk/internal/reflect/ByteVectorImpl done
Event: 2.302 loading class jdk/internal/reflect/ClassFileAssembler
Event: 2.302 loading class jdk/internal/reflect/ClassFileAssembler done
Event: 2.302 loading class jdk/internal/reflect/UTF8
Event: 2.302 loading class jdk/internal/reflect/UTF8 done
Event: 2.303 loading class jdk/internal/reflect/Label
Event: 2.304 loading class jdk/internal/reflect/Label done
Event: 2.304 loading class jdk/internal/reflect/Label$PatchInfo
Event: 2.304 loading class jdk/internal/reflect/Label$PatchInfo done
Event: 2.304 loading class jdk/internal/reflect/MethodAccessorGenerator$1
Event: 2.304 loading class jdk/internal/reflect/MethodAccessorGenerator$1 done
Event: 2.304 loading class jdk/internal/reflect/ClassDefiner
Event: 2.304 loading class jdk/internal/reflect/ClassDefiner done
Event: 2.304 loading class jdk/internal/reflect/ClassDefiner$1
Event: 2.304 loading class jdk/internal/reflect/ClassDefiner$1 done


Dynamic libraries:
0x00007ff6b1220000 - 0x00007ff6b122e000 	C:\Program Files\Eclipse Adoptium\jdk-17.0.6.10-hotspot\bin\java.exe
0x00007ffdc3630000 - 0x00007ffdc3844000 	C:\WINDOWS\SYSTEM32\ntdll.dll
0x00007ffdc2540000 - 0x00007ffdc2602000 	C:\WINDOWS\System32\KERNEL32.DLL
0x00007ffdc0b60000 - 0x00007ffdc0f03000 	C:\WINDOWS\System32\KERNELBASE.dll
0x00007ffdc0f10000 - 0x00007ffdc1021000 	C:\WINDOWS\System32\ucrtbase.dll
0x00007ffdb3500000 - 0x00007ffdb3519000 	C:\Program Files\Eclipse Adoptium\jdk-17.0.6.10-hotspot\bin\VCRUNTIME140.dll
0x00007ffda7040000 - 0x00007ffda7057000 	C:\Program Files\Eclipse Adoptium\jdk-17.0.6.10-hotspot\bin\jli.dll
0x00007ffdc27d0000 - 0x00007ffdc297b000 	C:\WINDOWS\System32\USER32.dll
0x00007ffda4400000 - 0x00007ffda468e000 	C:\WINDOWS\WinSxS\amd64_microsoft.windows.common-controls_6595b64144ccf1df_6.0.22621.1635_none_270f70857386168e\COMCTL32.dll
0x00007ffdc1380000 - 0x00007ffdc13a6000 	C:\WINDOWS\System32\win32u.dll
0x00007ffdc2500000 - 0x00007ffdc2529000 	C:\WINDOWS\System32\GDI32.dll
0x00007ffdc1260000 - 0x00007ffdc1378000 	C:\WINDOWS\System32\gdi32full.dll
0x00007ffdc0a50000 - 0x00007ffdc0aea000 	C:\WINDOWS\System32\msvcp_win.dll
0x00007ffdc17f0000 - 0x00007ffdc1897000 	C:\WINDOWS\System32\msvcrt.dll
0x00007ffdc1430000 - 0x00007ffdc1461000 	C:\WINDOWS\System32\IMM32.DLL
0x00007ffdbd2c0000 - 0x00007ffdbd2cc000 	C:\Program Files\Eclipse Adoptium\jdk-17.0.6.10-hotspot\bin\vcruntime140_1.dll
0x00007ffd73710000 - 0x00007ffd737a1000 	C:\Program Files\Eclipse Adoptium\jdk-17.0.6.10-hotspot\bin\msvcp140.dll
0x00007ffd70210000 - 0x00007ffd70e57000 	C:\Program Files\Eclipse Adoptium\jdk-17.0.6.10-hotspot\bin\server\jvm.dll
0x00007ffdc2b80000 - 0x00007ffdc2c2e000 	C:\WINDOWS\System32\ADVAPI32.dll
0x00007ffdc1ec0000 - 0x00007ffdc1f64000 	C:\WINDOWS\System32\sechost.dll
0x00007ffdc2610000 - 0x00007ffdc2727000 	C:\WINDOWS\System32\RPCRT4.dll
0x00007ffdbcdd0000 - 0x00007ffdbcdd9000 	C:\WINDOWS\SYSTEM32\WSOCK32.dll
0x00007ffdc2750000 - 0x00007ffdc27c1000 	C:\WINDOWS\System32\WS2_32.dll
0x00007ffdb8070000 - 0x00007ffdb80a4000 	C:\WINDOWS\SYSTEM32\WINMM.dll
0x00007ffdb80d0000 - 0x00007ffdb80da000 	C:\WINDOWS\SYSTEM32\VERSION.dll
0x00007ffdbfa60000 - 0x00007ffdbfa78000 	C:\WINDOWS\SYSTEM32\kernel.appcore.dll
0x00007ffdb39d0000 - 0x00007ffdb39da000 	C:\Program Files\Eclipse Adoptium\jdk-17.0.6.10-hotspot\bin\jimage.dll
0x00007ffdbe670000 - 0x00007ffdbe89e000 	C:\WINDOWS\SYSTEM32\DBGHELP.DLL
0x00007ffdc1f70000 - 0x00007ffdc22f9000 	C:\WINDOWS\System32\combase.dll
0x00007ffdc2980000 - 0x00007ffdc2a57000 	C:\WINDOWS\System32\OLEAUT32.dll
0x00007ffda9760000 - 0x00007ffda9792000 	C:\WINDOWS\SYSTEM32\dbgcore.DLL
0x00007ffdc13b0000 - 0x00007ffdc142b000 	C:\WINDOWS\System32\bcryptPrimitives.dll
0x00007ffda66f0000 - 0x00007ffda6715000 	C:\Program Files\Eclipse Adoptium\jdk-17.0.6.10-hotspot\bin\java.dll
0x00007ffd720b0000 - 0x00007ffd72186000 	C:\Program Files\Eclipse Adoptium\jdk-17.0.6.10-hotspot\bin\jsvml.dll
0x00007ffdc2c30000 - 0x00007ffdc342a000 	C:\WINDOWS\System32\SHELL32.dll
0x00007ffdbea00000 - 0x00007ffdbf2ce000 	C:\WINDOWS\SYSTEM32\windows.storage.dll
0x00007ffdbe8b0000 - 0x00007ffdbe9ee000 	C:\WINDOWS\SYSTEM32\wintypes.dll
0x00007ffdc16a0000 - 0x00007ffdc1791000 	C:\WINDOWS\System32\SHCORE.dll
0x00007ffdc18c0000 - 0x00007ffdc191e000 	C:\WINDOWS\System32\shlwapi.dll
0x00007ffdc0980000 - 0x00007ffdc09a1000 	C:\WINDOWS\SYSTEM32\profapi.dll
0x00007ffda5e80000 - 0x00007ffda5e99000 	C:\Program Files\Eclipse Adoptium\jdk-17.0.6.10-hotspot\bin\net.dll
0x00007ffdb8be0000 - 0x00007ffdb8d17000 	C:\WINDOWS\SYSTEM32\WINHTTP.dll
0x00007ffdbfec0000 - 0x00007ffdbff29000 	C:\WINDOWS\system32\mswsock.dll
0x00007ffda5c90000 - 0x00007ffda5ca5000 	C:\Program Files\Eclipse Adoptium\jdk-17.0.6.10-hotspot\bin\nio.dll
0x00007ffda5c70000 - 0x00007ffda5c88000 	C:\Program Files\Eclipse Adoptium\jdk-17.0.6.10-hotspot\bin\zip.dll
0x0000020d9f1d0000 - 0x0000020d9f1d3000 	C:\JAVALIBS\openjfx-20.0.1_windows-x64_bin-sdk\javafx-sdk-20.0.1\bin\api-ms-win-core-console-l1-1-0.dll
0x0000020d9f1e0000 - 0x0000020d9f1e3000 	C:\JAVALIBS\openjfx-20.0.1_windows-x64_bin-sdk\javafx-sdk-20.0.1\bin\api-ms-win-core-console-l1-2-0.dll
0x0000020d9f1f0000 - 0x0000020d9f1f3000 	C:\JAVALIBS\openjfx-20.0.1_windows-x64_bin-sdk\javafx-sdk-20.0.1\bin\api-ms-win-core-datetime-l1-1-0.dll
0x0000020d9f200000 - 0x0000020d9f203000 	C:\JAVALIBS\openjfx-20.0.1_windows-x64_bin-sdk\javafx-sdk-20.0.1\bin\api-ms-win-core-debug-l1-1-0.dll
0x0000020d9f210000 - 0x0000020d9f213000 	C:\JAVALIBS\openjfx-20.0.1_windows-x64_bin-sdk\javafx-sdk-20.0.1\bin\api-ms-win-core-errorhandling-l1-1-0.dll
0x0000020d9f220000 - 0x0000020d9f224000 	C:\JAVALIBS\openjfx-20.0.1_windows-x64_bin-sdk\javafx-sdk-20.0.1\bin\api-ms-win-core-file-l1-1-0.dll
0x0000020d9f230000 - 0x0000020d9f233000 	C:\JAVALIBS\openjfx-20.0.1_windows-x64_bin-sdk\javafx-sdk-20.0.1\bin\api-ms-win-core-file-l1-2-0.dll
0x0000020d9f240000 - 0x0000020d9f243000 	C:\JAVALIBS\openjfx-20.0.1_windows-x64_bin-sdk\javafx-sdk-20.0.1\bin\api-ms-win-core-file-l2-1-0.dll
0x0000020d9f250000 - 0x0000020d9f253000 	C:\JAVALIBS\openjfx-20.0.1_windows-x64_bin-sdk\javafx-sdk-20.0.1\bin\api-ms-win-core-handle-l1-1-0.dll
0x0000020d9f260000 - 0x0000020d9f263000 	C:\JAVALIBS\openjfx-20.0.1_windows-x64_bin-sdk\javafx-sdk-20.0.1\bin\api-ms-win-core-heap-l1-1-0.dll
0x0000020d9f270000 - 0x0000020d9f273000 	C:\JAVALIBS\openjfx-20.0.1_windows-x64_bin-sdk\javafx-sdk-20.0.1\bin\api-ms-win-core-interlocked-l1-1-0.dll
0x0000020d9f280000 - 0x0000020d9f283000 	C:\JAVALIBS\openjfx-20.0.1_windows-x64_bin-sdk\javafx-sdk-20.0.1\bin\api-ms-win-core-libraryloader-l1-1-0.dll
0x0000020d9f290000 - 0x0000020d9f293000 	C:\JAVALIBS\openjfx-20.0.1_windows-x64_bin-sdk\javafx-sdk-20.0.1\bin\api-ms-win-core-localization-l1-2-0.dll
0x0000020d9f2a0000 - 0x0000020d9f2a3000 	C:\JAVALIBS\openjfx-20.0.1_windows-x64_bin-sdk\javafx-sdk-20.0.1\bin\api-ms-win-core-memory-l1-1-0.dll
0x0000020d9f2b0000 - 0x0000020d9f2b3000 	C:\JAVALIBS\openjfx-20.0.1_windows-x64_bin-sdk\javafx-sdk-20.0.1\bin\api-ms-win-core-namedpipe-l1-1-0.dll
0x0000020d9f2c0000 - 0x0000020d9f2c3000 	C:\JAVALIBS\openjfx-20.0.1_windows-x64_bin-sdk\javafx-sdk-20.0.1\bin\api-ms-win-core-processenvironment-l1-1-0.dll
0x0000020d9f2d0000 - 0x0000020d9f2d3000 	C:\JAVALIBS\openjfx-20.0.1_windows-x64_bin-sdk\javafx-sdk-20.0.1\bin\api-ms-win-core-processthreads-l1-1-0.dll
0x0000020d9f2e0000 - 0x0000020d9f2e3000 	C:\JAVALIBS\openjfx-20.0.1_windows-x64_bin-sdk\javafx-sdk-20.0.1\bin\api-ms-win-core-processthreads-l1-1-1.dll
0x0000020d9f2f0000 - 0x0000020d9f2f3000 	C:\JAVALIBS\openjfx-20.0.1_windows-x64_bin-sdk\javafx-sdk-20.0.1\bin\api-ms-win-core-profile-l1-1-0.dll
0x0000020d9f300000 - 0x0000020d9f303000 	C:\JAVALIBS\openjfx-20.0.1_windows-x64_bin-sdk\javafx-sdk-20.0.1\bin\api-ms-win-core-rtlsupport-l1-1-0.dll
0x0000020d9f310000 - 0x0000020d9f313000 	C:\JAVALIBS\openjfx-20.0.1_windows-x64_bin-sdk\javafx-sdk-20.0.1\bin\api-ms-win-core-string-l1-1-0.dll
0x0000020d9f320000 - 0x0000020d9f323000 	C:\JAVALIBS\openjfx-20.0.1_windows-x64_bin-sdk\javafx-sdk-20.0.1\bin\api-ms-win-core-synch-l1-1-0.dll
0x0000020d9f330000 - 0x0000020d9f333000 	C:\JAVALIBS\openjfx-20.0.1_windows-x64_bin-sdk\javafx-sdk-20.0.1\bin\api-ms-win-core-synch-l1-2-0.dll
0x0000020d9f340000 - 0x0000020d9f343000 	C:\JAVALIBS\openjfx-20.0.1_windows-x64_bin-sdk\javafx-sdk-20.0.1\bin\api-ms-win-core-sysinfo-l1-1-0.dll
0x0000020d9f350000 - 0x0000020d9f353000 	C:\JAVALIBS\openjfx-20.0.1_windows-x64_bin-sdk\javafx-sdk-20.0.1\bin\api-ms-win-core-timezone-l1-1-0.dll
0x0000020d9f360000 - 0x0000020d9f363000 	C:\JAVALIBS\openjfx-20.0.1_windows-x64_bin-sdk\javafx-sdk-20.0.1\bin\api-ms-win-core-util-l1-1-0.dll
0x0000020d9f370000 - 0x0000020d9f373000 	C:\JAVALIBS\openjfx-20.0.1_windows-x64_bin-sdk\javafx-sdk-20.0.1\bin\api-ms-win-crt-conio-l1-1-0.dll
0x0000020d9f380000 - 0x0000020d9f384000 	C:\JAVALIBS\openjfx-20.0.1_windows-x64_bin-sdk\javafx-sdk-20.0.1\bin\api-ms-win-crt-convert-l1-1-0.dll
0x0000020d9f390000 - 0x0000020d9f393000 	C:\JAVALIBS\openjfx-20.0.1_windows-x64_bin-sdk\javafx-sdk-20.0.1\bin\api-ms-win-crt-environment-l1-1-0.dll
0x0000020d9f3a0000 - 0x0000020d9f3a3000 	C:\JAVALIBS\openjfx-20.0.1_windows-x64_bin-sdk\javafx-sdk-20.0.1\bin\api-ms-win-crt-filesystem-l1-1-0.dll
0x0000020d9f3b0000 - 0x0000020d9f3b3000 	C:\JAVALIBS\openjfx-20.0.1_windows-x64_bin-sdk\javafx-sdk-20.0.1\bin\api-ms-win-crt-heap-l1-1-0.dll
0x0000020d9f3c0000 - 0x0000020d9f3c3000 	C:\JAVALIBS\openjfx-20.0.1_windows-x64_bin-sdk\javafx-sdk-20.0.1\bin\api-ms-win-crt-locale-l1-1-0.dll
0x0000020d9f3d0000 - 0x0000020d9f3d5000 	C:\JAVALIBS\openjfx-20.0.1_windows-x64_bin-sdk\javafx-sdk-20.0.1\bin\api-ms-win-crt-math-l1-1-0.dll
0x0000020d9f3e0000 - 0x0000020d9f3e5000 	C:\JAVALIBS\openjfx-20.0.1_windows-x64_bin-sdk\javafx-sdk-20.0.1\bin\api-ms-win-crt-multibyte-l1-1-0.dll
0x0000020d9f3f0000 - 0x0000020d9f400000 	C:\JAVALIBS\openjfx-20.0.1_windows-x64_bin-sdk\javafx-sdk-20.0.1\bin\api-ms-win-crt-private-l1-1-0.dll
0x0000020da1910000 - 0x0000020da1913000 	C:\JAVALIBS\openjfx-20.0.1_windows-x64_bin-sdk\javafx-sdk-20.0.1\bin\api-ms-win-crt-process-l1-1-0.dll
0x0000020da17d0000 - 0x0000020da17d4000 	C:\JAVALIBS\openjfx-20.0.1_windows-x64_bin-sdk\javafx-sdk-20.0.1\bin\api-ms-win-crt-runtime-l1-1-0.dll
0x0000020da17e0000 - 0x0000020da17e4000 	C:\JAVALIBS\openjfx-20.0.1_windows-x64_bin-sdk\javafx-sdk-20.0.1\bin\api-ms-win-crt-stdio-l1-1-0.dll
0x0000020da17f0000 - 0x0000020da17f4000 	C:\JAVALIBS\openjfx-20.0.1_windows-x64_bin-sdk\javafx-sdk-20.0.1\bin\api-ms-win-crt-string-l1-1-0.dll
0x0000020da1800000 - 0x0000020da1803000 	C:\JAVALIBS\openjfx-20.0.1_windows-x64_bin-sdk\javafx-sdk-20.0.1\bin\api-ms-win-crt-time-l1-1-0.dll
0x0000020da1810000 - 0x0000020da1813000 	C:\JAVALIBS\openjfx-20.0.1_windows-x64_bin-sdk\javafx-sdk-20.0.1\bin\api-ms-win-crt-utility-l1-1-0.dll
0x00007ffd71310000 - 0x00007ffd7140c000 	C:\JAVALIBS\openjfx-20.0.1_windows-x64_bin-sdk\javafx-sdk-20.0.1\bin\ucrtbase.dll
0x00007ffda5bd0000 - 0x00007ffda5beb000 	C:\JAVALIBS\openjfx-20.0.1_windows-x64_bin-sdk\javafx-sdk-20.0.1\bin\vcruntime140.dll
0x00007ffdb39a0000 - 0x00007ffdb39ac000 	C:\JAVALIBS\openjfx-20.0.1_windows-x64_bin-sdk\javafx-sdk-20.0.1\bin\vcruntime140_1.dll
0x00007ffd876f0000 - 0x00007ffd8777e000 	C:\JAVALIBS\openjfx-20.0.1_windows-x64_bin-sdk\javafx-sdk-20.0.1\bin\msvcp140.dll
0x00007ffda9b40000 - 0x00007ffda9b49000 	C:\JAVALIBS\openjfx-20.0.1_windows-x64_bin-sdk\javafx-sdk-20.0.1\bin\msvcp140_1.dll
0x00007ffda2a70000 - 0x00007ffda2aa0000 	C:\JAVALIBS\openjfx-20.0.1_windows-x64_bin-sdk\javafx-sdk-20.0.1\bin\msvcp140_2.dll
0x00007ffd97b80000 - 0x00007ffd97baf000 	C:\JAVALIBS\openjfx-20.0.1_windows-x64_bin-sdk\javafx-sdk-20.0.1\bin\prism_d3d.dll
0x00007ffd8be70000 - 0x00007ffd8c019000 	C:\WINDOWS\system32\d3d9.dll
0x00007ffdbe110000 - 0x00007ffdbe13b000 	C:\WINDOWS\SYSTEM32\dwmapi.dll
0x00007ffdbdda0000 - 0x00007ffdbddd6000 	C:\WINDOWS\SYSTEM32\dxcore.dll
0x00007ffdbdca0000 - 0x00007ffdbdd4b000 	C:\WINDOWS\system32\uxtheme.dll
0x00007ffdb02a0000 - 0x00007ffdb047b000 	C:\Windows\System32\DriverStore\FileRepository\u0361441.inf_amd64_122c374e035e7595\B361368\aticfx64.dll
0x00007ffd8c280000 - 0x00007ffd8c2b3000 	C:\Windows\System32\DriverStore\FileRepository\u0361441.inf_amd64_122c374e035e7595\B361368\atiu9p64.dll
0x00007ffd88d30000 - 0x00007ffd899c6000 	C:\Windows\System32\DriverStore\FileRepository\u0361441.inf_amd64_122c374e035e7595\B361368\atiumd64.dll
0x00007ffdc1470000 - 0x00007ffdc160c000 	C:\WINDOWS\System32\ole32.dll
0x000000005ba80000 - 0x000000005c8fe000 	C:\WINDOWS\System32\DriverStore\FileRepository\u0361441.inf_amd64_122c374e035e7595\B361368\atiumd6a.dll
0x00007ffdc0920000 - 0x00007ffdc096d000 	C:\WINDOWS\SYSTEM32\POWRPROF.dll
0x00007ffdc0380000 - 0x00007ffdc03a8000 	C:\WINDOWS\SYSTEM32\bcrypt.dll
0x00007ffdc0900000 - 0x00007ffdc0913000 	C:\WINDOWS\SYSTEM32\UMPDC.dll
0x00007ffda9ed0000 - 0x00007ffda9eff000 	C:\WINDOWS\SYSTEM32\amdihk64.dll
0x00007ffdb4250000 - 0x00007ffdb4298000 	C:\WINDOWS\SYSTEM32\directxdatabasehelper.dll
0x00007ffd8b830000 - 0x00007ffd8b872000 	C:\JAVALIBS\openjfx-20.0.1_windows-x64_bin-sdk\javafx-sdk-20.0.1\bin\glass.dll
0x00007ffdc2380000 - 0x00007ffdc2477000 	C:\WINDOWS\System32\COMDLG32.dll
0x00007ffdc2a60000 - 0x00007ffdc2b7e000 	C:\WINDOWS\System32\MSCTF.dll
0x00007ffda0c30000 - 0x00007ffda0c44000 	C:\JAVALIBS\openjfx-20.0.1_windows-x64_bin-sdk\javafx-sdk-20.0.1\bin\javafx_font.dll
0x00007ffdbaea0000 - 0x00007ffdbb107000 	C:\WINDOWS\SYSTEM32\dwrite.dll
0x00007ffdc1da0000 - 0x00007ffdc1e50000 	C:\WINDOWS\System32\clbcatq.dll
0x00007ffdba520000 - 0x00007ffdba6d0000 	C:\WINDOWS\SYSTEM32\WindowsCodecs.dll
0x00007ffd94ca0000 - 0x00007ffd94cfe000 	C:\WINDOWS\system32\dataexchange.dll
0x00007ffdb3fd0000 - 0x00007ffdb4247000 	C:\WINDOWS\system32\twinapi.appcore.dll
0x00007ffd8c490000 - 0x00007ffd8c4c2000 	C:\Program Files\Common Files\Microsoft Shared\Ink\rtscom.dll

dbghelp: loaded successfully - version: 4.0.5 - missing functions: none
symbol engine: initialized successfully - sym options: 0x614 - pdb path: .;C:\Program Files\Eclipse Adoptium\jdk-17.0.6.10-hotspot\bin;C:\WINDOWS\SYSTEM32;C:\WINDOWS\WinSxS\amd64_microsoft.windows.common-controls_6595b64144ccf1df_6.0.22621.1635_none_270f70857386168e;C:\Program Files\Eclipse Adoptium\jdk-17.0.6.10-hotspot\bin\server;C:\JAVALIBS\openjfx-20.0.1_windows-x64_bin-sdk\javafx-sdk-20.0.1\bin;C:\Windows\System32\DriverStore\FileRepository\u0361441.inf_amd64_122c374e035e7595\B361368;C:\Program Files\Common Files\Microsoft Shared\Ink

VM Arguments:
jvm_args: --module-path=C:/JAVALIBS/openjfx-20.0.1_windows-x64_bin-sdk/javafx-sdk-20.0.1/lib --add-modules=javafx.controls,javafx.fxml -XX:+ShowCodeDetailsInExceptionMessages 
java_command: assets.view.App
java_class_path (initial): C:\Users\vinyl\Desktop\Programacao_Orientada_Objetos\2sem_exjava_estudante\bin;c:\JAVALIBS\openjfx-20.0.1_windows-x64_bin-sdk\javafx-sdk-20.0.1\lib\javafx.graphics.jar;c:\Users\vinyl\Downloads\mysql-connector-j-8.0.33\mysql-connector-j-8.0.33\mysql-connector-j-8.0.33.jar;c:\JAVALIBS\openjfx-20.0.1_windows-x64_bin-sdk\javafx-sdk-20.0.1\lib\javafx.base.jar;c:\JAVALIBS\openjfx-20.0.1_windows-x64_bin-sdk\javafx-sdk-20.0.1\lib\javafx.media.jar;c:\JAVALIBS\openjfx-20.0.1_windows-x64_bin-sdk\javafx-sdk-20.0.1\lib\javafx.swing.jar;c:\JAVALIBS\openjfx-20.0.1_windows-x64_bin-sdk\javafx-sdk-20.0.1\lib\javafx.controls.jar;c:\JAVALIBS\openjfx-20.0.1_windows-x64_bin-sdk\javafx-sdk-20.0.1\lib\javafx.web.jar;c:\JAVALIBS\openjfx-20.0.1_windows-x64_bin-sdk\javafx-sdk-20.0.1\lib\javafx-swt.jar;c:\JAVALIBS\openjfx-20.0.1_windows-x64_bin-sdk\javafx-sdk-20.0.1\lib\javafx.fxml.jar
Launcher Type: SUN_STANDARD

[Global flags]
     intx CICompilerCount                          = 4                                         {product} {ergonomic}
     uint ConcGCThreads                            = 2                                         {product} {ergonomic}
     uint G1ConcRefinementThreads                  = 8                                         {product} {ergonomic}
   size_t G1HeapRegionSize                         = 2097152                                   {product} {ergonomic}
    uintx GCDrainStackTargetSize                   = 64                                        {product} {ergonomic}
   size_t InitialHeapSize                          = 167772160                                 {product} {ergonomic}
   size_t MarkStackSize                            = 4194304                                   {product} {ergonomic}
   size_t MaxHeapSize                              = 2652897280                                {product} {ergonomic}
   size_t MaxNewSize                               = 1591738368                                {product} {ergonomic}
   size_t MinHeapDeltaBytes                        = 2097152                                   {product} {ergonomic}
   size_t MinHeapSize                              = 8388608                                   {product} {ergonomic}
    uintx NonNMethodCodeHeapSize                   = 5839372                                {pd product} {ergonomic}
    uintx NonProfiledCodeHeapSize                  = 122909434                              {pd product} {ergonomic}
    uintx ProfiledCodeHeapSize                     = 122909434                              {pd product} {ergonomic}
    uintx ReservedCodeCacheSize                    = 251658240                              {pd product} {ergonomic}
     bool SegmentedCodeCache                       = true                                      {product} {ergonomic}
     bool ShowCodeDetailsInExceptionMessages       = true                                   {manageable} {command line}
   size_t SoftMaxHeapSize                          = 2652897280                             {manageable} {ergonomic}
     bool UseCompressedClassPointers               = true                           {product lp64_product} {ergonomic}
     bool UseCompressedOops                        = true                           {product lp64_product} {ergonomic}
     bool UseG1GC                                  = true                                      {product} {ergonomic}
     bool UseLargePagesIndividualAllocation        = false                                  {pd product} {ergonomic}

Logging:
Log output configuration:
 #0: stdout all=warning uptime,level,tags
 #1: stderr all=off uptime,level,tags

Environment Variables:
PATH=C:\Program Files\Eclipse Adoptium\jdk-17.0.6.10-hotspot\bin;C:\Program Files\Common Files\Oracle\Java\javapath;C:\Program Files (x86)\Common Files\Oracle\Java\javapath;C:\Python310\Scripts\;C:\Python310\;C:\WINDOWS\system32;C:\WINDOWS;C:\WINDOWS\System32\Wbem;C:\WINDOWS\System32\OpenSSH\;C:\Program Files\nodejs\;C:\ProgramData\chocolatey\bin;C:\Program Files\PuTTY\;C:\Program Files (x86)\Microsoft SQL Server\150\DTS\Binn\;C:\Program Files\Azure Data Studio\bin;C:\WINDOWS\System32\WindowsPowerShell\v1.0\;C:\Program Files\Git\cmd;C:\Program Files\Docker\Docker\resources\bin;C:\Users\vinyl\AppData\Local\Microsoft\WindowsApps;C:\php-8.1.5-nts-Win32-vs16-x64;C:\Users\vinyl\AppData\Local\Programs\Microsoft VS Code\bin;C:\Users\vinyl\AppData\Roaming\npm;C:\Program Files\Azure Data Studio\bin;C:\MinGW\bin;
USERNAME=vinyl
LANG=en_US.UTF-8
OS=Windows_NT
PROCESSOR_IDENTIFIER=AMD64 Family 23 Model 24 Stepping 1, AuthenticAMD
TMP=C:\Users\vinyl\AppData\Local\Temp
TEMP=C:\Users\vinyl\AppData\Local\Temp



---------------  S Y S T E M  ---------------

OS:
 Windows 11 , 64 bit Build 22621 (10.0.22621.1635)
OS uptime: 0 days 1:54 hours
Hyper-V role detected

CPU: total 8 (initial active 8) (8 cores per cpu, 2 threads per core) family 23 model 24 stepping 1 microcode 0x0, cx8, cmov, fxsr, ht, mmx, 3dnowpref, sse, sse2, sse3, ssse3, sse4a, sse4.1, sse4.2, popcnt, lzcnt, tsc, tscinvbit, avx, avx2, aes, clmul, bmi1, bmi2, adx, sha, fma, vzeroupper, clflush, clflushopt, hv

Memory: 4k page, system-wide physical 10116M (3186M free)
TotalPageFile size 24452M (AvailPageFile size 14918M)
current process WorkingSet (physical memory assigned to process): 149M, peak: 152M
current process commit charge ("private bytes"): 309M, peak: 311M

vm_info: OpenJDK 64-Bit Server VM (17.0.6+10) for windows-amd64 JRE (17.0.6+10), built on Jan 18 2023 10:08:59 by "temurin" with MS VC++ 16.7 (VS2019)

END.
