#
# A fatal error has been detected by the Java Runtime Environment:
#
#  EXCEPTION_ACCESS_VIOLATION (0xc0000005) at pc=0x00007ffadd1ec8e8, pid=5712, tid=300
#
# JRE version: OpenJDK Runtime Environment Temurin-17.0.6+10 (17.0.6+10) (build 17.0.6+10)
# Java VM: OpenJDK 64-Bit Server VM Temurin-17.0.6+10 (17.0.6+10, mixed mode, tiered, compressed oops, compressed class ptrs, parallel gc, windows-amd64)
# Problematic frame:
# V  [jvm.dll+0xc8e8]
#
# No core dump will be written. Minidumps are not enabled by default on client versions of Windows
#
# If you would like to submit a bug report, please visit:
#   https://github.com/adoptium/adoptium-support/issues
#

---------------  S U M M A R Y ------------

Command Line: --add-modules=ALL-SYSTEM --add-opens=java.base/java.util=ALL-UNNAMED --add-opens=java.base/java.lang=ALL-UNNAMED --add-opens=java.base/sun.nio.fs=ALL-UNNAMED -Declipse.application=org.eclipse.jdt.ls.core.id1 -Dosgi.bundles.defaultStartLevel=4 -Declipse.product=org.eclipse.jdt.ls.core.product -Djava.import.generatesMetadataFilesAtProjectRoot=false -Dfile.encoding=utf8 -XX:+UseParallelGC -XX:GCTimeRatio=4 -XX:AdaptiveSizePolicyWeight=90 -Dsun.zip.disableMemoryMapping=true -Xmx1G -Xms100m -Xlog:disable -javaagent:c:\Users\vinyl\.vscode\extensions\redhat.java-1.17.0-win32-x64\lombok\lombok-1.18.24.jar -XX:+HeapDumpOnOutOfMemoryError -XX:HeapDumpPath=c:\Users\vinyl\AppData\Roaming\Code\User\workspaceStorage\cf325b8df748eba499f6fbcf85c42d1c\redhat.java -Daether.dependencyCollector.impl=bf c:\Users\vinyl\.vscode\extensions\redhat.java-1.17.0-win32-x64\server\plugins\org.eclipse.equinox.launcher_1.6.400.v20210924-0641.jar -configuration c:\Users\vinyl\AppData\Roaming\Code\User\globalStorage\redhat.java\1.17.0\config_win -data c:\Users\vinyl\AppData\Roaming\Code\User\workspaceStorage\cf325b8df748eba499f6fbcf85c42d1c\redhat.java\jdt_ws

Host: AMD Ryzen 5 3500U with Radeon Vega Mobile Gfx  , 8 cores, 9G,  Windows 11 , 64 bit Build 22621 (10.0.22621.1344)
Time: Mon Apr 24 00:40:59 2023 Hora oficial do Brasil elapsed time: 13847.520905 seconds (0d 3h 50m 47s)

---------------  T H R E A D  ---------------

Current thread (0x000002137d576560):  GCTaskThread "GC Thread#2" [stack: 0x0000007afae00000,0x0000007afaf00000] [id=300]

Stack: [0x0000007afae00000,0x0000007afaf00000],  sp=0x0000007afaeff478,  free space=1021k
Native frames: (J=compiled Java code, j=interpreted, Vv=VM code, C=native code)
V  [jvm.dll+0xc8e8]


siginfo: EXCEPTION_ACCESS_VIOLATION (0xc0000005), reading address 0x0000000009000410


Register to memory mapping:

RIP=0x00007ffadd1ec8e8 jvm.dll
RAX=0x0000000000000001 is an unknown value
RBX=0x7400000000000000 is an unknown value
RCX=0x0000000000000003 is an unknown value
RDX=0x00000000eab589a1 points into unknown readable memory: 00 00 00 00 00 00 00
RSP=0x0000007afaeff478 points into unknown readable memory: 0x00007ffadd893ec6 | c6 3e 89 dd fa 7f 00 00
RBP=0x0000007afaeff4f8 points into unknown readable memory: 0x0000007afa0fef98 | 98 ef 0f fa 7a 00 00 00
RSI=0x0000007afa0feff0 points into unknown readable memory: 0x0000000000000008 | 08 00 00 00 00 00 00 00
RDI=0x00000000eaf1da20 points into unknown readable memory: 0x00000000eab589a1 | a1 89 b5 ea 00 00 00 00
R8 =0x0000000009000408 is an unknown value
R9 =0x000002137a429800 points into unknown readable memory: 0x00007ffaddb900c8 | c8 00 b9 dd fa 7f 00 00
R10=0x0 is NULL
R11=0x000002137a429860 points into unknown readable memory: 0x0000000000000000 | 00 00 00 00 00 00 00 00
R12=0x0 is NULL
R13=0x000002137d68d980 points into unknown readable memory: 0x0000000000000002 | 02 00 00 00 00 00 00 00
R14=0x00000000eab589a1 points into unknown readable memory: 00 00 00 00 00 00 00
R15=0x000002137a429800 points into unknown readable memory: 0x00007ffaddb900c8 | c8 00 b9 dd fa 7f 00 00


Registers:
RAX=0x0000000000000001, RBX=0x7400000000000000, RCX=0x0000000000000003, RDX=0x00000000eab589a1
RSP=0x0000007afaeff478, RBP=0x0000007afaeff4f8, RSI=0x0000007afa0feff0, RDI=0x00000000eaf1da20
R8 =0x0000000009000408, R9 =0x000002137a429800, R10=0x0000000000000000, R11=0x000002137a429860
R12=0x0000000000000000, R13=0x000002137d68d980, R14=0x00000000eab589a1, R15=0x000002137a429800
RIP=0x00007ffadd1ec8e8, EFLAGS=0x0000000000010202

Top of Stack: (sp=0x0000007afaeff478)
0x0000007afaeff478:   00007ffadd893ec6 0000000000000001
0x0000007afaeff488:   000000000000000f 0000000000000009
0x0000007afaeff498:   0000000000001000 0000000000000010
0x0000007afaeff4a8:   000000000000000c 0000000000000006
0x0000007afaeff4b8:   0000000000000000 00000000eaf1dd48
0x0000007afaeff4c8:   0000000000000001 0000000000000000
0x0000007afaeff4d8:   00007ffadd894dc0 000002137a429800
0x0000007afaeff4e8:   0000000000000400 0000000000000001
0x0000007afaeff4f8:   0000007afa0fef98 0000000000000006
0x0000007afaeff508:   0000000000000005 0000007afa0feff0
0x0000007afaeff518:   7400000000000000 0000000000000000
0x0000007afaeff528:   00007ffadd893e29 0000007afa0fef98
0x0000007afaeff538:   0000000000000006 7400000000000000
0x0000007afaeff548:   0000000000000006 0000000000000006
0x0000007afaeff558:   00007ffadd897a4f 000002137a429800
0x0000007afaeff568:   000002137a429800 0000000000000000 

Instructions: (pc=0x00007ffadd1ec8e8)
0x00007ffadd1ec7e8:   48 83 c4 20 5e c3 cc cc 48 8b 01 c3 cc cc cc cc
0x00007ffadd1ec7f8:   cc cc cc cc cc cc cc cc 4c 8b 01 4c 8b c9 48 8b
0x00007ffadd1ec808:   0d 03 d4 b4 00 ba 44 60 08 00 e9 59 f2 ff ff cc
0x00007ffadd1ec818:   cc cc cc cc cc cc cc cc 48 89 5c 24 08 57 48 83
0x00007ffadd1ec828:   ec 20 48 8b 39 48 8b d9 48 85 3d e1 b1 b9 00 75
0x00007ffadd1ec838:   0e 48 8b c7 48 8b 5c 24 30 48 83 c4 20 5f c3 48
0x00007ffadd1ec848:   8b cf e8 81 8a 85 00 48 8b d0 48 85 c0 74 20 48
0x00007ffadd1ec858:   8b c7 f0 48 0f b1 13 74 16 48 85 05 b0 b1 b9 00
0x00007ffadd1ec868:   74 0d 48 8b c8 f0 48 0f b1 13 48 3b c1 75 ea 48
0x00007ffadd1ec878:   8b 5c 24 30 48 8b c2 48 83 c4 20 5f c3 cc cc cc
0x00007ffadd1ec888:   cc cc cc cc cc cc cc cc 4c 8b 01 4c 8b c9 48 8b
0x00007ffadd1ec898:   0d 73 d3 b4 00 ba 64 60 08 00 e9 c9 f1 ff ff cc
0x00007ffadd1ec8a8:   cc cc cc cc cc cc cc cc 8b 05 32 1a af 00 c3 cc
0x00007ffadd1ec8b8:   cc cc cc cc cc cc cc cc 0f b6 05 b8 db b5 00 48
0x00007ffadd1ec8c8:   8b d1 84 c0 74 16 44 8b 41 08 8b 0d 10 1a af 00
0x00007ffadd1ec8d8:   49 d3 e0 4c 03 05 fe 19 af 00 eb 04 4c 8b 41 08
0x00007ffadd1ec8e8:   45 8b 50 08 45 85 d2 7e 0e 41 f6 c2 01 75 53 41
0x00007ffadd1ec8f8:   c1 fa 03 41 8b c2 c3 79 49 84 c0 b9 10 00 00 00
0x00007ffadd1ec908:   8b 05 16 29 af 00 41 b8 0c 00 00 00 41 0f 45 c8
0x00007ffadd1ec918:   ff c8 4c 63 c8 48 63 14 11 41 8b ca 83 e1 3f 48
0x00007ffadd1ec928:   d3 e2 41 8b ca 48 c1 f9 10 0f b6 c1 49 8d 0c 11
0x00007ffadd1ec938:   49 f7 d1 48 03 c1 49 c1 e9 03 48 c1 e8 03 41 23
0x00007ffadd1ec948:   c1 c3 49 8b 00 49 8b c8 48 ff a0 00 01 00 00 cc
0x00007ffadd1ec958:   cc cc cc cc cc cc cc cc 8b 44 24 30 45 03 c9 44
0x00007ffadd1ec968:   2b 4c 24 28 83 c0 0b 44 03 ca 45 03 c8 41 03 c1
0x00007ffadd1ec978:   c3 cc cc cc cc cc cc cc 4c 8b ca 48 8b d1 45 8b
0x00007ffadd1ec988:   41 08 45 85 c0 7e 0e 41 f6 c0 01 75 56 41 c1 f8
0x00007ffadd1ec998:   03 41 8b c0 c3 79 4c 80 3d d9 da b5 00 00 b8 0c
0x00007ffadd1ec9a8:   00 00 00 b9 10 00 00 00 0f 45 c8 8b 05 6b 28 af
0x00007ffadd1ec9b8:   00 ff c8 4c 63 c8 48 63 14 11 41 8b c8 83 e1 3f
0x00007ffadd1ec9c8:   48 d3 e2 41 8b c8 48 c1 f9 10 0f b6 c1 49 8d 0c
0x00007ffadd1ec9d8:   11 49 f7 d1 48 03 c1 49 c1 e9 03 48 c1 e8 03 41 


Stack slot to memory mapping:
stack at sp + 0 slots: 0x00007ffadd893ec6 jvm.dll
stack at sp + 1 slots: 0x0000000000000001 is an unknown value
stack at sp + 2 slots: 0x000000000000000f is an unknown value
stack at sp + 3 slots: 0x0000000000000009 is an unknown value
stack at sp + 4 slots: 0x0000000000001000 is an unknown value
stack at sp + 5 slots: 0x0000000000000010 is an unknown value
stack at sp + 6 slots: 0x000000000000000c is an unknown value
stack at sp + 7 slots: 0x0000000000000006 is an unknown value


---------------  P R O C E S S  ---------------

Threads class SMR info:
_java_thread_list=0x000002137e626970, length=45, elements={
0x00000213755de670, 0x000002137a444030, 0x000002137a4458c0, 0x000002137a44b2c0,
0x000002137a44db90, 0x000002137bd46000, 0x000002137bd4a560, 0x000002137bd4fd80,
0x000002137bd51430, 0x000002137bd5a500, 0x000002137be287f0, 0x000002137c0046c0,
0x000002137d6671d0, 0x000002137e350600, 0x000002137e1c6420, 0x000002137e78f9f0,
0x000002137e91a0b0, 0x000002137e4a13b0, 0x000002137e4a2bc0, 0x000002137e4a3090,
0x000002137e4a3560, 0x000002131d6fb4a0, 0x0000021311175410, 0x0000021312939070,
0x0000021312939540, 0x000002131d6f8950, 0x000002131d6f8e20, 0x000002131d6fb970,
0x000002131d6f9c90, 0x000002131d6fa160, 0x000002131d6fa630, 0x0000021312938ba0,
0x0000021312934840, 0x0000021312936520, 0x000002131116f8a0, 0x0000021312936ec0,
0x00000213129351e0, 0x0000021312937390, 0x0000021312939a10, 0x000002131293a3b0,
0x000002137e4a1d50, 0x000002137e4a3a30, 0x000002137e4a26f0, 0x00000213111758e0,
0x0000021312934370
}

Java Threads: ( => current thread )
  0x00000213755de670 JavaThread "main" [_thread_blocked, id=11924, stack(0x0000007af9e00000,0x0000007af9f00000)]
  0x000002137a444030 JavaThread "Reference Handler" daemon [_thread_blocked, id=5884, stack(0x0000007afa100000,0x0000007afa200000)]
  0x000002137a4458c0 JavaThread "Finalizer" daemon [_thread_blocked, id=20288, stack(0x0000007afa200000,0x0000007afa300000)]
  0x000002137a44b2c0 JavaThread "Signal Dispatcher" daemon [_thread_blocked, id=19940, stack(0x0000007afa300000,0x0000007afa400000)]
  0x000002137a44db90 JavaThread "Attach Listener" daemon [_thread_blocked, id=11836, stack(0x0000007afa400000,0x0000007afa500000)]
  0x000002137bd46000 JavaThread "Service Thread" daemon [_thread_blocked, id=9784, stack(0x0000007afa500000,0x0000007afa600000)]
  0x000002137bd4a560 JavaThread "Monitor Deflation Thread" daemon [_thread_blocked, id=19736, stack(0x0000007afa600000,0x0000007afa700000)]
  0x000002137bd4fd80 JavaThread "C2 CompilerThread0" daemon [_thread_blocked, id=20740, stack(0x0000007afa700000,0x0000007afa800000)]
  0x000002137bd51430 JavaThread "C1 CompilerThread0" daemon [_thread_blocked, id=2352, stack(0x0000007afa800000,0x0000007afa900000)]
  0x000002137bd5a500 JavaThread "Sweeper thread" daemon [_thread_blocked, id=17736, stack(0x0000007afa900000,0x0000007afaa00000)]
  0x000002137be287f0 JavaThread "Common-Cleaner" daemon [_thread_blocked, id=18412, stack(0x0000007afaa00000,0x0000007afab00000)]
  0x000002137c0046c0 JavaThread "Notification Thread" daemon [_thread_blocked, id=20180, stack(0x0000007afac00000,0x0000007afad00000)]
  0x000002137d6671d0 JavaThread "Active Thread: Equinox Container: e1950e76-9826-4b9a-bc25-755d547b0eba" [_thread_blocked, id=20420, stack(0x0000007afb400000,0x0000007afb500000)]
  0x000002137e350600 JavaThread "Framework Event Dispatcher: Equinox Container: e1950e76-9826-4b9a-bc25-755d547b0eba" daemon [_thread_blocked, id=19524, stack(0x0000007afb500000,0x0000007afb600000)]
  0x000002137e1c6420 JavaThread "Start Level: Equinox Container: e1950e76-9826-4b9a-bc25-755d547b0eba" daemon [_thread_blocked, id=19952, stack(0x0000007afb700000,0x0000007afb800000)]
  0x000002137e78f9f0 JavaThread "SCR Component Actor" daemon [_thread_blocked, id=14292, stack(0x0000007afb800000,0x0000007afb900000)]
  0x000002137e91a0b0 JavaThread "Worker-JM" [_thread_blocked, id=13592, stack(0x0000007afb300000,0x0000007afb400000)]
  0x000002137e4a13b0 JavaThread "Java indexing" daemon [_thread_blocked, id=19164, stack(0x0000007afbd00000,0x0000007afbe00000)]
  0x000002137e4a2bc0 JavaThread "JNA Cleaner" daemon [_thread_blocked, id=18592, stack(0x0000007afc100000,0x0000007afc200000)]
  0x000002137e4a3090 JavaThread "pool-2-thread-1" [_thread_blocked, id=15240, stack(0x0000007afc200000,0x0000007afc300000)]
  0x000002137e4a3560 JavaThread "pool-1-thread-1" [_thread_blocked, id=20304, stack(0x0000007afc300000,0x0000007afc400000)]
  0x000002131d6fb4a0 JavaThread "Bundle File Closer" daemon [_thread_blocked, id=5904, stack(0x0000007afcb00000,0x0000007afcc00000)]
  0x0000021311175410 JavaThread "Java Debug Server" daemon [_thread_in_native, id=21080, stack(0x0000007afca00000,0x0000007afcb00000)]
  0x0000021312939070 JavaThread "RxSchedulerPurge-1" daemon [_thread_blocked, id=19876, stack(0x0000007afce00000,0x0000007afcf00000)]
  0x0000021312939540 JavaThread "RxCachedWorkerPoolEvictor-1" daemon [_thread_blocked, id=12784, stack(0x0000007afcf00000,0x0000007afd000000)]
  0x000002131d6f8950 JavaThread "ForkJoinPool.commonPool-worker-34" daemon [_thread_blocked, id=10360, stack(0x0000007af9c00000,0x0000007af9d00000)]
  0x000002131d6f8e20 JavaThread "ForkJoinPool.commonPool-worker-35" daemon [_thread_blocked, id=12672, stack(0x0000007afb600000,0x0000007afb700000)]
  0x000002131d6fb970 JavaThread "ForkJoinPool.commonPool-worker-36" daemon [_thread_blocked, id=19008, stack(0x0000007afba00000,0x0000007afbb00000)]
  0x000002131d6f9c90 JavaThread "ForkJoinPool.commonPool-worker-37" daemon [_thread_blocked, id=18632, stack(0x0000007afbb00000,0x0000007afbc00000)]
  0x000002131d6fa160 JavaThread "ForkJoinPool.commonPool-worker-38" daemon [_thread_blocked, id=19080, stack(0x0000007afbc00000,0x0000007afbd00000)]
  0x000002131d6fa630 JavaThread "ForkJoinPool.commonPool-worker-39" daemon [_thread_blocked, id=22108, stack(0x0000007afbe00000,0x0000007afbf00000)]
  0x0000021312938ba0 JavaThread "ForkJoinPool.commonPool-worker-40" daemon [_thread_blocked, id=6696, stack(0x0000007afc500000,0x0000007afc600000)]
  0x0000021312934840 JavaThread "process reaper" daemon [_thread_in_native, id=10992, stack(0x0000007af97d0000,0x0000007af97f0000)]
  0x0000021312936520 JavaThread "pool-3-thread-11" [_thread_in_native, id=9456, stack(0x0000007afc900000,0x0000007afca00000)]
  0x000002131116f8a0 JavaThread "RxNewThreadScheduler-37" daemon [_thread_blocked, id=17948, stack(0x0000007afcd00000,0x0000007afce00000)]
  0x0000021312936ec0 JavaThread "pool-3-thread-13" [_thread_in_native, id=20968, stack(0x0000007afcc00000,0x0000007afcd00000)]
  0x00000213129351e0 JavaThread "RxNewThreadScheduler-39" daemon [_thread_blocked, id=16120, stack(0x0000007afd000000,0x0000007afd100000)]
  0x0000021312937390 JavaThread "process reaper" daemon [_thread_in_native, id=20112, stack(0x0000007afd100000,0x0000007afd120000)]
  0x0000021312939a10 JavaThread "Worker-30" [_thread_blocked, id=17480, stack(0x0000007afbf00000,0x0000007afc000000)]
  0x000002131293a3b0 JavaThread "Worker-31" [_thread_blocked, id=17128, stack(0x0000007afc000000,0x0000007afc100000)]
  0x000002137e4a1d50 JavaThread "Worker-32" [_thread_blocked, id=9276, stack(0x0000007af9d00000,0x0000007af9e00000)]
  0x000002137e4a3a30 JavaThread "ForkJoinPool.commonPool-worker-41" daemon [_thread_blocked, id=20876, stack(0x0000007afc400000,0x0000007afc500000)]
  0x000002137e4a26f0 JavaThread "Worker-33" [_thread_blocked, id=10088, stack(0x0000007afc700000,0x0000007afc800000)]
  0x00000213111758e0 JavaThread "Worker-34" [_thread_blocked, id=22332, stack(0x0000007afc800000,0x0000007afc900000)]
  0x0000021312934370 JavaThread "pool-1-thread-17" [_thread_blocked, id=6492, stack(0x0000007af9b00000,0x0000007af9c00000)]

Other Threads:
  0x000002137bd214b0 VMThread "VM Thread" [stack: 0x0000007afa000000,0x0000007afa100000] [id=14056]
  0x000002137c004b90 WatcherThread [stack: 0x0000007afad00000,0x0000007afae00000] [id=8216]
  0x00000213755f2130 GCTaskThread "GC Thread#0" [stack: 0x0000007af9f00000,0x0000007afa000000] [id=12808]
  0x000002137d5762b0 GCTaskThread "GC Thread#1" [stack: 0x0000007afab00000,0x0000007afac00000] [id=16064]
=>0x000002137d576560 GCTaskThread "GC Thread#2" [stack: 0x0000007afae00000,0x0000007afaf00000] [id=300]
  0x000002137d0e5730 GCTaskThread "GC Thread#3" [stack: 0x0000007afaf00000,0x0000007afb000000] [id=14072]
  0x000002137d566270 GCTaskThread "GC Thread#4" [stack: 0x0000007afb000000,0x0000007afb100000] [id=17876]
  0x000002137d566520 GCTaskThread "GC Thread#5" [stack: 0x0000007afb100000,0x0000007afb200000] [id=17676]
  0x000002137d5667d0 GCTaskThread "GC Thread#6" [stack: 0x0000007afb200000,0x0000007afb300000] [id=20940]
  0x000002137d674d50 GCTaskThread "GC Thread#7" [stack: 0x0000007afb900000,0x0000007afba00000] [id=14012]

Threads with active compile tasks:

VM state: at safepoint (normal execution)

VM Mutex/Monitor currently owned by a thread:  ([mutex/lock_event])
[0x00000213755db9c0] Threads_lock - owner thread: 0x000002137bd214b0
[0x00000213755db6f0] Heap_lock - owner thread: 0x000002137e4a13b0

Heap address: 0x00000000c0000000, size: 1024 MB, Compressed Oops mode: 32-bit

CDS archive(s) not mapped
Compressed class space mapped at: 0x0000000100000000-0x0000000140000000, reserved size: 1073741824
Narrow klass base: 0x0000000000000000, Narrow klass shift: 3, Narrow klass range: 0x140000000

GC Precious Log:
 CPUs: 8 total, 8 available
 Memory: 10116M
 Large Page Support: Disabled
 NUMA Support: Disabled
 Compressed Oops: Enabled (32-bit)
 Alignments: Space 512K, Generation 512K, Heap 2M
 Heap Min Capacity: 100M
 Heap Initial Capacity: 100M
 Heap Max Capacity: 1G
 Pre-touch: Disabled
 Parallel Workers: 8

Heap:
 PSYoungGen      total 6144K, used 5696K [0x00000000eab00000, 0x00000000eb480000, 0x0000000100000000)
  eden space 3072K, 100% used [0x00000000eab00000,0x00000000eae00000,0x00000000eae00000)
  from space 3072K, 85% used [0x00000000eb180000,0x00000000eb410000,0x00000000eb480000)
  to   space 3072K, 88% used [0x00000000eae80000,0x00000000eb12a600,0x00000000eb180000)
 ParOldGen       total 265728K, used 250920K [0x00000000c0000000, 0x00000000d0380000, 0x00000000eab00000)
  object space 265728K, 94% used [0x00000000c0000000,0x00000000cf50a190,0x00000000d0380000)
 Metaspace       used 94263K, committed 95424K, reserved 1138688K
  class space    used 9383K, committed 9920K, reserved 1048576K

Card table byte_map: [0x0000021374f70000,0x0000021375180000] _byte_map_base: 0x0000021374970000

Marking Bits: (ParMarkBitMap*) 0x00007ffaddd63e70
 Begin Bits: [0x0000021378250000, 0x0000021379250000)
 End Bits:   [0x0000021379250000, 0x000002137a250000)

Polling page: 0x0000021373540000

Metaspace:

Usage:
  Non-class:     82.89 MB used.
      Class:      9.16 MB used.
       Both:     92.05 MB used.

Virtual space:
  Non-class space:       88.00 MB reserved,      83.50 MB ( 95%) committed,  11 nodes.
      Class space:        1.00 GB reserved,       9.69 MB ( <1%) committed,  1 nodes.
             Both:        1.09 GB reserved,      93.19 MB (  8%) committed. 

Chunk freelists:
   Non-Class:  305.00 KB
       Class:  2.17 MB
        Both:  2.47 MB

MaxMetaspaceSize: unlimited
CompressedClassSpaceSize: 1.00 GB
Initial GC threshold: 21.00 MB
Current GC threshold: 155.25 MB
CDS: off
MetaspaceReclaimPolicy: balanced
 - commit_granule_bytes: 65536.
 - commit_granule_words: 8192.
 - virtual_space_node_default_size: 1048576.
 - enlarge_chunks_in_place: 1.
 - new_chunks_are_fully_committed: 0.
 - uncommit_free_chunks: 1.
 - use_allocation_guard: 0.
 - handle_deallocations: 1.


Internal statistics:

num_allocs_failed_limit: 6.
num_arena_births: 858.
num_arena_deaths: 240.
num_vsnodes_births: 12.
num_vsnodes_deaths: 0.
num_space_committed: 1491.
num_space_uncommitted: 0.
num_chunks_returned_to_freelist: 301.
num_chunks_taken_from_freelist: 5007.
num_chunk_merges: 101.
num_chunk_splits: 2941.
num_chunks_enlarged: 1592.
num_purges: 14.
num_inconsistent_stats: 0.

CodeHeap 'non-profiled nmethods': size=120000Kb used=29796Kb max_used=29796Kb free=90203Kb
 bounds [0x0000021307ad0000, 0x00000213097f0000, 0x000002130f000000]
CodeHeap 'profiled nmethods': size=120000Kb used=39043Kb max_used=39381Kb free=80956Kb
 bounds [0x0000021300000000, 0x00000213026b0000, 0x0000021307530000]
CodeHeap 'non-nmethods': size=5760Kb used=1445Kb max_used=1525Kb free=4314Kb
 bounds [0x0000021307530000, 0x00000213077a0000, 0x0000021307ad0000]
 total_blobs=19486 nmethods=18694 adapters=700
 compilation: enabled
              stopped_count=0, restarted_count=0
 full_count=0

Compilation events (20 events):
Event: 13833.133 Thread 0x000002137bd4fd80 26763       4       org.eclipse.jdt.internal.codeassist.impl.AssistParser::consumeMethodInvocationName (43 bytes)
Event: 13833.152 Thread 0x000002137bd4fd80 nmethod 26763 0x00000213097e1390 code [0x00000213097e1580, 0x00000213097e21b8]
Event: 13833.718 Thread 0x000002137bd4fd80 26764       4       org.eclipse.jdt.internal.codeassist.CompletionEngine$AcceptedConstructor::<init> (82 bytes)
Event: 13833.719 Thread 0x000002137bd4fd80 nmethod 26764 0x00000213097e2a10 code [0x00000213097e2b80, 0x00000213097e2c78]
Event: 13833.950 Thread 0x000002137bd51430 26765       3       org.eclipse.jdt.ls.core.internal.contentassist.SnippetCompletionProposal::getSnippets (94 bytes)
Event: 13833.951 Thread 0x000002137bd51430 nmethod 26765 0x00000213012ef010 code [0x00000213012ef2a0, 0x00000213012f0048]
Event: 13833.951 Thread 0x000002137bd51430 26766   !   3       org.eclipse.jdt.ls.core.internal.contentassist.JavadocCompletionProposal::getProposals (590 bytes)
Event: 13833.956 Thread 0x000002137bd51430 nmethod 26766 0x0000021300d54710 code [0x0000021300d54f40, 0x0000021300d59488]
Event: 13835.261 Thread 0x000002137bd4fd80 26767       4       org.eclipse.jdt.internal.core.Openable::bufferChanged (49 bytes)
Event: 13835.352 Thread 0x000002137bd4fd80 nmethod 26767 0x00000213097e2d10 code [0x00000213097e3120, 0x00000213097e5f78]
Event: 13842.101 Thread 0x000002137bd51430 26768       3       org.eclipse.jdt.ls.core.internal.handlers.WorkspaceDiagnosticsHandler$$Lambda$550/0x00000001007aeb18::test (8 bytes)
Event: 13842.102 Thread 0x000002137bd51430 nmethod 26768 0x0000021300e61010 code [0x0000021300e61280, 0x0000021300e61ec8]
Event: 13842.103 Thread 0x000002137bd51430 26769       3       org.eclipse.jdt.ls.core.internal.handlers.WorkspaceDiagnosticsHandler::isInteresting (26 bytes)
Event: 13842.103 Thread 0x000002137bd51430 nmethod 26769 0x0000021301701910 code [0x0000021301701b60, 0x0000021301702628]
Event: 13842.103 Thread 0x000002137bd51430 26770       3       org.eclipse.jdt.ls.core.internal.handlers.WorkspaceDiagnosticsHandler$$Lambda$551/0x00000001007aed60::<init> (10 bytes)
Event: 13842.103 Thread 0x000002137bd51430 nmethod 26770 0x0000021300bf0c90 code [0x0000021300bf0e20, 0x0000021300bf0f98]
Event: 13845.955 Thread 0x000002137bd51430 26771       3       java.util.HashMap$KeySet::size (8 bytes)
Event: 13845.956 Thread 0x000002137bd51430 nmethod 26771 0x00000213025ed590 code [0x00000213025ed720, 0x00000213025ed838]
Event: 13846.558 Thread 0x000002137bd4fd80 26772       4       org.eclipse.jdt.internal.compiler.ast.LocalDeclaration::analyseCode (280 bytes)
Event: 13846.572 Thread 0x000002137bd4fd80 nmethod 26772 0x00000213097e7b10 code [0x00000213097e7d40, 0x00000213097e8690]

GC Heap History (20 events):
Event: 13846.490 GC heap after
{Heap after GC invocations=15890 (full 389):
 PSYoungGen      total 3584K, used 576K [0x00000000eab00000, 0x00000000eb000000, 0x0000000100000000)
  eden space 2560K, 0% used [0x00000000eab00000,0x00000000eab00000,0x00000000ead80000)
  from space 1024K, 56% used [0x00000000eae00000,0x00000000eae90000,0x00000000eaf00000)
  to   space 1024K, 0% used [0x00000000eaf00000,0x00000000eaf00000,0x00000000eb000000)
 ParOldGen       total 265728K, used 239280K [0x00000000c0000000, 0x00000000d0380000, 0x00000000eab00000)
  object space 265728K, 90% used [0x00000000c0000000,0x00000000ce9ac2c0,0x00000000d0380000)
 Metaspace       used 94263K, committed 95424K, reserved 1138688K
  class space    used 9383K, committed 9920K, reserved 1048576K
}
Event: 13846.496 GC heap before
{Heap before GC invocations=15891 (full 389):
 PSYoungGen      total 3584K, used 3136K [0x00000000eab00000, 0x00000000eb000000, 0x0000000100000000)
  eden space 2560K, 100% used [0x00000000eab00000,0x00000000ead80000,0x00000000ead80000)
  from space 1024K, 56% used [0x00000000eae00000,0x00000000eae90000,0x00000000eaf00000)
  to   space 1024K, 0% used [0x00000000eaf00000,0x00000000eaf00000,0x00000000eb000000)
 ParOldGen       total 265728K, used 239280K [0x00000000c0000000, 0x00000000d0380000, 0x00000000eab00000)
  object space 265728K, 90% used [0x00000000c0000000,0x00000000ce9ac2c0,0x00000000d0380000)
 Metaspace       used 94263K, committed 95424K, reserved 1138688K
  class space    used 9383K, committed 9920K, reserved 1048576K
}
Event: 13846.498 GC heap after
{Heap after GC invocations=15891 (full 389):
 PSYoungGen      total 3072K, used 1008K [0x00000000eab00000, 0x00000000eb180000, 0x0000000100000000)
  eden space 2048K, 0% used [0x00000000eab00000,0x00000000eab00000,0x00000000ead00000)
  from space 1024K, 98% used [0x00000000eaf00000,0x00000000eaffc010,0x00000000eb000000)
  to   space 2048K, 0% used [0x00000000ead00000,0x00000000ead00000,0x00000000eaf00000)
 ParOldGen       total 265728K, used 239775K [0x00000000c0000000, 0x00000000d0380000, 0x00000000eab00000)
  object space 265728K, 90% used [0x00000000c0000000,0x00000000cea27f08,0x00000000d0380000)
 Metaspace       used 94263K, committed 95424K, reserved 1138688K
  class space    used 9383K, committed 9920K, reserved 1048576K
}
Event: 13846.504 GC heap before
{Heap before GC invocations=15892 (full 389):
 PSYoungGen      total 3072K, used 3056K [0x00000000eab00000, 0x00000000eb180000, 0x0000000100000000)
  eden space 2048K, 100% used [0x00000000eab00000,0x00000000ead00000,0x00000000ead00000)
  from space 1024K, 98% used [0x00000000eaf00000,0x00000000eaffc010,0x00000000eb000000)
  to   space 2048K, 0% used [0x00000000ead00000,0x00000000ead00000,0x00000000eaf00000)
 ParOldGen       total 265728K, used 239775K [0x00000000c0000000, 0x00000000d0380000, 0x00000000eab00000)
  object space 265728K, 90% used [0x00000000c0000000,0x00000000cea27f08,0x00000000d0380000)
 Metaspace       used 94263K, committed 95424K, reserved 1138688K
  class space    used 9383K, committed 9920K, reserved 1048576K
}
Event: 13846.507 GC heap after
{Heap after GC invocations=15892 (full 389):
 PSYoungGen      total 4096K, used 832K [0x00000000eab00000, 0x00000000eb080000, 0x0000000100000000)
  eden space 2048K, 0% used [0x00000000eab00000,0x00000000eab00000,0x00000000ead00000)
  from space 2048K, 40% used [0x00000000ead00000,0x00000000eadd0000,0x00000000eaf00000)
  to   space 1536K, 0% used [0x00000000eaf00000,0x00000000eaf00000,0x00000000eb080000)
 ParOldGen       total 265728K, used 240673K [0x00000000c0000000, 0x00000000d0380000, 0x00000000eab00000)
  object space 265728K, 90% used [0x00000000c0000000,0x00000000ceb08470,0x00000000d0380000)
 Metaspace       used 94263K, committed 95424K, reserved 1138688K
  class space    used 9383K, committed 9920K, reserved 1048576K
}
Event: 13846.512 GC heap before
{Heap before GC invocations=15893 (full 389):
 PSYoungGen      total 4096K, used 2880K [0x00000000eab00000, 0x00000000eb080000, 0x0000000100000000)
  eden space 2048K, 100% used [0x00000000eab00000,0x00000000ead00000,0x00000000ead00000)
  from space 2048K, 40% used [0x00000000ead00000,0x00000000eadd0000,0x00000000eaf00000)
  to   space 1536K, 0% used [0x00000000eaf00000,0x00000000eaf00000,0x00000000eb080000)
 ParOldGen       total 265728K, used 240673K [0x00000000c0000000, 0x00000000d0380000, 0x00000000eab00000)
  object space 265728K, 90% used [0x00000000c0000000,0x00000000ceb08470,0x00000000d0380000)
 Metaspace       used 94263K, committed 95424K, reserved 1138688K
  class space    used 9383K, committed 9920K, reserved 1048576K
}
Event: 13846.514 GC heap after
{Heap after GC invocations=15893 (full 389):
 PSYoungGen      total 3584K, used 896K [0x00000000eab00000, 0x00000000eb000000, 0x0000000100000000)
  eden space 2560K, 0% used [0x00000000eab00000,0x00000000eab00000,0x00000000ead80000)
  from space 1024K, 87% used [0x00000000eaf00000,0x00000000eafe0000,0x00000000eb000000)
  to   space 1024K, 0% used [0x00000000eae00000,0x00000000eae00000,0x00000000eaf00000)
 ParOldGen       total 265728K, used 241414K [0x00000000c0000000, 0x00000000d0380000, 0x00000000eab00000)
  object space 265728K, 90% used [0x00000000c0000000,0x00000000cebc19e8,0x00000000d0380000)
 Metaspace       used 94263K, committed 95424K, reserved 1138688K
  class space    used 9383K, committed 9920K, reserved 1048576K
}
Event: 13846.550 GC heap before
{Heap before GC invocations=15894 (full 389):
 PSYoungGen      total 3584K, used 3456K [0x00000000eab00000, 0x00000000eb000000, 0x0000000100000000)
  eden space 2560K, 100% used [0x00000000eab00000,0x00000000ead80000,0x00000000ead80000)
  from space 1024K, 87% used [0x00000000eaf00000,0x00000000eafe0000,0x00000000eb000000)
  to   space 1024K, 0% used [0x00000000eae00000,0x00000000eae00000,0x00000000eaf00000)
 ParOldGen       total 265728K, used 241414K [0x00000000c0000000, 0x00000000d0380000, 0x00000000eab00000)
  object space 265728K, 90% used [0x00000000c0000000,0x00000000cebc19e8,0x00000000d0380000)
 Metaspace       used 94263K, committed 95424K, reserved 1138688K
  class space    used 9383K, committed 9920K, reserved 1048576K
}
Event: 13846.552 GC heap after
{Heap after GC invocations=15894 (full 389):
 PSYoungGen      total 3584K, used 1024K [0x00000000eab00000, 0x00000000eb080000, 0x0000000100000000)
  eden space 2560K, 0% used [0x00000000eab00000,0x00000000eab00000,0x00000000ead80000)
  from space 1024K, 100% used [0x00000000eae00000,0x00000000eaf00000,0x00000000eaf00000)
  to   space 1536K, 0% used [0x00000000eaf00000,0x00000000eaf00000,0x00000000eb080000)
 ParOldGen       total 265728K, used 242167K [0x00000000c0000000, 0x00000000d0380000, 0x00000000eab00000)
  object space 265728K, 91% used [0x00000000c0000000,0x00000000cec7df50,0x00000000d0380000)
 Metaspace       used 94263K, committed 95424K, reserved 1138688K
  class space    used 9383K, committed 9920K, reserved 1048576K
}
Event: 13846.559 GC heap before
{Heap before GC invocations=15895 (full 389):
 PSYoungGen      total 3584K, used 3584K [0x00000000eab00000, 0x00000000eb080000, 0x0000000100000000)
  eden space 2560K, 100% used [0x00000000eab00000,0x00000000ead80000,0x00000000ead80000)
  from space 1024K, 100% used [0x00000000eae00000,0x00000000eaf00000,0x00000000eaf00000)
  to   space 1536K, 0% used [0x00000000eaf00000,0x00000000eaf00000,0x00000000eb080000)
 ParOldGen       total 265728K, used 242167K [0x00000000c0000000, 0x00000000d0380000, 0x00000000eab00000)
  object space 265728K, 91% used [0x00000000c0000000,0x00000000cec7df50,0x00000000d0380000)
 Metaspace       used 94263K, committed 95424K, reserved 1138688K
  class space    used 9383K, committed 9920K, reserved 1048576K
}
Event: 13846.561 GC heap after
{Heap after GC invocations=15895 (full 389):
 PSYoungGen      total 4096K, used 1024K [0x00000000eab00000, 0x00000000eb080000, 0x0000000100000000)
  eden space 2560K, 0% used [0x00000000eab00000,0x00000000eab00000,0x00000000ead80000)
  from space 1536K, 66% used [0x00000000eaf00000,0x00000000eb000000,0x00000000eb080000)
  to   space 1536K, 0% used [0x00000000ead80000,0x00000000ead80000,0x00000000eaf00000)
 ParOldGen       total 265728K, used 243089K [0x00000000c0000000, 0x00000000d0380000, 0x00000000eab00000)
  object space 265728K, 91% used [0x00000000c0000000,0x00000000ced644b8,0x00000000d0380000)
 Metaspace       used 94263K, committed 95424K, reserved 1138688K
  class space    used 9383K, committed 9920K, reserved 1048576K
}
Event: 13846.568 GC heap before
{Heap before GC invocations=15896 (full 389):
 PSYoungGen      total 4096K, used 3584K [0x00000000eab00000, 0x00000000eb080000, 0x0000000100000000)
  eden space 2560K, 100% used [0x00000000eab00000,0x00000000ead80000,0x00000000ead80000)
  from space 1536K, 66% used [0x00000000eaf00000,0x00000000eb000000,0x00000000eb080000)
  to   space 1536K, 0% used [0x00000000ead80000,0x00000000ead80000,0x00000000eaf00000)
 ParOldGen       total 265728K, used 243089K [0x00000000c0000000, 0x00000000d0380000, 0x00000000eab00000)
  object space 265728K, 91% used [0x00000000c0000000,0x00000000ced644b8,0x00000000d0380000)
 Metaspace       used 94263K, committed 95424K, reserved 1138688K
  class space    used 9383K, committed 9920K, reserved 1048576K
}
Event: 13846.571 GC heap after
{Heap after GC invocations=15896 (full 389):
 PSYoungGen      total 4096K, used 1056K [0x00000000eab00000, 0x00000000eb100000, 0x0000000100000000)
  eden space 2560K, 0% used [0x00000000eab00000,0x00000000eab00000,0x00000000ead80000)
  from space 1536K, 68% used [0x00000000ead80000,0x00000000eae88000,0x00000000eaf00000)
  to   space 1536K, 0% used [0x00000000eaf80000,0x00000000eaf80000,0x00000000eb100000)
 ParOldGen       total 265728K, used 244003K [0x00000000c0000000, 0x00000000d0380000, 0x00000000eab00000)
  object space 265728K, 91% used [0x00000000c0000000,0x00000000cee48db8,0x00000000d0380000)
 Metaspace       used 94263K, committed 95424K, reserved 1138688K
  class space    used 9383K, committed 9920K, reserved 1048576K
}
Event: 13847.202 GC heap before
{Heap before GC invocations=15897 (full 389):
 PSYoungGen      total 4096K, used 3616K [0x00000000eab00000, 0x00000000eb100000, 0x0000000100000000)
  eden space 2560K, 100% used [0x00000000eab00000,0x00000000ead80000,0x00000000ead80000)
  from space 1536K, 68% used [0x00000000ead80000,0x00000000eae88000,0x00000000eaf00000)
  to   space 1536K, 0% used [0x00000000eaf80000,0x00000000eaf80000,0x00000000eb100000)
 ParOldGen       total 265728K, used 244003K [0x00000000c0000000, 0x00000000d0380000, 0x00000000eab00000)
  object space 265728K, 91% used [0x00000000c0000000,0x00000000cee48db8,0x00000000d0380000)
 Metaspace       used 94263K, committed 95424K, reserved 1138688K
  class space    used 9383K, committed 9920K, reserved 1048576K
}
Event: 13847.204 GC heap after
{Heap after GC invocations=15897 (full 389):
 PSYoungGen      total 4096K, used 1045K [0x00000000eab00000, 0x00000000eb100000, 0x0000000100000000)
  eden space 2560K, 0% used [0x00000000eab00000,0x00000000eab00000,0x00000000ead80000)
  from space 1536K, 68% used [0x00000000eaf80000,0x00000000eb085770,0x00000000eb100000)
  to   space 1536K, 0% used [0x00000000ead80000,0x00000000ead80000,0x00000000eaf00000)
 ParOldGen       total 265728K, used 244962K [0x00000000c0000000, 0x00000000d0380000, 0x00000000eab00000)
  object space 265728K, 92% used [0x00000000c0000000,0x00000000cef38a20,0x00000000d0380000)
 Metaspace       used 94263K, committed 95424K, reserved 1138688K
  class space    used 9383K, committed 9920K, reserved 1048576K
}
Event: 13847.210 GC heap before
{Heap before GC invocations=15898 (full 389):
 PSYoungGen      total 4096K, used 3605K [0x00000000eab00000, 0x00000000eb100000, 0x0000000100000000)
  eden space 2560K, 100% used [0x00000000eab00000,0x00000000ead80000,0x00000000ead80000)
  from space 1536K, 68% used [0x00000000eaf80000,0x00000000eb085770,0x00000000eb100000)
  to   space 1536K, 0% used [0x00000000ead80000,0x00000000ead80000,0x00000000eaf00000)
 ParOldGen       total 265728K, used 244962K [0x00000000c0000000, 0x00000000d0380000, 0x00000000eab00000)
  object space 265728K, 92% used [0x00000000c0000000,0x00000000cef38a20,0x00000000d0380000)
 Metaspace       used 94263K, committed 95424K, reserved 1138688K
  class space    used 9383K, committed 9920K, reserved 1048576K
}
Event: 13847.213 GC heap after
{Heap after GC invocations=15898 (full 389):
 PSYoungGen      total 4096K, used 1536K [0x00000000eab00000, 0x00000000eb580000, 0x0000000100000000)
  eden space 2560K, 0% used [0x00000000eab00000,0x00000000eab00000,0x00000000ead80000)
  from space 1536K, 100% used [0x00000000ead80000,0x00000000eaf00000,0x00000000eaf00000)
  to   space 4096K, 0% used [0x00000000eb180000,0x00000000eb180000,0x00000000eb580000)
 ParOldGen       total 265728K, used 246864K [0x00000000c0000000, 0x00000000d0380000, 0x00000000eab00000)
  object space 265728K, 92% used [0x00000000c0000000,0x00000000cf114190,0x00000000d0380000)
 Metaspace       used 94263K, committed 95424K, reserved 1138688K
  class space    used 9383K, committed 9920K, reserved 1048576K
}
Event: 13847.219 GC heap before
{Heap before GC invocations=15899 (full 389):
 PSYoungGen      total 4096K, used 4084K [0x00000000eab00000, 0x00000000eb580000, 0x0000000100000000)
  eden space 2560K, 99% used [0x00000000eab00000,0x00000000ead7d060,0x00000000ead80000)
  from space 1536K, 100% used [0x00000000ead80000,0x00000000eaf00000,0x00000000eaf00000)
  to   space 4096K, 0% used [0x00000000eb180000,0x00000000eb180000,0x00000000eb580000)
 ParOldGen       total 265728K, used 246864K [0x00000000c0000000, 0x00000000d0380000, 0x00000000eab00000)
  object space 265728K, 92% used [0x00000000c0000000,0x00000000cf114190,0x00000000d0380000)
 Metaspace       used 94263K, committed 95424K, reserved 1138688K
  class space    used 9383K, committed 9920K, reserved 1048576K
}
Event: 13847.223 GC heap after
{Heap after GC invocations=15899 (full 389):
 PSYoungGen      total 6144K, used 2624K [0x00000000eab00000, 0x00000000eb480000, 0x0000000100000000)
  eden space 3072K, 0% used [0x00000000eab00000,0x00000000eab00000,0x00000000eae00000)
  from space 3072K, 85% used [0x00000000eb180000,0x00000000eb410000,0x00000000eb480000)
  to   space 3072K, 0% used [0x00000000eae80000,0x00000000eae80000,0x00000000eb180000)
 ParOldGen       total 265728K, used 248440K [0x00000000c0000000, 0x00000000d0380000, 0x00000000eab00000)
  object space 265728K, 93% used [0x00000000c0000000,0x00000000cf29e190,0x00000000d0380000)
 Metaspace       used 94263K, committed 95424K, reserved 1138688K
  class space    used 9383K, committed 9920K, reserved 1048576K
}
Event: 13847.259 GC heap before
{Heap before GC invocations=15900 (full 389):
 PSYoungGen      total 6144K, used 5696K [0x00000000eab00000, 0x00000000eb480000, 0x0000000100000000)
  eden space 3072K, 100% used [0x00000000eab00000,0x00000000eae00000,0x00000000eae00000)
  from space 3072K, 85% used [0x00000000eb180000,0x00000000eb410000,0x00000000eb480000)
  to   space 3072K, 0% used [0x00000000eae80000,0x00000000eae80000,0x00000000eb180000)
 ParOldGen       total 265728K, used 248440K [0x00000000c0000000, 0x00000000d0380000, 0x00000000eab00000)
  object space 265728K, 93% used [0x00000000c0000000,0x00000000cf29e190,0x00000000d0380000)
 Metaspace       used 94263K, committed 95424K, reserved 1138688K
  class space    used 9383K, committed 9920K, reserved 1048576K
}

Dll operation events (13 events):
Event: 0.016 Loaded shared library c:\Users\vinyl\.vscode\extensions\redhat.java-1.17.0-win32-x64\jre\17.0.6-win32-x86_64\bin\java.dll
Event: 0.355 Loaded shared library c:\Users\vinyl\.vscode\extensions\redhat.java-1.17.0-win32-x64\jre\17.0.6-win32-x86_64\bin\zip.dll
Event: 0.363 Loaded shared library C:\Users\vinyl\.vscode\extensions\redhat.java-1.17.0-win32-x64\jre\17.0.6-win32-x86_64\bin\instrument.dll
Event: 0.387 Loaded shared library C:\Users\vinyl\.vscode\extensions\redhat.java-1.17.0-win32-x64\jre\17.0.6-win32-x86_64\bin\net.dll
Event: 0.391 Loaded shared library C:\Users\vinyl\.vscode\extensions\redhat.java-1.17.0-win32-x64\jre\17.0.6-win32-x86_64\bin\nio.dll
Event: 0.404 Loaded shared library C:\Users\vinyl\.vscode\extensions\redhat.java-1.17.0-win32-x64\jre\17.0.6-win32-x86_64\bin\zip.dll
Event: 0.423 Loaded shared library C:\Users\vinyl\.vscode\extensions\redhat.java-1.17.0-win32-x64\jre\17.0.6-win32-x86_64\bin\jimage.dll
Event: 0.503 Loaded shared library c:\Users\vinyl\.vscode\extensions\redhat.java-1.17.0-win32-x64\jre\17.0.6-win32-x86_64\bin\verify.dll
Event: 2.042 Loaded shared library C:\Users\vinyl\AppData\Roaming\Code\User\globalStorage\redhat.java\1.17.0\config_win\org.eclipse.equinox.launcher\org.eclipse.equinox.launcher.win32.win32.x86_64_1.2.700.v20221108-1024\eclipse_11801.dll
Event: 3.096 Loaded shared library C:\Users\vinyl\.vscode\extensions\redhat.java-1.17.0-win32-x64\jre\17.0.6-win32-x86_64\bin\management.dll
Event: 3.100 Loaded shared library C:\Users\vinyl\.vscode\extensions\redhat.java-1.17.0-win32-x64\jre\17.0.6-win32-x86_64\bin\management_ext.dll
Event: 5.195 Loaded shared library C:\Users\vinyl\AppData\Local\Temp\jna-112213102\jna6759696156081215954.dll
Event: 18.397 Loaded shared library C:\Users\vinyl\.vscode\extensions\redhat.java-1.17.0-win32-x64\jre\17.0.6-win32-x86_64\bin\sunmscapi.dll

Deoptimization events (20 events):
Event: 13783.061 Thread 0x000002131d6f8e20 Uncommon trap: trap_request=0xffffffc6 fr.pc=0x00000213089bbcf8 relative=0x00000000000027f8
Event: 13783.061 Thread 0x000002131d6f8e20 Uncommon trap: reason=bimorphic_or_optimized_type_check action=maybe_recompile pc=0x00000213089bbcf8 method=org.eclipse.jdt.internal.compiler.ast.MessageSend.resolveType(Lorg/eclipse/jdt/internal/compiler/lookup/BlockScope;)Lorg/eclipse/jdt/internal/compi
Event: 13783.061 Thread 0x000002131d6f8e20 DEOPT PACKING pc=0x00000213089bbcf8 sp=0x0000007afb6fdfa0
Event: 13783.061 Thread 0x000002131d6f8e20 DEOPT UNPACKING pc=0x00000213075866a3 sp=0x0000007afb6fdf68 mode 2
Event: 13783.062 Thread 0x000002131d6f8e20 Uncommon trap: trap_request=0xffffff45 fr.pc=0x000002130830d780 relative=0x00000000000005e0
Event: 13783.062 Thread 0x000002131d6f8e20 Uncommon trap: reason=unstable_if action=reinterpret pc=0x000002130830d780 method=org.eclipse.jdt.internal.compiler.ast.AllocationExpression.generateCode(Lorg/eclipse/jdt/internal/compiler/lookup/BlockScope;Lorg/eclipse/jdt/internal/compiler/codegen/CodeS
Event: 13783.062 Thread 0x000002131d6f8e20 DEOPT PACKING pc=0x000002130830d780 sp=0x0000007afb6fe040
Event: 13783.062 Thread 0x000002131d6f8e20 DEOPT UNPACKING pc=0x00000213075866a3 sp=0x0000007afb6fdfd0 mode 2
Event: 13808.732 Thread 0x000002137e4a26f0 DEOPT PACKING pc=0x0000021301c5a68c sp=0x0000007afc7fd930
Event: 13808.732 Thread 0x000002137e4a26f0 DEOPT UNPACKING pc=0x0000021307586e43 sp=0x0000007afc7fce08 mode 0
Event: 13809.167 Thread 0x000002131d6f8e20 Uncommon trap: trap_request=0xffffff45 fr.pc=0x000002130863ae08 relative=0x0000000000001568
Event: 13809.167 Thread 0x000002131d6f8e20 Uncommon trap: reason=unstable_if action=reinterpret pc=0x000002130863ae08 method=java.util.TimSort.mergeLo(IIII)V @ 87 c2
Event: 13809.167 Thread 0x000002131d6f8e20 DEOPT PACKING pc=0x000002130863ae08 sp=0x0000007afb6fec80
Event: 13809.167 Thread 0x000002131d6f8e20 DEOPT UNPACKING pc=0x00000213075866a3 sp=0x0000007afb6fec60 mode 2
Event: 13827.175 Thread 0x000002131d6f8e20 DEOPT PACKING pc=0x0000021300ef2501 sp=0x0000007afb6fed40
Event: 13827.175 Thread 0x000002131d6f8e20 DEOPT UNPACKING pc=0x0000021307586e43 sp=0x0000007afb6fe2a8 mode 0
Event: 13845.664 Thread 0x000002131d6f9c90 Uncommon trap: trap_request=0xffffff45 fr.pc=0x00000213091b6020 relative=0x0000000000000100
Event: 13845.664 Thread 0x000002131d6f9c90 Uncommon trap: reason=unstable_if action=reinterpret pc=0x00000213091b6020 method=org.eclipse.jdt.internal.compiler.codegen.CodeStream.addVisibleLocalVariable(Lorg/eclipse/jdt/internal/compiler/lookup/LocalVariableBinding;)V @ 20 c2
Event: 13845.664 Thread 0x000002131d6f9c90 DEOPT PACKING pc=0x00000213091b6020 sp=0x0000007afbbfe4b0
Event: 13845.664 Thread 0x000002131d6f9c90 DEOPT UNPACKING pc=0x00000213075866a3 sp=0x0000007afbbfe458 mode 2

Classes unloaded (20 events):
Event: 6290.309 Thread 0x000002137bd214b0 Unloading class 0x0000000100621000 'jdk/internal/reflect/GeneratedSerializationConstructorAccessor6'
Event: 6290.309 Thread 0x000002137bd214b0 Unloading class 0x0000000100574c00 'jdk/internal/reflect/GeneratedSerializationConstructorAccessor5'
Event: 6290.309 Thread 0x000002137bd214b0 Unloading class 0x0000000100621800 'jdk/internal/reflect/GeneratedSerializationConstructorAccessor4'
Event: 6290.309 Thread 0x000002137bd214b0 Unloading class 0x0000000100574800 'jdk/internal/reflect/GeneratedConstructorAccessor49'
Event: 6290.309 Thread 0x000002137bd214b0 Unloading class 0x0000000100818400 'jdk/internal/reflect/GeneratedConstructorAccessor43'
Event: 6290.309 Thread 0x000002137bd214b0 Unloading class 0x000000010051c000 'jdk/internal/reflect/GeneratedConstructorAccessor16'
Event: 12587.305 Thread 0x000002137bd214b0 Unloading class 0x00000001009c8000 'jdk/internal/reflect/GeneratedMethodAccessor43'
Event: 12587.319 Thread 0x000002137bd214b0 Unloading class 0x00000001009b5400 'jdk/internal/reflect/GeneratedConstructorAccessor70'
Event: 12587.319 Thread 0x000002137bd214b0 Unloading class 0x000000010051c000 'jdk/internal/reflect/GeneratedConstructorAccessor69'
Event: 12587.319 Thread 0x000002137bd214b0 Unloading class 0x0000000100891000 'jdk/internal/reflect/GeneratedConstructorAccessor68'
Event: 12587.340 Thread 0x000002137bd214b0 Unloading class 0x0000000100891800 'jdk/internal/reflect/GeneratedConstructorAccessor67'
Event: 12587.348 Thread 0x000002137bd214b0 Unloading class 0x000000010090c400 'jdk/internal/reflect/GeneratedSerializationConstructorAccessor9'
Event: 12587.348 Thread 0x000002137bd214b0 Unloading class 0x00000001009aac00 'jdk/internal/reflect/GeneratedSerializationConstructorAccessor8'
Event: 12587.348 Thread 0x000002137bd214b0 Unloading class 0x00000001009ad800 'jdk/internal/reflect/GeneratedSerializationConstructorAccessor7'
Event: 12587.348 Thread 0x000002137bd214b0 Unloading class 0x0000000100909000 'jdk/internal/reflect/GeneratedConstructorAccessor59'
Event: 12587.348 Thread 0x000002137bd214b0 Unloading class 0x0000000100908c00 'jdk/internal/reflect/GeneratedConstructorAccessor58'
Event: 12587.349 Thread 0x000002137bd214b0 Unloading class 0x0000000100908800 'jdk/internal/reflect/GeneratedConstructorAccessor57'
Event: 12587.349 Thread 0x000002137bd214b0 Unloading class 0x0000000100908400 'jdk/internal/reflect/GeneratedConstructorAccessor56'
Event: 12587.349 Thread 0x000002137bd214b0 Unloading class 0x0000000100908000 'jdk/internal/reflect/GeneratedConstructorAccessor55'
Event: 12587.349 Thread 0x000002137bd214b0 Unloading class 0x0000000100574400 'jdk/internal/reflect/GeneratedConstructorAccessor48'

Classes redefined (0 events):
No events

Internal exceptions (20 events):
Event: 13772.504 Thread 0x000002137e4a13b0 Exception <a 'sun/nio/fs/WindowsException'{0x00000000eafd9468}> (0x00000000eafd9468) 
thrown [s\src\hotspot\share\prims\jni.cpp, line 516]
Event: 13785.114 Thread 0x000002137e4a13b0 Exception <a 'sun/nio/fs/WindowsException'{0x00000000eac41980}> (0x00000000eac41980) 
thrown [s\src\hotspot\share\prims\jni.cpp, line 516]
Event: 13785.227 Thread 0x000002137e4a13b0 Exception <a 'sun/nio/fs/WindowsException'{0x00000000eaed7a18}> (0x00000000eaed7a18) 
thrown [s\src\hotspot\share\prims\jni.cpp, line 516]
Event: 13808.437 Thread 0x000002137e4a13b0 Exception <a 'sun/nio/fs/WindowsException'{0x00000000eae4dee8}> (0x00000000eae4dee8) 
thrown [s\src\hotspot\share\prims\jni.cpp, line 516]
Event: 13808.550 Thread 0x000002137e4a13b0 Exception <a 'sun/nio/fs/WindowsException'{0x00000000eab07190}> (0x00000000eab07190) 
thrown [s\src\hotspot\share\prims\jni.cpp, line 516]
Event: 13812.381 Thread 0x000002137e4a13b0 Exception <a 'sun/nio/fs/WindowsException'{0x00000000eac087e0}> (0x00000000eac087e0) 
thrown [s\src\hotspot\share\prims\jni.cpp, line 516]
Event: 13812.525 Thread 0x000002137e4a13b0 Exception <a 'sun/nio/fs/WindowsException'{0x00000000eab62eb8}> (0x00000000eab62eb8) 
thrown [s\src\hotspot\share\prims\jni.cpp, line 516]
Event: 13815.436 Thread 0x000002137e4a13b0 Exception <a 'sun/nio/fs/WindowsException'{0x00000000ead4d398}> (0x00000000ead4d398) 
thrown [s\src\hotspot\share\prims\jni.cpp, line 516]
Event: 13815.544 Thread 0x000002137e4a13b0 Exception <a 'sun/nio/fs/WindowsException'{0x00000000eac73728}> (0x00000000eac73728) 
thrown [s\src\hotspot\share\prims\jni.cpp, line 516]
Event: 13820.649 Thread 0x000002137e4a13b0 Exception <a 'sun/nio/fs/WindowsException'{0x00000000eacb1d30}> (0x00000000eacb1d30) 
thrown [s\src\hotspot\share\prims\jni.cpp, line 516]
Event: 13820.777 Thread 0x000002137e4a13b0 Exception <a 'sun/nio/fs/WindowsException'{0x00000000eadacf88}> (0x00000000eadacf88) 
thrown [s\src\hotspot\share\prims\jni.cpp, line 516]
Event: 13823.923 Thread 0x000002137e4a13b0 Exception <a 'sun/nio/fs/WindowsException'{0x00000000eab23f80}> (0x00000000eab23f80) 
thrown [s\src\hotspot\share\prims\jni.cpp, line 516]
Event: 13824.020 Thread 0x000002137e4a13b0 Exception <a 'sun/nio/fs/WindowsException'{0x00000000eac6ce78}> (0x00000000eac6ce78) 
thrown [s\src\hotspot\share\prims\jni.cpp, line 516]
Event: 13831.184 Thread 0x000002137e4a13b0 Exception <a 'sun/nio/fs/WindowsException'{0x00000000ead96690}> (0x00000000ead96690) 
thrown [s\src\hotspot\share\prims\jni.cpp, line 516]
Event: 13831.299 Thread 0x000002137e4a13b0 Exception <a 'sun/nio/fs/WindowsException'{0x00000000eaba8ec0}> (0x00000000eaba8ec0) 
thrown [s\src\hotspot\share\prims\jni.cpp, line 516]
Event: 13835.031 Thread 0x000002137e4a13b0 Exception <a 'sun/nio/fs/WindowsException'{0x00000000eae50170}> (0x00000000eae50170) 
thrown [s\src\hotspot\share\prims\jni.cpp, line 516]
Event: 13835.227 Thread 0x000002137e4a13b0 Exception <a 'sun/nio/fs/WindowsException'{0x00000000eac2bf48}> (0x00000000eac2bf48) 
thrown [s\src\hotspot\share\prims\jni.cpp, line 516]
Event: 13841.427 Thread 0x000002137e4a13b0 Exception <a 'sun/nio/fs/WindowsException'{0x00000000eabb2290}> (0x00000000eabb2290) 
thrown [s\src\hotspot\share\prims\jni.cpp, line 516]
Event: 13841.539 Thread 0x000002137e4a13b0 Exception <a 'sun/nio/fs/WindowsException'{0x00000000eaba9350}> (0x00000000eaba9350) 
thrown [s\src\hotspot\share\prims\jni.cpp, line 516]
Event: 13847.197 Thread 0x000002137e4a13b0 Exception <a 'sun/nio/fs/WindowsException'{0x00000000eabfe918}> (0x00000000eabfe918) 
thrown [s\src\hotspot\share\prims\jni.cpp, line 516]

VM Operations (20 events):
Event: 13846.490 Executing VM operation: ParallelGCFailedAllocation done
Event: 13846.496 Executing VM operation: ParallelGCFailedAllocation
Event: 13846.498 Executing VM operation: ParallelGCFailedAllocation done
Event: 13846.504 Executing VM operation: ParallelGCFailedAllocation
Event: 13846.507 Executing VM operation: ParallelGCFailedAllocation done
Event: 13846.512 Executing VM operation: ParallelGCFailedAllocation
Event: 13846.514 Executing VM operation: ParallelGCFailedAllocation done
Event: 13846.550 Executing VM operation: ParallelGCFailedAllocation
Event: 13846.552 Executing VM operation: ParallelGCFailedAllocation done
Event: 13846.559 Executing VM operation: ParallelGCFailedAllocation
Event: 13846.561 Executing VM operation: ParallelGCFailedAllocation done
Event: 13846.568 Executing VM operation: ParallelGCFailedAllocation
Event: 13846.571 Executing VM operation: ParallelGCFailedAllocation done
Event: 13847.202 Executing VM operation: ParallelGCFailedAllocation
Event: 13847.204 Executing VM operation: ParallelGCFailedAllocation done
Event: 13847.210 Executing VM operation: ParallelGCFailedAllocation
Event: 13847.213 Executing VM operation: ParallelGCFailedAllocation done
Event: 13847.219 Executing VM operation: ParallelGCFailedAllocation
Event: 13847.223 Executing VM operation: ParallelGCFailedAllocation done
Event: 13847.259 Executing VM operation: ParallelGCFailedAllocation

Events (20 events):
Event: 13800.142 Thread 0x00000213111740d0 Thread exited: 0x00000213111740d0
Event: 13808.709 Thread 0x0000021312934370 Thread added: 0x0000021312934370
Event: 13808.732 Thread 0x0000021312934370 Thread exited: 0x0000021312934370
Event: 13809.194 Thread 0x0000021312934370 Thread added: 0x0000021312934370
Event: 13812.984 Thread 0x0000021312934d10 Thread added: 0x0000021312934d10
Event: 13813.004 Thread 0x0000021312934d10 Thread exited: 0x0000021312934d10
Event: 13816.058 Thread 0x0000021312934d10 Thread added: 0x0000021312934d10
Event: 13816.079 Thread 0x0000021312934d10 Thread exited: 0x0000021312934d10
Event: 13820.859 Thread 0x0000021311170240 Thread added: 0x0000021311170240
Event: 13821.004 Thread 0x0000021311170240 Thread exited: 0x0000021311170240
Event: 13824.078 Thread 0x00000213111740d0 Thread added: 0x00000213111740d0
Event: 13824.096 Thread 0x00000213111740d0 Thread exited: 0x00000213111740d0
Event: 13831.446 Thread 0x0000021311170240 Thread added: 0x0000021311170240
Event: 13831.470 Thread 0x0000021311170240 Thread exited: 0x0000021311170240
Event: 13833.136 Thread 0x0000021311170240 Thread added: 0x0000021311170240
Event: 13833.136 Thread 0x0000021311170240 Thread exited: 0x0000021311170240
Event: 13835.862 Thread 0x00000213111740d0 Thread added: 0x00000213111740d0
Event: 13835.905 Thread 0x00000213111740d0 Thread exited: 0x00000213111740d0
Event: 13842.070 Thread 0x0000021311170240 Thread added: 0x0000021311170240
Event: 13842.097 Thread 0x0000021311170240 Thread exited: 0x0000021311170240


Dynamic libraries:
0x00007ff65c970000 - 0x00007ff65c97e000 	c:\Users\vinyl\.vscode\extensions\redhat.java-1.17.0-win32-x64\jre\17.0.6-win32-x86_64\bin\java.exe
0x00007ffb234d0000 - 0x00007ffb236e4000 	C:\WINDOWS\SYSTEM32\ntdll.dll
0x00007ffb22520000 - 0x00007ffb225e3000 	C:\WINDOWS\System32\KERNEL32.DLL
0x00007ffb20a30000 - 0x00007ffb20dcc000 	C:\WINDOWS\System32\KERNELBASE.dll
0x00007ffb1d930000 - 0x00007ffb1d9c7000 	C:\WINDOWS\SYSTEM32\apphelp.dll
0x00007ffb20fe0000 - 0x00007ffb210f1000 	C:\WINDOWS\System32\ucrtbase.dll
0x00007ffb07b70000 - 0x00007ffb07b87000 	c:\Users\vinyl\.vscode\extensions\redhat.java-1.17.0-win32-x64\jre\17.0.6-win32-x86_64\bin\jli.dll
0x00007ffb061a0000 - 0x00007ffb061b9000 	c:\Users\vinyl\.vscode\extensions\redhat.java-1.17.0-win32-x64\jre\17.0.6-win32-x86_64\bin\VCRUNTIME140.dll
0x00007ffb22370000 - 0x00007ffb2251d000 	C:\WINDOWS\System32\USER32.dll
0x00007ffb212b0000 - 0x00007ffb212d6000 	C:\WINDOWS\System32\win32u.dll
0x00007ffb02a80000 - 0x00007ffb02d0e000 	C:\WINDOWS\WinSxS\amd64_microsoft.windows.common-controls_6595b64144ccf1df_6.0.22621.608_none_a9444ca7c10bb01d\COMCTL32.dll
0x00007ffb22340000 - 0x00007ffb22369000 	C:\WINDOWS\System32\GDI32.dll
0x00007ffb22860000 - 0x00007ffb22907000 	C:\WINDOWS\System32\msvcrt.dll
0x00007ffb20910000 - 0x00007ffb20a23000 	C:\WINDOWS\System32\gdi32full.dll
0x00007ffb20f40000 - 0x00007ffb20fda000 	C:\WINDOWS\System32\msvcp_win.dll
0x00007ffb225f0000 - 0x00007ffb22621000 	C:\WINDOWS\System32\IMM32.DLL
0x00007ffb0fa00000 - 0x00007ffb0fa0c000 	c:\Users\vinyl\.vscode\extensions\redhat.java-1.17.0-win32-x64\jre\17.0.6-win32-x86_64\bin\vcruntime140_1.dll
0x00007ffaea6e0000 - 0x00007ffaea771000 	c:\Users\vinyl\.vscode\extensions\redhat.java-1.17.0-win32-x64\jre\17.0.6-win32-x86_64\bin\msvcp140.dll
0x00007ffadd1e0000 - 0x00007ffadde27000 	c:\Users\vinyl\.vscode\extensions\redhat.java-1.17.0-win32-x64\jre\17.0.6-win32-x86_64\bin\server\jvm.dll
0x00007ffb22060000 - 0x00007ffb2210e000 	C:\WINDOWS\System32\ADVAPI32.dll
0x00007ffb23050000 - 0x00007ffb230f4000 	C:\WINDOWS\System32\sechost.dll
0x00007ffb21f40000 - 0x00007ffb22055000 	C:\WINDOWS\System32\RPCRT4.dll
0x00007ffb18260000 - 0x00007ffb18294000 	C:\WINDOWS\SYSTEM32\WINMM.dll
0x00007ffb18b80000 - 0x00007ffb18b8a000 	C:\WINDOWS\SYSTEM32\VERSION.dll
0x00007ffb096a0000 - 0x00007ffb096a9000 	C:\WINDOWS\SYSTEM32\WSOCK32.dll
0x00007ffb21490000 - 0x00007ffb21501000 	C:\WINDOWS\System32\WS2_32.dll
0x00007ffb1f920000 - 0x00007ffb1f938000 	C:\WINDOWS\SYSTEM32\kernel.appcore.dll
0x00007ffb08c30000 - 0x00007ffb08c3a000 	c:\Users\vinyl\.vscode\extensions\redhat.java-1.17.0-win32-x64\jre\17.0.6-win32-x86_64\bin\jimage.dll
0x00007ffb1ef80000 - 0x00007ffb1f1ae000 	C:\WINDOWS\SYSTEM32\DBGHELP.DLL
0x00007ffb23100000 - 0x00007ffb23489000 	C:\WINDOWS\System32\combase.dll
0x00007ffb21d00000 - 0x00007ffb21dd7000 	C:\WINDOWS\System32\OLEAUT32.dll
0x00007ffb0b600000 - 0x00007ffb0b632000 	C:\WINDOWS\SYSTEM32\dbgcore.DLL
0x00007ffb211c0000 - 0x00007ffb2123b000 	C:\WINDOWS\System32\bcryptPrimitives.dll
0x00007ffb07110000 - 0x00007ffb0711e000 	c:\Users\vinyl\.vscode\extensions\redhat.java-1.17.0-win32-x64\jre\17.0.6-win32-x86_64\bin\instrument.dll
0x00007ffb05f80000 - 0x00007ffb05fa5000 	c:\Users\vinyl\.vscode\extensions\redhat.java-1.17.0-win32-x64\jre\17.0.6-win32-x86_64\bin\java.dll
0x00007ffb05f20000 - 0x00007ffb05f38000 	c:\Users\vinyl\.vscode\extensions\redhat.java-1.17.0-win32-x64\jre\17.0.6-win32-x86_64\bin\zip.dll
0x00007ffb21510000 - 0x00007ffb21d00000 	C:\WINDOWS\System32\SHELL32.dll
0x00007ffb1e5d0000 - 0x00007ffb1ee9e000 	C:\WINDOWS\SYSTEM32\windows.storage.dll
0x00007ffb1e490000 - 0x00007ffb1e5ce000 	C:\WINDOWS\SYSTEM32\wintypes.dll
0x00007ffb21e40000 - 0x00007ffb21f31000 	C:\WINDOWS\System32\SHCORE.dll
0x00007ffb227e0000 - 0x00007ffb2283e000 	C:\WINDOWS\System32\shlwapi.dll
0x00007ffb20840000 - 0x00007ffb20861000 	C:\WINDOWS\SYSTEM32\profapi.dll
0x00007ffb05ae0000 - 0x00007ffb05af9000 	C:\Users\vinyl\.vscode\extensions\redhat.java-1.17.0-win32-x64\jre\17.0.6-win32-x86_64\bin\net.dll
0x00007ffb18a50000 - 0x00007ffb18b7f000 	C:\WINDOWS\SYSTEM32\WINHTTP.dll
0x00007ffb1fd80000 - 0x00007ffb1fde9000 	C:\WINDOWS\system32\mswsock.dll
0x00007ffb059a0000 - 0x00007ffb059b5000 	C:\Users\vinyl\.vscode\extensions\redhat.java-1.17.0-win32-x64\jre\17.0.6-win32-x86_64\bin\nio.dll
0x00007ffb1da80000 - 0x00007ffb1da90000 	c:\Users\vinyl\.vscode\extensions\redhat.java-1.17.0-win32-x64\jre\17.0.6-win32-x86_64\bin\verify.dll
0x00007ffafdd10000 - 0x00007ffafdd4e000 	C:\Users\vinyl\AppData\Roaming\Code\User\globalStorage\redhat.java\1.17.0\config_win\org.eclipse.equinox.launcher\org.eclipse.equinox.launcher.win32.win32.x86_64_1.2.700.v20221108-1024\eclipse_11801.dll
0x00007ffb221a0000 - 0x00007ffb2233c000 	C:\WINDOWS\System32\ole32.dll
0x00007ffb1bd60000 - 0x00007ffb1bd69000 	C:\Users\vinyl\.vscode\extensions\redhat.java-1.17.0-win32-x64\jre\17.0.6-win32-x86_64\bin\management.dll
0x00007ffb096f0000 - 0x00007ffb096fb000 	C:\Users\vinyl\.vscode\extensions\redhat.java-1.17.0-win32-x64\jre\17.0.6-win32-x86_64\bin\management_ext.dll
0x00007ffb22ad0000 - 0x00007ffb22ad8000 	C:\WINDOWS\System32\PSAPI.DLL
0x00007ffb20110000 - 0x00007ffb2012b000 	C:\WINDOWS\SYSTEM32\CRYPTSP.dll
0x00007ffb1f890000 - 0x00007ffb1f8c5000 	C:\WINDOWS\system32\rsaenh.dll
0x00007ffb1fe20000 - 0x00007ffb1fe48000 	C:\WINDOWS\SYSTEM32\USERENV.dll
0x00007ffb20150000 - 0x00007ffb20178000 	C:\WINDOWS\SYSTEM32\bcrypt.dll
0x00007ffb1ff80000 - 0x00007ffb1ff8c000 	C:\WINDOWS\SYSTEM32\CRYPTBASE.dll
0x00007ffb1f3f0000 - 0x00007ffb1f41d000 	C:\WINDOWS\SYSTEM32\IPHLPAPI.DLL
0x00007ffb22110000 - 0x00007ffb22119000 	C:\WINDOWS\System32\NSI.dll
0x00007ffb182e0000 - 0x00007ffb182f9000 	C:\WINDOWS\SYSTEM32\dhcpcsvc6.DLL
0x00007ffb182a0000 - 0x00007ffb182bf000 	C:\WINDOWS\SYSTEM32\dhcpcsvc.DLL
0x00007ffb1f420000 - 0x00007ffb1f513000 	C:\WINDOWS\SYSTEM32\DNSAPI.dll
0x00007ffb04370000 - 0x00007ffb043b5000 	C:\Users\vinyl\AppData\Local\Temp\jna-112213102\jna6759696156081215954.dll
0x00007ffb1be60000 - 0x00007ffb1be6e000 	C:\Users\vinyl\.vscode\extensions\redhat.java-1.17.0-win32-x64\jre\17.0.6-win32-x86_64\bin\sunmscapi.dll
0x00007ffb20dd0000 - 0x00007ffb20f36000 	C:\WINDOWS\System32\CRYPT32.dll
0x00007ffb200e0000 - 0x00007ffb2010d000 	C:\WINDOWS\SYSTEM32\ncrypt.dll
0x00007ffb200a0000 - 0x00007ffb200d7000 	C:\WINDOWS\SYSTEM32\NTASN1.dll
0x00007ffb1cd60000 - 0x00007ffb1cd68000 	C:\WINDOWS\system32\wshunix.dll
0x0000000067830000 - 0x0000000067856000 	C:\Program Files\Bonjour\mdnsNSP.dll
0x00007ffb15700000 - 0x00007ffb1570a000 	C:\Windows\System32\rasadhlp.dll
0x00007ffb17a20000 - 0x00007ffb17aa3000 	C:\WINDOWS\System32\fwpuclnt.dll

dbghelp: loaded successfully - version: 4.0.5 - missing functions: none
symbol engine: initialized successfully - sym options: 0x614 - pdb path: .;c:\Users\vinyl\.vscode\extensions\redhat.java-1.17.0-win32-x64\jre\17.0.6-win32-x86_64\bin;C:\WINDOWS\SYSTEM32;C:\WINDOWS\WinSxS\amd64_microsoft.windows.common-controls_6595b64144ccf1df_6.0.22621.608_none_a9444ca7c10bb01d;c:\Users\vinyl\.vscode\extensions\redhat.java-1.17.0-win32-x64\jre\17.0.6-win32-x86_64\bin\server;C:\Users\vinyl\AppData\Roaming\Code\User\globalStorage\redhat.java\1.17.0\config_win\org.eclipse.equinox.launcher\org.eclipse.equinox.launcher.win32.win32.x86_64_1.2.700.v20221108-1024;C:\Users\vinyl\AppData\Local\Temp\jna-112213102;C:\Program Files\Bonjour

VM Arguments:
jvm_args: --add-modules=ALL-SYSTEM --add-opens=java.base/java.util=ALL-UNNAMED --add-opens=java.base/java.lang=ALL-UNNAMED --add-opens=java.base/sun.nio.fs=ALL-UNNAMED -Declipse.application=org.eclipse.jdt.ls.core.id1 -Dosgi.bundles.defaultStartLevel=4 -Declipse.product=org.eclipse.jdt.ls.core.product -Djava.import.generatesMetadataFilesAtProjectRoot=false -Dfile.encoding=utf8 -XX:+UseParallelGC -XX:GCTimeRatio=4 -XX:AdaptiveSizePolicyWeight=90 -Dsun.zip.disableMemoryMapping=true -Xmx1G -Xms100m -Xlog:disable -javaagent:c:\Users\vinyl\.vscode\extensions\redhat.java-1.17.0-win32-x64\lombok\lombok-1.18.24.jar -XX:+HeapDumpOnOutOfMemoryError -XX:HeapDumpPath=c:\Users\vinyl\AppData\Roaming\Code\User\workspaceStorage\cf325b8df748eba499f6fbcf85c42d1c\redhat.java -Daether.dependencyCollector.impl=bf 
java_command: c:\Users\vinyl\.vscode\extensions\redhat.java-1.17.0-win32-x64\server\plugins\org.eclipse.equinox.launcher_1.6.400.v20210924-0641.jar -configuration c:\Users\vinyl\AppData\Roaming\Code\User\globalStorage\redhat.java\1.17.0\config_win -data c:\Users\vinyl\AppData\Roaming\Code\User\workspaceStorage\cf325b8df748eba499f6fbcf85c42d1c\redhat.java\jdt_ws
java_class_path (initial): c:\Users\vinyl\.vscode\extensions\redhat.java-1.17.0-win32-x64\server\plugins\org.eclipse.equinox.launcher_1.6.400.v20210924-0641.jar
Launcher Type: SUN_STANDARD

[Global flags]
    uintx AdaptiveSizePolicyWeight                 = 90                                        {product} {command line}
     intx CICompilerCount                          = 4                                         {product} {ergonomic}
    uintx GCTimeRatio                              = 4                                         {product} {command line}
     bool HeapDumpOnOutOfMemoryError               = true                                   {manageable} {command line}
    ccstr HeapDumpPath                             = c:\Users\vinyl\AppData\Roaming\Code\User\workspaceStorage\cf325b8df748eba499f6fbcf85c42d1c\redhat.java         {manageable} {command line}
   size_t InitialHeapSize                          = 104857600                                 {product} {command line}
   size_t MaxHeapSize                              = 1073741824                                {product} {command line}
   size_t MaxNewSize                               = 357564416                                 {product} {ergonomic}
   size_t MinHeapDeltaBytes                        = 524288                                    {product} {ergonomic}
   size_t MinHeapSize                              = 104857600                                 {product} {command line}
   size_t NewSize                                  = 34603008                                  {product} {ergonomic}
    uintx NonNMethodCodeHeapSize                   = 5839372                                {pd product} {ergonomic}
    uintx NonProfiledCodeHeapSize                  = 122909434                              {pd product} {ergonomic}
   size_t OldSize                                  = 70254592                                  {product} {ergonomic}
    uintx ProfiledCodeHeapSize                     = 122909434                              {pd product} {ergonomic}
    uintx ReservedCodeCacheSize                    = 251658240                              {pd product} {ergonomic}
     bool SegmentedCodeCache                       = true                                      {product} {ergonomic}
   size_t SoftMaxHeapSize                          = 1073741824                             {manageable} {ergonomic}
     bool UseCompressedClassPointers               = true                           {product lp64_product} {ergonomic}
     bool UseCompressedOops                        = true                           {product lp64_product} {ergonomic}
     bool UseLargePagesIndividualAllocation        = false                                  {pd product} {ergonomic}
     bool UseParallelGC                            = true                                      {product} {command line}

Logging:
Log output configuration:
 #0: stdout all=off uptime,level,tags
 #1: stderr all=off uptime,level,tags

Environment Variables:
PATH=C:\Program Files\Eclipse Adoptium\jdk-17.0.6.10-hotspot\bin;C:\Program Files\Common Files\Oracle\Java\javapath;C:\Program Files (x86)\Common Files\Oracle\Java\javapath;C:\Python310\Scripts\;C:\Python310\;C:\WINDOWS\system32;C:\WINDOWS;C:\WINDOWS\System32\Wbem;C:\WINDOWS\System32\OpenSSH\;C:\Program Files\nodejs\;C:\ProgramData\chocolatey\bin;C:\Program Files\PuTTY\;C:\Program Files (x86)\Microsoft SQL Server\150\DTS\Binn\;C:\Program Files\Azure Data Studio\bin;C:\WINDOWS\System32\WindowsPowerShell\v1.0\;C:\Program Files\Git\cmd;C:\Program Files\Docker\Docker\resources\bin;C:\Users\vinyl\AppData\Local\Microsoft\WindowsApps;C:\php-8.1.5-nts-Win32-vs16-x64;C:\Users\vinyl\AppData\Local\Programs\Microsoft VS Code\bin;C:\Users\vinyl\AppData\Roaming\npm;C:\Program Files\Azure Data Studio\bin;C:\MinGW\bin;
USERNAME=vinyl
OS=Windows_NT
PROCESSOR_IDENTIFIER=AMD64 Family 23 Model 24 Stepping 1, AuthenticAMD
TMP=C:\Users\vinyl\AppData\Local\Temp
TEMP=C:\Users\vinyl\AppData\Local\Temp



---------------  S Y S T E M  ---------------

OS:
 Windows 11 , 64 bit Build 22621 (10.0.22621.1344)
OS uptime: 5 days 13:36 hours
Hyper-V role detected

CPU: total 8 (initial active 8) (8 cores per cpu, 2 threads per core) family 23 model 24 stepping 1 microcode 0x0, cx8, cmov, fxsr, ht, mmx, 3dnowpref, sse, sse2, sse3, ssse3, sse4a, sse4.1, sse4.2, popcnt, lzcnt, tsc, tscinvbit, avx, avx2, aes, clmul, bmi1, bmi2, adx, sha, fma, vzeroupper, clflush, clflushopt, hv

Memory: 4k page, system-wide physical 10116M (1176M free)
TotalPageFile size 24452M (AvailPageFile size 5566M)
current process WorkingSet (physical memory assigned to process): 690M, peak: 736M
current process commit charge ("private bytes"): 607M, peak: 667M

vm_info: OpenJDK 64-Bit Server VM (17.0.6+10) for windows-amd64 JRE (17.0.6+10), built on Jan 18 2023 10:08:59 by "temurin" with MS VC++ 16.7 (VS2019)

END.
