#
# A fatal error has been detected by the Java Runtime Environment:
#
#  EXCEPTION_ACCESS_VIOLATION (0xc0000005) at pc=0x00007ffde280eecb, pid=1704, tid=4904
#
# JRE version: OpenJDK Runtime Environment Temurin-17.0.6+10 (17.0.6+10) (build 17.0.6+10)
# Java VM: OpenJDK 64-Bit Server VM Temurin-17.0.6+10 (17.0.6+10, mixed mode, sharing, tiered, compressed oops, compressed class ptrs, g1 gc, windows-amd64)
# Problematic frame:
# V  [jvm.dll+0x57eecb]
#
# No core dump will be written. Minidumps are not enabled by default on client versions of Windows
#
# If you would like to submit a bug report, please visit:
#   https://github.com/adoptium/adoptium-support/issues
#

---------------  S U M M A R Y ------------

Command Line: --module-path=C:/JAVALIBS/openjfx-20.0.1_windows-x64_bin-sdk/javafx-sdk-20.0.1/lib --add-modules=javafx.controls,javafx.fxml -XX:+ShowCodeDetailsInExceptionMessages assets.view.App

Host: AMD Ryzen 5 3500U with Radeon Vega Mobile Gfx  , 8 cores, 9G,  Windows 11 , 64 bit Build 22621 (10.0.22621.1344)
Time: Thu May 11 00:33:30 2023 Hora oficial do Brasil elapsed time: 2.079891 seconds (0d 0h 0m 2s)

---------------  T H R E A D  ---------------

Current thread (0x000001dbe6955280):  JavaThread "C2 CompilerThread0" daemon [_thread_in_native, id=4904, stack(0x0000000166500000,0x0000000166600000)]


Current CompileTask:
C2:   2080 1262       4       jdk.internal.org.objectweb.asm.SymbolTable::addConstantUtf8 (98 bytes)

Stack: [0x0000000166500000,0x0000000166600000],  sp=0x00000001665fa330,  free space=1000k
Native frames: (J=compiled Java code, j=interpreted, Vv=VM code, C=native code)
V  [jvm.dll+0x57eecb]
V  [jvm.dll+0x57e268]
V  [jvm.dll+0x220812]
V  [jvm.dll+0x220bef]
V  [jvm.dll+0x21a445]
V  [jvm.dll+0x21790b]
V  [jvm.dll+0x1a3d0d]
V  [jvm.dll+0x22742a]
V  [jvm.dll+0x225565]
V  [jvm.dll+0x7ea2cb]
V  [jvm.dll+0x7e483a]
V  [jvm.dll+0x6762c5]
C  [ucrtbase.dll+0x29363]
C  [KERNEL32.DLL+0x126bd]
C  [ntdll.dll+0x5a9f8]


siginfo: EXCEPTION_ACCESS_VIOLATION (0xc0000005), reading address 0x0000000100000029


Register to memory mapping:

RIP=0x00007ffde280eecb jvm.dll
RAX=0x0 is NULL
RBX=0x0000000100000001 is an unknown value
RCX=0x0000000000000001 is an unknown value
RDX=0x000001dbe8e86408 points into unknown readable memory: 0x000000000801c000 | 00 c0 01 08 00 00 00 00
RSP=0x00000001665fa330 is pointing into the stack for thread: 0x000001dbe6955280
RBP=0x000000000000000f is an unknown value
RSI=0x000000000000004e is an unknown value
RDI=0x00000001665fa400 is pointing into the stack for thread: 0x000001dbe6955280
R8 =0x0000000000008000 is an unknown value
R9 =0x00000001665fa710 is pointing into the stack for thread: 0x000001dbe6955280
R10=0xfefefefefefefeff is an unknown value
R11=0x8080808080808080 is an unknown value
R12=0x00000001665fa3e0 is pointing into the stack for thread: 0x000001dbe6955280
R13=0x00000001665fa3c0 is pointing into the stack for thread: 0x000001dbe6955280
R14=0x0000000000000001 is an unknown value
R15=0x000001dbe7d40a50 points into unknown readable memory: 0x00007ffde2ba2400 | 00 24 ba e2 fd 7f 00 00


Registers:
RAX=0x0000000000000000, RBX=0x0000000100000001, RCX=0x0000000000000001, RDX=0x000001dbe8e86408
RSP=0x00000001665fa330, RBP=0x000000000000000f, RSI=0x000000000000004e, RDI=0x00000001665fa400
R8 =0x0000000000008000, R9 =0x00000001665fa710, R10=0xfefefefefefefeff, R11=0x8080808080808080
R12=0x00000001665fa3e0, R13=0x00000001665fa3c0, R14=0x0000000000000001, R15=0x000001dbe7d40a50
RIP=0x00007ffde280eecb, EFLAGS=0x0000000000010203

Top of Stack: (sp=0x00000001665fa330)
0x00000001665fa330:   0000000000000009 000000000000004d
0x00000001665fa340:   000001dbe7d3ed50 000001db00000001
0x00000001665fa350:   0000000000000000 000001dbe6949890
0x00000001665fa360:   000001dbe75274d8 00000001665fa490
0x00000001665fa370:   0000000000010300 000001dbc73226e0
0x00000001665fa380:   0000000000000001 00007ffde280e268
0x00000001665fa390:   00000001665fa710 00000001665fa710
0x00000001665fa3a0:   000001db00000001 00000001665fa400
0x00000001665fa3b0:   000001dbeeb7f9f8 000001dbe752c030
0x00000001665fa3c0:   000001dbe6947830 0000000000000080
0x00000001665fa3d0:   000001dbe8e864d0 000000000000007b
0x00000001665fa3e0:   0000000000000080 000001dbe8e862d0
0x00000001665fa3f0:   000001db00000080 000001dbe6947830
0x00000001665fa400:   000001dbe8e83b60 000001dbe8e85f50
0x00000001665fa410:   000001dbe8e83b30 000001dbe6947830
0x00000001665fa420:   000001dbe6947830 0000000100000004 

Instructions: (pc=0x00007ffde280eecb)
0x00007ffde280edcb:   4c 8b f3 44 89 60 08 e9 99 fc ff ff 41 8b 45 18
0x00007ffde280eddb:   85 c0 0f 85 7d fc ff ff 4c 8b 74 24 20 4c 8b 64
0x00007ffde280edeb:   24 28 48 8b 7c 24 30 48 8b 74 24 38 48 8b 5c 24
0x00007ffde280edfb:   60 48 83 c4 40 41 5f 41 5d 5d c3 cc cc cc cc cc
0x00007ffde280ee0b:   cc cc cc cc cc 48 89 4c 24 08 57 41 54 41 55 48
0x00007ffde280ee1b:   83 ec 40 41 8b 40 18 49 8b f9 4d 8b e8 4c 8b e2
0x00007ffde280ee2b:   4c 8b c9 85 c0 0f 84 3d 02 00 00 48 89 5c 24 68
0x00007ffde280ee3b:   48 89 6c 24 38 48 89 74 24 30 4c 89 74 24 28 4c
0x00007ffde280ee4b:   89 7c 24 20 90 ff c8 41 89 45 18 8b c8 49 8b 45
0x00007ffde280ee5b:   10 4c 8b 3c c8 41 8b 77 28 8b de c1 eb 05 41 3b
0x00007ffde280ee6b:   1c 24 72 0f 8b d3 49 8b cc e8 f7 ec 29 00 4c 8b
0x00007ffde280ee7b:   4c 24 60 49 8b 44 24 08 83 e6 1f 48 8d 14 98 40
0x00007ffde280ee8b:   0f b6 ce 41 b8 01 00 00 00 41 d3 e0 8b 0a 8b c1
0x00007ffde280ee9b:   41 0b c0 89 02 41 85 c8 0f 85 a0 01 00 00 41 8b
0x00007ffde280eeab:   4f 20 45 33 f6 89 4c 24 70 44 3b f1 0f 83 59 01
0x00007ffde280eebb:   00 00 49 8b 5f 10 41 8b c6 41 ff c6 48 8b 1c c3
0x00007ffde280eecb:   8b 43 28 41 3b 41 28 73 0d 8b c8 49 8b 41 30 48
0x00007ffde280eedb:   83 3c c8 00 75 39 48 83 7b 10 00 74 32 49 8d b1
0x00007ffde280eeeb:   b8 09 00 00 8b 6e 18 8d 45 01 89 46 18 3b 6e 08
0x00007ffde280eefb:   72 0f 8b d5 48 8b ce e8 69 59 0d 00 4c 8b 4c 24
0x00007ffde280ef0b:   60 48 8b 46 10 8b 4c 24 70 48 89 1c e8 eb 9a 48
0x00007ffde280ef1b:   8b 43 08 48 83 38 00 74 77 48 8b 03 48 8b cb ff
0x00007ffde280ef2b:   50 10 84 c0 75 0a 8b 43 2c 83 e0 0f 3c 0c 75 60
0x00007ffde280ef3b:   8b 4b 28 8b c1 c1 e8 05 41 3b 04 24 73 21 4c 8b
0x00007ffde280ef4b:   4c 24 60 83 e1 1f 8b d1 8b c8 49 8b 44 24 08 8b
0x00007ffde280ef5b:   0c 88 0f a3 d1 8b 4c 24 70 0f 82 4a ff ff ff 41
0x00007ffde280ef6b:   8b 75 18 8d 46 01 41 89 45 18 41 3b 75 08 72 0a
0x00007ffde280ef7b:   8b d6 49 8b cd e8 eb 58 0d 00 49 8b 45 10 8b 4c
0x00007ffde280ef8b:   24 70 4c 8b 4c 24 60 48 89 1c f0 e9 19 ff ff ff
0x00007ffde280ef9b:   8b 6b 28 8b f5 c1 ee 05 41 3b 34 24 72 0a 8b d6
0x00007ffde280efab:   49 8b cc e8 bd eb 29 00 49 8b 44 24 08 83 e5 1f
0x00007ffde280efbb:   4c 8b 4c 24 60 48 8d 14 b0 40 0f b6 cd 41 b8 01 


Stack slot to memory mapping:
stack at sp + 0 slots: 0x0000000000000009 is an unknown value
stack at sp + 1 slots: 0x000000000000004d is an unknown value
stack at sp + 2 slots: 0x000001dbe7d3ed50 points into unknown readable memory: 0x00007ffde2bbcb08 | 08 cb bb e2 fd 7f 00 00
stack at sp + 3 slots: 0x000001db00000001 is an unknown value
stack at sp + 4 slots: 0x0 is NULL
stack at sp + 5 slots: 0x000001dbe6949890 points into unknown readable memory: 0x8000000800000001 | 01 00 00 00 08 00 00 80
stack at sp + 6 slots: 0x000001dbe75274d8 points into unknown readable memory: 0x00007ffde2bbc628 | 28 c6 bb e2 fd 7f 00 00
stack at sp + 7 slots: 0x00000001665fa490 is pointing into the stack for thread: 0x000001dbe6955280


---------------  P R O C E S S  ---------------

Threads class SMR info:
_java_thread_list=0x000001dbeea5fca0, length=21, elements={
0x000001dbc7308450, 0x000001dbe692cd70, 0x000001dbe692e0c0, 0x000001dbe6947fb0,
0x000001dbe6948960, 0x000001dbe6949310, 0x000001dbe694b470, 0x000001dbe6955280,
0x000001dbe6955880, 0x000001dbe69581b0, 0x000001dbc73c7540, 0x000001dbe7666630,
0x000001dbe7d846a0, 0x000001dbe8172be0, 0x000001dbe81011d0, 0x000001dbe89750b0,
0x000001dbe803f900, 0x000001dbe8a90870, 0x000001dbef0d06c0, 0x000001dbeec449a0,
0x000001dbe8d49840
}

Java Threads: ( => current thread )
  0x000001dbc7308450 JavaThread "main" [_thread_blocked, id=13896, stack(0x0000000165800000,0x0000000165900000)]
  0x000001dbe692cd70 JavaThread "Reference Handler" daemon [_thread_blocked, id=12640, stack(0x0000000165f00000,0x0000000166000000)]
  0x000001dbe692e0c0 JavaThread "Finalizer" daemon [_thread_blocked, id=14012, stack(0x0000000166000000,0x0000000166100000)]
  0x000001dbe6947fb0 JavaThread "Signal Dispatcher" daemon [_thread_blocked, id=12276, stack(0x0000000166100000,0x0000000166200000)]
  0x000001dbe6948960 JavaThread "Attach Listener" daemon [_thread_blocked, id=13788, stack(0x0000000166200000,0x0000000166300000)]
  0x000001dbe6949310 JavaThread "Service Thread" daemon [_thread_blocked, id=3068, stack(0x0000000166300000,0x0000000166400000)]
  0x000001dbe694b470 JavaThread "Monitor Deflation Thread" daemon [_thread_blocked, id=1340, stack(0x0000000166400000,0x0000000166500000)]
=>0x000001dbe6955280 JavaThread "C2 CompilerThread0" daemon [_thread_in_native, id=4904, stack(0x0000000166500000,0x0000000166600000)]
  0x000001dbe6955880 JavaThread "C1 CompilerThread0" daemon [_thread_blocked, id=11268, stack(0x0000000166600000,0x0000000166700000)]
  0x000001dbe69581b0 JavaThread "Sweeper thread" daemon [_thread_blocked, id=5428, stack(0x0000000166700000,0x0000000166800000)]
  0x000001dbc73c7540 JavaThread "Common-Cleaner" daemon [_thread_blocked, id=6776, stack(0x0000000166800000,0x0000000166900000)]
  0x000001dbe7666630 JavaThread "C2 CompilerThread1" daemon [_thread_blocked, id=5364, stack(0x0000000166900000,0x0000000166a00000)]
  0x000001dbe7d846a0 JavaThread "Notification Thread" daemon [_thread_blocked, id=14836, stack(0x0000000166b00000,0x0000000166c00000)]
  0x000001dbe8172be0 JavaThread "QuantumRenderer-0" daemon [_thread_blocked, id=7984, stack(0x0000000166d00000,0x0000000166e00000)]
  0x000001dbe81011d0 JavaThread "InvokeLaterDispatcher" daemon [_thread_blocked, id=8220, stack(0x0000000167000000,0x0000000167100000)]
  0x000001dbe89750b0 JavaThread "JavaFX Application Thread" [_thread_in_native, id=13340, stack(0x0000000167100000,0x0000000167200000)]
  0x000001dbe803f900 JavaThread "Thread-1" daemon [_thread_in_native, id=11676, stack(0x0000000166a00000,0x0000000166b00000)]
  0x000001dbe8a90870 JavaThread "JavaFX-Launcher" [_thread_blocked, id=13084, stack(0x0000000167800000,0x0000000167900000)]
  0x000001dbef0d06c0 JavaThread "Prism Font Disposer" daemon [_thread_blocked, id=11036, stack(0x0000000167f00000,0x0000000168000000)]
  0x000001dbeec449a0 JavaThread "C2 CompilerThread2" daemon [_thread_in_native, id=8896, stack(0x0000000168400000,0x0000000168500000)]
  0x000001dbe8d49840 JavaThread "Cleaner-0" daemon [_thread_blocked, id=14544, stack(0x0000000168500000,0x0000000168600000)]

Other Threads:
  0x000001dbe6926b20 VMThread "VM Thread" [stack: 0x0000000165e00000,0x0000000165f00000] [id=6052]
  0x000001dbc736eb30 WatcherThread [stack: 0x0000000166c00000,0x0000000166d00000] [id=7192]
  0x000001dbc735a670 GCTaskThread "GC Thread#0" [stack: 0x0000000165900000,0x0000000165a00000] [id=7564]
  0x000001dbe8008f40 GCTaskThread "GC Thread#1" [stack: 0x0000000167900000,0x0000000167a00000] [id=14800]
  0x000001dbe7f46280 GCTaskThread "GC Thread#2" [stack: 0x0000000167a00000,0x0000000167b00000] [id=4252]
  0x000001dbe7f46530 GCTaskThread "GC Thread#3" [stack: 0x0000000167b00000,0x0000000167c00000] [id=948]
  0x000001dbe7f467e0 GCTaskThread "GC Thread#4" [stack: 0x0000000167c00000,0x0000000167d00000] [id=5312]
  0x000001dbe7f46a90 GCTaskThread "GC Thread#5" [stack: 0x0000000167d00000,0x0000000167e00000] [id=8296]
  0x000001dbe7f8cc60 GCTaskThread "GC Thread#6" [stack: 0x0000000168000000,0x0000000168100000] [id=12844]
  0x000001dbe847d1f0 GCTaskThread "GC Thread#7" [stack: 0x0000000168100000,0x0000000168200000] [id=3392]
  0x000001dbc7365520 ConcurrentGCThread "G1 Main Marker" [stack: 0x0000000165a00000,0x0000000165b00000] [id=9044]
  0x000001dbc73666d0 ConcurrentGCThread "G1 Conc#0" [stack: 0x0000000165b00000,0x0000000165c00000] [id=12688]
  0x000001dbe68024b0 ConcurrentGCThread "G1 Refine#0" [stack: 0x0000000165c00000,0x0000000165d00000] [id=13516]
  0x000001dbe8ace830 ConcurrentGCThread "G1 Refine#1" [stack: 0x0000000168200000,0x0000000168300000] [id=6028]
  0x000001dbe8aceb10 ConcurrentGCThread "G1 Refine#2" [stack: 0x0000000168300000,0x0000000168400000] [id=6604]
  0x000001dbe6802b80 ConcurrentGCThread "G1 Service" [stack: 0x0000000165d00000,0x0000000165e00000] [id=10884]

Threads with active compile tasks:
C2 CompilerThread0     2241 1262       4       jdk.internal.org.objectweb.asm.SymbolTable::addConstantUtf8 (98 bytes)
C2 CompilerThread2     2241 2184       4       java.lang.invoke.MethodType::makeImpl (109 bytes)

VM state: not at safepoint (normal execution)

VM Mutex/Monitor currently owned by a thread: None

Heap address: 0x0000000761e00000, size: 2530 MB, Compressed Oops mode: Zero based, Oop shift amount: 3

CDS archive(s) mapped at: [0x0000000800000000-0x0000000800bc0000-0x0000000800bc0000), size 12320768, SharedBaseAddress: 0x0000000800000000, ArchiveRelocationMode: 0.
Compressed class space mapped at: 0x0000000800c00000-0x0000000840c00000, reserved size: 1073741824
Narrow klass base: 0x0000000800000000, Narrow klass shift: 0, Narrow klass range: 0x100000000

GC Precious Log:
 CPUs: 8 total, 8 available
 Memory: 10116M
 Large Page Support: Disabled
 NUMA Support: Disabled
 Compressed Oops: Enabled (Zero based)
 Heap Region Size: 2M
 Heap Min Capacity: 8M
 Heap Initial Capacity: 160M
 Heap Max Capacity: 2530M
 Pre-touch: Disabled
 Parallel Workers: 8
 Concurrent Workers: 2
 Concurrent Refinement Workers: 8
 Periodic GC: Disabled

Heap:
 garbage-first heap   total 163840K, used 32557K [0x0000000761e00000, 0x0000000800000000)
  region size 2048K, 11 young (22528K), 3 survivors (6144K)
 Metaspace       used 13808K, committed 14016K, reserved 1064960K
  class space    used 2259K, committed 2368K, reserved 1048576K

Heap Regions: E=young(eden), S=young(survivor), O=old, HS=humongous(starts), HC=humongous(continues), CS=collection set, F=free, OA=open archive, CA=closed archive, TAMS=top-at-mark-start (previous, next)
|   0|0x0000000761e00000, 0x0000000762000000, 0x0000000762000000|100%| O|  |TAMS 0x0000000761e00000, 0x0000000761e00000| Untracked 
|   1|0x0000000762000000, 0x0000000762200000, 0x0000000762200000|100%| O|  |TAMS 0x0000000762000000, 0x0000000762000000| Untracked 
|   2|0x0000000762200000, 0x0000000762400000, 0x0000000762400000|100%| O|  |TAMS 0x0000000762200000, 0x0000000762200000| Untracked 
|   3|0x0000000762400000, 0x0000000762600000, 0x0000000762600000|100%| O|  |TAMS 0x0000000762400000, 0x0000000762400000| Untracked 
|   4|0x0000000762600000, 0x00000007627cb600, 0x0000000762800000| 89%| O|  |TAMS 0x0000000762600000, 0x0000000762600000| Untracked 
|   5|0x0000000762800000, 0x0000000762a00000, 0x0000000762a00000|100%|HS|  |TAMS 0x0000000762800000, 0x0000000762800000| Complete 
|   6|0x0000000762a00000, 0x0000000762a00000, 0x0000000762c00000|  0%| F|  |TAMS 0x0000000762a00000, 0x0000000762a00000| Untracked 
|   7|0x0000000762c00000, 0x0000000762c00000, 0x0000000762e00000|  0%| F|  |TAMS 0x0000000762c00000, 0x0000000762c00000| Untracked 
|   8|0x0000000762e00000, 0x0000000762e00000, 0x0000000763000000|  0%| F|  |TAMS 0x0000000762e00000, 0x0000000762e00000| Untracked 
|   9|0x0000000763000000, 0x0000000763000000, 0x0000000763200000|  0%| F|  |TAMS 0x0000000763000000, 0x0000000763000000| Untracked 
|  10|0x0000000763200000, 0x0000000763200000, 0x0000000763400000|  0%| F|  |TAMS 0x0000000763200000, 0x0000000763200000| Untracked 
|  11|0x0000000763400000, 0x0000000763400000, 0x0000000763600000|  0%| F|  |TAMS 0x0000000763400000, 0x0000000763400000| Untracked 
|  12|0x0000000763600000, 0x0000000763600000, 0x0000000763800000|  0%| F|  |TAMS 0x0000000763600000, 0x0000000763600000| Untracked 
|  13|0x0000000763800000, 0x0000000763800000, 0x0000000763a00000|  0%| F|  |TAMS 0x0000000763800000, 0x0000000763800000| Untracked 
|  14|0x0000000763a00000, 0x0000000763a00000, 0x0000000763c00000|  0%| F|  |TAMS 0x0000000763a00000, 0x0000000763a00000| Untracked 
|  15|0x0000000763c00000, 0x0000000763c00000, 0x0000000763e00000|  0%| F|  |TAMS 0x0000000763c00000, 0x0000000763c00000| Untracked 
|  16|0x0000000763e00000, 0x0000000763e00000, 0x0000000764000000|  0%| F|  |TAMS 0x0000000763e00000, 0x0000000763e00000| Untracked 
|  17|0x0000000764000000, 0x0000000764000000, 0x0000000764200000|  0%| F|  |TAMS 0x0000000764000000, 0x0000000764000000| Untracked 
|  18|0x0000000764200000, 0x0000000764200000, 0x0000000764400000|  0%| F|  |TAMS 0x0000000764200000, 0x0000000764200000| Untracked 
|  19|0x0000000764400000, 0x0000000764400000, 0x0000000764600000|  0%| F|  |TAMS 0x0000000764400000, 0x0000000764400000| Untracked 
|  20|0x0000000764600000, 0x0000000764600000, 0x0000000764800000|  0%| F|  |TAMS 0x0000000764600000, 0x0000000764600000| Untracked 
|  21|0x0000000764800000, 0x0000000764800000, 0x0000000764a00000|  0%| F|  |TAMS 0x0000000764800000, 0x0000000764800000| Untracked 
|  22|0x0000000764a00000, 0x0000000764a00000, 0x0000000764c00000|  0%| F|  |TAMS 0x0000000764a00000, 0x0000000764a00000| Untracked 
|  23|0x0000000764c00000, 0x0000000764c00000, 0x0000000764e00000|  0%| F|  |TAMS 0x0000000764c00000, 0x0000000764c00000| Untracked 
|  24|0x0000000764e00000, 0x0000000764e00000, 0x0000000765000000|  0%| F|  |TAMS 0x0000000764e00000, 0x0000000764e00000| Untracked 
|  25|0x0000000765000000, 0x0000000765000000, 0x0000000765200000|  0%| F|  |TAMS 0x0000000765000000, 0x0000000765000000| Untracked 
|  26|0x0000000765200000, 0x0000000765200000, 0x0000000765400000|  0%| F|  |TAMS 0x0000000765200000, 0x0000000765200000| Untracked 
|  27|0x0000000765400000, 0x0000000765400000, 0x0000000765600000|  0%| F|  |TAMS 0x0000000765400000, 0x0000000765400000| Untracked 
|  28|0x0000000765600000, 0x0000000765600000, 0x0000000765800000|  0%| F|  |TAMS 0x0000000765600000, 0x0000000765600000| Untracked 
|  29|0x0000000765800000, 0x0000000765800000, 0x0000000765a00000|  0%| F|  |TAMS 0x0000000765800000, 0x0000000765800000| Untracked 
|  30|0x0000000765a00000, 0x0000000765a00000, 0x0000000765c00000|  0%| F|  |TAMS 0x0000000765a00000, 0x0000000765a00000| Untracked 
|  31|0x0000000765c00000, 0x0000000765c00000, 0x0000000765e00000|  0%| F|  |TAMS 0x0000000765c00000, 0x0000000765c00000| Untracked 
|  32|0x0000000765e00000, 0x0000000765e00000, 0x0000000766000000|  0%| F|  |TAMS 0x0000000765e00000, 0x0000000765e00000| Untracked 
|  33|0x0000000766000000, 0x0000000766000000, 0x0000000766200000|  0%| F|  |TAMS 0x0000000766000000, 0x0000000766000000| Untracked 
|  34|0x0000000766200000, 0x0000000766200000, 0x0000000766400000|  0%| F|  |TAMS 0x0000000766200000, 0x0000000766200000| Untracked 
|  35|0x0000000766400000, 0x0000000766400000, 0x0000000766600000|  0%| F|  |TAMS 0x0000000766400000, 0x0000000766400000| Untracked 
|  36|0x0000000766600000, 0x0000000766600000, 0x0000000766800000|  0%| F|  |TAMS 0x0000000766600000, 0x0000000766600000| Untracked 
|  37|0x0000000766800000, 0x0000000766800000, 0x0000000766a00000|  0%| F|  |TAMS 0x0000000766800000, 0x0000000766800000| Untracked 
|  38|0x0000000766a00000, 0x0000000766a00000, 0x0000000766c00000|  0%| F|  |TAMS 0x0000000766a00000, 0x0000000766a00000| Untracked 
|  39|0x0000000766c00000, 0x0000000766c00000, 0x0000000766e00000|  0%| F|  |TAMS 0x0000000766c00000, 0x0000000766c00000| Untracked 
|  40|0x0000000766e00000, 0x0000000766e00000, 0x0000000767000000|  0%| F|  |TAMS 0x0000000766e00000, 0x0000000766e00000| Untracked 
|  41|0x0000000767000000, 0x0000000767000000, 0x0000000767200000|  0%| F|  |TAMS 0x0000000767000000, 0x0000000767000000| Untracked 
|  42|0x0000000767200000, 0x0000000767200000, 0x0000000767400000|  0%| F|  |TAMS 0x0000000767200000, 0x0000000767200000| Untracked 
|  43|0x0000000767400000, 0x0000000767400000, 0x0000000767600000|  0%| F|  |TAMS 0x0000000767400000, 0x0000000767400000| Untracked 
|  44|0x0000000767600000, 0x0000000767600000, 0x0000000767800000|  0%| F|  |TAMS 0x0000000767600000, 0x0000000767600000| Untracked 
|  45|0x0000000767800000, 0x0000000767800000, 0x0000000767a00000|  0%| F|  |TAMS 0x0000000767800000, 0x0000000767800000| Untracked 
|  46|0x0000000767a00000, 0x0000000767a00000, 0x0000000767c00000|  0%| F|  |TAMS 0x0000000767a00000, 0x0000000767a00000| Untracked 
|  47|0x0000000767c00000, 0x0000000767c00000, 0x0000000767e00000|  0%| F|  |TAMS 0x0000000767c00000, 0x0000000767c00000| Untracked 
|  48|0x0000000767e00000, 0x0000000767e00000, 0x0000000768000000|  0%| F|  |TAMS 0x0000000767e00000, 0x0000000767e00000| Untracked 
|  49|0x0000000768000000, 0x0000000768000000, 0x0000000768200000|  0%| F|  |TAMS 0x0000000768000000, 0x0000000768000000| Untracked 
|  50|0x0000000768200000, 0x0000000768200000, 0x0000000768400000|  0%| F|  |TAMS 0x0000000768200000, 0x0000000768200000| Untracked 
|  51|0x0000000768400000, 0x0000000768400000, 0x0000000768600000|  0%| F|  |TAMS 0x0000000768400000, 0x0000000768400000| Untracked 
|  52|0x0000000768600000, 0x0000000768600000, 0x0000000768800000|  0%| F|  |TAMS 0x0000000768600000, 0x0000000768600000| Untracked 
|  53|0x0000000768800000, 0x0000000768800000, 0x0000000768a00000|  0%| F|  |TAMS 0x0000000768800000, 0x0000000768800000| Untracked 
|  54|0x0000000768a00000, 0x0000000768a00000, 0x0000000768c00000|  0%| F|  |TAMS 0x0000000768a00000, 0x0000000768a00000| Untracked 
|  55|0x0000000768c00000, 0x0000000768c00000, 0x0000000768e00000|  0%| F|  |TAMS 0x0000000768c00000, 0x0000000768c00000| Untracked 
|  56|0x0000000768e00000, 0x0000000768e00000, 0x0000000769000000|  0%| F|  |TAMS 0x0000000768e00000, 0x0000000768e00000| Untracked 
|  57|0x0000000769000000, 0x0000000769200000, 0x0000000769200000|100%| S|CS|TAMS 0x0000000769000000, 0x0000000769000000| Complete 
|  58|0x0000000769200000, 0x0000000769400000, 0x0000000769400000|100%| S|CS|TAMS 0x0000000769200000, 0x0000000769200000| Complete 
|  59|0x0000000769400000, 0x0000000769600000, 0x0000000769600000|100%| S|CS|TAMS 0x0000000769400000, 0x0000000769400000| Complete 
|  60|0x0000000769600000, 0x0000000769600000, 0x0000000769800000|  0%| F|  |TAMS 0x0000000769600000, 0x0000000769600000| Untracked 
|  61|0x0000000769800000, 0x0000000769800000, 0x0000000769a00000|  0%| F|  |TAMS 0x0000000769800000, 0x0000000769800000| Untracked 
|  62|0x0000000769a00000, 0x0000000769a00000, 0x0000000769c00000|  0%| F|  |TAMS 0x0000000769a00000, 0x0000000769a00000| Untracked 
|  63|0x0000000769c00000, 0x0000000769c00000, 0x0000000769e00000|  0%| F|  |TAMS 0x0000000769c00000, 0x0000000769c00000| Untracked 
|  64|0x0000000769e00000, 0x0000000769e00000, 0x000000076a000000|  0%| F|  |TAMS 0x0000000769e00000, 0x0000000769e00000| Untracked 
|  65|0x000000076a000000, 0x000000076a000000, 0x000000076a200000|  0%| F|  |TAMS 0x000000076a000000, 0x000000076a000000| Untracked 
|  66|0x000000076a200000, 0x000000076a200000, 0x000000076a400000|  0%| F|  |TAMS 0x000000076a200000, 0x000000076a200000| Untracked 
|  67|0x000000076a400000, 0x000000076a400000, 0x000000076a600000|  0%| F|  |TAMS 0x000000076a400000, 0x000000076a400000| Untracked 
|  68|0x000000076a600000, 0x000000076a600000, 0x000000076a800000|  0%| F|  |TAMS 0x000000076a600000, 0x000000076a600000| Untracked 
|  69|0x000000076a800000, 0x000000076a800000, 0x000000076aa00000|  0%| F|  |TAMS 0x000000076a800000, 0x000000076a800000| Untracked 
|  70|0x000000076aa00000, 0x000000076aa00000, 0x000000076ac00000|  0%| F|  |TAMS 0x000000076aa00000, 0x000000076aa00000| Untracked 
|  71|0x000000076ac00000, 0x000000076ac00000, 0x000000076ae00000|  0%| F|  |TAMS 0x000000076ac00000, 0x000000076ac00000| Untracked 
|  72|0x000000076ae00000, 0x000000076aeccb80, 0x000000076b000000| 39%| E|  |TAMS 0x000000076ae00000, 0x000000076ae00000| Complete 
|  73|0x000000076b000000, 0x000000076b200000, 0x000000076b200000|100%| E|CS|TAMS 0x000000076b000000, 0x000000076b000000| Complete 
|  74|0x000000076b200000, 0x000000076b400000, 0x000000076b400000|100%| E|CS|TAMS 0x000000076b200000, 0x000000076b200000| Complete 
|  75|0x000000076b400000, 0x000000076b600000, 0x000000076b600000|100%| E|CS|TAMS 0x000000076b400000, 0x000000076b400000| Complete 
|  76|0x000000076b600000, 0x000000076b800000, 0x000000076b800000|100%| E|CS|TAMS 0x000000076b600000, 0x000000076b600000| Complete 
|  77|0x000000076b800000, 0x000000076ba00000, 0x000000076ba00000|100%| E|CS|TAMS 0x000000076b800000, 0x000000076b800000| Complete 
|  78|0x000000076ba00000, 0x000000076bc00000, 0x000000076bc00000|100%| E|CS|TAMS 0x000000076ba00000, 0x000000076ba00000| Complete 
|  79|0x000000076bc00000, 0x000000076be00000, 0x000000076be00000|100%| E|CS|TAMS 0x000000076bc00000, 0x000000076bc00000| Complete 

Card table byte_map: [0x000001dbde620000,0x000001dbdeb20000] _byte_map_base: 0x000001dbdab11000

Marking Bits (Prev, Next): (CMBitMap*) 0x000001dbc735ac80, (CMBitMap*) 0x000001dbc735acc0
 Prev Bits: [0x000001dbdf020000, 0x000001dbe17a8000)
 Next Bits: [0x000001dbe17b0000, 0x000001dbe3f38000)

Polling page: 0x000001dbc6ad0000

Metaspace:

Usage:
  Non-class:     11.28 MB used.
      Class:      2.21 MB used.
       Both:     13.49 MB used.

Virtual space:
  Non-class space:       16.00 MB reserved,      11.38 MB ( 71%) committed,  2 nodes.
      Class space:        1.00 GB reserved,       2.31 MB ( <1%) committed,  1 nodes.
             Both:        1.02 GB reserved,      13.69 MB (  1%) committed. 

Chunk freelists:
   Non-Class:  2.91 MB
       Class:  1.67 MB
        Both:  4.58 MB

MaxMetaspaceSize: unlimited
CompressedClassSpaceSize: 1.00 GB
Initial GC threshold: 21.00 MB
Current GC threshold: 21.00 MB
CDS: on
MetaspaceReclaimPolicy: balanced
 - commit_granule_bytes: 65536.
 - commit_granule_words: 8192.
 - virtual_space_node_default_size: 1048576.
 - enlarge_chunks_in_place: 1.
 - new_chunks_are_fully_committed: 0.
 - uncommit_free_chunks: 1.
 - use_allocation_guard: 0.
 - handle_deallocations: 1.


Internal statistics:

num_allocs_failed_limit: 0.
num_arena_births: 142.
num_arena_deaths: 0.
num_vsnodes_births: 3.
num_vsnodes_deaths: 0.
num_space_committed: 219.
num_space_uncommitted: 0.
num_chunks_returned_to_freelist: 0.
num_chunks_taken_from_freelist: 623.
num_chunk_merges: 0.
num_chunk_splits: 442.
num_chunks_enlarged: 376.
num_purges: 0.
num_inconsistent_stats: 0.

CodeHeap 'non-profiled nmethods': size=120000Kb used=889Kb max_used=889Kb free=119110Kb
 bounds [0x000001dbd68c0000, 0x000001dbd6b30000, 0x000001dbdddf0000]
CodeHeap 'profiled nmethods': size=120000Kb used=4281Kb max_used=4281Kb free=115718Kb
 bounds [0x000001dbcedf0000, 0x000001dbcf220000, 0x000001dbd6320000]
CodeHeap 'non-nmethods': size=5760Kb used=1417Kb max_used=1448Kb free=4342Kb
 bounds [0x000001dbd6320000, 0x000001dbd6590000, 0x000001dbd68c0000]
 total_blobs=3046 nmethods=2272 adapters=686
 compilation: enabled
              stopped_count=0, restarted_count=0
 full_count=0

Compilation events (20 events):
Event: 1.831 Thread 0x000001dbe6955880 nmethod 1844 0x000001dbcf15d090 code [0x000001dbcf15d280, 0x000001dbcf15d7c8]
Event: 1.831 Thread 0x000001dbe6955880 1846       3       com.sun.javafx.css.CascadingStyle::getParsedValue (11 bytes)
Event: 1.831 Thread 0x000001dbe6955880 nmethod 1846 0x000001dbcf15da10 code [0x000001dbcf15dba0, 0x000001dbcf15dcf8]
Event: 1.831 Thread 0x000001dbe6955880 1832   !   3       javafx.collections.ModifiableObservableListBase::setAll (47 bytes)
Event: 1.832 Thread 0x000001dbe6955880 nmethod 1832 0x000001dbcf15de10 code [0x000001dbcf15e040, 0x000001dbcf15e978]
Event: 1.832 Thread 0x000001dbe6955880 1850       3       javafx.scene.Node::updateLocalToParentTransform (442 bytes)
Event: 1.839 Thread 0x000001dbe6955880 nmethod 1850 0x000001dbcf15ed10 code [0x000001dbcf15f6e0, 0x000001dbcf165dd8]
Event: 1.839 Thread 0x000001dbe6955880 1853       3       javafx.scene.layout.Region::_getSnapScaleYimpl (22 bytes)
Event: 1.839 Thread 0x000001dbe6955880 nmethod 1853 0x000001dbcf167a10 code [0x000001dbcf167c40, 0x000001dbcf168478]
Event: 1.839 Thread 0x000001dbe6955880 1854       3       javafx.scene.layout.Region::getSnapScaleY (8 bytes)
Event: 1.840 Thread 0x000001dbe6955880 nmethod 1854 0x000001dbcf168690 code [0x000001dbcf1688e0, 0x000001dbcf169228]
Event: 1.840 Thread 0x000001dbe6955880 1848       3       javafx.scene.layout.Region::snapSpaceX (17 bytes)
Event: 1.840 Thread 0x000001dbe6955880 nmethod 1848 0x000001dbcf169490 code [0x000001dbcf1696e0, 0x000001dbcf169ff8]
Event: 1.840 Thread 0x000001dbe6955880 1852       3       javafx.scene.layout.Region::snapSpaceY (17 bytes)
Event: 1.841 Thread 0x000001dbe6955880 nmethod 1852 0x000001dbcf16a310 code [0x000001dbcf16a560, 0x000001dbcf16ae78]
Event: 1.841 Thread 0x000001dbe6955880 1849       1       javafx.scene.layout.Background::getOutsets (5 bytes)
Event: 1.841 Thread 0x000001dbe6955880 nmethod 1849 0x000001dbd696ca10 code [0x000001dbd696cba0, 0x000001dbd696cc78]
Event: 1.841 Thread 0x000001dbe6955880 1855       1       com.sun.javafx.text.TextRun::getGlyphCount (5 bytes)
Event: 1.841 Thread 0x000001dbe6955880 nmethod 1855 0x000001dbd696cd10 code [0x000001dbd696cea0, 0x000001dbd696cf78]
Event: 1.841 Thread 0x000001dbe6955880 1858       1       com.sun.javafx.text.TextLine::getRuns (5 bytes)

GC Heap History (4 events):
Event: 0.825 GC heap before
{Heap before GC invocations=0 (full 0):
 garbage-first heap   total 163840K, used 22528K [0x0000000761e00000, 0x0000000800000000)
  region size 2048K, 11 young (22528K), 0 survivors (0K)
 Metaspace       used 5073K, committed 5248K, reserved 1056768K
  class space    used 668K, committed 768K, reserved 1048576K
}
Event: 0.828 GC heap after
{Heap after GC invocations=1 (full 0):
 garbage-first heap   total 163840K, used 2730K [0x0000000761e00000, 0x0000000800000000)
  region size 2048K, 2 young (4096K), 2 survivors (4096K)
 Metaspace       used 5073K, committed 5248K, reserved 1056768K
  class space    used 668K, committed 768K, reserved 1048576K
}
Event: 1.547 GC heap before
{Heap before GC invocations=1 (full 0):
 garbage-first heap   total 163840K, used 37546K [0x0000000761e00000, 0x0000000800000000)
  region size 2048K, 20 young (40960K), 2 survivors (4096K)
 Metaspace       used 10893K, committed 11072K, reserved 1064960K
  class space    used 1769K, committed 1856K, reserved 1048576K
}
Event: 1.556 GC heap after
{Heap after GC invocations=2 (full 0):
 garbage-first heap   total 163840K, used 16173K [0x0000000761e00000, 0x0000000800000000)
  region size 2048K, 3 young (6144K), 3 survivors (6144K)
 Metaspace       used 10893K, committed 11072K, reserved 1064960K
  class space    used 1769K, committed 1856K, reserved 1048576K
}

Dll operation events (20 events):
Event: 0.403 Loaded shared library C:\JAVALIBS\openjfx-20.0.1_windows-x64_bin-sdk\javafx-sdk-20.0.1\bin\api-ms-win-crt-locale-l1-1-0.dll
Event: 0.405 Loaded shared library C:\JAVALIBS\openjfx-20.0.1_windows-x64_bin-sdk\javafx-sdk-20.0.1\bin\api-ms-win-crt-math-l1-1-0.dll
Event: 0.407 Loaded shared library C:\JAVALIBS\openjfx-20.0.1_windows-x64_bin-sdk\javafx-sdk-20.0.1\bin\api-ms-win-crt-multibyte-l1-1-0.dll
Event: 0.409 Loaded shared library C:\JAVALIBS\openjfx-20.0.1_windows-x64_bin-sdk\javafx-sdk-20.0.1\bin\api-ms-win-crt-private-l1-1-0.dll
Event: 0.411 Loaded shared library C:\JAVALIBS\openjfx-20.0.1_windows-x64_bin-sdk\javafx-sdk-20.0.1\bin\api-ms-win-crt-process-l1-1-0.dll
Event: 0.413 Loaded shared library C:\JAVALIBS\openjfx-20.0.1_windows-x64_bin-sdk\javafx-sdk-20.0.1\bin\api-ms-win-crt-runtime-l1-1-0.dll
Event: 0.415 Loaded shared library C:\JAVALIBS\openjfx-20.0.1_windows-x64_bin-sdk\javafx-sdk-20.0.1\bin\api-ms-win-crt-stdio-l1-1-0.dll
Event: 0.417 Loaded shared library C:\JAVALIBS\openjfx-20.0.1_windows-x64_bin-sdk\javafx-sdk-20.0.1\bin\api-ms-win-crt-string-l1-1-0.dll
Event: 0.419 Loaded shared library C:\JAVALIBS\openjfx-20.0.1_windows-x64_bin-sdk\javafx-sdk-20.0.1\bin\api-ms-win-crt-time-l1-1-0.dll
Event: 0.421 Loaded shared library C:\JAVALIBS\openjfx-20.0.1_windows-x64_bin-sdk\javafx-sdk-20.0.1\bin\api-ms-win-crt-utility-l1-1-0.dll
Event: 0.423 Loaded shared library C:\JAVALIBS\openjfx-20.0.1_windows-x64_bin-sdk\javafx-sdk-20.0.1\bin\ucrtbase.dll
Event: 0.424 Loaded shared library C:\JAVALIBS\openjfx-20.0.1_windows-x64_bin-sdk\javafx-sdk-20.0.1\bin\vcruntime140.dll
Event: 0.426 Loaded shared library C:\JAVALIBS\openjfx-20.0.1_windows-x64_bin-sdk\javafx-sdk-20.0.1\bin\vcruntime140_1.dll
Event: 0.428 Loaded shared library C:\JAVALIBS\openjfx-20.0.1_windows-x64_bin-sdk\javafx-sdk-20.0.1\bin\msvcp140.dll
Event: 0.429 Loaded shared library C:\JAVALIBS\openjfx-20.0.1_windows-x64_bin-sdk\javafx-sdk-20.0.1\bin\msvcp140_1.dll
Event: 0.431 Loaded shared library C:\JAVALIBS\openjfx-20.0.1_windows-x64_bin-sdk\javafx-sdk-20.0.1\bin\msvcp140_2.dll
Event: 0.490 Loaded shared library C:\JAVALIBS\openjfx-20.0.1_windows-x64_bin-sdk\javafx-sdk-20.0.1\bin\prism_d3d.dll
Event: 0.548 Loaded shared library C:\JAVALIBS\openjfx-20.0.1_windows-x64_bin-sdk\javafx-sdk-20.0.1\bin\glass.dll
Event: 0.844 Loaded shared library C:\JAVALIBS\openjfx-20.0.1_windows-x64_bin-sdk\javafx-sdk-20.0.1\bin\javafx_font.dll
Event: 0.990 Loaded shared library C:\Program Files\Eclipse Adoptium\jdk-17.0.6.10-hotspot\bin\jimage.dll

Deoptimization events (20 events):
Event: 1.750 Thread 0x000001dbe89750b0 Uncommon trap: trap_request=0xffffffd6 fr.pc=0x000001dbd6961e20 relative=0x00000000000027c0
Event: 1.750 Thread 0x000001dbe89750b0 Uncommon trap: reason=array_check action=maybe_recompile pc=0x000001dbd6961e20 method=javafx.css.SimpleSelector.applies(Ljavafx/css/Styleable;[Ljava/util/Set;I)Z @ 37 c2
Event: 1.750 Thread 0x000001dbe89750b0 DEOPT PACKING pc=0x000001dbd6961e20 sp=0x00000001671fc720
Event: 1.750 Thread 0x000001dbe89750b0 DEOPT UNPACKING pc=0x000001dbd63769a3 sp=0x00000001671fc728 mode 2
Event: 1.827 Thread 0x000001dbe89750b0 Uncommon trap: trap_request=0xffffffbe fr.pc=0x000001dbd696c140 relative=0x00000000000005a0
Event: 1.827 Thread 0x000001dbe89750b0 Uncommon trap: reason=profile_predicate action=maybe_recompile pc=0x000001dbd696c140 method=com.sun.javafx.css.BitSet.addAll(Ljava/util/Collection;)Z @ 88 c2
Event: 1.827 Thread 0x000001dbe89750b0 DEOPT PACKING pc=0x000001dbd696c140 sp=0x00000001671fb2b0
Event: 1.827 Thread 0x000001dbe89750b0 DEOPT UNPACKING pc=0x000001dbd63769a3 sp=0x00000001671fb210 mode 2
Event: 1.827 Thread 0x000001dbe89750b0 Uncommon trap: trap_request=0xffffffbe fr.pc=0x000001dbd696c140 relative=0x00000000000005a0
Event: 1.827 Thread 0x000001dbe89750b0 Uncommon trap: reason=profile_predicate action=maybe_recompile pc=0x000001dbd696c140 method=com.sun.javafx.css.BitSet.addAll(Ljava/util/Collection;)Z @ 88 c2
Event: 1.827 Thread 0x000001dbe89750b0 DEOPT PACKING pc=0x000001dbd696c140 sp=0x00000001671fb260
Event: 1.827 Thread 0x000001dbe89750b0 DEOPT UNPACKING pc=0x000001dbd63769a3 sp=0x00000001671fb1c0 mode 2
Event: 1.827 Thread 0x000001dbe89750b0 Uncommon trap: trap_request=0xffffffbe fr.pc=0x000001dbd696c140 relative=0x00000000000005a0
Event: 1.827 Thread 0x000001dbe89750b0 Uncommon trap: reason=profile_predicate action=maybe_recompile pc=0x000001dbd696c140 method=com.sun.javafx.css.BitSet.addAll(Ljava/util/Collection;)Z @ 88 c2
Event: 1.827 Thread 0x000001dbe89750b0 DEOPT PACKING pc=0x000001dbd696c140 sp=0x00000001671fb260
Event: 1.827 Thread 0x000001dbe89750b0 DEOPT UNPACKING pc=0x000001dbd63769a3 sp=0x00000001671fb1c0 mode 2
Event: 1.827 Thread 0x000001dbe89750b0 Uncommon trap: trap_request=0xffffffbe fr.pc=0x000001dbd696c140 relative=0x00000000000005a0
Event: 1.827 Thread 0x000001dbe89750b0 Uncommon trap: reason=profile_predicate action=maybe_recompile pc=0x000001dbd696c140 method=com.sun.javafx.css.BitSet.addAll(Ljava/util/Collection;)Z @ 88 c2
Event: 1.827 Thread 0x000001dbe89750b0 DEOPT PACKING pc=0x000001dbd696c140 sp=0x00000001671fb2b0
Event: 1.827 Thread 0x000001dbe89750b0 DEOPT UNPACKING pc=0x000001dbd63769a3 sp=0x00000001671fb210 mode 2

Classes unloaded (0 events):
No events

Classes redefined (0 events):
No events

Internal exceptions (20 events):
Event: 0.667 Thread 0x000001dbc7308450 Exception <a 'java/lang/NoSuchMethodError'{0x000000076b037f30}: 'java.lang.Object java.lang.invoke.DirectMethodHandle$Holder.newInvokeSpecial(java.lang.Object, java.lang.Object, java.lang.Object, java.lang.Object, java.lang.Object, java.lang.Object)'> (0x000000076b037f30) 
thrown [s\src\hotspot\share\interpreter\linkResolver.cpp, line 759]
Event: 0.697 Thread 0x000001dbc7308450 Exception <a 'java/lang/NoSuchMethodError'{0x000000076b0658a8}: 'java.lang.Object java.lang.invoke.DirectMethodHandle$Holder.newInvokeSpecial(java.lang.Object, java.lang.Object, java.lang.Object, java.lang.Object, java.lang.Object)'> (0x000000076b0658a8) 
thrown [s\src\hotspot\share\interpreter\linkResolver.cpp, line 759]
Event: 0.700 Thread 0x000001dbe8a90870 Exception <a 'java/lang/NoSuchMethodError'{0x000000076ad5a8d0}: 'void java.lang.invoke.DirectMethodHandle$Holder.invokeStatic(java.lang.Object, java.lang.Object, java.lang.Object, java.lang.Object)'> (0x000000076ad5a8d0) 
thrown [s\src\hotspot\share\interpreter\linkResolver.cpp, line 759]
Event: 0.763 Thread 0x000001dbe89750b0 Exception <a 'java/lang/NoSuchMethodError'{0x000000076a83d0e0}: 'java.lang.Object java.lang.invoke.DirectMethodHandle$Holder.invokeStaticInit(java.lang.Object, java.lang.Object, java.lang.Object, java.lang.Object)'> (0x000000076a83d0e0) 
thrown [s\src\hotspot\share\interpreter\linkResolver.cpp, line 759]
Event: 0.766 Thread 0x000001dbe89750b0 Exception <a 'java/lang/NullPointerException'{0x000000076a848cc8}> (0x000000076a848cc8) 
thrown [s\src\hotspot\share\interpreter\linkResolver.cpp, line 1350]
Event: 0.793 Thread 0x000001dbe89750b0 Exception <a 'java/lang/ClassNotFoundException'{0x000000076a918cc0}: com/sun/glass/ui/win/themes> (0x000000076a918cc0) 
thrown [s\src\hotspot\share\prims\jni.cpp, line 535]
Event: 0.797 Thread 0x000001dbe89750b0 Exception <a 'java/lang/ClassNotFoundException'{0x000000076a925868}: com/sun/glass/ui/win/themes_pt> (0x000000076a925868) 
thrown [s\src\hotspot\share\prims\jni.cpp, line 535]
Event: 0.805 Thread 0x000001dbe89750b0 Exception <a 'java/lang/ClassNotFoundException'{0x000000076a9509b0}: com/sun/glass/ui/win/themes_pt_BR> (0x000000076a9509b0) 
thrown [s\src\hotspot\share\prims\jni.cpp, line 535]
Event: 0.928 Thread 0x000001dbe89750b0 Exception <a 'java/lang/NoSuchMethodError'{0x000000076b90e580}: 'void java.lang.invoke.DirectMethodHandle$Holder.invokeStaticInit(java.lang.Object, java.lang.Object)'> (0x000000076b90e580) 
thrown [s\src\hotspot\share\interpreter\linkResolver.cpp, line 759]
Event: 0.955 Thread 0x000001dbe89750b0 Exception <a 'java/lang/NoSuchMethodError'{0x000000076b6b87f0}: 'void java.lang.invoke.DirectMethodHandle$Holder.invokeSpecial(java.lang.Object, java.lang.Object, java.lang.Object, java.lang.Object, java.lang.Object)'> (0x000000076b6b87f0) 
thrown [s\src\hotspot\share\interpreter\linkResolver.cpp, line 759]
Event: 1.093 Thread 0x000001dbe89750b0 Exception <a 'java/lang/NoSuchMethodError'{0x000000076b3bd148}: 'java.lang.Object java.lang.invoke.DirectMethodHandle$Holder.newInvokeSpecial(java.lang.Object, java.lang.Object, int)'> (0x000000076b3bd148) 
thrown [s\src\hotspot\share\interpreter\linkResolver.cpp, line 759]
Event: 1.144 Thread 0x000001dbe89750b0 Implicit null exception at 0x000001dbd68e0358 to 0x000001dbd68e03ee
Event: 1.166 Thread 0x000001dbe89750b0 Implicit null exception at 0x000001dbd691122f to 0x000001dbd6911700
Event: 1.168 Thread 0x000001dbe89750b0 Implicit null exception at 0x000001dbd68dfd0f to 0x000001dbd68dfd89
Event: 1.408 Thread 0x000001dbe89750b0 Exception <a 'java/lang/NoSuchMethodError'{0x0000000769a91938}: 'java.lang.Object java.lang.invoke.DirectMethodHandle$Holder.invokeInterface(java.lang.Object, java.lang.Object, java.lang.Object)'> (0x0000000769a91938) 
thrown [s\src\hotspot\share\interpreter\linkResolver.cpp, line 759]
Event: 1.409 Thread 0x000001dbe89750b0 Exception <a 'java/lang/IncompatibleClassChangeError'{0x0000000769a952c0}: Found class java.lang.Object, but interface was expected> (0x0000000769a952c0) 
thrown [s\src\hotspot\share\interpreter\linkResolver.cpp, line 826]
Event: 1.414 Thread 0x000001dbe89750b0 Exception <a 'java/lang/ClassNotFoundException'{0x0000000769ac0078}: com/sun/javafx/scene/control/skin/resources/controls> (0x0000000769ac0078) 
thrown [s\src\hotspot\share\prims\jni.cpp, line 535]
Event: 1.415 Thread 0x000001dbe89750b0 Exception <a 'java/lang/ClassNotFoundException'{0x0000000769ace018}: com/sun/javafx/scene/control/skin/resources/controls_pt> (0x0000000769ace018) 
thrown [s\src\hotspot\share\prims\jni.cpp, line 535]
Event: 1.416 Thread 0x000001dbe89750b0 Exception <a 'java/lang/ClassNotFoundException'{0x0000000769acf7a8}: com/sun/javafx/scene/control/skin/resources/controls_pt_BR> (0x0000000769acf7a8) 
thrown [s\src\hotspot\share\prims\jni.cpp, line 535]
Event: 1.538 Thread 0x000001dbe89750b0 Exception <a 'java/lang/NoSuchMethodError'{0x0000000769766db8}: 'void java.lang.invoke.DirectMethodHandle$Holder.invokeSpecial(java.lang.Object, java.lang.Object, java.lang.Object, java.lang.Object, java.lang.Object, java.lang.Object)'> (0x0000000769766db8) 
thrown [s\src\hotspot\share\interpreter\linkResolver.cpp, line 759]

VM Operations (16 events):
Event: 0.127 Executing VM operation: HandshakeAllThreads
Event: 0.127 Executing VM operation: HandshakeAllThreads done
Event: 0.220 Executing VM operation: HandshakeAllThreads
Event: 0.220 Executing VM operation: HandshakeAllThreads done
Event: 0.542 Executing VM operation: HandshakeAllThreads
Event: 0.542 Executing VM operation: HandshakeAllThreads done
Event: 0.825 Executing VM operation: G1CollectForAllocation
Event: 0.828 Executing VM operation: G1CollectForAllocation done
Event: 0.854 Executing VM operation: HandshakeAllThreads
Event: 0.854 Executing VM operation: HandshakeAllThreads done
Event: 1.400 Executing VM operation: ICBufferFull
Event: 1.401 Executing VM operation: ICBufferFull done
Event: 1.547 Executing VM operation: G1CollectForAllocation
Event: 1.556 Executing VM operation: G1CollectForAllocation done
Event: 1.737 Executing VM operation: ICBufferFull
Event: 1.737 Executing VM operation: ICBufferFull done

Events (20 events):
Event: 1.609 loading class jdk/internal/reflect/ByteVectorFactory
Event: 1.609 loading class jdk/internal/reflect/ByteVectorFactory done
Event: 1.609 loading class jdk/internal/reflect/ByteVectorImpl
Event: 1.609 loading class jdk/internal/reflect/ByteVector
Event: 1.609 loading class jdk/internal/reflect/ByteVector done
Event: 1.609 loading class jdk/internal/reflect/ByteVectorImpl done
Event: 1.609 loading class jdk/internal/reflect/ClassFileAssembler
Event: 1.609 loading class jdk/internal/reflect/ClassFileAssembler done
Event: 1.609 loading class jdk/internal/reflect/UTF8
Event: 1.609 loading class jdk/internal/reflect/UTF8 done
Event: 1.610 loading class jdk/internal/reflect/Label
Event: 1.610 loading class jdk/internal/reflect/Label done
Event: 1.610 loading class jdk/internal/reflect/Label$PatchInfo
Event: 1.610 loading class jdk/internal/reflect/Label$PatchInfo done
Event: 1.611 loading class jdk/internal/reflect/MethodAccessorGenerator$1
Event: 1.611 loading class jdk/internal/reflect/MethodAccessorGenerator$1 done
Event: 1.611 loading class jdk/internal/reflect/ClassDefiner
Event: 1.611 loading class jdk/internal/reflect/ClassDefiner done
Event: 1.611 loading class jdk/internal/reflect/ClassDefiner$1
Event: 1.611 loading class jdk/internal/reflect/ClassDefiner$1 done


Dynamic libraries:
0x00007ff758200000 - 0x00007ff75820e000 	C:\Program Files\Eclipse Adoptium\jdk-17.0.6.10-hotspot\bin\java.exe
0x00007ffe3de70000 - 0x00007ffe3e084000 	C:\WINDOWS\SYSTEM32\ntdll.dll
0x00007ffe3c230000 - 0x00007ffe3c2f3000 	C:\WINDOWS\System32\KERNEL32.DLL
0x00007ffe3b4c0000 - 0x00007ffe3b85c000 	C:\WINDOWS\System32\KERNELBASE.dll
0x00007ffe3b860000 - 0x00007ffe3b971000 	C:\WINDOWS\System32\ucrtbase.dll
0x00007ffe25450000 - 0x00007ffe25467000 	C:\Program Files\Eclipse Adoptium\jdk-17.0.6.10-hotspot\bin\jli.dll
0x00007ffe22710000 - 0x00007ffe22729000 	C:\Program Files\Eclipse Adoptium\jdk-17.0.6.10-hotspot\bin\VCRUNTIME140.dll
0x00007ffe3c450000 - 0x00007ffe3c5fd000 	C:\WINDOWS\System32\USER32.dll
0x00007ffe3ba00000 - 0x00007ffe3ba26000 	C:\WINDOWS\System32\win32u.dll
0x00007ffe1d220000 - 0x00007ffe1d4ae000 	C:\WINDOWS\WinSxS\amd64_microsoft.windows.common-controls_6595b64144ccf1df_6.0.22621.608_none_a9444ca7c10bb01d\COMCTL32.dll
0x00007ffe3ca70000 - 0x00007ffe3ca99000 	C:\WINDOWS\System32\GDI32.dll
0x00007ffe3c600000 - 0x00007ffe3c6a7000 	C:\WINDOWS\System32\msvcrt.dll
0x00007ffe3bb60000 - 0x00007ffe3bc73000 	C:\WINDOWS\System32\gdi32full.dll
0x00007ffe3b2b0000 - 0x00007ffe3b34a000 	C:\WINDOWS\System32\msvcp_win.dll
0x00007ffe3ca30000 - 0x00007ffe3ca61000 	C:\WINDOWS\System32\IMM32.DLL
0x00007ffe29a60000 - 0x00007ffe29a6c000 	C:\Program Files\Eclipse Adoptium\jdk-17.0.6.10-hotspot\bin\vcruntime140_1.dll
0x00007ffe22380000 - 0x00007ffe22411000 	C:\Program Files\Eclipse Adoptium\jdk-17.0.6.10-hotspot\bin\msvcp140.dll
0x00007ffde2290000 - 0x00007ffde2ed7000 	C:\Program Files\Eclipse Adoptium\jdk-17.0.6.10-hotspot\bin\server\jvm.dll
0x00007ffe3c300000 - 0x00007ffe3c3ae000 	C:\WINDOWS\System32\ADVAPI32.dll
0x00007ffe3db40000 - 0x00007ffe3dbe4000 	C:\WINDOWS\System32\sechost.dll
0x00007ffe3dd10000 - 0x00007ffe3de25000 	C:\WINDOWS\System32\RPCRT4.dll
0x00007ffe1bce0000 - 0x00007ffe1bce9000 	C:\WINDOWS\SYSTEM32\WSOCK32.dll
0x00007ffe3c3b0000 - 0x00007ffe3c421000 	C:\WINDOWS\System32\WS2_32.dll
0x00007ffe31cf0000 - 0x00007ffe31d24000 	C:\WINDOWS\SYSTEM32\WINMM.dll
0x00007ffe34440000 - 0x00007ffe3444a000 	C:\WINDOWS\SYSTEM32\VERSION.dll
0x00007ffe3a2c0000 - 0x00007ffe3a2d8000 	C:\WINDOWS\SYSTEM32\kernel.appcore.dll
0x00007ffe29940000 - 0x00007ffe2994a000 	C:\Program Files\Eclipse Adoptium\jdk-17.0.6.10-hotspot\bin\jimage.dll
0x00007ffe399e0000 - 0x00007ffe39c0e000 	C:\WINDOWS\SYSTEM32\DBGHELP.DLL
0x00007ffe3cb00000 - 0x00007ffe3ce89000 	C:\WINDOWS\System32\combase.dll
0x00007ffe3d200000 - 0x00007ffe3d2d7000 	C:\WINDOWS\System32\OLEAUT32.dll
0x00007ffe20090000 - 0x00007ffe200c2000 	C:\WINDOWS\SYSTEM32\dbgcore.DLL
0x00007ffe3b980000 - 0x00007ffe3b9fb000 	C:\WINDOWS\System32\bcryptPrimitives.dll
0x00007ffe226e0000 - 0x00007ffe22705000 	C:\Program Files\Eclipse Adoptium\jdk-17.0.6.10-hotspot\bin\java.dll
0x00007ffe222a0000 - 0x00007ffe22376000 	C:\Program Files\Eclipse Adoptium\jdk-17.0.6.10-hotspot\bin\jsvml.dll
0x00007ffe3d350000 - 0x00007ffe3db40000 	C:\WINDOWS\System32\SHELL32.dll
0x00007ffe38f00000 - 0x00007ffe397ce000 	C:\WINDOWS\SYSTEM32\windows.storage.dll
0x00007ffe38dc0000 - 0x00007ffe38efe000 	C:\WINDOWS\SYSTEM32\wintypes.dll
0x00007ffe3c770000 - 0x00007ffe3c861000 	C:\WINDOWS\System32\SHCORE.dll
0x00007ffe3c710000 - 0x00007ffe3c76e000 	C:\WINDOWS\System32\shlwapi.dll
0x00007ffe3b1e0000 - 0x00007ffe3b201000 	C:\WINDOWS\SYSTEM32\profapi.dll
0x00007ffe226c0000 - 0x00007ffe226d9000 	C:\Program Files\Eclipse Adoptium\jdk-17.0.6.10-hotspot\bin\net.dll
0x00007ffe34500000 - 0x00007ffe3462f000 	C:\WINDOWS\SYSTEM32\WINHTTP.dll
0x00007ffe3a720000 - 0x00007ffe3a789000 	C:\WINDOWS\system32\mswsock.dll
0x00007ffe22280000 - 0x00007ffe22295000 	C:\Program Files\Eclipse Adoptium\jdk-17.0.6.10-hotspot\bin\nio.dll
0x00007ffe22260000 - 0x00007ffe22278000 	C:\Program Files\Eclipse Adoptium\jdk-17.0.6.10-hotspot\bin\zip.dll
0x000001dbc72a0000 - 0x000001dbc72a3000 	C:\JAVALIBS\openjfx-20.0.1_windows-x64_bin-sdk\javafx-sdk-20.0.1\bin\api-ms-win-core-console-l1-1-0.dll
0x000001dbc72b0000 - 0x000001dbc72b3000 	C:\JAVALIBS\openjfx-20.0.1_windows-x64_bin-sdk\javafx-sdk-20.0.1\bin\api-ms-win-core-console-l1-2-0.dll
0x000001dbc72c0000 - 0x000001dbc72c3000 	C:\JAVALIBS\openjfx-20.0.1_windows-x64_bin-sdk\javafx-sdk-20.0.1\bin\api-ms-win-core-datetime-l1-1-0.dll
0x000001dbe6ae0000 - 0x000001dbe6ae3000 	C:\JAVALIBS\openjfx-20.0.1_windows-x64_bin-sdk\javafx-sdk-20.0.1\bin\api-ms-win-core-debug-l1-1-0.dll
0x000001dbe6af0000 - 0x000001dbe6af3000 	C:\JAVALIBS\openjfx-20.0.1_windows-x64_bin-sdk\javafx-sdk-20.0.1\bin\api-ms-win-core-errorhandling-l1-1-0.dll
0x000001dbe6b00000 - 0x000001dbe6b04000 	C:\JAVALIBS\openjfx-20.0.1_windows-x64_bin-sdk\javafx-sdk-20.0.1\bin\api-ms-win-core-file-l1-1-0.dll
0x000001dbe6b10000 - 0x000001dbe6b13000 	C:\JAVALIBS\openjfx-20.0.1_windows-x64_bin-sdk\javafx-sdk-20.0.1\bin\api-ms-win-core-file-l1-2-0.dll
0x000001dbe6b20000 - 0x000001dbe6b23000 	C:\JAVALIBS\openjfx-20.0.1_windows-x64_bin-sdk\javafx-sdk-20.0.1\bin\api-ms-win-core-file-l2-1-0.dll
0x000001dbe6b30000 - 0x000001dbe6b33000 	C:\JAVALIBS\openjfx-20.0.1_windows-x64_bin-sdk\javafx-sdk-20.0.1\bin\api-ms-win-core-handle-l1-1-0.dll
0x000001dbe6b40000 - 0x000001dbe6b43000 	C:\JAVALIBS\openjfx-20.0.1_windows-x64_bin-sdk\javafx-sdk-20.0.1\bin\api-ms-win-core-heap-l1-1-0.dll
0x000001dbe6b50000 - 0x000001dbe6b53000 	C:\JAVALIBS\openjfx-20.0.1_windows-x64_bin-sdk\javafx-sdk-20.0.1\bin\api-ms-win-core-interlocked-l1-1-0.dll
0x000001dbe6b60000 - 0x000001dbe6b63000 	C:\JAVALIBS\openjfx-20.0.1_windows-x64_bin-sdk\javafx-sdk-20.0.1\bin\api-ms-win-core-libraryloader-l1-1-0.dll
0x000001dbe6b70000 - 0x000001dbe6b73000 	C:\JAVALIBS\openjfx-20.0.1_windows-x64_bin-sdk\javafx-sdk-20.0.1\bin\api-ms-win-core-localization-l1-2-0.dll
0x000001dbe6b80000 - 0x000001dbe6b83000 	C:\JAVALIBS\openjfx-20.0.1_windows-x64_bin-sdk\javafx-sdk-20.0.1\bin\api-ms-win-core-memory-l1-1-0.dll
0x000001dbe6b90000 - 0x000001dbe6b93000 	C:\JAVALIBS\openjfx-20.0.1_windows-x64_bin-sdk\javafx-sdk-20.0.1\bin\api-ms-win-core-namedpipe-l1-1-0.dll
0x000001dbe6ba0000 - 0x000001dbe6ba3000 	C:\JAVALIBS\openjfx-20.0.1_windows-x64_bin-sdk\javafx-sdk-20.0.1\bin\api-ms-win-core-processenvironment-l1-1-0.dll
0x000001dbe6bb0000 - 0x000001dbe6bb3000 	C:\JAVALIBS\openjfx-20.0.1_windows-x64_bin-sdk\javafx-sdk-20.0.1\bin\api-ms-win-core-processthreads-l1-1-0.dll
0x000001dbe6bc0000 - 0x000001dbe6bc3000 	C:\JAVALIBS\openjfx-20.0.1_windows-x64_bin-sdk\javafx-sdk-20.0.1\bin\api-ms-win-core-processthreads-l1-1-1.dll
0x000001dbe6bd0000 - 0x000001dbe6bd3000 	C:\JAVALIBS\openjfx-20.0.1_windows-x64_bin-sdk\javafx-sdk-20.0.1\bin\api-ms-win-core-profile-l1-1-0.dll
0x000001dbe6be0000 - 0x000001dbe6be3000 	C:\JAVALIBS\openjfx-20.0.1_windows-x64_bin-sdk\javafx-sdk-20.0.1\bin\api-ms-win-core-rtlsupport-l1-1-0.dll
0x000001dbe6bf0000 - 0x000001dbe6bf3000 	C:\JAVALIBS\openjfx-20.0.1_windows-x64_bin-sdk\javafx-sdk-20.0.1\bin\api-ms-win-core-string-l1-1-0.dll
0x000001dbe8fd0000 - 0x000001dbe8fd3000 	C:\JAVALIBS\openjfx-20.0.1_windows-x64_bin-sdk\javafx-sdk-20.0.1\bin\api-ms-win-core-synch-l1-1-0.dll
0x000001dbe8fe0000 - 0x000001dbe8fe3000 	C:\JAVALIBS\openjfx-20.0.1_windows-x64_bin-sdk\javafx-sdk-20.0.1\bin\api-ms-win-core-synch-l1-2-0.dll
0x000001dbe8ff0000 - 0x000001dbe8ff3000 	C:\JAVALIBS\openjfx-20.0.1_windows-x64_bin-sdk\javafx-sdk-20.0.1\bin\api-ms-win-core-sysinfo-l1-1-0.dll
0x000001dbe9000000 - 0x000001dbe9003000 	C:\JAVALIBS\openjfx-20.0.1_windows-x64_bin-sdk\javafx-sdk-20.0.1\bin\api-ms-win-core-timezone-l1-1-0.dll
0x000001dbe9010000 - 0x000001dbe9013000 	C:\JAVALIBS\openjfx-20.0.1_windows-x64_bin-sdk\javafx-sdk-20.0.1\bin\api-ms-win-core-util-l1-1-0.dll
0x000001dbe9020000 - 0x000001dbe9023000 	C:\JAVALIBS\openjfx-20.0.1_windows-x64_bin-sdk\javafx-sdk-20.0.1\bin\api-ms-win-crt-conio-l1-1-0.dll
0x000001dbe9030000 - 0x000001dbe9034000 	C:\JAVALIBS\openjfx-20.0.1_windows-x64_bin-sdk\javafx-sdk-20.0.1\bin\api-ms-win-crt-convert-l1-1-0.dll
0x000001dbe9040000 - 0x000001dbe9043000 	C:\JAVALIBS\openjfx-20.0.1_windows-x64_bin-sdk\javafx-sdk-20.0.1\bin\api-ms-win-crt-environment-l1-1-0.dll
0x000001dbe9050000 - 0x000001dbe9053000 	C:\JAVALIBS\openjfx-20.0.1_windows-x64_bin-sdk\javafx-sdk-20.0.1\bin\api-ms-win-crt-filesystem-l1-1-0.dll
0x000001dbe9060000 - 0x000001dbe9063000 	C:\JAVALIBS\openjfx-20.0.1_windows-x64_bin-sdk\javafx-sdk-20.0.1\bin\api-ms-win-crt-heap-l1-1-0.dll
0x000001dbe9070000 - 0x000001dbe9073000 	C:\JAVALIBS\openjfx-20.0.1_windows-x64_bin-sdk\javafx-sdk-20.0.1\bin\api-ms-win-crt-locale-l1-1-0.dll
0x000001dbe9080000 - 0x000001dbe9085000 	C:\JAVALIBS\openjfx-20.0.1_windows-x64_bin-sdk\javafx-sdk-20.0.1\bin\api-ms-win-crt-math-l1-1-0.dll
0x000001dbe9090000 - 0x000001dbe9095000 	C:\JAVALIBS\openjfx-20.0.1_windows-x64_bin-sdk\javafx-sdk-20.0.1\bin\api-ms-win-crt-multibyte-l1-1-0.dll
0x000001dbe90a0000 - 0x000001dbe90b0000 	C:\JAVALIBS\openjfx-20.0.1_windows-x64_bin-sdk\javafx-sdk-20.0.1\bin\api-ms-win-crt-private-l1-1-0.dll
0x000001dbe90b0000 - 0x000001dbe90b3000 	C:\JAVALIBS\openjfx-20.0.1_windows-x64_bin-sdk\javafx-sdk-20.0.1\bin\api-ms-win-crt-process-l1-1-0.dll
0x000001dbe90c0000 - 0x000001dbe90c4000 	C:\JAVALIBS\openjfx-20.0.1_windows-x64_bin-sdk\javafx-sdk-20.0.1\bin\api-ms-win-crt-runtime-l1-1-0.dll
0x000001dbe90d0000 - 0x000001dbe90d4000 	C:\JAVALIBS\openjfx-20.0.1_windows-x64_bin-sdk\javafx-sdk-20.0.1\bin\api-ms-win-crt-stdio-l1-1-0.dll
0x000001dbe90e0000 - 0x000001dbe90e4000 	C:\JAVALIBS\openjfx-20.0.1_windows-x64_bin-sdk\javafx-sdk-20.0.1\bin\api-ms-win-crt-string-l1-1-0.dll
0x000001dbe90f0000 - 0x000001dbe90f3000 	C:\JAVALIBS\openjfx-20.0.1_windows-x64_bin-sdk\javafx-sdk-20.0.1\bin\api-ms-win-crt-time-l1-1-0.dll
0x000001dbe9220000 - 0x000001dbe9223000 	C:\JAVALIBS\openjfx-20.0.1_windows-x64_bin-sdk\javafx-sdk-20.0.1\bin\api-ms-win-crt-utility-l1-1-0.dll
0x00007ffe22160000 - 0x00007ffe2225c000 	C:\JAVALIBS\openjfx-20.0.1_windows-x64_bin-sdk\javafx-sdk-20.0.1\bin\ucrtbase.dll
0x00007ffe22140000 - 0x00007ffe2215b000 	C:\JAVALIBS\openjfx-20.0.1_windows-x64_bin-sdk\javafx-sdk-20.0.1\bin\vcruntime140.dll
0x00007ffe234d0000 - 0x00007ffe234dc000 	C:\JAVALIBS\openjfx-20.0.1_windows-x64_bin-sdk\javafx-sdk-20.0.1\bin\vcruntime140_1.dll
0x00007ffe220b0000 - 0x00007ffe2213e000 	C:\JAVALIBS\openjfx-20.0.1_windows-x64_bin-sdk\javafx-sdk-20.0.1\bin\msvcp140.dll
0x00007ffe232e0000 - 0x00007ffe232e9000 	C:\JAVALIBS\openjfx-20.0.1_windows-x64_bin-sdk\javafx-sdk-20.0.1\bin\msvcp140_1.dll
0x00007ffe20350000 - 0x00007ffe20380000 	C:\JAVALIBS\openjfx-20.0.1_windows-x64_bin-sdk\javafx-sdk-20.0.1\bin\msvcp140_2.dll
0x00007ffe1db60000 - 0x00007ffe1db8f000 	C:\JAVALIBS\openjfx-20.0.1_windows-x64_bin-sdk\javafx-sdk-20.0.1\bin\prism_d3d.dll
0x00007ffe05510000 - 0x00007ffe056b9000 	C:\WINDOWS\system32\d3d9.dll
0x00007ffe386b0000 - 0x00007ffe386db000 	C:\WINDOWS\SYSTEM32\dwmapi.dll
0x00007ffe38810000 - 0x00007ffe38846000 	C:\WINDOWS\SYSTEM32\dxcore.dll
0x00007ffe384c0000 - 0x00007ffe3856b000 	C:\WINDOWS\system32\uxtheme.dll
0x00007ffe20120000 - 0x00007ffe202fb000 	C:\Windows\System32\DriverStore\FileRepository\u0361441.inf_amd64_122c374e035e7595\B361368\aticfx64.dll
0x00007ffe05db0000 - 0x00007ffe05de3000 	C:\Windows\System32\DriverStore\FileRepository\u0361441.inf_amd64_122c374e035e7595\B361368\atiu9p64.dll
0x00007ffe01680000 - 0x00007ffe02316000 	C:\Windows\System32\DriverStore\FileRepository\u0361441.inf_amd64_122c374e035e7595\B361368\atiumd64.dll
0x00007ffe3cfb0000 - 0x00007ffe3d14c000 	C:\WINDOWS\System32\ole32.dll
0x0000000062640000 - 0x00000000634be000 	C:\WINDOWS\System32\DriverStore\FileRepository\u0361441.inf_amd64_122c374e035e7595\B361368\atiumd6a.dll
0x00007ffe3b180000 - 0x00007ffe3b1cd000 	C:\WINDOWS\SYSTEM32\POWRPROF.dll
0x00007ffe3aaf0000 - 0x00007ffe3ab18000 	C:\WINDOWS\SYSTEM32\bcrypt.dll
0x00007ffe3b160000 - 0x00007ffe3b173000 	C:\WINDOWS\SYSTEM32\UMPDC.dll
0x00007ffe1cea0000 - 0x00007ffe1cecf000 	C:\WINDOWS\SYSTEM32\amdihk64.dll
0x00007ffe2f050000 - 0x00007ffe2f099000 	C:\WINDOWS\SYSTEM32\directxdatabasehelper.dll
0x00007ffe1db10000 - 0x00007ffe1db52000 	C:\JAVALIBS\openjfx-20.0.1_windows-x64_bin-sdk\javafx-sdk-20.0.1\bin\glass.dll
0x00007ffe3ceb0000 - 0x00007ffe3cfa7000 	C:\WINDOWS\System32\COMDLG32.dll
0x00007ffe3dbf0000 - 0x00007ffe3dd0e000 	C:\WINDOWS\System32\MSCTF.dll
0x00007ffe22090000 - 0x00007ffe220a4000 	C:\JAVALIBS\openjfx-20.0.1_windows-x64_bin-sdk\javafx-sdk-20.0.1\bin\javafx_font.dll
0x00007ffe35560000 - 0x00007ffe357c7000 	C:\WINDOWS\SYSTEM32\dwrite.dll
0x00007ffe3d150000 - 0x00007ffe3d200000 	C:\WINDOWS\System32\clbcatq.dll
0x00007ffe353b0000 - 0x00007ffe35560000 	C:\WINDOWS\SYSTEM32\WindowsCodecs.dll
0x00007ffe0fb90000 - 0x00007ffe0fbee000 	C:\WINDOWS\system32\dataexchange.dll
0x00007ffe34b00000 - 0x00007ffe34d6a000 	C:\WINDOWS\system32\twinapi.appcore.dll
0x00007ffe1dad0000 - 0x00007ffe1db02000 	C:\Program Files\Common Files\Microsoft Shared\Ink\rtscom.dll
0x00007ffe2e900000 - 0x00007ffe2ea2e000 	C:\WINDOWS\SYSTEM32\textinputframework.dll
0x00007ffe36c60000 - 0x00007ffe36d93000 	C:\WINDOWS\SYSTEM32\CoreMessaging.dll
0x00007ffe30840000 - 0x00007ffe30bac000 	C:\WINDOWS\SYSTEM32\CoreUIComponents.dll
0x00007ffe3a930000 - 0x00007ffe3a93c000 	C:\WINDOWS\SYSTEM32\CRYPTBASE.DLL

dbghelp: loaded successfully - version: 4.0.5 - missing functions: none
symbol engine: initialized successfully - sym options: 0x614 - pdb path: .;C:\Program Files\Eclipse Adoptium\jdk-17.0.6.10-hotspot\bin;C:\WINDOWS\SYSTEM32;C:\WINDOWS\WinSxS\amd64_microsoft.windows.common-controls_6595b64144ccf1df_6.0.22621.608_none_a9444ca7c10bb01d;C:\Program Files\Eclipse Adoptium\jdk-17.0.6.10-hotspot\bin\server;C:\JAVALIBS\openjfx-20.0.1_windows-x64_bin-sdk\javafx-sdk-20.0.1\bin;C:\Windows\System32\DriverStore\FileRepository\u0361441.inf_amd64_122c374e035e7595\B361368;C:\Program Files\Common Files\Microsoft Shared\Ink

VM Arguments:
jvm_args: --module-path=C:/JAVALIBS/openjfx-20.0.1_windows-x64_bin-sdk/javafx-sdk-20.0.1/lib --add-modules=javafx.controls,javafx.fxml -XX:+ShowCodeDetailsInExceptionMessages 
java_command: assets.view.App
java_class_path (initial): C:\Users\vinyl\Desktop\Programacao_Orientada_Objetos\2sem_exjava_estudante\bin;c:\JAVALIBS\openjfx-20.0.1_windows-x64_bin-sdk\javafx-sdk-20.0.1\lib\javafx.graphics.jar;c:\JAVALIBS\openjfx-20.0.1_windows-x64_bin-sdk\javafx-sdk-20.0.1\lib\javafx.base.jar;c:\JAVALIBS\openjfx-20.0.1_windows-x64_bin-sdk\javafx-sdk-20.0.1\lib\javafx.media.jar;c:\JAVALIBS\openjfx-20.0.1_windows-x64_bin-sdk\javafx-sdk-20.0.1\lib\javafx.swing.jar;c:\JAVALIBS\openjfx-20.0.1_windows-x64_bin-sdk\javafx-sdk-20.0.1\lib\javafx.controls.jar;c:\JAVALIBS\openjfx-20.0.1_windows-x64_bin-sdk\javafx-sdk-20.0.1\lib\javafx.web.jar;c:\JAVALIBS\openjfx-20.0.1_windows-x64_bin-sdk\javafx-sdk-20.0.1\lib\javafx-swt.jar;c:\JAVALIBS\openjfx-20.0.1_windows-x64_bin-sdk\javafx-sdk-20.0.1\lib\javafx.fxml.jar
Launcher Type: SUN_STANDARD

[Global flags]
     intx CICompilerCount                          = 4                                         {product} {ergonomic}
     uint ConcGCThreads                            = 2                                         {product} {ergonomic}
     uint G1ConcRefinementThreads                  = 8                                         {product} {ergonomic}
   size_t G1HeapRegionSize                         = 2097152                                   {product} {ergonomic}
    uintx GCDrainStackTargetSize                   = 64                                        {product} {ergonomic}
   size_t InitialHeapSize                          = 167772160                                 {product} {ergonomic}
   size_t MarkStackSize                            = 4194304                                   {product} {ergonomic}
   size_t MaxHeapSize                              = 2652897280                                {product} {ergonomic}
   size_t MaxNewSize                               = 1591738368                                {product} {ergonomic}
   size_t MinHeapDeltaBytes                        = 2097152                                   {product} {ergonomic}
   size_t MinHeapSize                              = 8388608                                   {product} {ergonomic}
    uintx NonNMethodCodeHeapSize                   = 5839372                                {pd product} {ergonomic}
    uintx NonProfiledCodeHeapSize                  = 122909434                              {pd product} {ergonomic}
    uintx ProfiledCodeHeapSize                     = 122909434                              {pd product} {ergonomic}
    uintx ReservedCodeCacheSize                    = 251658240                              {pd product} {ergonomic}
     bool SegmentedCodeCache                       = true                                      {product} {ergonomic}
     bool ShowCodeDetailsInExceptionMessages       = true                                   {manageable} {command line}
   size_t SoftMaxHeapSize                          = 2652897280                             {manageable} {ergonomic}
     bool UseCompressedClassPointers               = true                           {product lp64_product} {ergonomic}
     bool UseCompressedOops                        = true                           {product lp64_product} {ergonomic}
     bool UseG1GC                                  = true                                      {product} {ergonomic}
     bool UseLargePagesIndividualAllocation        = false                                  {pd product} {ergonomic}

Logging:
Log output configuration:
 #0: stdout all=warning uptime,level,tags
 #1: stderr all=off uptime,level,tags

Environment Variables:
PATH=C:\Program Files\Eclipse Adoptium\jdk-17.0.6.10-hotspot\bin;C:\Program Files\Common Files\Oracle\Java\javapath;C:\Program Files (x86)\Common Files\Oracle\Java\javapath;C:\Python310\Scripts\;C:\Python310\;C:\WINDOWS\system32;C:\WINDOWS;C:\WINDOWS\System32\Wbem;C:\WINDOWS\System32\OpenSSH\;C:\Program Files\nodejs\;C:\ProgramData\chocolatey\bin;C:\Program Files\PuTTY\;C:\Program Files (x86)\Microsoft SQL Server\150\DTS\Binn\;C:\Program Files\Azure Data Studio\bin;C:\WINDOWS\System32\WindowsPowerShell\v1.0\;C:\Program Files\Git\cmd;C:\Program Files\Docker\Docker\resources\bin;C:\Users\vinyl\AppData\Local\Microsoft\WindowsApps;C:\php-8.1.5-nts-Win32-vs16-x64;C:\Users\vinyl\AppData\Local\Programs\Microsoft VS Code\bin;C:\Users\vinyl\AppData\Roaming\npm;C:\Program Files\Azure Data Studio\bin;C:\MinGW\bin;
USERNAME=vinyl
LANG=en_US.UTF-8
OS=Windows_NT
PROCESSOR_IDENTIFIER=AMD64 Family 23 Model 24 Stepping 1, AuthenticAMD
TMP=C:\Users\vinyl\AppData\Local\Temp
TEMP=C:\Users\vinyl\AppData\Local\Temp



---------------  S Y S T E M  ---------------

OS:
 Windows 11 , 64 bit Build 22621 (10.0.22621.1344)
OS uptime: 0 days 0:41 hours
Hyper-V role detected

CPU: total 8 (initial active 8) (8 cores per cpu, 2 threads per core) family 23 model 24 stepping 1 microcode 0x0, cx8, cmov, fxsr, ht, mmx, 3dnowpref, sse, sse2, sse3, ssse3, sse4a, sse4.1, sse4.2, popcnt, lzcnt, tsc, tscinvbit, avx, avx2, aes, clmul, bmi1, bmi2, adx, sha, fma, vzeroupper, clflush, clflushopt, hv

Memory: 4k page, system-wide physical 10116M (3888M free)
TotalPageFile size 24452M (AvailPageFile size 16626M)
current process WorkingSet (physical memory assigned to process): 160M, peak: 163M
current process commit charge ("private bytes"): 328M, peak: 331M

vm_info: OpenJDK 64-Bit Server VM (17.0.6+10) for windows-amd64 JRE (17.0.6+10), built on Jan 18 2023 10:08:59 by "temurin" with MS VC++ 16.7 (VS2019)

END.
