#
# A fatal error has been detected by the Java Runtime Environment:
#
#  EXCEPTION_ACCESS_VIOLATION (0xc0000005) at pc=0x00000168b1a0bd60, pid=23136, tid=26188
#
# JRE version: OpenJDK Runtime Environment Temurin-17.0.6+10 (17.0.6+10) (build 17.0.6+10)
# Java VM: OpenJDK 64-Bit Server VM Temurin-17.0.6+10 (17.0.6+10, mixed mode, sharing, tiered, compressed oops, compressed class ptrs, g1 gc, windows-amd64)
# Problematic frame:
# C  0x00000168b1a0bd60
#
# No core dump will be written. Minidumps are not enabled by default on client versions of Windows
#
# If you would like to submit a bug report, please visit:
#   https://github.com/adoptium/adoptium-support/issues
#

---------------  S U M M A R Y ------------

Command Line: --module-path=C:/JAVALIBS/openjfx-20.0.1_windows-x64_bin-sdk/javafx-sdk-20.0.1/lib --add-modules=javafx.controls,javafx.fxml -XX:+ShowCodeDetailsInExceptionMessages App

Host: AMD Ryzen 5 3500U with Radeon Vega Mobile Gfx  , 8 cores, 9G,  Windows 11 , 64 bit Build 22621 (10.0.22621.1344)
Time: Mon Apr 24 04:27:53 2023 Hora oficial do Brasil elapsed time: 0.271024 seconds (0d 0h 0m 0s)

---------------  T H R E A D  ---------------

Current thread (0x00000168b166b7c0):  JavaThread "C2 CompilerThread1" daemon [_thread_in_native, id=26188, stack(0x0000004d5d300000,0x0000004d5d400000)]


Current CompileTask:
C2:    271  312       4       java.util.stream.ReferencePipeline$2$1::accept (27 bytes)

Stack: [0x0000004d5d300000,0x0000004d5d400000],  sp=0x0000004d5d3fa9a8,  free space=1002k
Native frames: (J=compiled Java code, j=interpreted, Vv=VM code, C=native code)
C  0x00000168b1a0bd60


siginfo: EXCEPTION_ACCESS_VIOLATION (0xc0000005), data execution prevention violation at address 0x00000168b1a0bd60


Register to memory mapping:

RIP=0x00000168b1a0bd60 points into unknown readable memory: 0x00007ffadcaa2718 | 18 27 aa dc fa 7f 00 00
RAX=0x00000168b1440da8 points into unknown readable memory: 0x0000000000000000 | 00 00 00 00 00 00 00 00
RBX=0x00000168b1440d78 points into unknown readable memory: 0x00000168b1440da8 | a8 0d 44 b1 68 01 00 00
RCX=0x00000168b1440d78 points into unknown readable memory: 0x00000168b1440da8 | a8 0d 44 b1 68 01 00 00
RDX=0x000000000000001e is an unknown value
RSP=0x0000004d5d3fa9a8 is pointing into the stack for thread: 0x00000168b166b7c0
RBP=0x0000000000000015 is an unknown value
RSI=0x00000000000000bb is an unknown value
RDI=0x0000004d5d3faa80 is pointing into the stack for thread: 0x00000168b166b7c0
R8 =0x00000168b143d910 points into unknown readable memory: 0x00007ffadca764d0 | d0 64 a7 dc fa 7f 00 00
R9 =0x0000004d5d3fad90 is pointing into the stack for thread: 0x00000168b166b7c0
R10=0xfefefefefefefeff is an unknown value
R11=0x8080808080808080 is an unknown value
R12=0x0000004d5d3faa60 is pointing into the stack for thread: 0x00000168b166b7c0
R13=0x0000004d5d3faa40 is pointing into the stack for thread: 0x00000168b166b7c0
R14=0x0000000000000025 is an unknown value
R15=0x00000168b1a0bd60 points into unknown readable memory: 0x00007ffadcaa2718 | 18 27 aa dc fa 7f 00 00


Registers:
RAX=0x00000168b1440da8, RBX=0x00000168b1440d78, RCX=0x00000168b1440d78, RDX=0x000000000000001e
RSP=0x0000004d5d3fa9a8, RBP=0x0000000000000015, RSI=0x00000000000000bb, RDI=0x0000004d5d3faa80
R8 =0x00000168b143d910, R9 =0x0000004d5d3fad90, R10=0xfefefefefefefeff, R11=0x8080808080808080
R12=0x0000004d5d3faa60, R13=0x0000004d5d3faa40, R14=0x0000000000000025, R15=0x00000168b1a0bd60
RIP=0x00000168b1a0bd60, EFLAGS=0x0000000000010206

Top of Stack: (sp=0x0000004d5d3fa9a8)
0x0000004d5d3fa9a8:   00007ffadc6def2d 0000000000000015
0x0000004d5d3fa9b8:   00000000000000b9 00000168b143e660
0x0000004d5d3fa9c8:   00000168b166c220 0000000000000000
0x0000004d5d3fa9d8:   00000168b166c250 00000168b14a17f8
0x0000004d5d3fa9e8:   0000004d5d3fab10 0000000000028300
0x0000004d5d3fa9f8:   00000168912c1df0 0000000000000001
0x0000004d5d3faa08:   00007ffadc6de268 0000004d5d3fad90
0x0000004d5d3faa18:   0000004d5d3fad90 000001680000005f
0x0000004d5d3faa28:   0000004d5d3faa80 00000168b0936418
0x0000004d5d3faa38:   0000000000000000 00000168b14afa80
0x0000004d5d3faa48:   0000000000000100 00000168b1fca240
0x0000004d5d3faa58:   00000000000000bc 0000000000000080
0x0000004d5d3faa68:   00000168b1fcaa40 0000016800000080
0x0000004d5d3faa78:   00000168b14afa80 00000168b1fc5950
0x0000004d5d3faa88:   00000168b1fc9b30 00000168b1fc5950
0x0000004d5d3faa98:   00000168b14afa80 00000168b14afa80 

Instructions: (pc=0x00000168b1a0bd60)
0x00000168b1a0bc60:   50 be a0 b1 68 01 00 00 d8 c3 a0 b1 68 01 00 00
0x00000168b1a0bc70:   08 c6 a0 b1 68 01 00 00 d0 bb a0 b1 68 01 00 00
0x00000168b1a0bc80:   00 00 00 00 00 00 00 00 00 00 00 00 00 00 00 00
0x00000168b1a0bc90:   00 00 00 00 00 00 00 00 68 a4 a7 dc fa 7f 00 00
0x00000168b1a0bca0:   d8 bc a0 b1 68 01 00 00 08 bd a0 b1 68 01 00 00
0x00000168b1a0bcb0:   02 00 00 00 02 00 00 00 02 00 00 00 04 00 00 00
0x00000168b1a0bcc0:   e0 05 00 00 04 03 00 00 00 00 00 00 00 00 00 00
0x00000168b1a0bcd0:   00 9f 8e b1 68 01 00 00 00 00 00 00 00 00 00 00
0x00000168b1a0bce0:   d0 bb a0 b1 68 01 00 00 98 bc a0 b1 68 01 00 00
0x00000168b1a0bcf0:   00 00 00 00 00 00 00 00 00 00 00 00 00 00 00 00
0x00000168b1a0bd00:   00 00 00 00 00 00 00 00 78 c7 a0 b1 68 01 00 00
0x00000168b1a0bd10:   28 bd a0 b1 68 01 00 00 78 c7 a0 b1 68 01 00 00
0x00000168b1a0bd20:   00 00 00 00 00 00 00 00 a8 9f a7 dc fa 7f 00 00
0x00000168b1a0bd30:   a8 bd a0 b1 68 01 00 00 30 be a0 b1 68 01 00 00
0x00000168b1a0bd40:   03 00 00 00 03 00 00 00 01 00 00 00 04 00 00 00
0x00000168b1a0bd50:   00 05 00 00 c0 00 00 00 00 00 00 00 00 00 00 00
0x00000168b1a0bd60:   18 27 aa dc fa 7f 00 00 a0 bd a0 b1 68 01 00 00
0x00000168b1a0bd70:   e0 6c 7a b1 68 01 00 00 01 00 00 00 01 00 00 00
0x00000168b1a0bd80:   5f 00 00 00 00 01 00 00 82 01 00 00 04 00 00 00
0x00000168b1a0bd90:   10 00 00 00 00 00 00 00 68 78 93 b0 68 01 00 00
0x00000168b1a0bda0:   70 17 4a b1 68 01 00 00 00 00 00 00 00 00 00 00
0x00000168b1a0bdb0:   98 bc a0 b1 68 01 00 00 60 bd a0 b1 68 01 00 00
0x00000168b1a0bdc0:   28 bd a0 b1 68 01 00 00 d8 c3 a0 b1 68 01 00 00
0x00000168b1a0bdd0:   48 ca a0 b1 68 01 00 00 60 cb a0 b1 68 01 00 00
0x00000168b1a0bde0:   00 24 a7 dc fa 7f 00 00 20 be a0 b1 68 01 00 00
0x00000168b1a0bdf0:   80 c0 a0 b1 68 01 00 00 02 00 00 00 02 00 00 00
0x00000168b1a0be00:   01 00 00 00 04 00 00 00 c8 03 00 00 00 01 00 00
0x00000168b1a0be10:   00 00 00 00 00 00 00 00 04 00 00 00 00 00 00 00
0x00000168b1a0be20:   00 00 00 00 00 00 00 00 28 bd a0 b1 68 01 00 00
0x00000168b1a0be30:   e0 bd a0 b1 68 01 00 00 00 00 00 00 00 00 00 00
0x00000168b1a0be40:   00 00 00 00 00 00 00 00 00 00 00 00 00 00 00 00
0x00000168b1a0be50:   a0 a7 af dc fa 7f 00 00 88 be a0 b1 68 01 00 00 


Stack slot to memory mapping:
stack at sp + 0 slots: 0x00007ffadc6def2d jvm.dll
stack at sp + 1 slots: 0x0000000000000015 is an unknown value
stack at sp + 2 slots: 0x00000000000000b9 is an unknown value
stack at sp + 3 slots: 0x00000168b143e660 points into unknown readable memory: 0x00007ffadca79fa8 | a8 9f a7 dc fa 7f 00 00
stack at sp + 4 slots: 0x00000168b166c220 points into unknown readable memory: 0x00000168b166b7c0 | c0 b7 66 b1 68 01 00 00
stack at sp + 5 slots: 0x0 is NULL
stack at sp + 6 slots: 0x00000168b166c250 points into unknown readable memory: 0x8000000800000001 | 01 00 00 00 08 00 00 80
stack at sp + 7 slots: 0x00000168b14a17f8 points into unknown readable memory: 0x00007ffadca8c628 | 28 c6 a8 dc fa 7f 00 00


---------------  P R O C E S S  ---------------

Threads class SMR info:
_java_thread_list=0x00000168b1ab86b0, length=14, elements={
0x00000168912a7ac0, 0x00000168b08cdd10, 0x00000168b08ce8c0, 0x00000168b08e8fa0,
0x00000168b08e9950, 0x00000168b08ea300, 0x00000168b08eccc0, 0x00000168b08ed9a0,
0x00000168b08f9ca0, 0x00000168b08fa690, 0x000001689136a670, 0x00000168b166b7c0,
0x00000168b166d700, 0x00000168b1797020
}

Java Threads: ( => current thread )
  0x00000168912a7ac0 JavaThread "main" [_thread_in_Java, id=21588, stack(0x0000004d5c200000,0x0000004d5c300000)]
  0x00000168b08cdd10 JavaThread "Reference Handler" daemon [_thread_blocked, id=24884, stack(0x0000004d5c900000,0x0000004d5ca00000)]
  0x00000168b08ce8c0 JavaThread "Finalizer" daemon [_thread_blocked, id=23496, stack(0x0000004d5ca00000,0x0000004d5cb00000)]
  0x00000168b08e8fa0 JavaThread "Signal Dispatcher" daemon [_thread_blocked, id=26184, stack(0x0000004d5cb00000,0x0000004d5cc00000)]
  0x00000168b08e9950 JavaThread "Attach Listener" daemon [_thread_blocked, id=26292, stack(0x0000004d5cc00000,0x0000004d5cd00000)]
  0x00000168b08ea300 JavaThread "Service Thread" daemon [_thread_blocked, id=22728, stack(0x0000004d5cd00000,0x0000004d5ce00000)]
  0x00000168b08eccc0 JavaThread "Monitor Deflation Thread" daemon [_thread_blocked, id=26236, stack(0x0000004d5ce00000,0x0000004d5cf00000)]
  0x00000168b08ed9a0 JavaThread "C2 CompilerThread0" daemon [_thread_blocked, id=23976, stack(0x0000004d5cf00000,0x0000004d5d000000)]
  0x00000168b08f9ca0 JavaThread "C1 CompilerThread0" daemon [_thread_blocked, id=8292, stack(0x0000004d5d000000,0x0000004d5d100000)]
  0x00000168b08fa690 JavaThread "Sweeper thread" daemon [_thread_blocked, id=15668, stack(0x0000004d5d100000,0x0000004d5d200000)]
  0x000001689136a670 JavaThread "Common-Cleaner" daemon [_thread_blocked, id=23876, stack(0x0000004d5d200000,0x0000004d5d300000)]
=>0x00000168b166b7c0 JavaThread "C2 CompilerThread1" daemon [_thread_in_native, id=26188, stack(0x0000004d5d300000,0x0000004d5d400000)]
  0x00000168b166d700 JavaThread "C2 CompilerThread2" daemon [_thread_in_native, id=26260, stack(0x0000004d5d400000,0x0000004d5d500000)]
  0x00000168b1797020 JavaThread "Notification Thread" daemon [_thread_blocked, id=25460, stack(0x0000004d5d500000,0x0000004d5d600000)]

Other Threads:
  0x00000168b08cb280 VMThread "VM Thread" [stack: 0x0000004d5c800000,0x0000004d5c900000] [id=23544]
  0x000001689130e460 WatcherThread [stack: 0x0000004d5d600000,0x0000004d5d700000] [id=26156]
  0x00000168912f8eb0 GCTaskThread "GC Thread#0" [stack: 0x0000004d5c300000,0x0000004d5c400000] [id=25544]
  0x0000016891303d60 ConcurrentGCThread "G1 Main Marker" [stack: 0x0000004d5c400000,0x0000004d5c500000] [id=25048]
  0x0000016891304770 ConcurrentGCThread "G1 Conc#0" [stack: 0x0000004d5c500000,0x0000004d5c600000] [id=20444]
  0x0000016891359770 ConcurrentGCThread "G1 Refine#0" [stack: 0x0000004d5c600000,0x0000004d5c700000] [id=6696]
  0x00000168b07a21b0 ConcurrentGCThread "G1 Service" [stack: 0x0000004d5c700000,0x0000004d5c800000] [id=25500]

Threads with active compile tasks:
C2 CompilerThread1      332  312       4       java.util.stream.ReferencePipeline$2$1::accept (27 bytes)
C2 CompilerThread2      332  290       4       java.util.stream.ReferencePipeline$3$1::accept (23 bytes)

VM state: not at safepoint (normal execution)

VM Mutex/Monitor currently owned by a thread: None

Heap address: 0x0000000761e00000, size: 2530 MB, Compressed Oops mode: Zero based, Oop shift amount: 3

CDS archive(s) mapped at: [0x0000000800000000-0x0000000800bc0000-0x0000000800bc0000), size 12320768, SharedBaseAddress: 0x0000000800000000, ArchiveRelocationMode: 0.
Compressed class space mapped at: 0x0000000800c00000-0x0000000840c00000, reserved size: 1073741824
Narrow klass base: 0x0000000800000000, Narrow klass shift: 0, Narrow klass range: 0x100000000

GC Precious Log:
 CPUs: 8 total, 8 available
 Memory: 10116M
 Large Page Support: Disabled
 NUMA Support: Disabled
 Compressed Oops: Enabled (Zero based)
 Heap Region Size: 2M
 Heap Min Capacity: 8M
 Heap Initial Capacity: 160M
 Heap Max Capacity: 2530M
 Pre-touch: Disabled
 Parallel Workers: 8
 Concurrent Workers: 2
 Concurrent Refinement Workers: 8
 Periodic GC: Disabled

Heap:
 garbage-first heap   total 163840K, used 8192K [0x0000000761e00000, 0x0000000800000000)
  region size 2048K, 5 young (10240K), 0 survivors (0K)
 Metaspace       used 1297K, committed 1408K, reserved 1056768K
  class space    used 129K, committed 192K, reserved 1048576K

Heap Regions: E=young(eden), S=young(survivor), O=old, HS=humongous(starts), HC=humongous(continues), CS=collection set, F=free, OA=open archive, CA=closed archive, TAMS=top-at-mark-start (previous, next)
|   0|0x0000000761e00000, 0x0000000761e00000, 0x0000000762000000|  0%| F|  |TAMS 0x0000000761e00000, 0x0000000761e00000| Untracked 
|   1|0x0000000762000000, 0x0000000762000000, 0x0000000762200000|  0%| F|  |TAMS 0x0000000762000000, 0x0000000762000000| Untracked 
|   2|0x0000000762200000, 0x0000000762200000, 0x0000000762400000|  0%| F|  |TAMS 0x0000000762200000, 0x0000000762200000| Untracked 
|   3|0x0000000762400000, 0x0000000762400000, 0x0000000762600000|  0%| F|  |TAMS 0x0000000762400000, 0x0000000762400000| Untracked 
|   4|0x0000000762600000, 0x0000000762600000, 0x0000000762800000|  0%| F|  |TAMS 0x0000000762600000, 0x0000000762600000| Untracked 
|   5|0x0000000762800000, 0x0000000762800000, 0x0000000762a00000|  0%| F|  |TAMS 0x0000000762800000, 0x0000000762800000| Untracked 
|   6|0x0000000762a00000, 0x0000000762a00000, 0x0000000762c00000|  0%| F|  |TAMS 0x0000000762a00000, 0x0000000762a00000| Untracked 
|   7|0x0000000762c00000, 0x0000000762c00000, 0x0000000762e00000|  0%| F|  |TAMS 0x0000000762c00000, 0x0000000762c00000| Untracked 
|   8|0x0000000762e00000, 0x0000000762e00000, 0x0000000763000000|  0%| F|  |TAMS 0x0000000762e00000, 0x0000000762e00000| Untracked 
|   9|0x0000000763000000, 0x0000000763000000, 0x0000000763200000|  0%| F|  |TAMS 0x0000000763000000, 0x0000000763000000| Untracked 
|  10|0x0000000763200000, 0x0000000763200000, 0x0000000763400000|  0%| F|  |TAMS 0x0000000763200000, 0x0000000763200000| Untracked 
|  11|0x0000000763400000, 0x0000000763400000, 0x0000000763600000|  0%| F|  |TAMS 0x0000000763400000, 0x0000000763400000| Untracked 
|  12|0x0000000763600000, 0x0000000763600000, 0x0000000763800000|  0%| F|  |TAMS 0x0000000763600000, 0x0000000763600000| Untracked 
|  13|0x0000000763800000, 0x0000000763800000, 0x0000000763a00000|  0%| F|  |TAMS 0x0000000763800000, 0x0000000763800000| Untracked 
|  14|0x0000000763a00000, 0x0000000763a00000, 0x0000000763c00000|  0%| F|  |TAMS 0x0000000763a00000, 0x0000000763a00000| Untracked 
|  15|0x0000000763c00000, 0x0000000763c00000, 0x0000000763e00000|  0%| F|  |TAMS 0x0000000763c00000, 0x0000000763c00000| Untracked 
|  16|0x0000000763e00000, 0x0000000763e00000, 0x0000000764000000|  0%| F|  |TAMS 0x0000000763e00000, 0x0000000763e00000| Untracked 
|  17|0x0000000764000000, 0x0000000764000000, 0x0000000764200000|  0%| F|  |TAMS 0x0000000764000000, 0x0000000764000000| Untracked 
|  18|0x0000000764200000, 0x0000000764200000, 0x0000000764400000|  0%| F|  |TAMS 0x0000000764200000, 0x0000000764200000| Untracked 
|  19|0x0000000764400000, 0x0000000764400000, 0x0000000764600000|  0%| F|  |TAMS 0x0000000764400000, 0x0000000764400000| Untracked 
|  20|0x0000000764600000, 0x0000000764600000, 0x0000000764800000|  0%| F|  |TAMS 0x0000000764600000, 0x0000000764600000| Untracked 
|  21|0x0000000764800000, 0x0000000764800000, 0x0000000764a00000|  0%| F|  |TAMS 0x0000000764800000, 0x0000000764800000| Untracked 
|  22|0x0000000764a00000, 0x0000000764a00000, 0x0000000764c00000|  0%| F|  |TAMS 0x0000000764a00000, 0x0000000764a00000| Untracked 
|  23|0x0000000764c00000, 0x0000000764c00000, 0x0000000764e00000|  0%| F|  |TAMS 0x0000000764c00000, 0x0000000764c00000| Untracked 
|  24|0x0000000764e00000, 0x0000000764e00000, 0x0000000765000000|  0%| F|  |TAMS 0x0000000764e00000, 0x0000000764e00000| Untracked 
|  25|0x0000000765000000, 0x0000000765000000, 0x0000000765200000|  0%| F|  |TAMS 0x0000000765000000, 0x0000000765000000| Untracked 
|  26|0x0000000765200000, 0x0000000765200000, 0x0000000765400000|  0%| F|  |TAMS 0x0000000765200000, 0x0000000765200000| Untracked 
|  27|0x0000000765400000, 0x0000000765400000, 0x0000000765600000|  0%| F|  |TAMS 0x0000000765400000, 0x0000000765400000| Untracked 
|  28|0x0000000765600000, 0x0000000765600000, 0x0000000765800000|  0%| F|  |TAMS 0x0000000765600000, 0x0000000765600000| Untracked 
|  29|0x0000000765800000, 0x0000000765800000, 0x0000000765a00000|  0%| F|  |TAMS 0x0000000765800000, 0x0000000765800000| Untracked 
|  30|0x0000000765a00000, 0x0000000765a00000, 0x0000000765c00000|  0%| F|  |TAMS 0x0000000765a00000, 0x0000000765a00000| Untracked 
|  31|0x0000000765c00000, 0x0000000765c00000, 0x0000000765e00000|  0%| F|  |TAMS 0x0000000765c00000, 0x0000000765c00000| Untracked 
|  32|0x0000000765e00000, 0x0000000765e00000, 0x0000000766000000|  0%| F|  |TAMS 0x0000000765e00000, 0x0000000765e00000| Untracked 
|  33|0x0000000766000000, 0x0000000766000000, 0x0000000766200000|  0%| F|  |TAMS 0x0000000766000000, 0x0000000766000000| Untracked 
|  34|0x0000000766200000, 0x0000000766200000, 0x0000000766400000|  0%| F|  |TAMS 0x0000000766200000, 0x0000000766200000| Untracked 
|  35|0x0000000766400000, 0x0000000766400000, 0x0000000766600000|  0%| F|  |TAMS 0x0000000766400000, 0x0000000766400000| Untracked 
|  36|0x0000000766600000, 0x0000000766600000, 0x0000000766800000|  0%| F|  |TAMS 0x0000000766600000, 0x0000000766600000| Untracked 
|  37|0x0000000766800000, 0x0000000766800000, 0x0000000766a00000|  0%| F|  |TAMS 0x0000000766800000, 0x0000000766800000| Untracked 
|  38|0x0000000766a00000, 0x0000000766a00000, 0x0000000766c00000|  0%| F|  |TAMS 0x0000000766a00000, 0x0000000766a00000| Untracked 
|  39|0x0000000766c00000, 0x0000000766c00000, 0x0000000766e00000|  0%| F|  |TAMS 0x0000000766c00000, 0x0000000766c00000| Untracked 
|  40|0x0000000766e00000, 0x0000000766e00000, 0x0000000767000000|  0%| F|  |TAMS 0x0000000766e00000, 0x0000000766e00000| Untracked 
|  41|0x0000000767000000, 0x0000000767000000, 0x0000000767200000|  0%| F|  |TAMS 0x0000000767000000, 0x0000000767000000| Untracked 
|  42|0x0000000767200000, 0x0000000767200000, 0x0000000767400000|  0%| F|  |TAMS 0x0000000767200000, 0x0000000767200000| Untracked 
|  43|0x0000000767400000, 0x0000000767400000, 0x0000000767600000|  0%| F|  |TAMS 0x0000000767400000, 0x0000000767400000| Untracked 
|  44|0x0000000767600000, 0x0000000767600000, 0x0000000767800000|  0%| F|  |TAMS 0x0000000767600000, 0x0000000767600000| Untracked 
|  45|0x0000000767800000, 0x0000000767800000, 0x0000000767a00000|  0%| F|  |TAMS 0x0000000767800000, 0x0000000767800000| Untracked 
|  46|0x0000000767a00000, 0x0000000767a00000, 0x0000000767c00000|  0%| F|  |TAMS 0x0000000767a00000, 0x0000000767a00000| Untracked 
|  47|0x0000000767c00000, 0x0000000767c00000, 0x0000000767e00000|  0%| F|  |TAMS 0x0000000767c00000, 0x0000000767c00000| Untracked 
|  48|0x0000000767e00000, 0x0000000767e00000, 0x0000000768000000|  0%| F|  |TAMS 0x0000000767e00000, 0x0000000767e00000| Untracked 
|  49|0x0000000768000000, 0x0000000768000000, 0x0000000768200000|  0%| F|  |TAMS 0x0000000768000000, 0x0000000768000000| Untracked 
|  50|0x0000000768200000, 0x0000000768200000, 0x0000000768400000|  0%| F|  |TAMS 0x0000000768200000, 0x0000000768200000| Untracked 
|  51|0x0000000768400000, 0x0000000768400000, 0x0000000768600000|  0%| F|  |TAMS 0x0000000768400000, 0x0000000768400000| Untracked 
|  52|0x0000000768600000, 0x0000000768600000, 0x0000000768800000|  0%| F|  |TAMS 0x0000000768600000, 0x0000000768600000| Untracked 
|  53|0x0000000768800000, 0x0000000768800000, 0x0000000768a00000|  0%| F|  |TAMS 0x0000000768800000, 0x0000000768800000| Untracked 
|  54|0x0000000768a00000, 0x0000000768a00000, 0x0000000768c00000|  0%| F|  |TAMS 0x0000000768a00000, 0x0000000768a00000| Untracked 
|  55|0x0000000768c00000, 0x0000000768c00000, 0x0000000768e00000|  0%| F|  |TAMS 0x0000000768c00000, 0x0000000768c00000| Untracked 
|  56|0x0000000768e00000, 0x0000000768e00000, 0x0000000769000000|  0%| F|  |TAMS 0x0000000768e00000, 0x0000000768e00000| Untracked 
|  57|0x0000000769000000, 0x0000000769000000, 0x0000000769200000|  0%| F|  |TAMS 0x0000000769000000, 0x0000000769000000| Untracked 
|  58|0x0000000769200000, 0x0000000769200000, 0x0000000769400000|  0%| F|  |TAMS 0x0000000769200000, 0x0000000769200000| Untracked 
|  59|0x0000000769400000, 0x0000000769400000, 0x0000000769600000|  0%| F|  |TAMS 0x0000000769400000, 0x0000000769400000| Untracked 
|  60|0x0000000769600000, 0x0000000769600000, 0x0000000769800000|  0%| F|  |TAMS 0x0000000769600000, 0x0000000769600000| Untracked 
|  61|0x0000000769800000, 0x0000000769800000, 0x0000000769a00000|  0%| F|  |TAMS 0x0000000769800000, 0x0000000769800000| Untracked 
|  62|0x0000000769a00000, 0x0000000769a00000, 0x0000000769c00000|  0%| F|  |TAMS 0x0000000769a00000, 0x0000000769a00000| Untracked 
|  63|0x0000000769c00000, 0x0000000769c00000, 0x0000000769e00000|  0%| F|  |TAMS 0x0000000769c00000, 0x0000000769c00000| Untracked 
|  64|0x0000000769e00000, 0x0000000769e00000, 0x000000076a000000|  0%| F|  |TAMS 0x0000000769e00000, 0x0000000769e00000| Untracked 
|  65|0x000000076a000000, 0x000000076a000000, 0x000000076a200000|  0%| F|  |TAMS 0x000000076a000000, 0x000000076a000000| Untracked 
|  66|0x000000076a200000, 0x000000076a200000, 0x000000076a400000|  0%| F|  |TAMS 0x000000076a200000, 0x000000076a200000| Untracked 
|  67|0x000000076a400000, 0x000000076a400000, 0x000000076a600000|  0%| F|  |TAMS 0x000000076a400000, 0x000000076a400000| Untracked 
|  68|0x000000076a600000, 0x000000076a600000, 0x000000076a800000|  0%| F|  |TAMS 0x000000076a600000, 0x000000076a600000| Untracked 
|  69|0x000000076a800000, 0x000000076a800000, 0x000000076aa00000|  0%| F|  |TAMS 0x000000076a800000, 0x000000076a800000| Untracked 
|  70|0x000000076aa00000, 0x000000076aa00000, 0x000000076ac00000|  0%| F|  |TAMS 0x000000076aa00000, 0x000000076aa00000| Untracked 
|  71|0x000000076ac00000, 0x000000076ac00000, 0x000000076ae00000|  0%| F|  |TAMS 0x000000076ac00000, 0x000000076ac00000| Untracked 
|  72|0x000000076ae00000, 0x000000076ae00000, 0x000000076b000000|  0%| F|  |TAMS 0x000000076ae00000, 0x000000076ae00000| Untracked 
|  73|0x000000076b000000, 0x000000076b000000, 0x000000076b200000|  0%| F|  |TAMS 0x000000076b000000, 0x000000076b000000| Untracked 
|  74|0x000000076b200000, 0x000000076b200000, 0x000000076b400000|  0%| F|  |TAMS 0x000000076b200000, 0x000000076b200000| Untracked 
|  75|0x000000076b400000, 0x000000076b5c5be0, 0x000000076b600000| 88%| E|  |TAMS 0x000000076b400000, 0x000000076b400000| Complete 
|  76|0x000000076b600000, 0x000000076b800000, 0x000000076b800000|100%| E|CS|TAMS 0x000000076b600000, 0x000000076b600000| Complete 
|  77|0x000000076b800000, 0x000000076ba00000, 0x000000076ba00000|100%| E|CS|TAMS 0x000000076b800000, 0x000000076b800000| Complete 
|  78|0x000000076ba00000, 0x000000076bc00000, 0x000000076bc00000|100%| E|CS|TAMS 0x000000076ba00000, 0x000000076ba00000| Complete 
|  79|0x000000076bc00000, 0x000000076be00000, 0x000000076be00000|100%| E|CS|TAMS 0x000000076bc00000, 0x000000076bc00000| Complete 

Card table byte_map: [0x00000168a85c0000,0x00000168a8ac0000] _byte_map_base: 0x00000168a4ab1000

Marking Bits (Prev, Next): (CMBitMap*) 0x00000168912f94c0, (CMBitMap*) 0x00000168912f9500
 Prev Bits: [0x00000168a8fc0000, 0x00000168ab748000)
 Next Bits: [0x00000168ab750000, 0x00000168aded8000)

Polling page: 0x000001688f2a0000

Metaspace:

Usage:
  Non-class:      1.14 MB used.
      Class:    129.90 KB used.
       Both:      1.27 MB used.

Virtual space:
  Non-class space:        8.00 MB reserved,       1.19 MB ( 15%) committed,  1 nodes.
      Class space:        1.00 GB reserved,     192.00 KB ( <1%) committed,  1 nodes.
             Both:        1.01 GB reserved,       1.38 MB ( <1%) committed. 

Chunk freelists:
   Non-Class:  3.56 MB
       Class:  3.65 MB
        Both:  7.22 MB

MaxMetaspaceSize: unlimited
CompressedClassSpaceSize: 1.00 GB
Initial GC threshold: 21.00 MB
Current GC threshold: 21.00 MB
CDS: on
MetaspaceReclaimPolicy: balanced
 - commit_granule_bytes: 65536.
 - commit_granule_words: 8192.
 - virtual_space_node_default_size: 1048576.
 - enlarge_chunks_in_place: 1.
 - new_chunks_are_fully_committed: 0.
 - uncommit_free_chunks: 1.
 - use_allocation_guard: 0.
 - handle_deallocations: 1.


Internal statistics:

num_allocs_failed_limit: 0.
num_arena_births: 48.
num_arena_deaths: 0.
num_vsnodes_births: 2.
num_vsnodes_deaths: 0.
num_space_committed: 22.
num_space_uncommitted: 0.
num_chunks_returned_to_freelist: 0.
num_chunks_taken_from_freelist: 74.
num_chunk_merges: 0.
num_chunk_splits: 49.
num_chunks_enlarged: 36.
num_purges: 0.
num_inconsistent_stats: 0.

CodeHeap 'non-profiled nmethods': size=120000Kb used=201Kb max_used=201Kb free=119798Kb
 bounds [0x00000168a0860000, 0x00000168a0ad0000, 0x00000168a7d90000]
CodeHeap 'profiled nmethods': size=120000Kb used=722Kb max_used=722Kb free=119278Kb
 bounds [0x0000016898d90000, 0x0000016899000000, 0x00000168a02c0000]
CodeHeap 'non-nmethods': size=5760Kb used=1122Kb max_used=1138Kb free=4637Kb
 bounds [0x00000168a02c0000, 0x00000168a0530000, 0x00000168a0860000]
 total_blobs=948 nmethods=545 adapters=316
 compilation: enabled
              stopped_count=0, restarted_count=0
 full_count=0

Compilation events (20 events):
Event: 0.256 Thread 0x00000168b08f9ca0 nmethod 435 0x0000016898e1a790 code [0x0000016898e1a960, 0x0000016898e1ad08]
Event: 0.257 Thread 0x00000168b08f9ca0  437       3       java.util.WeakHashMap::maskNull (12 bytes)
Event: 0.257 Thread 0x00000168b08f9ca0 nmethod 437 0x0000016898e1ae10 code [0x0000016898e1afa0, 0x0000016898e1b0d8]
Event: 0.257 Thread 0x00000168b08f9ca0  438       3       java.util.WeakHashMap::hash (28 bytes)
Event: 0.257 Thread 0x00000168b08ed9a0 nmethod 308 0x00000168a0884890 code [0x00000168a0884ac0, 0x00000168a0886798]
Event: 0.257 Thread 0x00000168b08ed9a0  427       4       java.util.concurrent.ConcurrentHashMap::casTabAt (21 bytes)
Event: 0.257 Thread 0x00000168b08f9ca0 nmethod 438 0x0000016898e1b190 code [0x0000016898e1b340, 0x0000016898e1b528]
Event: 0.257 Thread 0x00000168b08f9ca0  440       3       java.lang.invoke.MethodTypeForm::canonicalizeAll (63 bytes)
Event: 0.258 Thread 0x00000168b08f9ca0 nmethod 440 0x0000016898e1b610 code [0x0000016898e1b800, 0x0000016898e1be78]
Event: 0.258 Thread 0x00000168b08f9ca0  439       3       java.lang.reflect.Modifier::isPublic (12 bytes)
Event: 0.258 Thread 0x00000168b08f9ca0 nmethod 439 0x0000016898e1c090 code [0x0000016898e1c220, 0x0000016898e1c378]
Event: 0.258 Thread 0x00000168b08f9ca0  443       3       java.lang.invoke.MethodType$ConcurrentWeakInternSet$WeakEntry::<init> (15 bytes)
Event: 0.259 Thread 0x00000168b08f9ca0 nmethod 443 0x0000016898e1c410 code [0x0000016898e1c5e0, 0x0000016898e1ca08]
Event: 0.259 Thread 0x00000168b08f9ca0  447       3       java.lang.invoke.MemberName::isResolved (13 bytes)
Event: 0.259 Thread 0x00000168b08f9ca0 nmethod 447 0x0000016898e1cb90 code [0x0000016898e1cd20, 0x0000016898e1ce98]
Event: 0.259 Thread 0x00000168b08f9ca0  449       3       java.util.Arrays::equals (57 bytes)
Event: 0.259 Thread 0x00000168b08ed9a0 nmethod 427 0x00000168a0888990 code [0x00000168a0888b00, 0x00000168a0888c38]
Event: 0.259 Thread 0x00000168b08ed9a0  311       4       jdk.internal.misc.Unsafe::allocateUninitializedArray (55 bytes)
Event: 0.259 Thread 0x00000168b08f9ca0 nmethod 449 0x0000016898e1cf10 code [0x0000016898e1d100, 0x0000016898e1d6e8]
Event: 0.259 Thread 0x00000168b08f9ca0  451       3       jdk.internal.org.objectweb.asm.Symbol::<init> (38 bytes)

GC Heap History (0 events):
No events

Dll operation events (5 events):
Event: 0.012 Loaded shared library C:\Program Files\Eclipse Adoptium\jdk-17.0.6.10-hotspot\bin\java.dll
Event: 0.026 Loaded shared library C:\Program Files\Eclipse Adoptium\jdk-17.0.6.10-hotspot\bin\jsvml.dll
Event: 0.099 Loaded shared library C:\Program Files\Eclipse Adoptium\jdk-17.0.6.10-hotspot\bin\net.dll
Event: 0.102 Loaded shared library C:\Program Files\Eclipse Adoptium\jdk-17.0.6.10-hotspot\bin\nio.dll
Event: 0.110 Loaded shared library C:\Program Files\Eclipse Adoptium\jdk-17.0.6.10-hotspot\bin\zip.dll

Deoptimization events (20 events):
Event: 0.191 Thread 0x00000168912a7ac0 Uncommon trap: trap_request=0xffffff45 fr.pc=0x00000168a0872710 relative=0x0000000000000650
Event: 0.191 Thread 0x00000168912a7ac0 Uncommon trap: reason=unstable_if action=reinterpret pc=0x00000168a0872710 method=java.util.ImmutableCollections$SetN.probe(Ljava/lang/Object;)I @ 34 c2
Event: 0.191 Thread 0x00000168912a7ac0 DEOPT PACKING pc=0x00000168a0872710 sp=0x0000004d5c2fe9a0
Event: 0.191 Thread 0x00000168912a7ac0 DEOPT UNPACKING pc=0x00000168a03169a3 sp=0x0000004d5c2fe940 mode 2
Event: 0.198 Thread 0x00000168912a7ac0 Uncommon trap: trap_request=0xffffff45 fr.pc=0x00000168a0876fd0 relative=0x00000000000004b0
Event: 0.198 Thread 0x00000168912a7ac0 Uncommon trap: reason=unstable_if action=reinterpret pc=0x00000168a0876fd0 method=java.lang.StringLatin1.newString([BII)Ljava/lang/String; @ 1 c2
Event: 0.198 Thread 0x00000168912a7ac0 DEOPT PACKING pc=0x00000168a0876fd0 sp=0x0000004d5c2fe7f0
Event: 0.198 Thread 0x00000168912a7ac0 DEOPT UNPACKING pc=0x00000168a03169a3 sp=0x0000004d5c2fe750 mode 2
Event: 0.199 Thread 0x00000168912a7ac0 Uncommon trap: trap_request=0xffffff45 fr.pc=0x00000168a0874d74 relative=0x00000000000003d4
Event: 0.199 Thread 0x00000168912a7ac0 Uncommon trap: reason=unstable_if action=reinterpret pc=0x00000168a0874d74 method=java.lang.StringLatin1.newString([BII)Ljava/lang/String; @ 1 c2
Event: 0.199 Thread 0x00000168912a7ac0 DEOPT PACKING pc=0x00000168a0874d74 sp=0x0000004d5c2fe770
Event: 0.199 Thread 0x00000168912a7ac0 DEOPT UNPACKING pc=0x00000168a03169a3 sp=0x0000004d5c2fe750 mode 2
Event: 0.205 Thread 0x00000168912a7ac0 Uncommon trap: trap_request=0xffffff45 fr.pc=0x00000168a086cb5c relative=0x000000000000005c
Event: 0.205 Thread 0x00000168912a7ac0 Uncommon trap: reason=unstable_if action=reinterpret pc=0x00000168a086cb5c method=java.lang.String.isLatin1()Z @ 10 c2
Event: 0.205 Thread 0x00000168912a7ac0 DEOPT PACKING pc=0x00000168a086cb5c sp=0x0000004d5c2fe2c0
Event: 0.205 Thread 0x00000168912a7ac0 DEOPT UNPACKING pc=0x00000168a03169a3 sp=0x0000004d5c2fe250 mode 2
Event: 0.205 Thread 0x00000168912a7ac0 Uncommon trap: trap_request=0xffffff45 fr.pc=0x00000168a086c7f8 relative=0x0000000000000078
Event: 0.205 Thread 0x00000168912a7ac0 Uncommon trap: reason=unstable_if action=reinterpret pc=0x00000168a086c7f8 method=java.lang.String.isLatin1()Z @ 10 c2
Event: 0.205 Thread 0x00000168912a7ac0 DEOPT PACKING pc=0x00000168a086c7f8 sp=0x0000004d5c2fecc0
Event: 0.205 Thread 0x00000168912a7ac0 DEOPT UNPACKING pc=0x00000168a03169a3 sp=0x0000004d5c2fec00 mode 2

Classes unloaded (0 events):
No events

Classes redefined (0 events):
No events

Internal exceptions (4 events):
Event: 0.104 Thread 0x00000168912a7ac0 Exception <a 'sun/nio/fs/WindowsException'{0x000000076bd24ff0}> (0x000000076bd24ff0) 
thrown [s\src\hotspot\share\prims\jni.cpp, line 516]
Event: 0.105 Thread 0x00000168912a7ac0 Exception <a 'sun/nio/fs/WindowsException'{0x000000076bd25520}> (0x000000076bd25520) 
thrown [s\src\hotspot\share\prims\jni.cpp, line 516]
Event: 0.219 Thread 0x00000168912a7ac0 Exception <a 'java/lang/NoSuchMethodError'{0x000000076b789c20}: 'java.lang.Object java.lang.invoke.DirectMethodHandle$Holder.invokeStaticInit(java.lang.Object)'> (0x000000076b789c20) 
thrown [s\src\hotspot\share\interpreter\linkResolver.cpp, line 759]
Event: 0.223 Thread 0x00000168912a7ac0 Exception <a 'java/lang/NoSuchMethodError'{0x000000076b791810}: 'void java.lang.invoke.DirectMethodHandle$Holder.invokeStatic(java.lang.Object, java.lang.Object)'> (0x000000076b791810) 
thrown [s\src\hotspot\share\interpreter\linkResolver.cpp, line 759]

VM Operations (4 events):
Event: 0.112 Executing VM operation: HandshakeAllThreads
Event: 0.112 Executing VM operation: HandshakeAllThreads done
Event: 0.189 Executing VM operation: HandshakeAllThreads
Event: 0.189 Executing VM operation: HandshakeAllThreads done

Events (20 events):
Event: 0.217 loading class java/lang/reflect/InvocationTargetException
Event: 0.217 loading class java/lang/reflect/InvocationTargetException done
Event: 0.217 loading class java/net/URLClassLoader
Event: 0.217 loading class java/net/URLClassLoader done
Event: 0.220 loading class java/util/concurrent/atomic/AtomicBoolean
Event: 0.221 loading class java/util/concurrent/atomic/AtomicBoolean done
Event: 0.222 loading class java/util/concurrent/CountDownLatch
Event: 0.222 loading class java/util/concurrent/CountDownLatch done
Event: 0.222 loading class java/util/concurrent/CountDownLatch$Sync
Event: 0.222 loading class java/util/concurrent/CountDownLatch$Sync done
Event: 0.232 loading class java/lang/SecurityException
Event: 0.232 loading class java/lang/SecurityException done
Event: 0.233 loading class java/util/concurrent/CopyOnWriteArraySet
Event: 0.234 loading class java/util/concurrent/CopyOnWriteArraySet done
Event: 0.245 loading class java/lang/UnsupportedOperationException
Event: 0.245 loading class java/lang/UnsupportedOperationException done
Event: 0.250 loading class java/lang/AssertionError
Event: 0.250 loading class java/lang/AssertionError done
Event: 0.251 loading class java/net/MalformedURLException
Event: 0.251 loading class java/net/MalformedURLException done


Dynamic libraries:
0x00007ff797e50000 - 0x00007ff797e5e000 	C:\Program Files\Eclipse Adoptium\jdk-17.0.6.10-hotspot\bin\java.exe
0x00007ffb234d0000 - 0x00007ffb236e4000 	C:\WINDOWS\SYSTEM32\ntdll.dll
0x00007ffb22520000 - 0x00007ffb225e3000 	C:\WINDOWS\System32\KERNEL32.DLL
0x00007ffb20a30000 - 0x00007ffb20dcc000 	C:\WINDOWS\System32\KERNELBASE.dll
0x00007ffb20fe0000 - 0x00007ffb210f1000 	C:\WINDOWS\System32\ucrtbase.dll
0x00007ffb06830000 - 0x00007ffb06849000 	C:\Program Files\Eclipse Adoptium\jdk-17.0.6.10-hotspot\bin\VCRUNTIME140.dll
0x00007ffb05b10000 - 0x00007ffb05b27000 	C:\Program Files\Eclipse Adoptium\jdk-17.0.6.10-hotspot\bin\jli.dll
0x00007ffb22370000 - 0x00007ffb2251d000 	C:\WINDOWS\System32\USER32.dll
0x00007ffb02a80000 - 0x00007ffb02d0e000 	C:\WINDOWS\WinSxS\amd64_microsoft.windows.common-controls_6595b64144ccf1df_6.0.22621.608_none_a9444ca7c10bb01d\COMCTL32.dll
0x00007ffb212b0000 - 0x00007ffb212d6000 	C:\WINDOWS\System32\win32u.dll
0x00007ffb22860000 - 0x00007ffb22907000 	C:\WINDOWS\System32\msvcrt.dll
0x00007ffb22340000 - 0x00007ffb22369000 	C:\WINDOWS\System32\GDI32.dll
0x00007ffb20910000 - 0x00007ffb20a23000 	C:\WINDOWS\System32\gdi32full.dll
0x00007ffb20f40000 - 0x00007ffb20fda000 	C:\WINDOWS\System32\msvcp_win.dll
0x00007ffb225f0000 - 0x00007ffb22621000 	C:\WINDOWS\System32\IMM32.DLL
0x00007ffb11670000 - 0x00007ffb1167c000 	C:\Program Files\Eclipse Adoptium\jdk-17.0.6.10-hotspot\bin\vcruntime140_1.dll
0x00007ffb048b0000 - 0x00007ffb04941000 	C:\Program Files\Eclipse Adoptium\jdk-17.0.6.10-hotspot\bin\msvcp140.dll
0x00007ffadc160000 - 0x00007ffadcda7000 	C:\Program Files\Eclipse Adoptium\jdk-17.0.6.10-hotspot\bin\server\jvm.dll
0x00007ffb22060000 - 0x00007ffb2210e000 	C:\WINDOWS\System32\ADVAPI32.dll
0x00007ffb23050000 - 0x00007ffb230f4000 	C:\WINDOWS\System32\sechost.dll
0x00007ffb21f40000 - 0x00007ffb22055000 	C:\WINDOWS\System32\RPCRT4.dll
0x00007ffb096a0000 - 0x00007ffb096a9000 	C:\WINDOWS\SYSTEM32\WSOCK32.dll
0x00007ffb18260000 - 0x00007ffb18294000 	C:\WINDOWS\SYSTEM32\WINMM.dll
0x00007ffb21490000 - 0x00007ffb21501000 	C:\WINDOWS\System32\WS2_32.dll
0x00007ffb18b80000 - 0x00007ffb18b8a000 	C:\WINDOWS\SYSTEM32\VERSION.dll
0x00007ffb1f920000 - 0x00007ffb1f938000 	C:\WINDOWS\SYSTEM32\kernel.appcore.dll
0x00007ffb0c150000 - 0x00007ffb0c15a000 	C:\Program Files\Eclipse Adoptium\jdk-17.0.6.10-hotspot\bin\jimage.dll
0x00007ffb1ef80000 - 0x00007ffb1f1ae000 	C:\WINDOWS\SYSTEM32\DBGHELP.DLL
0x00007ffb23100000 - 0x00007ffb23489000 	C:\WINDOWS\System32\combase.dll
0x00007ffb21d00000 - 0x00007ffb21dd7000 	C:\WINDOWS\System32\OLEAUT32.dll
0x00007ffb0b600000 - 0x00007ffb0b632000 	C:\WINDOWS\SYSTEM32\dbgcore.DLL
0x00007ffb211c0000 - 0x00007ffb2123b000 	C:\WINDOWS\System32\bcryptPrimitives.dll
0x00007ffb059d0000 - 0x00007ffb059f5000 	C:\Program Files\Eclipse Adoptium\jdk-17.0.6.10-hotspot\bin\java.dll
0x00007ffafd890000 - 0x00007ffafd966000 	C:\Program Files\Eclipse Adoptium\jdk-17.0.6.10-hotspot\bin\jsvml.dll
0x00007ffb21510000 - 0x00007ffb21d00000 	C:\WINDOWS\System32\SHELL32.dll
0x00007ffb1e5d0000 - 0x00007ffb1ee9e000 	C:\WINDOWS\SYSTEM32\windows.storage.dll
0x00007ffb1e490000 - 0x00007ffb1e5ce000 	C:\WINDOWS\SYSTEM32\wintypes.dll
0x00007ffb21e40000 - 0x00007ffb21f31000 	C:\WINDOWS\System32\SHCORE.dll
0x00007ffb227e0000 - 0x00007ffb2283e000 	C:\WINDOWS\System32\shlwapi.dll
0x00007ffb20840000 - 0x00007ffb20861000 	C:\WINDOWS\SYSTEM32\profapi.dll
0x00007ffb055c0000 - 0x00007ffb055d9000 	C:\Program Files\Eclipse Adoptium\jdk-17.0.6.10-hotspot\bin\net.dll
0x00007ffb18a50000 - 0x00007ffb18b7f000 	C:\WINDOWS\SYSTEM32\WINHTTP.dll
0x00007ffb1fd80000 - 0x00007ffb1fde9000 	C:\WINDOWS\system32\mswsock.dll
0x00007ffb04890000 - 0x00007ffb048a5000 	C:\Program Files\Eclipse Adoptium\jdk-17.0.6.10-hotspot\bin\nio.dll
0x00007ffb046c0000 - 0x00007ffb046d8000 	C:\Program Files\Eclipse Adoptium\jdk-17.0.6.10-hotspot\bin\zip.dll
0x0000016891230000 - 0x0000016891233000 	C:\JAVALIBS\openjfx-20.0.1_windows-x64_bin-sdk\javafx-sdk-20.0.1\bin\api-ms-win-core-console-l1-1-0.dll
0x0000016891240000 - 0x0000016891243000 	C:\JAVALIBS\openjfx-20.0.1_windows-x64_bin-sdk\javafx-sdk-20.0.1\bin\api-ms-win-core-console-l1-2-0.dll
0x0000016891250000 - 0x0000016891253000 	C:\JAVALIBS\openjfx-20.0.1_windows-x64_bin-sdk\javafx-sdk-20.0.1\bin\api-ms-win-core-datetime-l1-1-0.dll
0x0000016891260000 - 0x0000016891263000 	C:\JAVALIBS\openjfx-20.0.1_windows-x64_bin-sdk\javafx-sdk-20.0.1\bin\api-ms-win-core-debug-l1-1-0.dll
0x00000168b0a80000 - 0x00000168b0a83000 	C:\JAVALIBS\openjfx-20.0.1_windows-x64_bin-sdk\javafx-sdk-20.0.1\bin\api-ms-win-core-errorhandling-l1-1-0.dll
0x00000168b0a90000 - 0x00000168b0a94000 	C:\JAVALIBS\openjfx-20.0.1_windows-x64_bin-sdk\javafx-sdk-20.0.1\bin\api-ms-win-core-file-l1-1-0.dll
0x00000168b0aa0000 - 0x00000168b0aa3000 	C:\JAVALIBS\openjfx-20.0.1_windows-x64_bin-sdk\javafx-sdk-20.0.1\bin\api-ms-win-core-file-l1-2-0.dll
0x00000168b0ab0000 - 0x00000168b0ab3000 	C:\JAVALIBS\openjfx-20.0.1_windows-x64_bin-sdk\javafx-sdk-20.0.1\bin\api-ms-win-core-file-l2-1-0.dll
0x00000168b0ac0000 - 0x00000168b0ac3000 	C:\JAVALIBS\openjfx-20.0.1_windows-x64_bin-sdk\javafx-sdk-20.0.1\bin\api-ms-win-core-handle-l1-1-0.dll
0x00000168b0ad0000 - 0x00000168b0ad3000 	C:\JAVALIBS\openjfx-20.0.1_windows-x64_bin-sdk\javafx-sdk-20.0.1\bin\api-ms-win-core-heap-l1-1-0.dll
0x00000168b0ae0000 - 0x00000168b0ae3000 	C:\JAVALIBS\openjfx-20.0.1_windows-x64_bin-sdk\javafx-sdk-20.0.1\bin\api-ms-win-core-interlocked-l1-1-0.dll
0x00000168b0af0000 - 0x00000168b0af3000 	C:\JAVALIBS\openjfx-20.0.1_windows-x64_bin-sdk\javafx-sdk-20.0.1\bin\api-ms-win-core-libraryloader-l1-1-0.dll
0x00000168b0b00000 - 0x00000168b0b03000 	C:\JAVALIBS\openjfx-20.0.1_windows-x64_bin-sdk\javafx-sdk-20.0.1\bin\api-ms-win-core-localization-l1-2-0.dll
0x00000168b0b10000 - 0x00000168b0b13000 	C:\JAVALIBS\openjfx-20.0.1_windows-x64_bin-sdk\javafx-sdk-20.0.1\bin\api-ms-win-core-memory-l1-1-0.dll
0x00000168b0b20000 - 0x00000168b0b23000 	C:\JAVALIBS\openjfx-20.0.1_windows-x64_bin-sdk\javafx-sdk-20.0.1\bin\api-ms-win-core-namedpipe-l1-1-0.dll
0x00000168b0b30000 - 0x00000168b0b33000 	C:\JAVALIBS\openjfx-20.0.1_windows-x64_bin-sdk\javafx-sdk-20.0.1\bin\api-ms-win-core-processenvironment-l1-1-0.dll
0x00000168b0b40000 - 0x00000168b0b43000 	C:\JAVALIBS\openjfx-20.0.1_windows-x64_bin-sdk\javafx-sdk-20.0.1\bin\api-ms-win-core-processthreads-l1-1-0.dll
0x00000168b0b50000 - 0x00000168b0b53000 	C:\JAVALIBS\openjfx-20.0.1_windows-x64_bin-sdk\javafx-sdk-20.0.1\bin\api-ms-win-core-processthreads-l1-1-1.dll
0x00000168b0b60000 - 0x00000168b0b63000 	C:\JAVALIBS\openjfx-20.0.1_windows-x64_bin-sdk\javafx-sdk-20.0.1\bin\api-ms-win-core-profile-l1-1-0.dll
0x00000168b0b70000 - 0x00000168b0b73000 	C:\JAVALIBS\openjfx-20.0.1_windows-x64_bin-sdk\javafx-sdk-20.0.1\bin\api-ms-win-core-rtlsupport-l1-1-0.dll

dbghelp: loaded successfully - version: 4.0.5 - missing functions: none
symbol engine: initialized successfully - sym options: 0x614 - pdb path: .;C:\Program Files\Eclipse Adoptium\jdk-17.0.6.10-hotspot\bin;C:\WINDOWS\SYSTEM32;C:\WINDOWS\WinSxS\amd64_microsoft.windows.common-controls_6595b64144ccf1df_6.0.22621.608_none_a9444ca7c10bb01d;C:\Program Files\Eclipse Adoptium\jdk-17.0.6.10-hotspot\bin\server;C:\JAVALIBS\openjfx-20.0.1_windows-x64_bin-sdk\javafx-sdk-20.0.1\bin

VM Arguments:
jvm_args: --module-path=C:/JAVALIBS/openjfx-20.0.1_windows-x64_bin-sdk/javafx-sdk-20.0.1/lib --add-modules=javafx.controls,javafx.fxml -XX:+ShowCodeDetailsInExceptionMessages 
java_command: App
java_class_path (initial): C:\Users\vinyl\Desktop\Programacao_Orientada_Objetos\2sem_exjava_estudante\bin;c:\JAVALIBS\openjfx-20.0.1_windows-x64_bin-sdk\javafx-sdk-20.0.1\lib\javafx.graphics.jar;c:\JAVALIBS\openjfx-20.0.1_windows-x64_bin-sdk\javafx-sdk-20.0.1\lib\javafx.base.jar;c:\JAVALIBS\openjfx-20.0.1_windows-x64_bin-sdk\javafx-sdk-20.0.1\lib\javafx.media.jar;c:\JAVALIBS\openjfx-20.0.1_windows-x64_bin-sdk\javafx-sdk-20.0.1\lib\javafx.swing.jar;c:\JAVALIBS\openjfx-20.0.1_windows-x64_bin-sdk\javafx-sdk-20.0.1\lib\javafx.controls.jar;c:\JAVALIBS\openjfx-20.0.1_windows-x64_bin-sdk\javafx-sdk-20.0.1\lib\javafx.web.jar;c:\JAVALIBS\openjfx-20.0.1_windows-x64_bin-sdk\javafx-sdk-20.0.1\lib\javafx-swt.jar;c:\JAVALIBS\openjfx-20.0.1_windows-x64_bin-sdk\javafx-sdk-20.0.1\lib\javafx.fxml.jar
Launcher Type: SUN_STANDARD

[Global flags]
     intx CICompilerCount                          = 4                                         {product} {ergonomic}
     uint ConcGCThreads                            = 2                                         {product} {ergonomic}
     uint G1ConcRefinementThreads                  = 8                                         {product} {ergonomic}
   size_t G1HeapRegionSize                         = 2097152                                   {product} {ergonomic}
    uintx GCDrainStackTargetSize                   = 64                                        {product} {ergonomic}
   size_t InitialHeapSize                          = 167772160                                 {product} {ergonomic}
   size_t MarkStackSize                            = 4194304                                   {product} {ergonomic}
   size_t MaxHeapSize                              = 2652897280                                {product} {ergonomic}
   size_t MaxNewSize                               = 1591738368                                {product} {ergonomic}
   size_t MinHeapDeltaBytes                        = 2097152                                   {product} {ergonomic}
   size_t MinHeapSize                              = 8388608                                   {product} {ergonomic}
    uintx NonNMethodCodeHeapSize                   = 5839372                                {pd product} {ergonomic}
    uintx NonProfiledCodeHeapSize                  = 122909434                              {pd product} {ergonomic}
    uintx ProfiledCodeHeapSize                     = 122909434                              {pd product} {ergonomic}
    uintx ReservedCodeCacheSize                    = 251658240                              {pd product} {ergonomic}
     bool SegmentedCodeCache                       = true                                      {product} {ergonomic}
     bool ShowCodeDetailsInExceptionMessages       = true                                   {manageable} {command line}
   size_t SoftMaxHeapSize                          = 2652897280                             {manageable} {ergonomic}
     bool UseCompressedClassPointers               = true                           {product lp64_product} {ergonomic}
     bool UseCompressedOops                        = true                           {product lp64_product} {ergonomic}
     bool UseG1GC                                  = true                                      {product} {ergonomic}
     bool UseLargePagesIndividualAllocation        = false                                  {pd product} {ergonomic}

Logging:
Log output configuration:
 #0: stdout all=warning uptime,level,tags
 #1: stderr all=off uptime,level,tags

Environment Variables:
PATH=C:\Program Files\Eclipse Adoptium\jdk-17.0.6.10-hotspot\bin;C:\Program Files\Common Files\Oracle\Java\javapath;C:\Program Files (x86)\Common Files\Oracle\Java\javapath;C:\Python310\Scripts\;C:\Python310\;C:\WINDOWS\system32;C:\WINDOWS;C:\WINDOWS\System32\Wbem;C:\WINDOWS\System32\OpenSSH\;C:\Program Files\nodejs\;C:\ProgramData\chocolatey\bin;C:\Program Files\PuTTY\;C:\Program Files (x86)\Microsoft SQL Server\150\DTS\Binn\;C:\Program Files\Azure Data Studio\bin;C:\WINDOWS\System32\WindowsPowerShell\v1.0\;C:\Program Files\Git\cmd;C:\Program Files\Docker\Docker\resources\bin;C:\Users\vinyl\AppData\Local\Microsoft\WindowsApps;C:\php-8.1.5-nts-Win32-vs16-x64;C:\Users\vinyl\AppData\Local\Programs\Microsoft VS Code\bin;C:\Users\vinyl\AppData\Roaming\npm;C:\Program Files\Azure Data Studio\bin;C:\MinGW\bin;
USERNAME=vinyl
LANG=en_US.UTF-8
OS=Windows_NT
PROCESSOR_IDENTIFIER=AMD64 Family 23 Model 24 Stepping 1, AuthenticAMD
TMP=C:\Users\vinyl\AppData\Local\Temp
TEMP=C:\Users\vinyl\AppData\Local\Temp



---------------  S Y S T E M  ---------------

OS:
 Windows 11 , 64 bit Build 22621 (10.0.22621.1344)
OS uptime: 5 days 17:22 hours
Hyper-V role detected

CPU: total 8 (initial active 8) (8 cores per cpu, 2 threads per core) family 23 model 24 stepping 1 microcode 0x0, cx8, cmov, fxsr, ht, mmx, 3dnowpref, sse, sse2, sse3, ssse3, sse4a, sse4.1, sse4.2, popcnt, lzcnt, tsc, tscinvbit, avx, avx2, aes, clmul, bmi1, bmi2, adx, sha, fma, vzeroupper, clflush, clflushopt, hv

Memory: 4k page, system-wide physical 10116M (960M free)
TotalPageFile size 24452M (AvailPageFile size 5389M)
current process WorkingSet (physical memory assigned to process): 57M, peak: 58M
current process commit charge ("private bytes"): 260M, peak: 260M

vm_info: OpenJDK 64-Bit Server VM (17.0.6+10) for windows-amd64 JRE (17.0.6+10), built on Jan 18 2023 10:08:59 by "temurin" with MS VC++ 16.7 (VS2019)

END.
