#
# A fatal error has been detected by the Java Runtime Environment:
#
#  EXCEPTION_ACCESS_VIOLATION (0xc0000005) at pc=0x00007ffd6d3a7421, pid=14872, tid=9848
#
# JRE version: OpenJDK Runtime Environment Temurin-17.0.6+10 (17.0.6+10) (build 17.0.6+10)
# Java VM: OpenJDK 64-Bit Server VM Temurin-17.0.6+10 (17.0.6+10, mixed mode, sharing, tiered, compressed oops, compressed class ptrs, g1 gc, windows-amd64)
# Problematic frame:
# V  [jvm.dll+0x307421]
#
# No core dump will be written. Minidumps are not enabled by default on client versions of Windows
#
# If you would like to submit a bug report, please visit:
#   https://github.com/adoptium/adoptium-support/issues
#

---------------  S U M M A R Y ------------

Command Line: --module-path=C:/JAVALIBS/openjfx-20.0.1_windows-x64_bin-sdk/javafx-sdk-20.0.1/lib --add-modules=javafx.controls,javafx.fxml -XX:+ShowCodeDetailsInExceptionMessages assets.view.App

Host: AMD Ryzen 5 3500U with Radeon Vega Mobile Gfx  , 8 cores, 9G,  Windows 11 , 64 bit Build 22621 (10.0.22621.1635)
Time: Tue May 16 23:45:38 2023 Hora oficial do Brasil elapsed time: 7.283386 seconds (0d 0h 0m 7s)

---------------  T H R E A D  ---------------

Current thread (0x000001df4e1eb440):  GCTaskThread "GC Thread#2" [stack: 0x00000099d8f00000,0x00000099d9000000] [id=9848]

Stack: [0x00000099d8f00000,0x00000099d9000000],  sp=0x00000099d8fff410,  free space=1021k
Native frames: (J=compiled Java code, j=interpreted, Vv=VM code, C=native code)
V  [jvm.dll+0x307421]
V  [jvm.dll+0x3041fe]
V  [jvm.dll+0x316e45]
V  [jvm.dll+0x1f52e4]
V  [jvm.dll+0x1f51c5]
V  [jvm.dll+0x30417b]
V  [jvm.dll+0x1f7ac8]
V  [jvm.dll+0x317e20]
V  [jvm.dll+0x317c65]
V  [jvm.dll+0x2ded54]
V  [jvm.dll+0x2e07ab]
V  [jvm.dll+0x8612eb]
V  [jvm.dll+0x861336]
V  [jvm.dll+0x7e483a]
V  [jvm.dll+0x6762c5]
C  [ucrtbase.dll+0x29363]
C  [KERNEL32.DLL+0x126ad]
C  [ntdll.dll+0x5a9f8]


siginfo: EXCEPTION_ACCESS_VIOLATION (0xc0000005), reading address 0x0000000000000600


Register to memory mapping:

RIP=0x00007ffd6d3a7421 jvm.dll
RAX=0x000001df2b241d62 points into unknown readable memory: 00 00 00 00 00 00
RBX=0x0000000769c275f1 is pointing into object: java.lang.invoke.MethodType 
{0x0000000769c275d8} - klass: 'java/lang/invoke/MethodType'
 - ---- fields (total size 5 words):
 - private final synchronized 'rtype' 'Ljava/lang/Class;' @12  a 'java/lang/Class'{0x00000007627f08a8} = void (ec4fe115)
 - private final synchronized 'ptypes' '[Ljava/lang/Class;' @16  a 'java/lang/Class'[11] {0x0000000769c27600} (ed384ec0)
 - private synchronized 'form' 'Ljava/lang/invoke/MethodTypeForm;' @20  a 'java/lang/invoke/MethodTypeForm'{0x0000000769c275b8} (ed384eb7)
 - private synchronized 'wrapAlt' 'Ljava/lang/Object;' @24  
[error occurred during error reporting (printing register info), id 0xc0000005, EXCEPTION_ACCESS_VIOLATION (0xc0000005) at pc=0x00007ffd6d4302ee]

Registers:
RAX=0x000001df2b241d62, RBX=0x0000000769c275f1, RCX=0x0000000000000000, RDX=0x0000000000000000
RSP=0x00000099d8fff410, RBP=0x000000000000028f, RSI=0x0000000769c275f0, RDI=0x000001df4e2920c0
R8 =0x0000000769c275b8, R9 =0x0000000000000010, R10=0x0000000000000600, R11=0x0000000000000001
R12=0x000001df4d49b6e8, R13=0x00000000000003d8, R14=0x0000000000000040, R15=0x0000000000000000
RIP=0x00007ffd6d3a7421, EFLAGS=0x0000000000010246

Top of Stack: (sp=0x00000099d8fff410)
0x00000099d8fff410:   0000000000000001 0000000003b10001
0x00000099d8fff420:   000001df2b210001 0000000000000009
0x00000099d8fff430:   00000099d8fff4b0 000001df54904492
0x00000099d8fff440:   0000000000000008 0000000000000001
0x00000099d8fff450:   0000000000000001 000001df4eeddec0
0x00000099d8fff460:   000001df4ef05de8 000001df4eeddec0
0x00000099d8fff470:   0000000000000001 000001df4da24090
0x00000099d8fff480:   000001df4e2920c0 00007ffd6d3a41fe
0x00000099d8fff490:   000001df4ef05db8 000001df4eeddec0
0x00000099d8fff4a0:   000001df4ef00000 00000000000003d8
0x00000099d8fff4b0:   00000000044dacca 0000000000000000
0x00000099d8fff4c0:   0000000000000001 000001df4ef05de8
0x00000099d8fff4d0:   000001df4ef05de8 00007ffd6d3b6e45
0x00000099d8fff4e0:   000001df4c790000 0000000000000001
0x00000099d8fff4f0:   0000000000000001 000000734084b309
0x00000099d8fff500:   000001df4eeddec0 00007ffd6d2952e4 

Instructions: (pc=0x00007ffd6d3a7421)
0x00007ffd6d3a7321:   1b fd ff ff 66 66 66 0f 1f 84 00 00 00 00 00 48
0x00007ffd6d3a7331:   8b 77 10 8b ae 80 00 00 00 8b cd 8b 86 00 01 00
0x00007ffd6d3a7341:   00 2b c8 81 e1 ff ff 01 00 41 3b ce 0f 86 06 03
0x00007ffd6d3a7351:   00 00 ff cd 81 e5 ff ff 01 00 89 ae 80 00 00 00
0x00007ffd6d3a7361:   e8 fa 0f 36 00 8b 86 00 01 00 00 8b cd 48 8b 9e
0x00007ffd6d3a7371:   80 01 00 00 2b c8 81 e1 ff ff 01 00 8b d5 81 f9
0x00007ffd6d3a7381:   ff ff 01 00 48 8b 1c eb 41 0f 44 cf 85 c9 75 41
0x00007ffd6d3a7391:   48 8b 86 00 01 00 00 48 8b c8 48 89 44 24 28 48
0x00007ffd6d3a73a1:   c1 e9 20 ff c1 89 6c 24 20 89 4c 24 24 3b e8 0f
0x00007ffd6d3a73b1:   85 91 02 00 00 48 c1 e1 20 48 0b ca f0 48 0f b1
0x00007ffd6d3a73c1:   8e 00 01 00 00 0f 85 7b 02 00 00 8b 86 00 01 00
0x00007ffd6d3a73d1:   00 f6 c3 01 0f 84 3c 01 00 00 8b 0d f7 6e 7f 00
0x00007ffd6d3a73e1:   48 8d 73 ff 48 8b 47 08 44 8b 16 49 d3 e2 4c 03
0x00007ffd6d3a73f1:   15 da 6e 7f 00 8b 88 90 05 00 00 49 8b d2 48 8b
0x00007ffd6d3a7401:   80 80 05 00 00 48 d3 ea 0f b7 0c 50 66 89 8c 24
0x00007ffd6d3a7411:   90 00 00 00 66 c1 e9 08 84 c9 0f 88 0f ff ff ff
0x00007ffd6d3a7421:   4d 8b 02 41 0f b6 c0 24 03 3c 03 75 1e 44 38 3d
0x00007ffd6d3a7431:   0b 31 86 00 74 0f 41 0f b6 c0 24 07 3c 05 75 05
0x00007ffd6d3a7441:   4d 8b c7 eb 1f 49 83 e0 fc eb 19 0f b7 94 24 90
0x00007ffd6d3a7451:   00 00 00 4d 8b c8 4d 8b c2 48 8b cf e8 1e ef ff
0x00007ffd6d3a7461:   ff 4c 8b c0 8b 0d 6d 6e 7f 00 49 8b d0 48 2b 15
0x00007ffd6d3a7471:   5b 6e 7f 00 48 d3 ea 89 16 49 8b d0 8b 0d 3d 39
0x00007ffd6d3a7481:   86 00 48 33 d6 48 d3 ea 48 85 d2 0f 84 9e fe ff
0x00007ffd6d3a7491:   ff 48 8b 47 08 48 8b d6 8b 88 c0 01 00 00 48 8b
0x00007ffd6d3a74a1:   80 b0 01 00 00 48 d3 ea 48 8b 0c d0 8b 81 94 00
0x00007ffd6d3a74b1:   00 00 d1 e8 a8 01 0f 85 73 fe ff ff 48 8b 47 08
0x00007ffd6d3a74c1:   8b 88 90 05 00 00 48 8b 80 80 05 00 00 49 d3 e8
0x00007ffd6d3a74d1:   46 38 3c 40 0f 84 55 fe ff ff 48 8b 47 60 48 c1
0x00007ffd6d3a74e1:   ee 09 48 8b 58 40 48 8b 48 38 48 03 de 48 2b d9
0x00007ffd6d3a74f1:   48 39 9f b0 01 00 00 0f 84 32 fe ff ff 48 8d 14
0x00007ffd6d3a7501:   0b 48 8d 4f 18 e8 c5 40 00 00 48 89 9f b0 01 00
0x00007ffd6d3a7511:   00 e9 19 fe ff ff f6 c3 03 0f 85 16 01 00 00 48 


Stack slot to memory mapping:
stack at sp + 0 slots: 0x0000000000000001 is an unknown value
stack at sp + 1 slots: 0x0000000003b10001 is an unknown value
stack at sp + 2 slots: 0x000001df2b210001 points into unknown readable memory: 00 00 00 00 00 00 00
stack at sp + 3 slots: 0x0000000000000009 is an unknown value
stack at sp + 4 slots: 0x00000099d8fff4b0 points into unknown readable memory: 0x00000000044dacca | ca ac 4d 04 00 00 00 00
stack at sp + 5 slots: 0x000001df54904492 points into unknown readable memory: 00 00 00 00 00 00
stack at sp + 6 slots: 0x0000000000000008 is an unknown value
stack at sp + 7 slots: 0x0000000000000001 is an unknown value


---------------  P R O C E S S  ---------------

Threads class SMR info:
_java_thread_list=0x000001df54c78bd0, length=22, elements={
0x000001df2b1f8b60, 0x000001df4c78db60, 0x000001df4c78ef20, 0x000001df4c7a5ef0,
0x000001df4c7a8dc0, 0x000001df4c7ab780, 0x000001df4c7ac130, 0x000001df4c7ade20,
0x000001df4c7b6820, 0x000001df4c7b8940, 0x000001df4c77a7a0, 0x000001df4de25190,
0x000001df4e188e40, 0x000001df4e0e42a0, 0x000001df4e0e8f90, 0x000001df4eb86a40,
0x000001df4eb48880, 0x000001df54bb5830, 0x000001df54e06010, 0x000001df4e2a3770,
0x000001df549006f0, 0x000001df54903480
}

Java Threads: ( => current thread )
  0x000001df2b1f8b60 JavaThread "main" [_thread_blocked, id=15424, stack(0x00000099d6d00000,0x00000099d6e00000)]
  0x000001df4c78db60 JavaThread "Reference Handler" daemon [_thread_blocked, id=17264, stack(0x00000099d7400000,0x00000099d7500000)]
  0x000001df4c78ef20 JavaThread "Finalizer" daemon [_thread_blocked, id=15628, stack(0x00000099d7500000,0x00000099d7600000)]
  0x000001df4c7a5ef0 JavaThread "Signal Dispatcher" daemon [_thread_blocked, id=13404, stack(0x00000099d7600000,0x00000099d7700000)]
  0x000001df4c7a8dc0 JavaThread "Attach Listener" daemon [_thread_blocked, id=16840, stack(0x00000099d7700000,0x00000099d7800000)]
  0x000001df4c7ab780 JavaThread "Service Thread" daemon [_thread_blocked, id=2176, stack(0x00000099d7800000,0x00000099d7900000)]
  0x000001df4c7ac130 JavaThread "Monitor Deflation Thread" daemon [_thread_blocked, id=16548, stack(0x00000099d7900000,0x00000099d7a00000)]
  0x000001df4c7ade20 JavaThread "C2 CompilerThread0" daemon [_thread_blocked, id=15060, stack(0x00000099d7a00000,0x00000099d7b00000)]
  0x000001df4c7b6820 JavaThread "C1 CompilerThread0" daemon [_thread_blocked, id=15340, stack(0x00000099d7b00000,0x00000099d7c00000)]
  0x000001df4c7b8940 JavaThread "Sweeper thread" daemon [_thread_blocked, id=11660, stack(0x00000099d7c00000,0x00000099d7d00000)]
  0x000001df4c77a7a0 JavaThread "Common-Cleaner" daemon [_thread_blocked, id=9032, stack(0x00000099d7d00000,0x00000099d7e00000)]
  0x000001df4de25190 JavaThread "Notification Thread" daemon [_thread_blocked, id=7732, stack(0x00000099d8000000,0x00000099d8100000)]
  0x000001df4e188e40 JavaThread "QuantumRenderer-0" daemon [_thread_blocked, id=16588, stack(0x00000099d7f00000,0x00000099d8000000)]
  0x000001df4e0e42a0 JavaThread "InvokeLaterDispatcher" daemon [_thread_blocked, id=12980, stack(0x00000099d8400000,0x00000099d8500000)]
  0x000001df4e0e8f90 JavaThread "JavaFX Application Thread" [_thread_blocked, id=15972, stack(0x00000099d8500000,0x00000099d8600000)]
  0x000001df4eb86a40 JavaThread "Thread-1" daemon [_thread_blocked, id=7136, stack(0x00000099d8c00000,0x00000099d8d00000)]
  0x000001df4eb48880 JavaThread "JavaFX-Launcher" [_thread_blocked, id=14764, stack(0x00000099d8d00000,0x00000099d8e00000)]
  0x000001df54bb5830 JavaThread "Prism Font Disposer" daemon [_thread_blocked, id=16640, stack(0x00000099d9b00000,0x00000099d9c00000)]
  0x000001df54e06010 JavaThread "Cleaner-0" daemon [_thread_blocked, id=13340, stack(0x00000099d9300000,0x00000099d9400000)]
  0x000001df4e2a3770 JavaThread "mysql-cj-abandoned-connection-cleanup" daemon [_thread_blocked, id=17272, stack(0x00000099d9d00000,0x00000099d9e00000)]
  0x000001df549006f0 JavaThread "C2 CompilerThread1" daemon [_thread_blocked, id=13812, stack(0x00000099d9e00000,0x00000099d9f00000)]
  0x000001df54903480 JavaThread "C2 CompilerThread2" daemon [_thread_blocked, id=16028, stack(0x00000099d9f00000,0x00000099da000000)]

Other Threads:
  0x000001df4c78a110 VMThread "VM Thread" [stack: 0x00000099d7300000,0x00000099d7400000] [id=7640]
  0x000001df4d8e8690 WatcherThread [stack: 0x00000099d8100000,0x00000099d8200000] [id=11512]
  0x000001df2b24a340 GCTaskThread "GC Thread#0" [stack: 0x00000099d6e00000,0x00000099d6f00000] [id=17256]
  0x000001df4ec4ad00 GCTaskThread "GC Thread#1" [stack: 0x00000099d8e00000,0x00000099d8f00000] [id=5340]
=>0x000001df4e1eb440 GCTaskThread "GC Thread#2" [stack: 0x00000099d8f00000,0x00000099d9000000] [id=9848]
  0x000001df4e18f330 GCTaskThread "GC Thread#3" [stack: 0x00000099d9000000,0x00000099d9100000] [id=7428]
  0x000001df4e18f5e0 GCTaskThread "GC Thread#4" [stack: 0x00000099d9100000,0x00000099d9200000] [id=16992]
  0x000001df4eaac620 GCTaskThread "GC Thread#5" [stack: 0x00000099d9200000,0x00000099d9300000] [id=16720]
  0x000001df4e3e9d00 GCTaskThread "GC Thread#6" [stack: 0x00000099d9500000,0x00000099d9600000] [id=1616]
  0x000001df4e6424b0 GCTaskThread "GC Thread#7" [stack: 0x00000099d9600000,0x00000099d9700000] [id=16136]
  0x000001df2b255090 ConcurrentGCThread "G1 Main Marker" [stack: 0x00000099d6f00000,0x00000099d7000000] [id=15780]
  0x000001df2b255aa0 ConcurrentGCThread "G1 Conc#0" [stack: 0x00000099d7000000,0x00000099d7100000] [id=11668]
  0x000001df2b2bec30 ConcurrentGCThread "G1 Refine#0" [stack: 0x00000099d7100000,0x00000099d7200000] [id=16832]
  0x000001df4ec92bb0 ConcurrentGCThread "G1 Refine#1" [stack: 0x00000099d9700000,0x00000099d9800000] [id=1828]
  0x000001df4e59cac0 ConcurrentGCThread "G1 Refine#2" [stack: 0x00000099d9800000,0x00000099d9900000] [id=9544]
  0x000001df549049b0 ConcurrentGCThread "G1 Refine#3" [stack: 0x00000099d9900000,0x00000099d9a00000] [id=16744]
  0x000001df54904c90 ConcurrentGCThread "G1 Refine#4" [stack: 0x00000099d9a00000,0x00000099d9b00000] [id=10924]
  0x000001df4c64cc30 ConcurrentGCThread "G1 Service" [stack: 0x00000099d7200000,0x00000099d7300000] [id=13376]

Threads with active compile tasks:

VM state: at safepoint (normal execution)

VM Mutex/Monitor currently owned by a thread:  ([mutex/lock_event])
[0x000001df2b1f34a0] Threads_lock - owner thread: 0x000001df4c78a110
[0x000001df2b1f3890] Heap_lock - owner thread: 0x000001df4e0e8f90

Heap address: 0x0000000761e00000, size: 2530 MB, Compressed Oops mode: Zero based, Oop shift amount: 3

CDS archive(s) mapped at: [0x0000000800000000-0x0000000800bc0000-0x0000000800bc0000), size 12320768, SharedBaseAddress: 0x0000000800000000, ArchiveRelocationMode: 0.
Compressed class space mapped at: 0x0000000800c00000-0x0000000840c00000, reserved size: 1073741824
Narrow klass base: 0x0000000800000000, Narrow klass shift: 0, Narrow klass range: 0x100000000

GC Precious Log:
 CPUs: 8 total, 8 available
 Memory: 10116M
 Large Page Support: Disabled
 NUMA Support: Disabled
 Compressed Oops: Enabled (Zero based)
 Heap Region Size: 2M
 Heap Min Capacity: 8M
 Heap Initial Capacity: 160M
 Heap Max Capacity: 2530M
 Pre-touch: Disabled
 Parallel Workers: 8
 Concurrent Workers: 2
 Concurrent Refinement Workers: 8
 Periodic GC: Disabled

Heap:
 garbage-first heap   total 163840K, used 51092K [0x0000000761e00000, 0x0000000800000000)
  region size 2048K, 19 young (38912K), 3 survivors (6144K)
 Metaspace       used 19178K, committed 19456K, reserved 1073152K
  class space    used 2871K, committed 3008K, reserved 1048576K

Heap Regions: E=young(eden), S=young(survivor), O=old, HS=humongous(starts), HC=humongous(continues), CS=collection set, F=free, OA=open archive, CA=closed archive, TAMS=top-at-mark-start (previous, next)
|   0|0x0000000761e00000, 0x0000000762000000, 0x0000000762000000|100%| O|  |TAMS 0x0000000761e00000, 0x0000000761e00000| Untracked 
|   1|0x0000000762000000, 0x0000000762200000, 0x0000000762200000|100%| O|  |TAMS 0x0000000762000000, 0x0000000762000000| Untracked 
|   2|0x0000000762200000, 0x0000000762400000, 0x0000000762400000|100%| O|  |TAMS 0x0000000762200000, 0x0000000762200000| Untracked 
|   3|0x0000000762400000, 0x0000000762600000, 0x0000000762600000|100%| O|  |TAMS 0x0000000762400000, 0x0000000762400000| Untracked 
|   4|0x0000000762600000, 0x0000000762800000, 0x0000000762800000|100%| O|  |TAMS 0x0000000762600000, 0x0000000762600000| Untracked 
|   5|0x0000000762800000, 0x0000000762a00000, 0x0000000762a00000|100%|HS|  |TAMS 0x0000000762800000, 0x0000000762800000| Complete 
|   6|0x0000000762a00000, 0x0000000762c00000, 0x0000000762c00000|100%| O|  |TAMS 0x0000000762a00000, 0x0000000762a00000| Untracked 
|   7|0x0000000762c00000, 0x0000000762e00000, 0x0000000762e00000|100%| O|  |TAMS 0x0000000762c00000, 0x0000000762c00000| Untracked 
|   8|0x0000000762e00000, 0x0000000762eafea0, 0x0000000763000000| 34%| O|  |TAMS 0x0000000762e00000, 0x0000000762e00000| Untracked 
|   9|0x0000000763000000, 0x0000000763000000, 0x0000000763200000|  0%| F|  |TAMS 0x0000000763000000, 0x0000000763000000| Untracked 
|  10|0x0000000763200000, 0x0000000763200000, 0x0000000763400000|  0%| F|  |TAMS 0x0000000763200000, 0x0000000763200000| Untracked 
|  11|0x0000000763400000, 0x0000000763400000, 0x0000000763600000|  0%| F|  |TAMS 0x0000000763400000, 0x0000000763400000| Untracked 
|  12|0x0000000763600000, 0x0000000763600000, 0x0000000763800000|  0%| F|  |TAMS 0x0000000763600000, 0x0000000763600000| Untracked 
|  13|0x0000000763800000, 0x0000000763800000, 0x0000000763a00000|  0%| F|  |TAMS 0x0000000763800000, 0x0000000763800000| Untracked 
|  14|0x0000000763a00000, 0x0000000763a00000, 0x0000000763c00000|  0%| F|  |TAMS 0x0000000763a00000, 0x0000000763a00000| Untracked 
|  15|0x0000000763c00000, 0x0000000763c00000, 0x0000000763e00000|  0%| F|  |TAMS 0x0000000763c00000, 0x0000000763c00000| Untracked 
|  16|0x0000000763e00000, 0x0000000763e00000, 0x0000000764000000|  0%| F|  |TAMS 0x0000000763e00000, 0x0000000763e00000| Untracked 
|  17|0x0000000764000000, 0x0000000764000000, 0x0000000764200000|  0%| F|  |TAMS 0x0000000764000000, 0x0000000764000000| Untracked 
|  18|0x0000000764200000, 0x0000000764200000, 0x0000000764400000|  0%| F|  |TAMS 0x0000000764200000, 0x0000000764200000| Untracked 
|  19|0x0000000764400000, 0x0000000764400000, 0x0000000764600000|  0%| F|  |TAMS 0x0000000764400000, 0x0000000764400000| Untracked 
|  20|0x0000000764600000, 0x0000000764600000, 0x0000000764800000|  0%| F|  |TAMS 0x0000000764600000, 0x0000000764600000| Untracked 
|  21|0x0000000764800000, 0x0000000764800000, 0x0000000764a00000|  0%| F|  |TAMS 0x0000000764800000, 0x0000000764800000| Untracked 
|  22|0x0000000764a00000, 0x0000000764a00000, 0x0000000764c00000|  0%| F|  |TAMS 0x0000000764a00000, 0x0000000764a00000| Untracked 
|  23|0x0000000764c00000, 0x0000000764c00000, 0x0000000764e00000|  0%| F|  |TAMS 0x0000000764c00000, 0x0000000764c00000| Untracked 
|  24|0x0000000764e00000, 0x0000000764e00000, 0x0000000765000000|  0%| F|  |TAMS 0x0000000764e00000, 0x0000000764e00000| Untracked 
|  25|0x0000000765000000, 0x0000000765000000, 0x0000000765200000|  0%| F|  |TAMS 0x0000000765000000, 0x0000000765000000| Untracked 
|  26|0x0000000765200000, 0x0000000765200000, 0x0000000765400000|  0%| F|  |TAMS 0x0000000765200000, 0x0000000765200000| Untracked 
|  27|0x0000000765400000, 0x0000000765400000, 0x0000000765600000|  0%| F|  |TAMS 0x0000000765400000, 0x0000000765400000| Untracked 
|  28|0x0000000765600000, 0x0000000765600000, 0x0000000765800000|  0%| F|  |TAMS 0x0000000765600000, 0x0000000765600000| Untracked 
|  29|0x0000000765800000, 0x0000000765800000, 0x0000000765a00000|  0%| F|  |TAMS 0x0000000765800000, 0x0000000765800000| Untracked 
|  30|0x0000000765a00000, 0x0000000765a00000, 0x0000000765c00000|  0%| F|  |TAMS 0x0000000765a00000, 0x0000000765a00000| Untracked 
|  31|0x0000000765c00000, 0x0000000765c00000, 0x0000000765e00000|  0%| F|  |TAMS 0x0000000765c00000, 0x0000000765c00000| Untracked 
|  32|0x0000000765e00000, 0x0000000765e00000, 0x0000000766000000|  0%| F|  |TAMS 0x0000000765e00000, 0x0000000765e00000| Untracked 
|  33|0x0000000766000000, 0x0000000766000000, 0x0000000766200000|  0%| F|  |TAMS 0x0000000766000000, 0x0000000766000000| Untracked 
|  34|0x0000000766200000, 0x0000000766200000, 0x0000000766400000|  0%| F|  |TAMS 0x0000000766200000, 0x0000000766200000| Untracked 
|  35|0x0000000766400000, 0x0000000766400000, 0x0000000766600000|  0%| F|  |TAMS 0x0000000766400000, 0x0000000766400000| Untracked 
|  36|0x0000000766600000, 0x0000000766600000, 0x0000000766800000|  0%| F|  |TAMS 0x0000000766600000, 0x0000000766600000| Untracked 
|  37|0x0000000766800000, 0x0000000766800000, 0x0000000766a00000|  0%| F|  |TAMS 0x0000000766800000, 0x0000000766800000| Untracked 
|  38|0x0000000766a00000, 0x0000000766a00000, 0x0000000766c00000|  0%| F|  |TAMS 0x0000000766a00000, 0x0000000766a00000| Untracked 
|  39|0x0000000766c00000, 0x0000000766c00000, 0x0000000766e00000|  0%| F|  |TAMS 0x0000000766c00000, 0x0000000766c00000| Untracked 
|  40|0x0000000766e00000, 0x0000000766e00000, 0x0000000767000000|  0%| F|  |TAMS 0x0000000766e00000, 0x0000000766e00000| Untracked 
|  41|0x0000000767000000, 0x0000000767000000, 0x0000000767200000|  0%| F|  |TAMS 0x0000000767000000, 0x0000000767000000| Untracked 
|  42|0x0000000767200000, 0x0000000767200000, 0x0000000767400000|  0%| F|  |TAMS 0x0000000767200000, 0x0000000767200000| Untracked 
|  43|0x0000000767400000, 0x0000000767400000, 0x0000000767600000|  0%| F|  |TAMS 0x0000000767400000, 0x0000000767400000| Untracked 
|  44|0x0000000767600000, 0x0000000767600000, 0x0000000767800000|  0%| F|  |TAMS 0x0000000767600000, 0x0000000767600000| Untracked 
|  45|0x0000000767800000, 0x0000000767800000, 0x0000000767a00000|  0%| F|  |TAMS 0x0000000767800000, 0x0000000767800000| Untracked 
|  46|0x0000000767a00000, 0x0000000767a00000, 0x0000000767c00000|  0%| F|  |TAMS 0x0000000767a00000, 0x0000000767a00000| Untracked 
|  47|0x0000000767c00000, 0x0000000767c00000, 0x0000000767e00000|  0%| F|  |TAMS 0x0000000767c00000, 0x0000000767c00000| Untracked 
|  48|0x0000000767e00000, 0x0000000767e00000, 0x0000000768000000|  0%| F|  |TAMS 0x0000000767e00000, 0x0000000767e00000| Untracked 
|  49|0x0000000768000000, 0x0000000768000000, 0x0000000768200000|  0%| F|  |TAMS 0x0000000768000000, 0x0000000768000000| Untracked 
|  50|0x0000000768200000, 0x0000000768200000, 0x0000000768400000|  0%| F|  |TAMS 0x0000000768200000, 0x0000000768200000| Untracked 
|  51|0x0000000768400000, 0x0000000768400000, 0x0000000768600000|  0%| F|  |TAMS 0x0000000768400000, 0x0000000768400000| Untracked 
|  52|0x0000000768600000, 0x0000000768600000, 0x0000000768800000|  0%| F|  |TAMS 0x0000000768600000, 0x0000000768600000| Untracked 
|  53|0x0000000768800000, 0x0000000768800000, 0x0000000768a00000|  0%| F|  |TAMS 0x0000000768800000, 0x0000000768800000| Untracked 
|  54|0x0000000768a00000, 0x0000000768a00000, 0x0000000768c00000|  0%| F|  |TAMS 0x0000000768a00000, 0x0000000768a00000| Untracked 
|  55|0x0000000768c00000, 0x0000000768c00000, 0x0000000768e00000|  0%| F|  |TAMS 0x0000000768c00000, 0x0000000768c00000| Untracked 
|  56|0x0000000768e00000, 0x0000000768e00000, 0x0000000769000000|  0%| F|  |TAMS 0x0000000768e00000, 0x0000000768e00000| Untracked 
|  57|0x0000000769000000, 0x0000000769000000, 0x0000000769200000|  0%| F|  |TAMS 0x0000000769000000, 0x0000000769000000| Untracked 
|  58|0x0000000769200000, 0x0000000769400000, 0x0000000769400000|100%| E|CS|TAMS 0x0000000769200000, 0x0000000769200000| Complete 
|  59|0x0000000769400000, 0x0000000769600000, 0x0000000769600000|100%| E|CS|TAMS 0x0000000769400000, 0x0000000769400000| Complete 
|  60|0x0000000769600000, 0x0000000769800000, 0x0000000769800000|100%| E|CS|TAMS 0x0000000769600000, 0x0000000769600000| Complete 
|  61|0x0000000769800000, 0x0000000769a00000, 0x0000000769a00000|100%| S|  |TAMS 0x0000000769800000, 0x0000000769800000| Complete 
|  62|0x0000000769a00000, 0x0000000769c00000, 0x0000000769c00000|100%| S|  |TAMS 0x0000000769a00000, 0x0000000769a00000| Complete 
|  63|0x0000000769c00000, 0x0000000769e00000, 0x0000000769e00000|100%| S|  |TAMS 0x0000000769c00000, 0x0000000769c00000| Complete 
|  64|0x0000000769e00000, 0x000000076a000000, 0x000000076a000000|100%| E|CS|TAMS 0x0000000769e00000, 0x0000000769e00000| Complete 
|  65|0x000000076a000000, 0x000000076a200000, 0x000000076a200000|100%| E|CS|TAMS 0x000000076a000000, 0x000000076a000000| Complete 
|  66|0x000000076a200000, 0x000000076a400000, 0x000000076a400000|100%| E|CS|TAMS 0x000000076a200000, 0x000000076a200000| Complete 
|  67|0x000000076a400000, 0x000000076a600000, 0x000000076a600000|100%| E|CS|TAMS 0x000000076a400000, 0x000000076a400000| Complete 
|  68|0x000000076a600000, 0x000000076a800000, 0x000000076a800000|100%| E|CS|TAMS 0x000000076a600000, 0x000000076a600000| Complete 
|  69|0x000000076a800000, 0x000000076aa00000, 0x000000076aa00000|100%| E|CS|TAMS 0x000000076a800000, 0x000000076a800000| Complete 
|  70|0x000000076aa00000, 0x000000076ac00000, 0x000000076ac00000|100%| E|CS|TAMS 0x000000076aa00000, 0x000000076aa00000| Complete 
|  71|0x000000076ac00000, 0x000000076ae00000, 0x000000076ae00000|100%| E|CS|TAMS 0x000000076ac00000, 0x000000076ac00000| Complete 
|  72|0x000000076ae00000, 0x000000076b000000, 0x000000076b000000|100%| E|CS|TAMS 0x000000076ae00000, 0x000000076ae00000| Complete 
|  73|0x000000076b000000, 0x000000076b200000, 0x000000076b200000|100%| E|CS|TAMS 0x000000076b000000, 0x000000076b000000| Complete 
|  74|0x000000076b200000, 0x000000076b400000, 0x000000076b400000|100%| E|CS|TAMS 0x000000076b200000, 0x000000076b200000| Complete 
|  75|0x000000076b400000, 0x000000076b600000, 0x000000076b600000|100%| E|CS|TAMS 0x000000076b400000, 0x000000076b400000| Complete 
|  76|0x000000076b600000, 0x000000076b800000, 0x000000076b800000|100%| E|CS|TAMS 0x000000076b600000, 0x000000076b600000| Complete 
|  77|0x000000076b800000, 0x000000076ba00000, 0x000000076ba00000|100%| E|CS|TAMS 0x000000076b800000, 0x000000076b800000| Complete 
|  78|0x000000076ba00000, 0x000000076bc00000, 0x000000076bc00000|100%| E|CS|TAMS 0x000000076ba00000, 0x000000076ba00000| Complete 
|  79|0x000000076bc00000, 0x000000076be00000, 0x000000076be00000|100%| E|CS|TAMS 0x000000076bc00000, 0x000000076bc00000| Complete 

Card table byte_map: [0x000001df44420000,0x000001df44920000] _byte_map_base: 0x000001df40911000

Marking Bits (Prev, Next): (CMBitMap*) 0x000001df2b24a950, (CMBitMap*) 0x000001df2b24a990
 Prev Bits: [0x000001df44e20000, 0x000001df475a8000)
 Next Bits: [0x000001df475b0000, 0x000001df49d38000)

Polling page: 0x000001df2b2c0000

Metaspace:

Usage:
  Non-class:     15.92 MB used.
      Class:      2.80 MB used.
       Both:     18.73 MB used.

Virtual space:
  Non-class space:       24.00 MB reserved,      16.06 MB ( 67%) committed,  3 nodes.
      Class space:        1.00 GB reserved,       2.94 MB ( <1%) committed,  1 nodes.
             Both:        1.02 GB reserved,      19.00 MB (  2%) committed. 

Chunk freelists:
   Non-Class:  3.61 MB
       Class:  992.00 KB
        Both:  4.58 MB

MaxMetaspaceSize: unlimited
CompressedClassSpaceSize: 1.00 GB
Initial GC threshold: 21.00 MB
Current GC threshold: 21.00 MB
CDS: on
MetaspaceReclaimPolicy: balanced
 - commit_granule_bytes: 65536.
 - commit_granule_words: 8192.
 - virtual_space_node_default_size: 1048576.
 - enlarge_chunks_in_place: 1.
 - new_chunks_are_fully_committed: 0.
 - uncommit_free_chunks: 1.
 - use_allocation_guard: 0.
 - handle_deallocations: 1.


Internal statistics:

num_allocs_failed_limit: 0.
num_arena_births: 192.
num_arena_deaths: 0.
num_vsnodes_births: 4.
num_vsnodes_deaths: 0.
num_space_committed: 304.
num_space_uncommitted: 0.
num_chunks_returned_to_freelist: 0.
num_chunks_taken_from_freelist: 839.
num_chunk_merges: 0.
num_chunk_splits: 594.
num_chunks_enlarged: 501.
num_purges: 0.
num_inconsistent_stats: 0.

CodeHeap 'non-profiled nmethods': size=120000Kb used=1319Kb max_used=1319Kb free=118680Kb
 bounds [0x000001df3bf80000, 0x000001df3c1f0000, 0x000001df434b0000]
CodeHeap 'profiled nmethods': size=120000Kb used=6096Kb max_used=6096Kb free=113904Kb
 bounds [0x000001df344b0000, 0x000001df34ab0000, 0x000001df3b9e0000]
CodeHeap 'non-nmethods': size=5760Kb used=1467Kb max_used=1501Kb free=4292Kb
 bounds [0x000001df3b9e0000, 0x000001df3bc50000, 0x000001df3bf80000]
 total_blobs=4012 nmethods=3173 adapters=751
 compilation: enabled
              stopped_count=0, restarted_count=0
 full_count=0

Compilation events (20 events):
Event: 7.206 Thread 0x000001df4c7b6820 3165       3       jdk.internal.loader.ClassLoaders$AppClassLoader::defineOrCheckPackage (8 bytes)
Event: 7.206 Thread 0x000001df4c7b6820 nmethod 3165 0x000001df34a9f690 code [0x000001df34a9f820, 0x000001df34a9f968]
Event: 7.206 Thread 0x000001df4c7b6820 3166   !   3       jdk.internal.loader.BuiltinClassLoader::defineOrCheckPackage (94 bytes)
Event: 7.208 Thread 0x000001df4c7b6820 nmethod 3166 0x000001df34a9fa10 code [0x000001df34a9fc80, 0x000001df34aa0618]
Event: 7.208 Thread 0x000001df4c7b6820 3167       3       java.security.SecureClassLoader::defineClass (16 bytes)
Event: 7.209 Thread 0x000001df4c7b6820 nmethod 3167 0x000001df34aa0990 code [0x000001df34aa0b40, 0x000001df34aa0cd8]
Event: 7.209 Thread 0x000001df4c7b6820 3168       3       jdk.internal.loader.URLClassPath$JarLoader$2::<init> (31 bytes)
Event: 7.209 Thread 0x000001df4c7b6820 nmethod 3168 0x000001df34aa0d90 code [0x000001df34aa0f40, 0x000001df34aa12d8]
Event: 7.213 Thread 0x000001df4c7b6820 3169       3       java.util.zip.CRC32::<init> (5 bytes)
Event: 7.213 Thread 0x000001df4c7b6820 nmethod 3169 0x000001df34aa1410 code [0x000001df34aa15a0, 0x000001df34aa16f8]
Event: 7.213 Thread 0x000001df4c7b6820 3170       3       java.util.zip.CRC32::getValue (10 bytes)
Event: 7.213 Thread 0x000001df4c7b6820 nmethod 3170 0x000001df34aa1790 code [0x000001df34aa1920, 0x000001df34aa1a38]
Event: 7.213 Thread 0x000001df4c7b6820 3171       3       jdk.internal.loader.URLClassPath$JarLoader$2::getCodeSourceURL (8 bytes)
Event: 7.213 Thread 0x000001df4c7b6820 nmethod 3171 0x000001df34aa1b10 code [0x000001df34aa1ca0, 0x000001df34aa1db8]
Event: 7.213 Thread 0x000001df4c7b6820 3172       3       jdk.internal.loader.URLClassPath$JarLoader$2::getManifest (26 bytes)
Event: 7.214 Thread 0x000001df4c7b6820 nmethod 3172 0x000001df34aa1e90 code [0x000001df34aa20c0, 0x000001df34aa2788]
Event: 7.214 Thread 0x000001df4c7b6820 3173       3       java.util.jar.JavaUtilJarAccessImpl::ensureInitialization (5 bytes)
Event: 7.214 Thread 0x000001df4c7b6820 nmethod 3173 0x000001df34aa2a90 code [0x000001df34aa2c40, 0x000001df34aa2e08]
Event: 7.217 Thread 0x000001df4c7b6820 3174   !   3       jdk.internal.loader.URLClassPath$JarLoader::checkResource (78 bytes)
Event: 7.218 Thread 0x000001df4c7b6820 nmethod 3174 0x000001df34aa2f10 code [0x000001df34aa3160, 0x000001df34aa3ba8]

GC Heap History (5 events):
Event: 1.586 GC heap before
{Heap before GC invocations=0 (full 0):
 garbage-first heap   total 163840K, used 22528K [0x0000000761e00000, 0x0000000800000000)
  region size 2048K, 11 young (22528K), 0 survivors (0K)
 Metaspace       used 5159K, committed 5312K, reserved 1056768K
  class space    used 681K, committed 768K, reserved 1048576K
}
Event: 1.592 GC heap after
{Heap after GC invocations=1 (full 0):
 garbage-first heap   total 163840K, used 2958K [0x0000000761e00000, 0x0000000800000000)
  region size 2048K, 2 young (4096K), 2 survivors (4096K)
 Metaspace       used 5159K, committed 5312K, reserved 1056768K
  class space    used 681K, committed 768K, reserved 1048576K
}
Event: 2.592 GC heap before
{Heap before GC invocations=1 (full 0):
 garbage-first heap   total 163840K, used 35726K [0x0000000761e00000, 0x0000000800000000)
  region size 2048K, 19 young (38912K), 2 survivors (4096K)
 Metaspace       used 10621K, committed 10880K, reserved 1064960K
  class space    used 1794K, committed 1920K, reserved 1048576K
}
Event: 2.601 GC heap after
{Heap after GC invocations=2 (full 0):
 garbage-first heap   total 163840K, used 16276K [0x0000000761e00000, 0x0000000800000000)
  region size 2048K, 3 young (6144K), 3 survivors (6144K)
 Metaspace       used 10621K, committed 10880K, reserved 1064960K
  class space    used 1794K, committed 1920K, reserved 1048576K
}
Event: 7.219 GC heap before
{Heap before GC invocations=2 (full 0):
 garbage-first heap   total 163840K, used 51092K [0x0000000761e00000, 0x0000000800000000)
  region size 2048K, 19 young (38912K), 3 survivors (6144K)
 Metaspace       used 19178K, committed 19456K, reserved 1073152K
  class space    used 2871K, committed 3008K, reserved 1048576K
}

Dll operation events (20 events):
Event: 0.858 Loaded shared library C:\JAVALIBS\openjfx-20.0.1_windows-x64_bin-sdk\javafx-sdk-20.0.1\bin\api-ms-win-crt-locale-l1-1-0.dll
Event: 0.863 Loaded shared library C:\JAVALIBS\openjfx-20.0.1_windows-x64_bin-sdk\javafx-sdk-20.0.1\bin\api-ms-win-crt-math-l1-1-0.dll
Event: 0.869 Loaded shared library C:\JAVALIBS\openjfx-20.0.1_windows-x64_bin-sdk\javafx-sdk-20.0.1\bin\api-ms-win-crt-multibyte-l1-1-0.dll
Event: 0.872 Loaded shared library C:\JAVALIBS\openjfx-20.0.1_windows-x64_bin-sdk\javafx-sdk-20.0.1\bin\api-ms-win-crt-private-l1-1-0.dll
Event: 0.875 Loaded shared library C:\JAVALIBS\openjfx-20.0.1_windows-x64_bin-sdk\javafx-sdk-20.0.1\bin\api-ms-win-crt-process-l1-1-0.dll
Event: 0.879 Loaded shared library C:\JAVALIBS\openjfx-20.0.1_windows-x64_bin-sdk\javafx-sdk-20.0.1\bin\api-ms-win-crt-runtime-l1-1-0.dll
Event: 0.881 Loaded shared library C:\JAVALIBS\openjfx-20.0.1_windows-x64_bin-sdk\javafx-sdk-20.0.1\bin\api-ms-win-crt-stdio-l1-1-0.dll
Event: 0.885 Loaded shared library C:\JAVALIBS\openjfx-20.0.1_windows-x64_bin-sdk\javafx-sdk-20.0.1\bin\api-ms-win-crt-string-l1-1-0.dll
Event: 0.888 Loaded shared library C:\JAVALIBS\openjfx-20.0.1_windows-x64_bin-sdk\javafx-sdk-20.0.1\bin\api-ms-win-crt-time-l1-1-0.dll
Event: 0.893 Loaded shared library C:\JAVALIBS\openjfx-20.0.1_windows-x64_bin-sdk\javafx-sdk-20.0.1\bin\api-ms-win-crt-utility-l1-1-0.dll
Event: 0.897 Loaded shared library C:\JAVALIBS\openjfx-20.0.1_windows-x64_bin-sdk\javafx-sdk-20.0.1\bin\ucrtbase.dll
Event: 0.901 Loaded shared library C:\JAVALIBS\openjfx-20.0.1_windows-x64_bin-sdk\javafx-sdk-20.0.1\bin\vcruntime140.dll
Event: 0.904 Loaded shared library C:\JAVALIBS\openjfx-20.0.1_windows-x64_bin-sdk\javafx-sdk-20.0.1\bin\vcruntime140_1.dll
Event: 0.909 Loaded shared library C:\JAVALIBS\openjfx-20.0.1_windows-x64_bin-sdk\javafx-sdk-20.0.1\bin\msvcp140.dll
Event: 0.912 Loaded shared library C:\JAVALIBS\openjfx-20.0.1_windows-x64_bin-sdk\javafx-sdk-20.0.1\bin\msvcp140_1.dll
Event: 0.917 Loaded shared library C:\JAVALIBS\openjfx-20.0.1_windows-x64_bin-sdk\javafx-sdk-20.0.1\bin\msvcp140_2.dll
Event: 1.035 Loaded shared library C:\JAVALIBS\openjfx-20.0.1_windows-x64_bin-sdk\javafx-sdk-20.0.1\bin\prism_d3d.dll
Event: 1.135 Loaded shared library C:\JAVALIBS\openjfx-20.0.1_windows-x64_bin-sdk\javafx-sdk-20.0.1\bin\glass.dll
Event: 1.608 Loaded shared library C:\JAVALIBS\openjfx-20.0.1_windows-x64_bin-sdk\javafx-sdk-20.0.1\bin\javafx_font.dll
Event: 1.858 Loaded shared library C:\Program Files\Eclipse Adoptium\jdk-17.0.6.10-hotspot\bin\jimage.dll

Deoptimization events (20 events):
Event: 6.882 Thread 0x000001df4e0e8f90 DEOPT PACKING pc=0x000001df3bfe3740 sp=0x00000099d85f8bf0
Event: 6.882 Thread 0x000001df4e0e8f90 DEOPT UNPACKING pc=0x000001df3ba369a3 sp=0x00000099d85f8b80 mode 2
Event: 6.886 Thread 0x000001df4e0e8f90 Uncommon trap: trap_request=0xffffff45 fr.pc=0x000001df3bfd6f80 relative=0x0000000000000f20
Event: 6.886 Thread 0x000001df4e0e8f90 Uncommon trap: reason=unstable_if action=reinterpret pc=0x000001df3bfd6f80 method=java.util.zip.ZipFile.getZipEntry(Ljava/lang/String;I)Ljava/util/zip/ZipEntry; @ 243 c2
Event: 6.886 Thread 0x000001df4e0e8f90 DEOPT PACKING pc=0x000001df3bfd6f80 sp=0x00000099d85f9ce0
Event: 6.886 Thread 0x000001df4e0e8f90 DEOPT UNPACKING pc=0x000001df3ba369a3 sp=0x00000099d85f9cc8 mode 2
Event: 6.903 Thread 0x000001df4e0e8f90 Uncommon trap: trap_request=0xffffffc6 fr.pc=0x000001df3bfe3740 relative=0x0000000000000560
Event: 6.903 Thread 0x000001df4e0e8f90 Uncommon trap: reason=bimorphic_or_optimized_type_check action=maybe_recompile pc=0x000001df3bfe3740 method=java.util.concurrent.ConcurrentHashMap.get(Ljava/lang/Object;)Ljava/lang/Object; @ 149 c2
Event: 6.903 Thread 0x000001df4e0e8f90 DEOPT PACKING pc=0x000001df3bfe3740 sp=0x00000099d85faff0
Event: 6.903 Thread 0x000001df4e0e8f90 DEOPT UNPACKING pc=0x000001df3ba369a3 sp=0x00000099d85faf80 mode 2
Event: 6.933 Thread 0x000001df4e0e8f90 Uncommon trap: trap_request=0xffffffc6 fr.pc=0x000001df3bfe3740 relative=0x0000000000000560
Event: 6.933 Thread 0x000001df4e0e8f90 Uncommon trap: reason=bimorphic_or_optimized_type_check action=maybe_recompile pc=0x000001df3bfe3740 method=java.util.concurrent.ConcurrentHashMap.get(Ljava/lang/Object;)Ljava/lang/Object; @ 149 c2
Event: 6.933 Thread 0x000001df4e0e8f90 DEOPT PACKING pc=0x000001df3bfe3740 sp=0x00000099d85fbda0
Event: 6.933 Thread 0x000001df4e0e8f90 DEOPT UNPACKING pc=0x000001df3ba369a3 sp=0x00000099d85fbd30 mode 2
Event: 6.959 Thread 0x000001df4e0e8f90 DEOPT PACKING pc=0x000001df34697de5 sp=0x00000099d85f69f0
Event: 6.959 Thread 0x000001df4e0e8f90 DEOPT UNPACKING pc=0x000001df3ba37143 sp=0x00000099d85f5e40 mode 0
Event: 6.983 Thread 0x000001df4e0e8f90 Uncommon trap: trap_request=0xffffffc6 fr.pc=0x000001df3bfe3740 relative=0x0000000000000560
Event: 6.983 Thread 0x000001df4e0e8f90 Uncommon trap: reason=bimorphic_or_optimized_type_check action=maybe_recompile pc=0x000001df3bfe3740 method=java.util.concurrent.ConcurrentHashMap.get(Ljava/lang/Object;)Ljava/lang/Object; @ 149 c2
Event: 6.983 Thread 0x000001df4e0e8f90 DEOPT PACKING pc=0x000001df3bfe3740 sp=0x00000099d85fbd20
Event: 6.983 Thread 0x000001df4e0e8f90 DEOPT UNPACKING pc=0x000001df3ba369a3 sp=0x00000099d85fbcb0 mode 2

Classes unloaded (0 events):
No events

Classes redefined (0 events):
No events

Internal exceptions (20 events):
Event: 2.302 Thread 0x000001df4e0e8f90 Exception <a 'java/lang/NoSuchMethodError'{0x0000000769e6dcd8}: 'java.lang.Object java.lang.invoke.DirectMethodHandle$Holder.newInvokeSpecial(java.lang.Object, java.lang.Object, java.lang.Object, java.lang.Object, java.lang.Object, java.lang.Object, java.lang.Object, java.lang.Object, java.lang.Object, java.lang.Object, java.lang.Object)'> (0x0000000769e6dcd8) 
thrown [s\src\hotspot\share\interpreter\linkResolver.cpp, line 759]
Event: 2.303 Thread 0x000001df4e0e8f90 Exception <a 'java/lang/NoSuchMethodError'{0x0000000769e723a0}: 'java.lang.Object java.lang.invoke.DirectMethodHandle$Holder.invokeSpecial(java.lang.Object, java.lang.Object, java.lang.Object, java.lang.Object, java.lang.Object, java.lang.Object, java.lang.Object, java.lang.Object, java.lang.Object, java.lang.Object, java.lang.Object, java.lang.Object)'> (0x0000000769e723a0) 
thrown [s\src\hotspot\share\interpreter\linkResolver.cpp, line 759]
Event: 2.304 Thread 0x000001df4e0e8f90 Exception <a 'java/lang/NoSuchMethodError'{0x0000000769e76d18}: 'java.lang.Object java.lang.invoke.Invokers$Holder.linkToTargetMethod(java.lang.Object, java.lang.Object, java.lang.Object, java.lang.Object, java.lang.Object, java.lang.Object, java.lang.Object, java.lang.Object, java.lang.Object, java.lang.Object, java.lang.Object)'> (0x0000000769e76d18) 
thrown [s\src\hotspot\share\interpreter\linkResolver.cpp, line 759]
Event: 2.432 Thread 0x000001df4e0e8f90 Exception <a 'java/lang/NoSuchMethodError'{0x0000000769cf9940}: 'int java.lang.invoke.DirectMethodHandle$Holder.invokeStaticInit(java.lang.Object, java.lang.Object)'> (0x0000000769cf9940) 
thrown [s\src\hotspot\share\interpreter\linkResolver.cpp, line 759]
Event: 2.523 Thread 0x000001df4e0e8f90 Exception <a 'java/lang/NoSuchMethodError'{0x00000007698320b0}: 'void java.lang.invoke.DirectMethodHandle$Holder.invokeSpecial(java.lang.Object, java.lang.Object, java.lang.Object, java.lang.Object, java.lang.Object, java.lang.Object)'> (0x00000007698320b0) 
thrown [s\src\hotspot\share\interpreter\linkResolver.cpp, line 759]
Event: 2.618 Thread 0x000001df4e0e8f90 Exception <a 'java/lang/NoSuchMethodError'{0x000000076bc674c8}: 'java.lang.Object java.lang.invoke.DirectMethodHandle$Holder.invokeInterface(java.lang.Object, java.lang.Object, java.lang.Object)'> (0x000000076bc674c8) 
thrown [s\src\hotspot\share\interpreter\linkResolver.cpp, line 759]
Event: 2.618 Thread 0x000001df4e0e8f90 Exception <a 'java/lang/IncompatibleClassChangeError'{0x000000076bc6b0f8}: Found class java.lang.Object, but interface was expected> (0x000000076bc6b0f8) 
thrown [s\src\hotspot\share\interpreter\linkResolver.cpp, line 826]
Event: 2.688 Thread 0x000001df4e0e8f90 Exception <a 'java/lang/ClassNotFoundException'{0x000000076baa5010}: com/sun/javafx/scene/control/skin/resources/controls> (0x000000076baa5010) 
thrown [s\src\hotspot\share\prims\jni.cpp, line 535]
Event: 2.690 Thread 0x000001df4e0e8f90 Exception <a 'java/lang/ClassNotFoundException'{0x000000076bab2fb0}: com/sun/javafx/scene/control/skin/resources/controls_pt> (0x000000076bab2fb0) 
thrown [s\src\hotspot\share\prims\jni.cpp, line 535]
Event: 2.691 Thread 0x000001df4e0e8f90 Exception <a 'java/lang/ClassNotFoundException'{0x000000076bab47d8}: com/sun/javafx/scene/control/skin/resources/controls_pt_BR> (0x000000076bab47d8) 
thrown [s\src\hotspot\share\prims\jni.cpp, line 535]
Event: 4.918 Thread 0x000001df4e0e8f90 Exception <a 'java/lang/NoSuchMethodError'{0x000000076abb6748}: 'long java.lang.invoke.DirectMethodHandle$Holder.invokeStatic(java.lang.Object, java.lang.Object, java.lang.Object)'> (0x000000076abb6748) 
thrown [s\src\hotspot\share\interpreter\linkResolver.cpp, line 759]
Event: 4.918 Thread 0x000001df4e0e8f90 Exception <a 'java/lang/NoSuchMethodError'{0x000000076abb9ef0}: 'long java.lang.invoke.DirectMethodHandle$Holder.invokeStaticInit(java.lang.Object, java.lang.Object, java.lang.Object)'> (0x000000076abb9ef0) 
thrown [s\src\hotspot\share\interpreter\linkResolver.cpp, line 759]
Event: 4.920 Thread 0x000001df4e0e8f90 Exception <a 'java/lang/NoSuchMethodError'{0x000000076abd1af0}: 'java.lang.Object java.lang.invoke.DirectMethodHandle$Holder.newInvokeSpecial(java.lang.Object, java.lang.Object, long)'> (0x000000076abd1af0) 
thrown [s\src\hotspot\share\interpreter\linkResolver.cpp, line 759]
Event: 4.920 Thread 0x000001df4e0e8f90 Exception <a 'java/lang/NoSuchMethodError'{0x000000076abd5660}: 'java.lang.Object java.lang.invoke.Invokers$Holder.linkToTargetMethod(java.lang.Object, long, java.lang.Object)'> (0x000000076abd5660) 
thrown [s\src\hotspot\share\interpreter\linkResolver.cpp, line 759]
Event: 4.987 Thread 0x000001df4e0e8f90 Exception <a 'java/lang/NoSuchMethodError'{0x000000076a85d010}: 'java.lang.Object java.lang.invoke.DirectMethodHandle$Holder.newInvokeSpecial(java.lang.Object, java.lang.Object, int, int, int, int, int, java.lang.Object)'> (0x000000076a85d010) 
thrown [s\src\hotspot\share\interpreter\linkResolver.cpp, line 759]
Event: 4.989 Thread 0x000001df4e0e8f90 Exception <a 'java/lang/NoSuchMethodError'{0x000000076a86ffe8}: 'java.lang.Object java.lang.invoke.DirectMethodHandle$Holder.newInvokeSpecial(java.lang.Object, java.lang.Object, java.lang.Object, int, int, int, int, int)'> (0x000000076a86ffe8) 
thrown [s\src\hotspot\share\interpreter\linkResolver.cpp, line 759]
Event: 4.990 Thread 0x000001df4e0e8f90 Exception <a 'java/lang/NoSuchMethodError'{0x000000076a877848}: 'java.lang.Object java.lang.invoke.Invokers$Holder.linkToTargetMethod(java.lang.Object, java.lang.Object, int, int, int, int, int, java.lang.Object)'> (0x000000076a877848) 
thrown [s\src\hotspot\share\interpreter\linkResolver.cpp, line 759]
Event: 5.802 Thread 0x000001df4e188e40 Exception <a 'java/lang/NoSuchMethodError'{0x000000076ab13bf8}: 'java.lang.Object java.lang.invoke.DirectMethodHandle$Holder.invokeStaticInit(java.lang.Object, int)'> (0x000000076ab13bf8) 
thrown [s\src\hotspot\share\interpreter\linkResolver.cpp, line 759]
Event: 6.882 Thread 0x000001df4e0e8f90 Exception <a 'java/lang/NoSuchMethodError'{0x000000076a44de00}: 'java.lang.Object java.lang.invoke.DirectMethodHandle$Holder.invokeInterface(java.lang.Object, java.lang.Object)'> (0x000000076a44de00) 
thrown [s\src\hotspot\share\interpreter\linkResolver.cpp, line 759]
Event: 6.905 Thread 0x000001df4e0e8f90 Exception <a 'java/lang/NoSuchMethodError'{0x000000076a4cbbc0}: 'java.lang.Object java.lang.invoke.DirectMethodHandle$Holder.invokeVirtual(java.lang.Object, java.lang.Object, java.lang.Object)'> (0x000000076a4cbbc0) 
thrown [s\src\hotspot\share\interpreter\linkResolver.cpp, line 759]

VM Operations (20 events):
Event: 2.987 Executing VM operation: ICBufferFull done
Event: 3.340 Executing VM operation: ICBufferFull
Event: 3.340 Executing VM operation: ICBufferFull done
Event: 4.341 Executing VM operation: Cleanup
Event: 4.341 Executing VM operation: Cleanup done
Event: 5.777 Executing VM operation: ICBufferFull
Event: 5.777 Executing VM operation: ICBufferFull done
Event: 6.854 Executing VM operation: HandshakeAllThreads
Event: 6.854 Executing VM operation: HandshakeAllThreads done
Event: 6.854 Executing VM operation: Cleanup
Event: 6.854 Executing VM operation: Cleanup done
Event: 6.864 Executing VM operation: HandshakeAllThreads
Event: 6.864 Executing VM operation: HandshakeAllThreads done
Event: 6.883 Executing VM operation: HandshakeAllThreads
Event: 6.883 Executing VM operation: HandshakeAllThreads done
Event: 6.992 Executing VM operation: HandshakeAllThreads
Event: 6.992 Executing VM operation: HandshakeAllThreads done
Event: 7.132 Executing VM operation: HandshakeAllThreads
Event: 7.132 Executing VM operation: HandshakeAllThreads done
Event: 7.219 Executing VM operation: G1CollectForAllocation

Events (20 events):
Event: 7.158 loading class java/lang/constant/MethodHandleDesc$1
Event: 7.158 loading class java/lang/constant/MethodHandleDesc$1 done
Event: 7.158 loading class java/lang/constant/DirectMethodHandleDescImpl
Event: 7.159 loading class java/lang/constant/DirectMethodHandleDesc
Event: 7.159 loading class java/lang/constant/DirectMethodHandleDesc done
Event: 7.159 loading class java/lang/constant/DirectMethodHandleDescImpl done
Event: 7.159 loading class java/lang/constant/DirectMethodHandleDescImpl$1
Event: 7.159 loading class java/lang/constant/DirectMethodHandleDescImpl$1 done
Event: 7.159 loading class java/lang/constant/DirectMethodHandleDesc$1
Event: 7.159 loading class java/lang/constant/DirectMethodHandleDesc$1 done
Event: 7.159 loading class java/lang/constant/PrimitiveClassDescImpl
Event: 7.159 loading class java/lang/constant/DynamicConstantDesc
Event: 7.159 loading class java/lang/constant/DynamicConstantDesc done
Event: 7.160 loading class java/lang/constant/PrimitiveClassDescImpl done
Event: 7.160 loading class java/lang/constant/DynamicConstantDesc$AnonymousDynamicConstantDesc
Event: 7.160 loading class java/lang/constant/DynamicConstantDesc$AnonymousDynamicConstantDesc done
Event: 7.185 loading class sun/nio/cs/UTF_8$Encoder
Event: 7.185 loading class sun/nio/cs/UTF_8$Encoder done
Event: 7.217 loading class java/util/TimerTask
Event: 7.217 loading class java/util/TimerTask done


Dynamic libraries:
0x00007ff6b1220000 - 0x00007ff6b122e000 	C:\Program Files\Eclipse Adoptium\jdk-17.0.6.10-hotspot\bin\java.exe
0x00007ffdc3630000 - 0x00007ffdc3844000 	C:\WINDOWS\SYSTEM32\ntdll.dll
0x00007ffdc2540000 - 0x00007ffdc2602000 	C:\WINDOWS\System32\KERNEL32.DLL
0x00007ffdc0b60000 - 0x00007ffdc0f03000 	C:\WINDOWS\System32\KERNELBASE.dll
0x00007ffdc0f10000 - 0x00007ffdc1021000 	C:\WINDOWS\System32\ucrtbase.dll
0x00007ffdbce90000 - 0x00007ffdbcea9000 	C:\Program Files\Eclipse Adoptium\jdk-17.0.6.10-hotspot\bin\VCRUNTIME140.dll
0x00007ffda7100000 - 0x00007ffda7117000 	C:\Program Files\Eclipse Adoptium\jdk-17.0.6.10-hotspot\bin\jli.dll
0x00007ffdc27d0000 - 0x00007ffdc297b000 	C:\WINDOWS\System32\USER32.dll
0x00007ffdc1380000 - 0x00007ffdc13a6000 	C:\WINDOWS\System32\win32u.dll
0x00007ffdc2500000 - 0x00007ffdc2529000 	C:\WINDOWS\System32\GDI32.dll
0x00007ffda4400000 - 0x00007ffda468e000 	C:\WINDOWS\WinSxS\amd64_microsoft.windows.common-controls_6595b64144ccf1df_6.0.22621.1635_none_270f70857386168e\COMCTL32.dll
0x00007ffdc1260000 - 0x00007ffdc1378000 	C:\WINDOWS\System32\gdi32full.dll
0x00007ffdc17f0000 - 0x00007ffdc1897000 	C:\WINDOWS\System32\msvcrt.dll
0x00007ffdc0a50000 - 0x00007ffdc0aea000 	C:\WINDOWS\System32\msvcp_win.dll
0x00007ffdc1430000 - 0x00007ffdc1461000 	C:\WINDOWS\System32\IMM32.DLL
0x00007ffdbce80000 - 0x00007ffdbce8c000 	C:\Program Files\Eclipse Adoptium\jdk-17.0.6.10-hotspot\bin\vcruntime140_1.dll
0x00007ffd73710000 - 0x00007ffd737a1000 	C:\Program Files\Eclipse Adoptium\jdk-17.0.6.10-hotspot\bin\msvcp140.dll
0x00007ffd6d0a0000 - 0x00007ffd6dce7000 	C:\Program Files\Eclipse Adoptium\jdk-17.0.6.10-hotspot\bin\server\jvm.dll
0x00007ffdc2b80000 - 0x00007ffdc2c2e000 	C:\WINDOWS\System32\ADVAPI32.dll
0x00007ffdc1ec0000 - 0x00007ffdc1f64000 	C:\WINDOWS\System32\sechost.dll
0x00007ffdc2610000 - 0x00007ffdc2727000 	C:\WINDOWS\System32\RPCRT4.dll
0x00007ffdbcdd0000 - 0x00007ffdbcdd9000 	C:\WINDOWS\SYSTEM32\WSOCK32.dll
0x00007ffdc2750000 - 0x00007ffdc27c1000 	C:\WINDOWS\System32\WS2_32.dll
0x00007ffdb80d0000 - 0x00007ffdb80da000 	C:\WINDOWS\SYSTEM32\VERSION.dll
0x00007ffdb8070000 - 0x00007ffdb80a4000 	C:\WINDOWS\SYSTEM32\WINMM.dll
0x00007ffdbfa60000 - 0x00007ffdbfa78000 	C:\WINDOWS\SYSTEM32\kernel.appcore.dll
0x00007ffdbc2f0000 - 0x00007ffdbc2fa000 	C:\Program Files\Eclipse Adoptium\jdk-17.0.6.10-hotspot\bin\jimage.dll
0x00007ffdbe670000 - 0x00007ffdbe89e000 	C:\WINDOWS\SYSTEM32\DBGHELP.DLL
0x00007ffdc1f70000 - 0x00007ffdc22f9000 	C:\WINDOWS\System32\combase.dll
0x00007ffdc2980000 - 0x00007ffdc2a57000 	C:\WINDOWS\System32\OLEAUT32.dll
0x00007ffda9760000 - 0x00007ffda9792000 	C:\WINDOWS\SYSTEM32\dbgcore.DLL
0x00007ffdc13b0000 - 0x00007ffdc142b000 	C:\WINDOWS\System32\bcryptPrimitives.dll
0x00007ffda70d0000 - 0x00007ffda70f5000 	C:\Program Files\Eclipse Adoptium\jdk-17.0.6.10-hotspot\bin\java.dll
0x00007ffd71270000 - 0x00007ffd71346000 	C:\Program Files\Eclipse Adoptium\jdk-17.0.6.10-hotspot\bin\jsvml.dll
0x00007ffdc2c30000 - 0x00007ffdc342a000 	C:\WINDOWS\System32\SHELL32.dll
0x00007ffdbea00000 - 0x00007ffdbf2ce000 	C:\WINDOWS\SYSTEM32\windows.storage.dll
0x00007ffdbe8b0000 - 0x00007ffdbe9ee000 	C:\WINDOWS\SYSTEM32\wintypes.dll
0x00007ffdc16a0000 - 0x00007ffdc1791000 	C:\WINDOWS\System32\SHCORE.dll
0x00007ffdc18c0000 - 0x00007ffdc191e000 	C:\WINDOWS\System32\shlwapi.dll
0x00007ffdc0980000 - 0x00007ffdc09a1000 	C:\WINDOWS\SYSTEM32\profapi.dll
0x00007ffda66b0000 - 0x00007ffda66c9000 	C:\Program Files\Eclipse Adoptium\jdk-17.0.6.10-hotspot\bin\net.dll
0x00007ffdb8be0000 - 0x00007ffdb8d17000 	C:\WINDOWS\SYSTEM32\WINHTTP.dll
0x00007ffdbfec0000 - 0x00007ffdbff29000 	C:\WINDOWS\system32\mswsock.dll
0x00007ffda5c90000 - 0x00007ffda5ca5000 	C:\Program Files\Eclipse Adoptium\jdk-17.0.6.10-hotspot\bin\nio.dll
0x00007ffda5bd0000 - 0x00007ffda5be8000 	C:\Program Files\Eclipse Adoptium\jdk-17.0.6.10-hotspot\bin\zip.dll
0x000001df4c950000 - 0x000001df4c953000 	C:\JAVALIBS\openjfx-20.0.1_windows-x64_bin-sdk\javafx-sdk-20.0.1\bin\api-ms-win-core-console-l1-1-0.dll
0x000001df4c960000 - 0x000001df4c963000 	C:\JAVALIBS\openjfx-20.0.1_windows-x64_bin-sdk\javafx-sdk-20.0.1\bin\api-ms-win-core-console-l1-2-0.dll
0x000001df4c970000 - 0x000001df4c973000 	C:\JAVALIBS\openjfx-20.0.1_windows-x64_bin-sdk\javafx-sdk-20.0.1\bin\api-ms-win-core-datetime-l1-1-0.dll
0x000001df4c980000 - 0x000001df4c983000 	C:\JAVALIBS\openjfx-20.0.1_windows-x64_bin-sdk\javafx-sdk-20.0.1\bin\api-ms-win-core-debug-l1-1-0.dll
0x000001df4c990000 - 0x000001df4c993000 	C:\JAVALIBS\openjfx-20.0.1_windows-x64_bin-sdk\javafx-sdk-20.0.1\bin\api-ms-win-core-errorhandling-l1-1-0.dll
0x000001df4c9a0000 - 0x000001df4c9a4000 	C:\JAVALIBS\openjfx-20.0.1_windows-x64_bin-sdk\javafx-sdk-20.0.1\bin\api-ms-win-core-file-l1-1-0.dll
0x000001df4c9b0000 - 0x000001df4c9b3000 	C:\JAVALIBS\openjfx-20.0.1_windows-x64_bin-sdk\javafx-sdk-20.0.1\bin\api-ms-win-core-file-l1-2-0.dll
0x000001df4c9c0000 - 0x000001df4c9c3000 	C:\JAVALIBS\openjfx-20.0.1_windows-x64_bin-sdk\javafx-sdk-20.0.1\bin\api-ms-win-core-file-l2-1-0.dll
0x000001df4c9d0000 - 0x000001df4c9d3000 	C:\JAVALIBS\openjfx-20.0.1_windows-x64_bin-sdk\javafx-sdk-20.0.1\bin\api-ms-win-core-handle-l1-1-0.dll
0x000001df4c9e0000 - 0x000001df4c9e3000 	C:\JAVALIBS\openjfx-20.0.1_windows-x64_bin-sdk\javafx-sdk-20.0.1\bin\api-ms-win-core-heap-l1-1-0.dll
0x000001df4c9f0000 - 0x000001df4c9f3000 	C:\JAVALIBS\openjfx-20.0.1_windows-x64_bin-sdk\javafx-sdk-20.0.1\bin\api-ms-win-core-interlocked-l1-1-0.dll
0x000001df4ca00000 - 0x000001df4ca03000 	C:\JAVALIBS\openjfx-20.0.1_windows-x64_bin-sdk\javafx-sdk-20.0.1\bin\api-ms-win-core-libraryloader-l1-1-0.dll
0x000001df4ca10000 - 0x000001df4ca13000 	C:\JAVALIBS\openjfx-20.0.1_windows-x64_bin-sdk\javafx-sdk-20.0.1\bin\api-ms-win-core-localization-l1-2-0.dll
0x000001df4ca20000 - 0x000001df4ca23000 	C:\JAVALIBS\openjfx-20.0.1_windows-x64_bin-sdk\javafx-sdk-20.0.1\bin\api-ms-win-core-memory-l1-1-0.dll
0x000001df4ca30000 - 0x000001df4ca33000 	C:\JAVALIBS\openjfx-20.0.1_windows-x64_bin-sdk\javafx-sdk-20.0.1\bin\api-ms-win-core-namedpipe-l1-1-0.dll
0x000001df4ca40000 - 0x000001df4ca43000 	C:\JAVALIBS\openjfx-20.0.1_windows-x64_bin-sdk\javafx-sdk-20.0.1\bin\api-ms-win-core-processenvironment-l1-1-0.dll
0x000001df4ca50000 - 0x000001df4ca53000 	C:\JAVALIBS\openjfx-20.0.1_windows-x64_bin-sdk\javafx-sdk-20.0.1\bin\api-ms-win-core-processthreads-l1-1-0.dll
0x000001df4ca60000 - 0x000001df4ca63000 	C:\JAVALIBS\openjfx-20.0.1_windows-x64_bin-sdk\javafx-sdk-20.0.1\bin\api-ms-win-core-processthreads-l1-1-1.dll
0x000001df4ca70000 - 0x000001df4ca73000 	C:\JAVALIBS\openjfx-20.0.1_windows-x64_bin-sdk\javafx-sdk-20.0.1\bin\api-ms-win-core-profile-l1-1-0.dll
0x000001df4ca80000 - 0x000001df4ca83000 	C:\JAVALIBS\openjfx-20.0.1_windows-x64_bin-sdk\javafx-sdk-20.0.1\bin\api-ms-win-core-rtlsupport-l1-1-0.dll
0x000001df4ca90000 - 0x000001df4ca93000 	C:\JAVALIBS\openjfx-20.0.1_windows-x64_bin-sdk\javafx-sdk-20.0.1\bin\api-ms-win-core-string-l1-1-0.dll
0x000001df4cbe0000 - 0x000001df4cbe3000 	C:\JAVALIBS\openjfx-20.0.1_windows-x64_bin-sdk\javafx-sdk-20.0.1\bin\api-ms-win-core-synch-l1-1-0.dll
0x000001df4caa0000 - 0x000001df4caa3000 	C:\JAVALIBS\openjfx-20.0.1_windows-x64_bin-sdk\javafx-sdk-20.0.1\bin\api-ms-win-core-synch-l1-2-0.dll
0x000001df4cab0000 - 0x000001df4cab3000 	C:\JAVALIBS\openjfx-20.0.1_windows-x64_bin-sdk\javafx-sdk-20.0.1\bin\api-ms-win-core-sysinfo-l1-1-0.dll
0x000001df4cac0000 - 0x000001df4cac3000 	C:\JAVALIBS\openjfx-20.0.1_windows-x64_bin-sdk\javafx-sdk-20.0.1\bin\api-ms-win-core-timezone-l1-1-0.dll
0x000001df4cad0000 - 0x000001df4cad3000 	C:\JAVALIBS\openjfx-20.0.1_windows-x64_bin-sdk\javafx-sdk-20.0.1\bin\api-ms-win-core-util-l1-1-0.dll
0x000001df4cae0000 - 0x000001df4cae3000 	C:\JAVALIBS\openjfx-20.0.1_windows-x64_bin-sdk\javafx-sdk-20.0.1\bin\api-ms-win-crt-conio-l1-1-0.dll
0x000001df4caf0000 - 0x000001df4caf4000 	C:\JAVALIBS\openjfx-20.0.1_windows-x64_bin-sdk\javafx-sdk-20.0.1\bin\api-ms-win-crt-convert-l1-1-0.dll
0x000001df4cb00000 - 0x000001df4cb03000 	C:\JAVALIBS\openjfx-20.0.1_windows-x64_bin-sdk\javafx-sdk-20.0.1\bin\api-ms-win-crt-environment-l1-1-0.dll
0x000001df4cb10000 - 0x000001df4cb13000 	C:\JAVALIBS\openjfx-20.0.1_windows-x64_bin-sdk\javafx-sdk-20.0.1\bin\api-ms-win-crt-filesystem-l1-1-0.dll
0x000001df4cb20000 - 0x000001df4cb23000 	C:\JAVALIBS\openjfx-20.0.1_windows-x64_bin-sdk\javafx-sdk-20.0.1\bin\api-ms-win-crt-heap-l1-1-0.dll
0x000001df4cb30000 - 0x000001df4cb33000 	C:\JAVALIBS\openjfx-20.0.1_windows-x64_bin-sdk\javafx-sdk-20.0.1\bin\api-ms-win-crt-locale-l1-1-0.dll
0x000001df4cb40000 - 0x000001df4cb45000 	C:\JAVALIBS\openjfx-20.0.1_windows-x64_bin-sdk\javafx-sdk-20.0.1\bin\api-ms-win-crt-math-l1-1-0.dll
0x000001df4cb50000 - 0x000001df4cb55000 	C:\JAVALIBS\openjfx-20.0.1_windows-x64_bin-sdk\javafx-sdk-20.0.1\bin\api-ms-win-crt-multibyte-l1-1-0.dll
0x000001df4cb60000 - 0x000001df4cb70000 	C:\JAVALIBS\openjfx-20.0.1_windows-x64_bin-sdk\javafx-sdk-20.0.1\bin\api-ms-win-crt-private-l1-1-0.dll
0x000001df4cb70000 - 0x000001df4cb73000 	C:\JAVALIBS\openjfx-20.0.1_windows-x64_bin-sdk\javafx-sdk-20.0.1\bin\api-ms-win-crt-process-l1-1-0.dll
0x000001df4cb80000 - 0x000001df4cb84000 	C:\JAVALIBS\openjfx-20.0.1_windows-x64_bin-sdk\javafx-sdk-20.0.1\bin\api-ms-win-crt-runtime-l1-1-0.dll
0x000001df4cb90000 - 0x000001df4cb94000 	C:\JAVALIBS\openjfx-20.0.1_windows-x64_bin-sdk\javafx-sdk-20.0.1\bin\api-ms-win-crt-stdio-l1-1-0.dll
0x000001df4cba0000 - 0x000001df4cba4000 	C:\JAVALIBS\openjfx-20.0.1_windows-x64_bin-sdk\javafx-sdk-20.0.1\bin\api-ms-win-crt-string-l1-1-0.dll
0x000001df4cbb0000 - 0x000001df4cbb3000 	C:\JAVALIBS\openjfx-20.0.1_windows-x64_bin-sdk\javafx-sdk-20.0.1\bin\api-ms-win-crt-time-l1-1-0.dll
0x000001df4cbc0000 - 0x000001df4cbc3000 	C:\JAVALIBS\openjfx-20.0.1_windows-x64_bin-sdk\javafx-sdk-20.0.1\bin\api-ms-win-crt-utility-l1-1-0.dll
0x00007ffd70aa0000 - 0x00007ffd70b9c000 	C:\JAVALIBS\openjfx-20.0.1_windows-x64_bin-sdk\javafx-sdk-20.0.1\bin\ucrtbase.dll
0x00007ffda32c0000 - 0x00007ffda32db000 	C:\JAVALIBS\openjfx-20.0.1_windows-x64_bin-sdk\javafx-sdk-20.0.1\bin\vcruntime140.dll
0x00007ffdbb130000 - 0x00007ffdbb13c000 	C:\JAVALIBS\openjfx-20.0.1_windows-x64_bin-sdk\javafx-sdk-20.0.1\bin\vcruntime140_1.dll
0x00007ffd876f0000 - 0x00007ffd8777e000 	C:\JAVALIBS\openjfx-20.0.1_windows-x64_bin-sdk\javafx-sdk-20.0.1\bin\msvcp140.dll
0x00007ffdbb110000 - 0x00007ffdbb119000 	C:\JAVALIBS\openjfx-20.0.1_windows-x64_bin-sdk\javafx-sdk-20.0.1\bin\msvcp140_1.dll
0x00007ffda3290000 - 0x00007ffda32c0000 	C:\JAVALIBS\openjfx-20.0.1_windows-x64_bin-sdk\javafx-sdk-20.0.1\bin\msvcp140_2.dll
0x00007ffda2a70000 - 0x00007ffda2a9f000 	C:\JAVALIBS\openjfx-20.0.1_windows-x64_bin-sdk\javafx-sdk-20.0.1\bin\prism_d3d.dll
0x00007ffd8be70000 - 0x00007ffd8c019000 	C:\WINDOWS\system32\d3d9.dll
0x00007ffdbe110000 - 0x00007ffdbe13b000 	C:\WINDOWS\SYSTEM32\dwmapi.dll
0x00007ffdbdda0000 - 0x00007ffdbddd6000 	C:\WINDOWS\SYSTEM32\dxcore.dll
0x00007ffdbdca0000 - 0x00007ffdbdd4b000 	C:\WINDOWS\system32\uxtheme.dll
0x00007ffdb02a0000 - 0x00007ffdb047b000 	C:\Windows\System32\DriverStore\FileRepository\u0361441.inf_amd64_122c374e035e7595\B361368\aticfx64.dll
0x00007ffd8c280000 - 0x00007ffd8c2b3000 	C:\Windows\System32\DriverStore\FileRepository\u0361441.inf_amd64_122c374e035e7595\B361368\atiu9p64.dll
0x00007ffd88d30000 - 0x00007ffd899c6000 	C:\Windows\System32\DriverStore\FileRepository\u0361441.inf_amd64_122c374e035e7595\B361368\atiumd64.dll
0x00007ffdc1470000 - 0x00007ffdc160c000 	C:\WINDOWS\System32\ole32.dll
0x000000005ba80000 - 0x000000005c8fe000 	C:\WINDOWS\System32\DriverStore\FileRepository\u0361441.inf_amd64_122c374e035e7595\B361368\atiumd6a.dll
0x00007ffdc0380000 - 0x00007ffdc03a8000 	C:\WINDOWS\SYSTEM32\bcrypt.dll
0x00007ffdc0920000 - 0x00007ffdc096d000 	C:\WINDOWS\SYSTEM32\POWRPROF.dll
0x00007ffdc0900000 - 0x00007ffdc0913000 	C:\WINDOWS\SYSTEM32\UMPDC.dll
0x00007ffda9ed0000 - 0x00007ffda9eff000 	C:\WINDOWS\SYSTEM32\amdihk64.dll
0x00007ffdb4250000 - 0x00007ffdb4298000 	C:\WINDOWS\SYSTEM32\directxdatabasehelper.dll
0x00007ffd8b830000 - 0x00007ffd8b872000 	C:\JAVALIBS\openjfx-20.0.1_windows-x64_bin-sdk\javafx-sdk-20.0.1\bin\glass.dll
0x00007ffdc2380000 - 0x00007ffdc2477000 	C:\WINDOWS\System32\COMDLG32.dll
0x00007ffdc2a60000 - 0x00007ffdc2b7e000 	C:\WINDOWS\System32\MSCTF.dll
0x00007ffda0c30000 - 0x00007ffda0c44000 	C:\JAVALIBS\openjfx-20.0.1_windows-x64_bin-sdk\javafx-sdk-20.0.1\bin\javafx_font.dll
0x00007ffdbaea0000 - 0x00007ffdbb107000 	C:\WINDOWS\SYSTEM32\dwrite.dll
0x00007ffdc1da0000 - 0x00007ffdc1e50000 	C:\WINDOWS\System32\clbcatq.dll
0x00007ffdba520000 - 0x00007ffdba6d0000 	C:\WINDOWS\SYSTEM32\WindowsCodecs.dll
0x00007ffd94ca0000 - 0x00007ffd94cfe000 	C:\WINDOWS\system32\dataexchange.dll
0x00007ffdb3fd0000 - 0x00007ffdb4247000 	C:\WINDOWS\system32\twinapi.appcore.dll
0x00007ffd8c490000 - 0x00007ffd8c4c2000 	C:\Program Files\Common Files\Microsoft Shared\Ink\rtscom.dll
0x00007ffdb1bf0000 - 0x00007ffdb1d1d000 	C:\WINDOWS\SYSTEM32\textinputframework.dll
0x00007ffdbc0a0000 - 0x00007ffdbc1d3000 	C:\WINDOWS\SYSTEM32\CoreMessaging.dll
0x00007ffdb5090000 - 0x00007ffdb53fc000 	C:\WINDOWS\SYSTEM32\CoreUIComponents.dll
0x00007ffdc00c0000 - 0x00007ffdc00cc000 	C:\WINDOWS\SYSTEM32\CRYPTBASE.DLL
0x00007ffdbf5a0000 - 0x00007ffdbf693000 	C:\WINDOWS\SYSTEM32\DNSAPI.dll
0x00007ffdbf530000 - 0x00007ffdbf55d000 	C:\WINDOWS\SYSTEM32\IPHLPAPI.DLL
0x00007ffdc2730000 - 0x00007ffdc2739000 	C:\WINDOWS\System32\NSI.dll
0x000000005c900000 - 0x000000005c926000 	C:\Program Files\Bonjour\mdnsNSP.dll
0x00007ffdb54d0000 - 0x00007ffdb54da000 	C:\Windows\System32\rasadhlp.dll
0x00007ffdb56d0000 - 0x00007ffdb5754000 	C:\WINDOWS\System32\fwpuclnt.dll

dbghelp: loaded successfully - version: 4.0.5 - missing functions: none
symbol engine: initialized successfully - sym options: 0x614 - pdb path: .;C:\Program Files\Eclipse Adoptium\jdk-17.0.6.10-hotspot\bin;C:\WINDOWS\SYSTEM32;C:\WINDOWS\WinSxS\amd64_microsoft.windows.common-controls_6595b64144ccf1df_6.0.22621.1635_none_270f70857386168e;C:\Program Files\Eclipse Adoptium\jdk-17.0.6.10-hotspot\bin\server;C:\JAVALIBS\openjfx-20.0.1_windows-x64_bin-sdk\javafx-sdk-20.0.1\bin;C:\Windows\System32\DriverStore\FileRepository\u0361441.inf_amd64_122c374e035e7595\B361368;C:\Program Files\Common Files\Microsoft Shared\Ink;C:\Program Files\Bonjour

VM Arguments:
jvm_args: --module-path=C:/JAVALIBS/openjfx-20.0.1_windows-x64_bin-sdk/javafx-sdk-20.0.1/lib --add-modules=javafx.controls,javafx.fxml -XX:+ShowCodeDetailsInExceptionMessages 
java_command: assets.view.App
java_class_path (initial): C:\Users\vinyl\Desktop\Programacao_Orientada_Objetos\2sem_exjava_estudante\bin;c:\JAVALIBS\openjfx-20.0.1_windows-x64_bin-sdk\javafx-sdk-20.0.1\lib\javafx.graphics.jar;c:\Users\vinyl\Downloads\mysql-connector-j-8.0.33\mysql-connector-j-8.0.33\mysql-connector-j-8.0.33.jar;c:\JAVALIBS\openjfx-20.0.1_windows-x64_bin-sdk\javafx-sdk-20.0.1\lib\javafx.base.jar;c:\JAVALIBS\openjfx-20.0.1_windows-x64_bin-sdk\javafx-sdk-20.0.1\lib\javafx.media.jar;c:\JAVALIBS\openjfx-20.0.1_windows-x64_bin-sdk\javafx-sdk-20.0.1\lib\javafx.swing.jar;c:\JAVALIBS\openjfx-20.0.1_windows-x64_bin-sdk\javafx-sdk-20.0.1\lib\javafx.controls.jar;c:\JAVALIBS\openjfx-20.0.1_windows-x64_bin-sdk\javafx-sdk-20.0.1\lib\javafx.web.jar;c:\JAVALIBS\openjfx-20.0.1_windows-x64_bin-sdk\javafx-sdk-20.0.1\lib\javafx-swt.jar;c:\JAVALIBS\openjfx-20.0.1_windows-x64_bin-sdk\javafx-sdk-20.0.1\lib\javafx.fxml.jar
Launcher Type: SUN_STANDARD

[Global flags]
     intx CICompilerCount                          = 4                                         {product} {ergonomic}
     uint ConcGCThreads                            = 2                                         {product} {ergonomic}
     uint G1ConcRefinementThreads                  = 8                                         {product} {ergonomic}
   size_t G1HeapRegionSize                         = 2097152                                   {product} {ergonomic}
    uintx GCDrainStackTargetSize                   = 64                                        {product} {ergonomic}
   size_t InitialHeapSize                          = 167772160                                 {product} {ergonomic}
   size_t MarkStackSize                            = 4194304                                   {product} {ergonomic}
   size_t MaxHeapSize                              = 2652897280                                {product} {ergonomic}
   size_t MaxNewSize                               = 1591738368                                {product} {ergonomic}
   size_t MinHeapDeltaBytes                        = 2097152                                   {product} {ergonomic}
   size_t MinHeapSize                              = 8388608                                   {product} {ergonomic}
    uintx NonNMethodCodeHeapSize                   = 5839372                                {pd product} {ergonomic}
    uintx NonProfiledCodeHeapSize                  = 122909434                              {pd product} {ergonomic}
    uintx ProfiledCodeHeapSize                     = 122909434                              {pd product} {ergonomic}
    uintx ReservedCodeCacheSize                    = 251658240                              {pd product} {ergonomic}
     bool SegmentedCodeCache                       = true                                      {product} {ergonomic}
     bool ShowCodeDetailsInExceptionMessages       = true                                   {manageable} {command line}
   size_t SoftMaxHeapSize                          = 2652897280                             {manageable} {ergonomic}
     bool UseCompressedClassPointers               = true                           {product lp64_product} {ergonomic}
     bool UseCompressedOops                        = true                           {product lp64_product} {ergonomic}
     bool UseG1GC                                  = true                                      {product} {ergonomic}
     bool UseLargePagesIndividualAllocation        = false                                  {pd product} {ergonomic}

Logging:
Log output configuration:
 #0: stdout all=warning uptime,level,tags
 #1: stderr all=off uptime,level,tags

Environment Variables:
PATH=C:\Program Files\Eclipse Adoptium\jdk-17.0.6.10-hotspot\bin;C:\Program Files\Common Files\Oracle\Java\javapath;C:\Program Files (x86)\Common Files\Oracle\Java\javapath;C:\Python310\Scripts\;C:\Python310\;C:\WINDOWS\system32;C:\WINDOWS;C:\WINDOWS\System32\Wbem;C:\WINDOWS\System32\OpenSSH\;C:\Program Files\nodejs\;C:\ProgramData\chocolatey\bin;C:\Program Files\PuTTY\;C:\Program Files (x86)\Microsoft SQL Server\150\DTS\Binn\;C:\Program Files\Azure Data Studio\bin;C:\WINDOWS\System32\WindowsPowerShell\v1.0\;C:\Program Files\Git\cmd;C:\Program Files\Docker\Docker\resources\bin;C:\Users\vinyl\AppData\Local\Microsoft\WindowsApps;C:\php-8.1.5-nts-Win32-vs16-x64;C:\Users\vinyl\AppData\Local\Programs\Microsoft VS Code\bin;C:\Users\vinyl\AppData\Roaming\npm;C:\Program Files\Azure Data Studio\bin;C:\MinGW\bin;
USERNAME=vinyl
LANG=en_US.UTF-8
OS=Windows_NT
PROCESSOR_IDENTIFIER=AMD64 Family 23 Model 24 Stepping 1, AuthenticAMD
TMP=C:\Users\vinyl\AppData\Local\Temp
TEMP=C:\Users\vinyl\AppData\Local\Temp



---------------  S Y S T E M  ---------------

OS:
 Windows 11 , 64 bit Build 22621 (10.0.22621.1635)
OS uptime: 0 days 2:58 hours
Hyper-V role detected

CPU: total 8 (initial active 8) (8 cores per cpu, 2 threads per core) family 23 model 24 stepping 1 microcode 0x0, cx8, cmov, fxsr, ht, mmx, 3dnowpref, sse, sse2, sse3, ssse3, sse4a, sse4.1, sse4.2, popcnt, lzcnt, tsc, tscinvbit, avx, avx2, aes, clmul, bmi1, bmi2, adx, sha, fma, vzeroupper, clflush, clflushopt, hv

Memory: 4k page, system-wide physical 10116M (3135M free)
TotalPageFile size 24452M (AvailPageFile size 14002M)
current process WorkingSet (physical memory assigned to process): 158M, peak: 158M
current process commit charge ("private bytes"): 320M, peak: 327M

vm_info: OpenJDK 64-Bit Server VM (17.0.6+10) for windows-amd64 JRE (17.0.6+10), built on Jan 18 2023 10:08:59 by "temurin" with MS VC++ 16.7 (VS2019)

END.
